<?xml version="1.0" encoding="UTF-8"?>
<testsuite xmlns:xsi="http://www.w3.org/2001/XMLSchema-instance" xsi:noNamespaceSchemaLocation="https://maven.apache.org/surefire/maven-surefire-plugin/xsd/surefire-test-report-3.0.xsd" version="3.0" name="TestSuite" time="3,737.304" tests="30" errors="0" skipped="0" failures="17">
  <properties>
    <property name="gopherProxySet" value="false"/>
    <property name="awt.toolkit" value="sun.lwawt.macosx.LWCToolkit"/>
    <property name="file.encoding.pkg" value="sun.io"/>
    <property name="java.specification.version" value="1.8"/>
    <property name="webdriver.chrome.driver" value="/Users/manjunathdj/.m2/repository/webdriver/chromedriver/mac64/85.0.4183.87/chromedriver"/>
    <property name="sun.cpu.isalist" value=""/>
    <property name="sun.jnu.encoding" value="UTF-8"/>
    <property name="java.class.path" value="/Users/manjunathdj/Applications/qa-lead-desk-web/target/test-classes:/Users/manjunathdj/Applications/qa-lead-desk-web/target/classes:/Users/manjunathdj/.m2/repository/org/apache/maven/plugins/maven-clean-plugin/3.1.0/maven-clean-plugin-3.1.0.jar:/Users/manjunathdj/.m2/repository/org/apache/maven/maven-plugin-api/3.0/maven-plugin-api-3.0.jar:/Users/manjunathdj/.m2/repository/org/sonatype/sisu/sisu-inject-plexus/1.4.2/sisu-inject-plexus-1.4.2.jar:/Users/manjunathdj/.m2/repository/org/sonatype/sisu/sisu-inject-bean/1.4.2/sisu-inject-bean-1.4.2.jar:/Users/manjunathdj/.m2/repository/org/sonatype/sisu/sisu-guice/2.1.7/sisu-guice-2.1.7-noaop.jar:/Users/manjunathdj/.m2/repository/org/apache/maven/shared/maven-shared-utils/3.2.1/maven-shared-utils-3.2.1.jar:/Users/manjunathdj/.m2/repository/org/seleniumhq/selenium/htmlunit-driver/2.36.0/htmlunit-driver-2.36.0.jar:/Users/manjunathdj/.m2/repository/org/seleniumhq/selenium/selenium-api/3.141.59/selenium-api-3.141.59.jar:/Users/manjunathdj/.m2/repository/net/sourceforge/htmlunit/htmlunit/2.36.0/htmlunit-2.36.0.jar:/Users/manjunathdj/.m2/repository/xalan/xalan/2.7.2/xalan-2.7.2.jar:/Users/manjunathdj/.m2/repository/xalan/serializer/2.7.2/serializer-2.7.2.jar:/Users/manjunathdj/.m2/repository/org/apache/commons/commons-text/1.7/commons-text-1.7.jar:/Users/manjunathdj/.m2/repository/net/sourceforge/htmlunit/htmlunit-core-js/2.36.0/htmlunit-core-js-2.36.0.jar:/Users/manjunathdj/.m2/repository/net/sourceforge/htmlunit/neko-htmlunit/2.36.0/neko-htmlunit-2.36.0.jar:/Users/manjunathdj/.m2/repository/xerces/xercesImpl/2.12.0/xercesImpl-2.12.0.jar:/Users/manjunathdj/.m2/repository/xml-apis/xml-apis/1.4.01/xml-apis-1.4.01.jar:/Users/manjunathdj/.m2/repository/net/sourceforge/htmlunit/htmlunit-cssparser/1.5.0/htmlunit-cssparser-1.5.0.jar:/Users/manjunathdj/.m2/repository/commons-net/commons-net/3.6/commons-net-3.6.jar:/Users/manjunathdj/.m2/repository/org/brotli/dec/0.1.2/dec-0.1.2.jar:/Users/manjunathdj/.m2/repository/org/eclipse/jetty/websocket/websocket-client/9.4.20.v20190813/websocket-client-9.4.20.v20190813.jar:/Users/manjunathdj/.m2/repository/org/eclipse/jetty/jetty-client/9.4.20.v20190813/jetty-client-9.4.20.v20190813.jar:/Users/manjunathdj/.m2/repository/org/eclipse/jetty/jetty-http/9.4.20.v20190813/jetty-http-9.4.20.v20190813.jar:/Users/manjunathdj/.m2/repository/org/eclipse/jetty/jetty-xml/9.4.20.v20190813/jetty-xml-9.4.20.v20190813.jar:/Users/manjunathdj/.m2/repository/org/eclipse/jetty/jetty-util/9.4.20.v20190813/jetty-util-9.4.20.v20190813.jar:/Users/manjunathdj/.m2/repository/org/eclipse/jetty/jetty-io/9.4.20.v20190813/jetty-io-9.4.20.v20190813.jar:/Users/manjunathdj/.m2/repository/org/eclipse/jetty/websocket/websocket-common/9.4.20.v20190813/websocket-common-9.4.20.v20190813.jar:/Users/manjunathdj/.m2/repository/org/eclipse/jetty/websocket/websocket-api/9.4.20.v20190813/websocket-api-9.4.20.v20190813.jar:/Users/manjunathdj/.m2/repository/org/seleniumhq/selenium/selenium-remote-driver/3.141.59/selenium-remote-driver-3.141.59.jar:/Users/manjunathdj/.m2/repository/net/bytebuddy/byte-buddy/1.8.15/byte-buddy-1.8.15.jar:/Users/manjunathdj/.m2/repository/org/apache/commons/commons-exec/1.3/commons-exec-1.3.jar:/Users/manjunathdj/.m2/repository/com/google/guava/guava/25.0-jre/guava-25.0-jre.jar:/Users/manjunathdj/.m2/repository/com/google/code/findbugs/jsr305/1.3.9/jsr305-1.3.9.jar:/Users/manjunathdj/.m2/repository/org/checkerframework/checker-compat-qual/2.0.0/checker-compat-qual-2.0.0.jar:/Users/manjunathdj/.m2/repository/com/google/errorprone/error_prone_annotations/2.1.3/error_prone_annotations-2.1.3.jar:/Users/manjunathdj/.m2/repository/com/google/j2objc/j2objc-annotations/1.1/j2objc-annotations-1.1.jar:/Users/manjunathdj/.m2/repository/org/codehaus/mojo/animal-sniffer-annotations/1.14/animal-sniffer-annotations-1.14.jar:/Users/manjunathdj/.m2/repository/com/squareup/okhttp3/okhttp/3.11.0/okhttp-3.11.0.jar:/Users/manjunathdj/.m2/repository/com/squareup/okio/okio/1.14.0/okio-1.14.0.jar:/Users/manjunathdj/.m2/repository/org/seleniumhq/selenium/selenium-java/3.141.59/selenium-java-3.141.59.jar:/Users/manjunathdj/.m2/repository/org/seleniumhq/selenium/selenium-edge-driver/3.141.59/selenium-edge-driver-3.141.59.jar:/Users/manjunathdj/.m2/repository/org/seleniumhq/selenium/selenium-firefox-driver/3.141.59/selenium-firefox-driver-3.141.59.jar:/Users/manjunathdj/.m2/repository/org/seleniumhq/selenium/selenium-ie-driver/3.141.59/selenium-ie-driver-3.141.59.jar:/Users/manjunathdj/.m2/repository/org/seleniumhq/selenium/selenium-opera-driver/3.141.59/selenium-opera-driver-3.141.59.jar:/Users/manjunathdj/.m2/repository/org/seleniumhq/selenium/selenium-safari-driver/3.141.59/selenium-safari-driver-3.141.59.jar:/Users/manjunathdj/.m2/repository/org/seleniumhq/selenium/selenium-support/3.141.59/selenium-support-3.141.59.jar:/Users/manjunathdj/.m2/repository/org/seleniumhq/selenium/selenium-chrome-driver/3.14.0/selenium-chrome-driver-3.14.0.jar:/Users/manjunathdj/.m2/repository/org/apache/httpcomponents/httpclient/4.5.5/httpclient-4.5.5.jar:/Users/manjunathdj/.m2/repository/org/apache/httpcomponents/httpcore/4.4.9/httpcore-4.4.9.jar:/Users/manjunathdj/.m2/repository/commons-codec/commons-codec/1.12/commons-codec-1.12.jar:/Users/manjunathdj/.m2/repository/commons-io/commons-io/2.6/commons-io-2.6.jar:/Users/manjunathdj/.m2/repository/org/apache/commons/commons-collections4/4.3/commons-collections4-4.3.jar:/Users/manjunathdj/.m2/repository/commons-logging/commons-logging/1.2/commons-logging-1.2.jar:/Users/manjunathdj/.m2/repository/org/apache/poi/poi/4.1.0/poi-4.1.0.jar:/Users/manjunathdj/.m2/repository/org/apache/commons/commons-math3/3.6.1/commons-math3-3.6.1.jar:/Users/manjunathdj/.m2/repository/org/testng/testng/6.14.3/testng-6.14.3.jar:/Users/manjunathdj/.m2/repository/com/beust/jcommander/1.72/jcommander-1.72.jar:/Users/manjunathdj/.m2/repository/org/apache-extras/beanshell/bsh/2.0b6/bsh-2.0b6.jar:/Users/manjunathdj/.m2/repository/log4j/log4j/1.2.17/log4j-1.2.17.jar:/Users/manjunathdj/.m2/repository/org/aeonbits/owner/owner/1.0.8/owner-1.0.8.jar:/Users/manjunathdj/.m2/repository/org/apache/maven/plugins/maven-compiler-plugin/3.7.0/maven-compiler-plugin-3.7.0.jar:/Users/manjunathdj/.m2/repository/org/apache/maven/maven-artifact/3.0/maven-artifact-3.0.jar:/Users/manjunathdj/.m2/repository/org/apache/maven/maven-core/3.0/maven-core-3.0.jar:/Users/manjunathdj/.m2/repository/org/apache/maven/maven-settings/3.0/maven-settings-3.0.jar:/Users/manjunathdj/.m2/repository/org/apache/maven/maven-settings-builder/3.0/maven-settings-builder-3.0.jar:/Users/manjunathdj/.m2/repository/org/apache/maven/maven-repository-metadata/3.0/maven-repository-metadata-3.0.jar:/Users/manjunathdj/.m2/repository/org/apache/maven/maven-model-builder/3.0/maven-model-builder-3.0.jar:/Users/manjunathdj/.m2/repository/org/apache/maven/maven-aether-provider/3.0/maven-aether-provider-3.0.jar:/Users/manjunathdj/.m2/repository/org/sonatype/aether/aether-impl/1.7/aether-impl-1.7.jar:/Users/manjunathdj/.m2/repository/org/sonatype/aether/aether-spi/1.7/aether-spi-1.7.jar:/Users/manjunathdj/.m2/repository/org/sonatype/aether/aether-api/1.7/aether-api-1.7.jar:/Users/manjunathdj/.m2/repository/org/sonatype/aether/aether-util/1.7/aether-util-1.7.jar:/Users/manjunathdj/.m2/repository/org/codehaus/plexus/plexus-interpolation/1.14/plexus-interpolation-1.14.jar:/Users/manjunathdj/.m2/repository/org/codehaus/plexus/plexus-classworlds/2.2.3/plexus-classworlds-2.2.3.jar:/Users/manjunathdj/.m2/repository/org/codehaus/plexus/plexus-component-annotations/1.5.5/plexus-component-annotations-1.5.5.jar:/Users/manjunathdj/.m2/repository/org/sonatype/plexus/plexus-sec-dispatcher/1.3/plexus-sec-dispatcher-1.3.jar:/Users/manjunathdj/.m2/repository/org/sonatype/plexus/plexus-cipher/1.4/plexus-cipher-1.4.jar:/Users/manjunathdj/.m2/repository/org/apache/maven/shared/maven-shared-incremental/1.1/maven-shared-incremental-1.1.jar:/Users/manjunathdj/.m2/repository/org/codehaus/plexus/plexus-java/0.9.2/plexus-java-0.9.2.jar:/Users/manjunathdj/.m2/repository/org/ow2/asm/asm/6.0_BETA/asm-6.0_BETA.jar:/Users/manjunathdj/.m2/repository/com/thoughtworks/qdox/qdox/2.0-M7/qdox-2.0-M7.jar:/Users/manjunathdj/.m2/repository/org/codehaus/plexus/plexus-compiler-api/2.8.2/plexus-compiler-api-2.8.2.jar:/Users/manjunathdj/.m2/repository/org/codehaus/plexus/plexus-compiler-manager/2.8.2/plexus-compiler-manager-2.8.2.jar:/Users/manjunathdj/.m2/repository/org/codehaus/plexus/plexus-compiler-javac/2.8.2/plexus-compiler-javac-2.8.2.jar:/Users/manjunathdj/.m2/repository/io/github/bonigarcia/webdrivermanager/3.7.1/webdrivermanager-3.7.1.jar:/Users/manjunathdj/.m2/repository/com/google/code/gson/gson/2.8.5/gson-2.8.5.jar:/Users/manjunathdj/.m2/repository/org/apache/commons/commons-lang3/3.8.1/commons-lang3-3.8.1.jar:/Users/manjunathdj/.m2/repository/org/rauschig/jarchivelib/1.0.0/jarchivelib-1.0.0.jar:/Users/manjunathdj/.m2/repository/org/apache/commons/commons-compress/1.18/commons-compress-1.18.jar:/Users/manjunathdj/.m2/repository/org/jsoup/jsoup/1.11.3/jsoup-1.11.3.jar:/Users/manjunathdj/.m2/repository/org/seleniumhq/selenium/selenium-server/3.141.59/selenium-server-3.141.59.jar:/Users/manjunathdj/.m2/repository/net/jcip/jcip-annotations/1.0/jcip-annotations-1.0.jar:/Users/manjunathdj/.m2/repository/org/seleniumhq/selenium/jetty-repacked/9.4.12.v20180830/jetty-repacked-9.4.12.v20180830.jar:/Users/manjunathdj/.m2/repository/javax/servlet/javax.servlet-api/3.1.0/javax.servlet-api-3.1.0.jar:/Users/manjunathdj/.m2/repository/org/yaml/snakeyaml/1.19/snakeyaml-1.19.jar:/Users/manjunathdj/.m2/repository/com/relevantcodes/extentreports/2.41.2/extentreports-2.41.2.jar:/Users/manjunathdj/.m2/repository/org/xerial/sqlite-jdbc/3.8.11.1/sqlite-jdbc-3.8.11.1.jar:/Users/manjunathdj/.m2/repository/org/freemarker/freemarker/2.3.23/freemarker-2.3.23.jar:/Users/manjunathdj/.m2/repository/org/mongodb/mongodb-driver/3.0.4/mongodb-driver-3.0.4.jar:/Users/manjunathdj/.m2/repository/org/mongodb/bson/3.0.4/bson-3.0.4.jar:/Users/manjunathdj/.m2/repository/org/mongodb/mongodb-driver-core/3.0.4/mongodb-driver-core-3.0.4.jar:/Users/manjunathdj/.m2/repository/org/slf4j/slf4j-api/1.7.13/slf4j-api-1.7.13.jar:/Users/manjunathdj/.m2/repository/com/googlecode/json-simple/json-simple/1.1.1/json-simple-1.1.1.jar:/Users/manjunathdj/.m2/repository/io/rest-assured/rest-assured/4.3.1/rest-assured-4.3.1.jar:/Users/manjunathdj/.m2/repository/org/codehaus/groovy/groovy/3.0.3/groovy-3.0.3.jar:/Users/manjunathdj/.m2/repository/org/codehaus/groovy/groovy-xml/3.0.3/groovy-xml-3.0.3.jar:/Users/manjunathdj/.m2/repository/org/apache/httpcomponents/httpmime/4.5.3/httpmime-4.5.3.jar:/Users/manjunathdj/.m2/repository/org/hamcrest/hamcrest/2.1/hamcrest-2.1.jar:/Users/manjunathdj/.m2/repository/org/ccil/cowan/tagsoup/tagsoup/1.2.1/tagsoup-1.2.1.jar:/Users/manjunathdj/.m2/repository/io/rest-assured/json-path/4.3.1/json-path-4.3.1.jar:/Users/manjunathdj/.m2/repository/org/codehaus/groovy/groovy-json/3.0.3/groovy-json-3.0.3.jar:/Users/manjunathdj/.m2/repository/io/rest-assured/rest-assured-common/4.3.1/rest-assured-common-4.3.1.jar:/Users/manjunathdj/.m2/repository/io/rest-assured/xml-path/4.3.1/xml-path-4.3.1.jar:/Users/manjunathdj/.m2/repository/jakarta/xml/bind/jakarta.xml.bind-api/2.3.3/jakarta.xml.bind-api-2.3.3.jar:/Users/manjunathdj/.m2/repository/jakarta/activation/jakarta.activation-api/1.2.2/jakarta.activation-api-1.2.2.jar:/Users/manjunathdj/.m2/repository/com/sun/xml/bind/jaxb-impl/2.3.3/jaxb-impl-2.3.3.jar:/Users/manjunathdj/.m2/repository/junit/junit/4.11/junit-4.11.jar:/Users/manjunathdj/.m2/repository/org/codehaus/mojo/exec-maven-plugin/1.2.1/exec-maven-plugin-1.2.1.jar:/Users/manjunathdj/.m2/repository/org/apache/maven/maven-toolchain/1.0/maven-toolchain-1.0.jar:/Users/manjunathdj/.m2/repository/org/apache/maven/maven-project/2.0.6/maven-project-2.0.6.jar:/Users/manjunathdj/.m2/repository/org/apache/maven/maven-profile/2.0.6/maven-profile-2.0.6.jar:/Users/manjunathdj/.m2/repository/org/apache/maven/maven-plugin-registry/2.0.6/maven-plugin-registry-2.0.6.jar:/Users/manjunathdj/.m2/repository/org/apache/maven/maven-model/2.0.6/maven-model-2.0.6.jar:/Users/manjunathdj/.m2/repository/org/apache/maven/maven-artifact-manager/2.0.6/maven-artifact-manager-2.0.6.jar:/Users/manjunathdj/.m2/repository/org/apache/maven/wagon/wagon-provider-api/1.0-beta-2/wagon-provider-api-1.0-beta-2.jar:/Users/manjunathdj/.m2/repository/org/codehaus/plexus/plexus-utils/2.0.5/plexus-utils-2.0.5.jar:/Users/manjunathdj/.m2/repository/org/codehaus/plexus/plexus-container-default/1.0-alpha-9/plexus-container-default-1.0-alpha-9.jar:/Users/manjunathdj/.m2/repository/classworlds/classworlds/1.1-alpha-2/classworlds-1.1-alpha-2.jar:"/>
    <property name="java.vm.vendor" value="Oracle Corporation"/>
    <property name="sun.arch.data.model" value="64"/>
    <property name="java.vendor.url" value="http://java.oracle.com/"/>
    <property name="user.timezone" value="Asia/Kolkata"/>
    <property name="user.country.format" value="IN"/>
    <property name="java.vm.specification.version" value="1.8"/>
    <property name="os.name" value="Mac OS X"/>
    <property name="user.country" value="GB"/>
    <property name="sun.java.launcher" value="SUN_STANDARD"/>
    <property name="sun.boot.library.path" value="/Library/Java/JavaVirtualMachines/jdk1.8.0_231.jdk/Contents/Home/jre/lib"/>
    <property name="sun.java.command" value="/Users/manjunathdj/Applications/qa-lead-desk-web/target/surefire/surefirebooter4913084499247266706.jar /Users/manjunathdj/Applications/qa-lead-desk-web/target/surefire 2020-09-22T14-23-47_712-jvmRun1 surefire7425407090524075491tmp surefire_01044551841004000820tmp"/>
    <property name="http.nonProxyHosts" value="local|*.local|169.254/16|*.169.254/16"/>
    <property name="surefire.test.class.path" value="/Users/manjunathdj/Applications/qa-lead-desk-web/target/test-classes:/Users/manjunathdj/Applications/qa-lead-desk-web/target/classes:/Users/manjunathdj/.m2/repository/org/apache/maven/plugins/maven-clean-plugin/3.1.0/maven-clean-plugin-3.1.0.jar:/Users/manjunathdj/.m2/repository/org/apache/maven/maven-plugin-api/3.0/maven-plugin-api-3.0.jar:/Users/manjunathdj/.m2/repository/org/sonatype/sisu/sisu-inject-plexus/1.4.2/sisu-inject-plexus-1.4.2.jar:/Users/manjunathdj/.m2/repository/org/sonatype/sisu/sisu-inject-bean/1.4.2/sisu-inject-bean-1.4.2.jar:/Users/manjunathdj/.m2/repository/org/sonatype/sisu/sisu-guice/2.1.7/sisu-guice-2.1.7-noaop.jar:/Users/manjunathdj/.m2/repository/org/apache/maven/shared/maven-shared-utils/3.2.1/maven-shared-utils-3.2.1.jar:/Users/manjunathdj/.m2/repository/org/seleniumhq/selenium/htmlunit-driver/2.36.0/htmlunit-driver-2.36.0.jar:/Users/manjunathdj/.m2/repository/org/seleniumhq/selenium/selenium-api/3.141.59/selenium-api-3.141.59.jar:/Users/manjunathdj/.m2/repository/net/sourceforge/htmlunit/htmlunit/2.36.0/htmlunit-2.36.0.jar:/Users/manjunathdj/.m2/repository/xalan/xalan/2.7.2/xalan-2.7.2.jar:/Users/manjunathdj/.m2/repository/xalan/serializer/2.7.2/serializer-2.7.2.jar:/Users/manjunathdj/.m2/repository/org/apache/commons/commons-text/1.7/commons-text-1.7.jar:/Users/manjunathdj/.m2/repository/net/sourceforge/htmlunit/htmlunit-core-js/2.36.0/htmlunit-core-js-2.36.0.jar:/Users/manjunathdj/.m2/repository/net/sourceforge/htmlunit/neko-htmlunit/2.36.0/neko-htmlunit-2.36.0.jar:/Users/manjunathdj/.m2/repository/xerces/xercesImpl/2.12.0/xercesImpl-2.12.0.jar:/Users/manjunathdj/.m2/repository/xml-apis/xml-apis/1.4.01/xml-apis-1.4.01.jar:/Users/manjunathdj/.m2/repository/net/sourceforge/htmlunit/htmlunit-cssparser/1.5.0/htmlunit-cssparser-1.5.0.jar:/Users/manjunathdj/.m2/repository/commons-net/commons-net/3.6/commons-net-3.6.jar:/Users/manjunathdj/.m2/repository/org/brotli/dec/0.1.2/dec-0.1.2.jar:/Users/manjunathdj/.m2/repository/org/eclipse/jetty/websocket/websocket-client/9.4.20.v20190813/websocket-client-9.4.20.v20190813.jar:/Users/manjunathdj/.m2/repository/org/eclipse/jetty/jetty-client/9.4.20.v20190813/jetty-client-9.4.20.v20190813.jar:/Users/manjunathdj/.m2/repository/org/eclipse/jetty/jetty-http/9.4.20.v20190813/jetty-http-9.4.20.v20190813.jar:/Users/manjunathdj/.m2/repository/org/eclipse/jetty/jetty-xml/9.4.20.v20190813/jetty-xml-9.4.20.v20190813.jar:/Users/manjunathdj/.m2/repository/org/eclipse/jetty/jetty-util/9.4.20.v20190813/jetty-util-9.4.20.v20190813.jar:/Users/manjunathdj/.m2/repository/org/eclipse/jetty/jetty-io/9.4.20.v20190813/jetty-io-9.4.20.v20190813.jar:/Users/manjunathdj/.m2/repository/org/eclipse/jetty/websocket/websocket-common/9.4.20.v20190813/websocket-common-9.4.20.v20190813.jar:/Users/manjunathdj/.m2/repository/org/eclipse/jetty/websocket/websocket-api/9.4.20.v20190813/websocket-api-9.4.20.v20190813.jar:/Users/manjunathdj/.m2/repository/org/seleniumhq/selenium/selenium-remote-driver/3.141.59/selenium-remote-driver-3.141.59.jar:/Users/manjunathdj/.m2/repository/net/bytebuddy/byte-buddy/1.8.15/byte-buddy-1.8.15.jar:/Users/manjunathdj/.m2/repository/org/apache/commons/commons-exec/1.3/commons-exec-1.3.jar:/Users/manjunathdj/.m2/repository/com/google/guava/guava/25.0-jre/guava-25.0-jre.jar:/Users/manjunathdj/.m2/repository/com/google/code/findbugs/jsr305/1.3.9/jsr305-1.3.9.jar:/Users/manjunathdj/.m2/repository/org/checkerframework/checker-compat-qual/2.0.0/checker-compat-qual-2.0.0.jar:/Users/manjunathdj/.m2/repository/com/google/errorprone/error_prone_annotations/2.1.3/error_prone_annotations-2.1.3.jar:/Users/manjunathdj/.m2/repository/com/google/j2objc/j2objc-annotations/1.1/j2objc-annotations-1.1.jar:/Users/manjunathdj/.m2/repository/org/codehaus/mojo/animal-sniffer-annotations/1.14/animal-sniffer-annotations-1.14.jar:/Users/manjunathdj/.m2/repository/com/squareup/okhttp3/okhttp/3.11.0/okhttp-3.11.0.jar:/Users/manjunathdj/.m2/repository/com/squareup/okio/okio/1.14.0/okio-1.14.0.jar:/Users/manjunathdj/.m2/repository/org/seleniumhq/selenium/selenium-java/3.141.59/selenium-java-3.141.59.jar:/Users/manjunathdj/.m2/repository/org/seleniumhq/selenium/selenium-edge-driver/3.141.59/selenium-edge-driver-3.141.59.jar:/Users/manjunathdj/.m2/repository/org/seleniumhq/selenium/selenium-firefox-driver/3.141.59/selenium-firefox-driver-3.141.59.jar:/Users/manjunathdj/.m2/repository/org/seleniumhq/selenium/selenium-ie-driver/3.141.59/selenium-ie-driver-3.141.59.jar:/Users/manjunathdj/.m2/repository/org/seleniumhq/selenium/selenium-opera-driver/3.141.59/selenium-opera-driver-3.141.59.jar:/Users/manjunathdj/.m2/repository/org/seleniumhq/selenium/selenium-safari-driver/3.141.59/selenium-safari-driver-3.141.59.jar:/Users/manjunathdj/.m2/repository/org/seleniumhq/selenium/selenium-support/3.141.59/selenium-support-3.141.59.jar:/Users/manjunathdj/.m2/repository/org/seleniumhq/selenium/selenium-chrome-driver/3.14.0/selenium-chrome-driver-3.14.0.jar:/Users/manjunathdj/.m2/repository/org/apache/httpcomponents/httpclient/4.5.5/httpclient-4.5.5.jar:/Users/manjunathdj/.m2/repository/org/apache/httpcomponents/httpcore/4.4.9/httpcore-4.4.9.jar:/Users/manjunathdj/.m2/repository/commons-codec/commons-codec/1.12/commons-codec-1.12.jar:/Users/manjunathdj/.m2/repository/commons-io/commons-io/2.6/commons-io-2.6.jar:/Users/manjunathdj/.m2/repository/org/apache/commons/commons-collections4/4.3/commons-collections4-4.3.jar:/Users/manjunathdj/.m2/repository/commons-logging/commons-logging/1.2/commons-logging-1.2.jar:/Users/manjunathdj/.m2/repository/org/apache/poi/poi/4.1.0/poi-4.1.0.jar:/Users/manjunathdj/.m2/repository/org/apache/commons/commons-math3/3.6.1/commons-math3-3.6.1.jar:/Users/manjunathdj/.m2/repository/org/testng/testng/6.14.3/testng-6.14.3.jar:/Users/manjunathdj/.m2/repository/com/beust/jcommander/1.72/jcommander-1.72.jar:/Users/manjunathdj/.m2/repository/org/apache-extras/beanshell/bsh/2.0b6/bsh-2.0b6.jar:/Users/manjunathdj/.m2/repository/log4j/log4j/1.2.17/log4j-1.2.17.jar:/Users/manjunathdj/.m2/repository/org/aeonbits/owner/owner/1.0.8/owner-1.0.8.jar:/Users/manjunathdj/.m2/repository/org/apache/maven/plugins/maven-compiler-plugin/3.7.0/maven-compiler-plugin-3.7.0.jar:/Users/manjunathdj/.m2/repository/org/apache/maven/maven-artifact/3.0/maven-artifact-3.0.jar:/Users/manjunathdj/.m2/repository/org/apache/maven/maven-core/3.0/maven-core-3.0.jar:/Users/manjunathdj/.m2/repository/org/apache/maven/maven-settings/3.0/maven-settings-3.0.jar:/Users/manjunathdj/.m2/repository/org/apache/maven/maven-settings-builder/3.0/maven-settings-builder-3.0.jar:/Users/manjunathdj/.m2/repository/org/apache/maven/maven-repository-metadata/3.0/maven-repository-metadata-3.0.jar:/Users/manjunathdj/.m2/repository/org/apache/maven/maven-model-builder/3.0/maven-model-builder-3.0.jar:/Users/manjunathdj/.m2/repository/org/apache/maven/maven-aether-provider/3.0/maven-aether-provider-3.0.jar:/Users/manjunathdj/.m2/repository/org/sonatype/aether/aether-impl/1.7/aether-impl-1.7.jar:/Users/manjunathdj/.m2/repository/org/sonatype/aether/aether-spi/1.7/aether-spi-1.7.jar:/Users/manjunathdj/.m2/repository/org/sonatype/aether/aether-api/1.7/aether-api-1.7.jar:/Users/manjunathdj/.m2/repository/org/sonatype/aether/aether-util/1.7/aether-util-1.7.jar:/Users/manjunathdj/.m2/repository/org/codehaus/plexus/plexus-interpolation/1.14/plexus-interpolation-1.14.jar:/Users/manjunathdj/.m2/repository/org/codehaus/plexus/plexus-classworlds/2.2.3/plexus-classworlds-2.2.3.jar:/Users/manjunathdj/.m2/repository/org/codehaus/plexus/plexus-component-annotations/1.5.5/plexus-component-annotations-1.5.5.jar:/Users/manjunathdj/.m2/repository/org/sonatype/plexus/plexus-sec-dispatcher/1.3/plexus-sec-dispatcher-1.3.jar:/Users/manjunathdj/.m2/repository/org/sonatype/plexus/plexus-cipher/1.4/plexus-cipher-1.4.jar:/Users/manjunathdj/.m2/repository/org/apache/maven/shared/maven-shared-incremental/1.1/maven-shared-incremental-1.1.jar:/Users/manjunathdj/.m2/repository/org/codehaus/plexus/plexus-java/0.9.2/plexus-java-0.9.2.jar:/Users/manjunathdj/.m2/repository/org/ow2/asm/asm/6.0_BETA/asm-6.0_BETA.jar:/Users/manjunathdj/.m2/repository/com/thoughtworks/qdox/qdox/2.0-M7/qdox-2.0-M7.jar:/Users/manjunathdj/.m2/repository/org/codehaus/plexus/plexus-compiler-api/2.8.2/plexus-compiler-api-2.8.2.jar:/Users/manjunathdj/.m2/repository/org/codehaus/plexus/plexus-compiler-manager/2.8.2/plexus-compiler-manager-2.8.2.jar:/Users/manjunathdj/.m2/repository/org/codehaus/plexus/plexus-compiler-javac/2.8.2/plexus-compiler-javac-2.8.2.jar:/Users/manjunathdj/.m2/repository/io/github/bonigarcia/webdrivermanager/3.7.1/webdrivermanager-3.7.1.jar:/Users/manjunathdj/.m2/repository/com/google/code/gson/gson/2.8.5/gson-2.8.5.jar:/Users/manjunathdj/.m2/repository/org/apache/commons/commons-lang3/3.8.1/commons-lang3-3.8.1.jar:/Users/manjunathdj/.m2/repository/org/rauschig/jarchivelib/1.0.0/jarchivelib-1.0.0.jar:/Users/manjunathdj/.m2/repository/org/apache/commons/commons-compress/1.18/commons-compress-1.18.jar:/Users/manjunathdj/.m2/repository/org/jsoup/jsoup/1.11.3/jsoup-1.11.3.jar:/Users/manjunathdj/.m2/repository/org/seleniumhq/selenium/selenium-server/3.141.59/selenium-server-3.141.59.jar:/Users/manjunathdj/.m2/repository/net/jcip/jcip-annotations/1.0/jcip-annotations-1.0.jar:/Users/manjunathdj/.m2/repository/org/seleniumhq/selenium/jetty-repacked/9.4.12.v20180830/jetty-repacked-9.4.12.v20180830.jar:/Users/manjunathdj/.m2/repository/javax/servlet/javax.servlet-api/3.1.0/javax.servlet-api-3.1.0.jar:/Users/manjunathdj/.m2/repository/org/yaml/snakeyaml/1.19/snakeyaml-1.19.jar:/Users/manjunathdj/.m2/repository/com/relevantcodes/extentreports/2.41.2/extentreports-2.41.2.jar:/Users/manjunathdj/.m2/repository/org/xerial/sqlite-jdbc/3.8.11.1/sqlite-jdbc-3.8.11.1.jar:/Users/manjunathdj/.m2/repository/org/freemarker/freemarker/2.3.23/freemarker-2.3.23.jar:/Users/manjunathdj/.m2/repository/org/mongodb/mongodb-driver/3.0.4/mongodb-driver-3.0.4.jar:/Users/manjunathdj/.m2/repository/org/mongodb/bson/3.0.4/bson-3.0.4.jar:/Users/manjunathdj/.m2/repository/org/mongodb/mongodb-driver-core/3.0.4/mongodb-driver-core-3.0.4.jar:/Users/manjunathdj/.m2/repository/org/slf4j/slf4j-api/1.7.13/slf4j-api-1.7.13.jar:/Users/manjunathdj/.m2/repository/com/googlecode/json-simple/json-simple/1.1.1/json-simple-1.1.1.jar:/Users/manjunathdj/.m2/repository/io/rest-assured/rest-assured/4.3.1/rest-assured-4.3.1.jar:/Users/manjunathdj/.m2/repository/org/codehaus/groovy/groovy/3.0.3/groovy-3.0.3.jar:/Users/manjunathdj/.m2/repository/org/codehaus/groovy/groovy-xml/3.0.3/groovy-xml-3.0.3.jar:/Users/manjunathdj/.m2/repository/org/apache/httpcomponents/httpmime/4.5.3/httpmime-4.5.3.jar:/Users/manjunathdj/.m2/repository/org/hamcrest/hamcrest/2.1/hamcrest-2.1.jar:/Users/manjunathdj/.m2/repository/org/ccil/cowan/tagsoup/tagsoup/1.2.1/tagsoup-1.2.1.jar:/Users/manjunathdj/.m2/repository/io/rest-assured/json-path/4.3.1/json-path-4.3.1.jar:/Users/manjunathdj/.m2/repository/org/codehaus/groovy/groovy-json/3.0.3/groovy-json-3.0.3.jar:/Users/manjunathdj/.m2/repository/io/rest-assured/rest-assured-common/4.3.1/rest-assured-common-4.3.1.jar:/Users/manjunathdj/.m2/repository/io/rest-assured/xml-path/4.3.1/xml-path-4.3.1.jar:/Users/manjunathdj/.m2/repository/jakarta/xml/bind/jakarta.xml.bind-api/2.3.3/jakarta.xml.bind-api-2.3.3.jar:/Users/manjunathdj/.m2/repository/jakarta/activation/jakarta.activation-api/1.2.2/jakarta.activation-api-1.2.2.jar:/Users/manjunathdj/.m2/repository/com/sun/xml/bind/jaxb-impl/2.3.3/jaxb-impl-2.3.3.jar:/Users/manjunathdj/.m2/repository/junit/junit/4.11/junit-4.11.jar:/Users/manjunathdj/.m2/repository/org/codehaus/mojo/exec-maven-plugin/1.2.1/exec-maven-plugin-1.2.1.jar:/Users/manjunathdj/.m2/repository/org/apache/maven/maven-toolchain/1.0/maven-toolchain-1.0.jar:/Users/manjunathdj/.m2/repository/org/apache/maven/maven-project/2.0.6/maven-project-2.0.6.jar:/Users/manjunathdj/.m2/repository/org/apache/maven/maven-profile/2.0.6/maven-profile-2.0.6.jar:/Users/manjunathdj/.m2/repository/org/apache/maven/maven-plugin-registry/2.0.6/maven-plugin-registry-2.0.6.jar:/Users/manjunathdj/.m2/repository/org/apache/maven/maven-model/2.0.6/maven-model-2.0.6.jar:/Users/manjunathdj/.m2/repository/org/apache/maven/maven-artifact-manager/2.0.6/maven-artifact-manager-2.0.6.jar:/Users/manjunathdj/.m2/repository/org/apache/maven/wagon/wagon-provider-api/1.0-beta-2/wagon-provider-api-1.0-beta-2.jar:/Users/manjunathdj/.m2/repository/org/codehaus/plexus/plexus-utils/2.0.5/plexus-utils-2.0.5.jar:/Users/manjunathdj/.m2/repository/org/codehaus/plexus/plexus-container-default/1.0-alpha-9/plexus-container-default-1.0-alpha-9.jar:/Users/manjunathdj/.m2/repository/classworlds/classworlds/1.1-alpha-2/classworlds-1.1-alpha-2.jar:"/>
    <property name="sun.cpu.endian" value="little"/>
    <property name="user.home" value="/Users/manjunathdj"/>
    <property name="user.language" value="en"/>
    <property name="java.specification.vendor" value="Oracle Corporation"/>
    <property name="java.home" value="/Library/Java/JavaVirtualMachines/jdk1.8.0_231.jdk/Contents/Home/jre"/>
    <property name="basedir" value="/Users/manjunathdj/Applications/qa-lead-desk-web"/>
    <property name="file.separator" value="/"/>
    <property name="line.separator" value="&#10;"/>
    <property name="java.vm.specification.vendor" value="Oracle Corporation"/>
    <property name="java.specification.name" value="Java Platform API Specification"/>
    <property name="java.awt.graphicsenv" value="sun.awt.CGraphicsEnvironment"/>
    <property name="surefire.real.class.path" value="/Users/manjunathdj/Applications/qa-lead-desk-web/target/surefire/surefirebooter4913084499247266706.jar"/>
    <property name="sun.boot.class.path" value="/Library/Java/JavaVirtualMachines/jdk1.8.0_231.jdk/Contents/Home/jre/lib/resources.jar:/Library/Java/JavaVirtualMachines/jdk1.8.0_231.jdk/Contents/Home/jre/lib/rt.jar:/Library/Java/JavaVirtualMachines/jdk1.8.0_231.jdk/Contents/Home/jre/lib/sunrsasign.jar:/Library/Java/JavaVirtualMachines/jdk1.8.0_231.jdk/Contents/Home/jre/lib/jsse.jar:/Library/Java/JavaVirtualMachines/jdk1.8.0_231.jdk/Contents/Home/jre/lib/jce.jar:/Library/Java/JavaVirtualMachines/jdk1.8.0_231.jdk/Contents/Home/jre/lib/charsets.jar:/Library/Java/JavaVirtualMachines/jdk1.8.0_231.jdk/Contents/Home/jre/lib/jfr.jar:/Library/Java/JavaVirtualMachines/jdk1.8.0_231.jdk/Contents/Home/jre/classes"/>
    <property name="sun.management.compiler" value="HotSpot 64-Bit Tiered Compilers"/>
    <property name="ftp.nonProxyHosts" value="local|*.local|169.254/16|*.169.254/16"/>
    <property name="java.runtime.version" value="1.8.0_231-b11"/>
    <property name="user.name" value="manjunathdj"/>
    <property name="path.separator" value=":"/>
    <property name="os.version" value="10.15.6"/>
    <property name="java.endorsed.dirs" value="/Library/Java/JavaVirtualMachines/jdk1.8.0_231.jdk/Contents/Home/jre/lib/endorsed"/>
    <property name="java.runtime.name" value="Java(TM) SE Runtime Environment"/>
    <property name="file.encoding" value="UTF-8"/>
    <property name="java.vm.name" value="Java HotSpot(TM) 64-Bit Server VM"/>
    <property name="localRepository" value="/Users/manjunathdj/.m2/repository"/>
    <property name="java.vendor.url.bug" value="http://bugreport.sun.com/bugreport/"/>
    <property name="java.io.tmpdir" value="/var/folders/p6/cbrrv70s47j4thfvy3cgd0_40000gn/T/"/>
    <property name="java.version" value="1.8.0_231"/>
    <property name="user.dir" value="/Users/manjunathdj/Applications/qa-lead-desk-web"/>
    <property name="os.arch" value="x86_64"/>
    <property name="java.vm.specification.name" value="Java Virtual Machine Specification"/>
    <property name="java.awt.printerjob" value="sun.lwawt.macosx.CPrinterJob"/>
    <property name="sun.os.patch.level" value="unknown"/>
    <property name="java.library.path" value="/Users/manjunathdj/Library/Java/Extensions:/Library/Java/Extensions:/Network/Library/Java/Extensions:/System/Library/Java/Extensions:/usr/lib/java:."/>
    <property name="java.vm.info" value="mixed mode"/>
    <property name="java.vendor" value="Oracle Corporation"/>
    <property name="java.vm.version" value="25.231-b11"/>
    <property name="java.ext.dirs" value="/Users/manjunathdj/Library/Java/Extensions:/Library/Java/JavaVirtualMachines/jdk1.8.0_231.jdk/Contents/Home/jre/lib/ext:/Library/Java/Extensions:/Network/Library/Java/Extensions:/System/Library/Java/Extensions:/usr/lib/java"/>
    <property name="sun.io.unicode.encoding" value="UnicodeBig"/>
    <property name="java.class.version" value="52.0"/>
    <property name="socksNonProxyHosts" value="local|*.local|169.254/16|*.169.254/16"/>
  </properties>
  <testcase name="NewUserSignupbookanpayatHospitalAppointmentWithFreeOpinion" classname="com.onco.webtests.NewUserBookAppointmentRequestCallOnco" time="68.952"/>
  <testcase name="addResultForTestCase" classname="com.onco.webtests.NewUserBookAppointmentRequestCallOnco" time="71.444">
    <failure message="&#10;Can inject only one of &lt;ITestContext, XmlTest&gt; into a @AfterClass annotated addResultForTestCase.&#10;For more information on native dependency injection please refer to http://testng.org/doc/documentation-main.html#native-dependency-injection" type="org.testng.TestNGException"><![CDATA[org.testng.TestNGException: 

Can inject only one of <ITestContext, XmlTest> into a @AfterClass annotated addResultForTestCase.
For more information on native dependency injection please refer to http://testng.org/doc/documentation-main.html#native-dependency-injection
]]></failure>
    <system-out><![CDATA[84513 [main] DEBUG org.apache.http.impl.conn.BasicClientConnectionManager  - Get connection for route {s}->https://backstage.onco.com:443
84517 [main] DEBUG org.apache.http.impl.conn.DefaultClientConnectionOperator  - Connecting to backstage.onco.com:443
84914 [main] DEBUG org.apache.http.client.protocol.RequestAddCookies  - CookieSpec selected: ignoreCookies
84915 [main] DEBUG org.apache.http.client.protocol.RequestAuthCache  - Auth cache not set in the context
84915 [main] DEBUG org.apache.http.client.protocol.RequestTargetAuthentication  - Target auth state: UNCHALLENGED
84916 [main] DEBUG org.apache.http.client.protocol.RequestProxyAuthentication  - Proxy auth state: UNCHALLENGED
84916 [main] DEBUG org.apache.http.impl.client.DefaultHttpClient  - Attempt 1 to execute request
84916 [main] DEBUG org.apache.http.impl.conn.DefaultClientConnection  - Sending request: POST /onco-auth/oapi/user-cred/remove-lead HTTP/1.1
84916 [main] DEBUG org.apache.http.wire  -  >> "POST /onco-auth/oapi/user-cred/remove-lead HTTP/1.1[\r][\n]"
84916 [main] DEBUG org.apache.http.wire  -  >> ":  [\r][\n]"
84916 [main] DEBUG org.apache.http.wire  -  >> "Accept: */*[\r][\n]"
84916 [main] DEBUG org.apache.http.wire  -  >> "Content-Type: application/json; charset=UTF-8[\r][\n]"
84917 [main] DEBUG org.apache.http.wire  -  >> "Content-Length: 83[\r][\n]"
84917 [main] DEBUG org.apache.http.wire  -  >> "Host: backstage.onco.com[\r][\n]"
84917 [main] DEBUG org.apache.http.wire  -  >> "Connection: Keep-Alive[\r][\n]"
84917 [main] DEBUG org.apache.http.wire  -  >> "User-Agent: Apache-HttpClient/4.5.5 (Java/1.8.0_231)[\r][\n]"
84917 [main] DEBUG org.apache.http.wire  -  >> "Accept-Encoding: gzip,deflate[\r][\n]"
84917 [main] DEBUG org.apache.http.wire  -  >> "[\r][\n]"
84917 [main] DEBUG org.apache.http.headers  - >> POST /onco-auth/oapi/user-cred/remove-lead HTTP/1.1
84917 [main] DEBUG org.apache.http.headers  - >> :  
84917 [main] DEBUG org.apache.http.headers  - >> Accept: */*
84917 [main] DEBUG org.apache.http.headers  - >> Content-Type: application/json; charset=UTF-8
84917 [main] DEBUG org.apache.http.headers  - >> Content-Length: 83
84917 [main] DEBUG org.apache.http.headers  - >> Host: backstage.onco.com
84917 [main] DEBUG org.apache.http.headers  - >> Connection: Keep-Alive
84917 [main] DEBUG org.apache.http.headers  - >> User-Agent: Apache-HttpClient/4.5.5 (Java/1.8.0_231)
84917 [main] DEBUG org.apache.http.headers  - >> Accept-Encoding: gzip,deflate
84918 [main] DEBUG org.apache.http.wire  -  >> "{[\n]"
84918 [main] DEBUG org.apache.http.wire  -  >> "    "phoneNumber": "+918310744975",[\n]"
84918 [main] DEBUG org.apache.http.wire  -  >> "    "leadDelSecKey": "Eno0nduK!tthakaPPa@1"[\n]"
84918 [main] DEBUG org.apache.http.wire  -  >> "}"
85332 [main] DEBUG org.apache.http.wire  -  << "HTTP/1.1 200 OK[\r][\n]"
85332 [main] DEBUG org.apache.http.wire  -  << "Server: nginx/1.14.0 (Ubuntu)[\r][\n]"
85333 [main] DEBUG org.apache.http.wire  -  << "Date: Tue, 22 Sep 2020 08:55:15 GMT[\r][\n]"
85333 [main] DEBUG org.apache.http.wire  -  << "Content-Type: application/json; charset=utf-8[\r][\n]"
85333 [main] DEBUG org.apache.http.wire  -  << "Transfer-Encoding: chunked[\r][\n]"
85333 [main] DEBUG org.apache.http.wire  -  << "Connection: keep-alive[\r][\n]"
85333 [main] DEBUG org.apache.http.wire  -  << "Content-Security-Policy: default-src 'self';base-uri 'self';block-all-mixed-content;font-src 'self' https: data:;frame-ancestors 'self';img-src 'self' data:;object-src 'none';script-src 'self';script-src-attr 'none';style-src 'self' https: 'unsafe-inline';upgrade-insecure-requests[\r][\n]"
85333 [main] DEBUG org.apache.http.wire  -  << "X-DNS-Prefetch-Control: off[\r][\n]"
85333 [main] DEBUG org.apache.http.wire  -  << "Expect-CT: max-age=0[\r][\n]"
85333 [main] DEBUG org.apache.http.wire  -  << "X-Frame-Options: SAMEORIGIN[\r][\n]"
85333 [main] DEBUG org.apache.http.wire  -  << "X-Download-Options: noopen[\r][\n]"
85334 [main] DEBUG org.apache.http.wire  -  << "X-Content-Type-Options: nosniff[\r][\n]"
85334 [main] DEBUG org.apache.http.wire  -  << "X-Permitted-Cross-Domain-Policies: none[\r][\n]"
85334 [main] DEBUG org.apache.http.wire  -  << "Referrer-Policy: no-referrer[\r][\n]"
85334 [main] DEBUG org.apache.http.wire  -  << "X-XSS-Protection: 0[\r][\n]"
85334 [main] DEBUG org.apache.http.wire  -  << "Vary: Origin, Accept-Encoding[\r][\n]"
85334 [main] DEBUG org.apache.http.wire  -  << "Access-Control-Allow-Credentials: true[\r][\n]"
85334 [main] DEBUG org.apache.http.wire  -  << "Retry-After: 10[\r][\n]"
85334 [main] DEBUG org.apache.http.wire  -  << "X-RateLimit-Limit: 80[\r][\n]"
85334 [main] DEBUG org.apache.http.wire  -  << "X-RateLimit-Remaining: 79[\r][\n]"
85334 [main] DEBUG org.apache.http.wire  -  << "X-RateLimit-Reset: Tue Sep 22 2020 08:55:25 GMT+0000 (Coordinated Universal Time)[\r][\n]"
85334 [main] DEBUG org.apache.http.wire  -  << "Access-Control-Allow-Methods: GET, POST, OPTIONS[\r][\n]"
85334 [main] DEBUG org.apache.http.wire  -  << "Access-Control-Allow-Headers: DNT,X-CustomHeader,Keep-Alive,User-Agent,X-Requested-With,If-Modified-Since,Cache-Control,Content-Type,Content-Range,Range[\r][\n]"
85334 [main] DEBUG org.apache.http.wire  -  << "Access-Control-Expose-Headers: DNT,X-CustomHeader,Keep-Alive,User-Agent,X-Requested-With,If-Modified-Since,Cache-Control,Content-Type,Content-Range,Range[\r][\n]"
85334 [main] DEBUG org.apache.http.wire  -  << "Content-Encoding: gzip[\r][\n]"
85334 [main] DEBUG org.apache.http.wire  -  << "[\r][\n]"
85335 [main] DEBUG org.apache.http.impl.conn.DefaultClientConnection  - Receiving response: HTTP/1.1 200 OK
85335 [main] DEBUG org.apache.http.headers  - << HTTP/1.1 200 OK
85335 [main] DEBUG org.apache.http.headers  - << Server: nginx/1.14.0 (Ubuntu)
85335 [main] DEBUG org.apache.http.headers  - << Date: Tue, 22 Sep 2020 08:55:15 GMT
85335 [main] DEBUG org.apache.http.headers  - << Content-Type: application/json; charset=utf-8
85335 [main] DEBUG org.apache.http.headers  - << Transfer-Encoding: chunked
85335 [main] DEBUG org.apache.http.headers  - << Connection: keep-alive
85335 [main] DEBUG org.apache.http.headers  - << Content-Security-Policy: default-src 'self';base-uri 'self';block-all-mixed-content;font-src 'self' https: data:;frame-ancestors 'self';img-src 'self' data:;object-src 'none';script-src 'self';script-src-attr 'none';style-src 'self' https: 'unsafe-inline';upgrade-insecure-requests
85335 [main] DEBUG org.apache.http.headers  - << X-DNS-Prefetch-Control: off
85335 [main] DEBUG org.apache.http.headers  - << Expect-CT: max-age=0
85335 [main] DEBUG org.apache.http.headers  - << X-Frame-Options: SAMEORIGIN
85335 [main] DEBUG org.apache.http.headers  - << X-Download-Options: noopen
85335 [main] DEBUG org.apache.http.headers  - << X-Content-Type-Options: nosniff
85335 [main] DEBUG org.apache.http.headers  - << X-Permitted-Cross-Domain-Policies: none
85335 [main] DEBUG org.apache.http.headers  - << Referrer-Policy: no-referrer
85335 [main] DEBUG org.apache.http.headers  - << X-XSS-Protection: 0
85335 [main] DEBUG org.apache.http.headers  - << Vary: Origin, Accept-Encoding
85335 [main] DEBUG org.apache.http.headers  - << Access-Control-Allow-Credentials: true
85335 [main] DEBUG org.apache.http.headers  - << Retry-After: 10
85336 [main] DEBUG org.apache.http.headers  - << X-RateLimit-Limit: 80
85336 [main] DEBUG org.apache.http.headers  - << X-RateLimit-Remaining: 79
85336 [main] DEBUG org.apache.http.headers  - << X-RateLimit-Reset: Tue Sep 22 2020 08:55:25 GMT+0000 (Coordinated Universal Time)
85336 [main] DEBUG org.apache.http.headers  - << Access-Control-Allow-Methods: GET, POST, OPTIONS
85336 [main] DEBUG org.apache.http.headers  - << Access-Control-Allow-Headers: DNT,X-CustomHeader,Keep-Alive,User-Agent,X-Requested-With,If-Modified-Since,Cache-Control,Content-Type,Content-Range,Range
85336 [main] DEBUG org.apache.http.headers  - << Access-Control-Expose-Headers: DNT,X-CustomHeader,Keep-Alive,User-Agent,X-Requested-With,If-Modified-Since,Cache-Control,Content-Type,Content-Range,Range
85336 [main] DEBUG org.apache.http.headers  - << Content-Encoding: gzip
85337 [main] DEBUG org.apache.http.impl.client.DefaultHttpClient  - Connection can be kept alive indefinitely
85361 [main] DEBUG io.restassured.internal.RequestSpecificationImpl$RestAssuredHttpBuilder  - Parsing response as: application/json; charset=utf-8
85363 [main] DEBUG org.apache.http.wire  -  << "5d[\r][\n]"
85363 [main] DEBUG org.apache.http.wire  -  << "[0x1f][0x8b][0x8][0x0][0x0][0x0][0x0][0x0][0x0][0x3][0xab]V[0xca]M-.NLOU[0xb2]R[0xf2]IMLQ([0xcf],[0xc9]P([0xc8][0xc8][0xcf]KU[0xc8]+[0xcd]MJ-RP[0xd7][0xb6]4[0xb4]064071[0xb1]47UWHI[0xcd]I-IMQ(.MN[0x6][0xea]M+[0xcd][0xc9][0xa9][0xd4]S[0xaa][0x5][0x0][0x15]{w[0x82]J[0x0][0x0][0x0]"
85363 [main] DEBUG org.apache.http.wire  -  << "[\r][\n]"
85364 [main] DEBUG org.apache.http.wire  -  << "0[\r][\n]"
85364 [main] DEBUG org.apache.http.wire  -  << "[\r][\n]"
85364 [main] DEBUG io.restassured.internal.RequestSpecificationImpl$RestAssuredHttpBuilder  - Parsed data to instance of: class org.apache.http.conn.EofSensorInputStream
85410 [main] DEBUG org.apache.http.impl.conn.BasicClientConnectionManager  - Releasing connection org.apache.http.impl.conn.ManagedClientConnectionImpl@47fbc56
85410 [main] DEBUG org.apache.http.impl.conn.BasicClientConnectionManager  - Connection can be kept alive indefinitely
{
    "message": "Lead with phone number '+918310744975' deleted successfully."
}
{
    "message": "Lead with phone number '+918310744975' deleted successfully."
}]]></system-out>
  </testcase>
  <testcase name="NewUserSignupbookanpayatHospitalAppointmentWithFreeOpinion" classname="com.onco.webtests.NewUserIneedAnOnlineOpinionForCancerTreatmentNewUserOpinionUSPanel" time="357.667"/>
  <testcase name="addResultForTestCase" classname="com.onco.webtests.NewUserIneedAnOnlineOpinionForCancerTreatmentNewUserOpinionUSPanel" time="358.521">
    <failure message="&#10;Can inject only one of &lt;ITestContext, XmlTest&gt; into a @AfterClass annotated addResultForTestCase.&#10;For more information on native dependency injection please refer to http://testng.org/doc/documentation-main.html#native-dependency-injection" type="org.testng.TestNGException"><![CDATA[org.testng.TestNGException: 

Can inject only one of <ITestContext, XmlTest> into a @AfterClass annotated addResultForTestCase.
For more information on native dependency injection please refer to http://testng.org/doc/documentation-main.html#native-dependency-injection
]]></failure>
    <system-out><![CDATA[454321 [main] DEBUG org.apache.http.impl.conn.BasicClientConnectionManager  - Get connection for route {s}->https://backstage.onco.com:443
454321 [main] DEBUG org.apache.http.impl.conn.BasicClientConnectionManager  - Get connection for route {s}->https://backstage.onco.com:443
454421 [main] DEBUG org.apache.http.impl.conn.DefaultClientConnectionOperator  - Connecting to backstage.onco.com:443
454421 [main] DEBUG org.apache.http.impl.conn.DefaultClientConnectionOperator  - Connecting to backstage.onco.com:443
454823 [main] DEBUG org.apache.http.client.protocol.RequestAddCookies  - CookieSpec selected: ignoreCookies
454823 [main] DEBUG org.apache.http.client.protocol.RequestAddCookies  - CookieSpec selected: ignoreCookies
454823 [main] DEBUG org.apache.http.client.protocol.RequestAuthCache  - Auth cache not set in the context
454823 [main] DEBUG org.apache.http.client.protocol.RequestAuthCache  - Auth cache not set in the context
454823 [main] DEBUG org.apache.http.client.protocol.RequestTargetAuthentication  - Target auth state: UNCHALLENGED
454823 [main] DEBUG org.apache.http.client.protocol.RequestTargetAuthentication  - Target auth state: UNCHALLENGED
454823 [main] DEBUG org.apache.http.client.protocol.RequestProxyAuthentication  - Proxy auth state: UNCHALLENGED
454823 [main] DEBUG org.apache.http.client.protocol.RequestProxyAuthentication  - Proxy auth state: UNCHALLENGED
454823 [main] DEBUG org.apache.http.impl.client.DefaultHttpClient  - Attempt 1 to execute request
454823 [main] DEBUG org.apache.http.impl.client.DefaultHttpClient  - Attempt 1 to execute request
454823 [main] DEBUG org.apache.http.impl.conn.DefaultClientConnection  - Sending request: POST /onco-auth/oapi/user-cred/remove-lead HTTP/1.1
454823 [main] DEBUG org.apache.http.impl.conn.DefaultClientConnection  - Sending request: POST /onco-auth/oapi/user-cred/remove-lead HTTP/1.1
454823 [main] DEBUG org.apache.http.wire  -  >> "POST /onco-auth/oapi/user-cred/remove-lead HTTP/1.1[\r][\n]"
454823 [main] DEBUG org.apache.http.wire  -  >> "POST /onco-auth/oapi/user-cred/remove-lead HTTP/1.1[\r][\n]"
454823 [main] DEBUG org.apache.http.wire  -  >> ":  [\r][\n]"
454823 [main] DEBUG org.apache.http.wire  -  >> ":  [\r][\n]"
454823 [main] DEBUG org.apache.http.wire  -  >> "Accept: */*[\r][\n]"
454823 [main] DEBUG org.apache.http.wire  -  >> "Accept: */*[\r][\n]"
454823 [main] DEBUG org.apache.http.wire  -  >> "Content-Type: application/json; charset=UTF-8[\r][\n]"
454823 [main] DEBUG org.apache.http.wire  -  >> "Content-Type: application/json; charset=UTF-8[\r][\n]"
454823 [main] DEBUG org.apache.http.wire  -  >> "Content-Length: 83[\r][\n]"
454823 [main] DEBUG org.apache.http.wire  -  >> "Content-Length: 83[\r][\n]"
454823 [main] DEBUG org.apache.http.wire  -  >> "Host: backstage.onco.com[\r][\n]"
454823 [main] DEBUG org.apache.http.wire  -  >> "Host: backstage.onco.com[\r][\n]"
454823 [main] DEBUG org.apache.http.wire  -  >> "Connection: Keep-Alive[\r][\n]"
454823 [main] DEBUG org.apache.http.wire  -  >> "Connection: Keep-Alive[\r][\n]"
454823 [main] DEBUG org.apache.http.wire  -  >> "User-Agent: Apache-HttpClient/4.5.5 (Java/1.8.0_231)[\r][\n]"
454823 [main] DEBUG org.apache.http.wire  -  >> "User-Agent: Apache-HttpClient/4.5.5 (Java/1.8.0_231)[\r][\n]"
454824 [main] DEBUG org.apache.http.wire  -  >> "Accept-Encoding: gzip,deflate[\r][\n]"
454824 [main] DEBUG org.apache.http.wire  -  >> "Accept-Encoding: gzip,deflate[\r][\n]"
454824 [main] DEBUG org.apache.http.wire  -  >> "[\r][\n]"
454824 [main] DEBUG org.apache.http.wire  -  >> "[\r][\n]"
454824 [main] DEBUG org.apache.http.headers  - >> POST /onco-auth/oapi/user-cred/remove-lead HTTP/1.1
454824 [main] DEBUG org.apache.http.headers  - >> POST /onco-auth/oapi/user-cred/remove-lead HTTP/1.1
454824 [main] DEBUG org.apache.http.headers  - >> :  
454824 [main] DEBUG org.apache.http.headers  - >> :  
454824 [main] DEBUG org.apache.http.headers  - >> Accept: */*
454824 [main] DEBUG org.apache.http.headers  - >> Accept: */*
454824 [main] DEBUG org.apache.http.headers  - >> Content-Type: application/json; charset=UTF-8
454824 [main] DEBUG org.apache.http.headers  - >> Content-Type: application/json; charset=UTF-8
454824 [main] DEBUG org.apache.http.headers  - >> Content-Length: 83
454824 [main] DEBUG org.apache.http.headers  - >> Content-Length: 83
454824 [main] DEBUG org.apache.http.headers  - >> Host: backstage.onco.com
454824 [main] DEBUG org.apache.http.headers  - >> Host: backstage.onco.com
454824 [main] DEBUG org.apache.http.headers  - >> Connection: Keep-Alive
454824 [main] DEBUG org.apache.http.headers  - >> Connection: Keep-Alive
454824 [main] DEBUG org.apache.http.headers  - >> User-Agent: Apache-HttpClient/4.5.5 (Java/1.8.0_231)
454824 [main] DEBUG org.apache.http.headers  - >> User-Agent: Apache-HttpClient/4.5.5 (Java/1.8.0_231)
454824 [main] DEBUG org.apache.http.headers  - >> Accept-Encoding: gzip,deflate
454824 [main] DEBUG org.apache.http.headers  - >> Accept-Encoding: gzip,deflate
454824 [main] DEBUG org.apache.http.wire  -  >> "{[\n]"
454824 [main] DEBUG org.apache.http.wire  -  >> "{[\n]"
454824 [main] DEBUG org.apache.http.wire  -  >> "    "phoneNumber": "+918310744975",[\n]"
454824 [main] DEBUG org.apache.http.wire  -  >> "    "phoneNumber": "+918310744975",[\n]"
454824 [main] DEBUG org.apache.http.wire  -  >> "    "leadDelSecKey": "Eno0nduK!tthakaPPa@1"[\n]"
454824 [main] DEBUG org.apache.http.wire  -  >> "    "leadDelSecKey": "Eno0nduK!tthakaPPa@1"[\n]"
454824 [main] DEBUG org.apache.http.wire  -  >> "}"
454824 [main] DEBUG org.apache.http.wire  -  >> "}"
455031 [main] DEBUG org.apache.http.wire  -  << "HTTP/1.1 200 OK[\r][\n]"
455031 [main] DEBUG org.apache.http.wire  -  << "HTTP/1.1 200 OK[\r][\n]"
455031 [main] DEBUG org.apache.http.wire  -  << "Server: nginx/1.14.0 (Ubuntu)[\r][\n]"
455031 [main] DEBUG org.apache.http.wire  -  << "Server: nginx/1.14.0 (Ubuntu)[\r][\n]"
455031 [main] DEBUG org.apache.http.wire  -  << "Date: Tue, 22 Sep 2020 09:01:25 GMT[\r][\n]"
455031 [main] DEBUG org.apache.http.wire  -  << "Date: Tue, 22 Sep 2020 09:01:25 GMT[\r][\n]"
455031 [main] DEBUG org.apache.http.wire  -  << "Content-Type: application/json; charset=utf-8[\r][\n]"
455031 [main] DEBUG org.apache.http.wire  -  << "Content-Type: application/json; charset=utf-8[\r][\n]"
455032 [main] DEBUG org.apache.http.wire  -  << "Transfer-Encoding: chunked[\r][\n]"
455032 [main] DEBUG org.apache.http.wire  -  << "Transfer-Encoding: chunked[\r][\n]"
455032 [main] DEBUG org.apache.http.wire  -  << "Connection: keep-alive[\r][\n]"
455032 [main] DEBUG org.apache.http.wire  -  << "Connection: keep-alive[\r][\n]"
455032 [main] DEBUG org.apache.http.wire  -  << "Content-Security-Policy: default-src 'self';base-uri 'self';block-all-mixed-content;font-src 'self' https: data:;frame-ancestors 'self';img-src 'self' data:;object-src 'none';script-src 'self';script-src-attr 'none';style-src 'self' https: 'unsafe-inline';upgrade-insecure-requests[\r][\n]"
455032 [main] DEBUG org.apache.http.wire  -  << "Content-Security-Policy: default-src 'self';base-uri 'self';block-all-mixed-content;font-src 'self' https: data:;frame-ancestors 'self';img-src 'self' data:;object-src 'none';script-src 'self';script-src-attr 'none';style-src 'self' https: 'unsafe-inline';upgrade-insecure-requests[\r][\n]"
455032 [main] DEBUG org.apache.http.wire  -  << "X-DNS-Prefetch-Control: off[\r][\n]"
455032 [main] DEBUG org.apache.http.wire  -  << "X-DNS-Prefetch-Control: off[\r][\n]"
455032 [main] DEBUG org.apache.http.wire  -  << "Expect-CT: max-age=0[\r][\n]"
455032 [main] DEBUG org.apache.http.wire  -  << "Expect-CT: max-age=0[\r][\n]"
455032 [main] DEBUG org.apache.http.wire  -  << "X-Frame-Options: SAMEORIGIN[\r][\n]"
455032 [main] DEBUG org.apache.http.wire  -  << "X-Frame-Options: SAMEORIGIN[\r][\n]"
455032 [main] DEBUG org.apache.http.wire  -  << "X-Download-Options: noopen[\r][\n]"
455032 [main] DEBUG org.apache.http.wire  -  << "X-Download-Options: noopen[\r][\n]"
455032 [main] DEBUG org.apache.http.wire  -  << "X-Content-Type-Options: nosniff[\r][\n]"
455032 [main] DEBUG org.apache.http.wire  -  << "X-Content-Type-Options: nosniff[\r][\n]"
455032 [main] DEBUG org.apache.http.wire  -  << "X-Permitted-Cross-Domain-Policies: none[\r][\n]"
455032 [main] DEBUG org.apache.http.wire  -  << "X-Permitted-Cross-Domain-Policies: none[\r][\n]"
455032 [main] DEBUG org.apache.http.wire  -  << "Referrer-Policy: no-referrer[\r][\n]"
455032 [main] DEBUG org.apache.http.wire  -  << "Referrer-Policy: no-referrer[\r][\n]"
455032 [main] DEBUG org.apache.http.wire  -  << "X-XSS-Protection: 0[\r][\n]"
455032 [main] DEBUG org.apache.http.wire  -  << "X-XSS-Protection: 0[\r][\n]"
455032 [main] DEBUG org.apache.http.wire  -  << "Vary: Origin, Accept-Encoding[\r][\n]"
455032 [main] DEBUG org.apache.http.wire  -  << "Vary: Origin, Accept-Encoding[\r][\n]"
455032 [main] DEBUG org.apache.http.wire  -  << "Access-Control-Allow-Credentials: true[\r][\n]"
455032 [main] DEBUG org.apache.http.wire  -  << "Access-Control-Allow-Credentials: true[\r][\n]"
455032 [main] DEBUG org.apache.http.wire  -  << "Retry-After: 10[\r][\n]"
455032 [main] DEBUG org.apache.http.wire  -  << "Retry-After: 10[\r][\n]"
455032 [main] DEBUG org.apache.http.wire  -  << "X-RateLimit-Limit: 80[\r][\n]"
455032 [main] DEBUG org.apache.http.wire  -  << "X-RateLimit-Limit: 80[\r][\n]"
455032 [main] DEBUG org.apache.http.wire  -  << "X-RateLimit-Remaining: 79[\r][\n]"
455032 [main] DEBUG org.apache.http.wire  -  << "X-RateLimit-Remaining: 79[\r][\n]"
455032 [main] DEBUG org.apache.http.wire  -  << "X-RateLimit-Reset: Tue Sep 22 2020 09:01:35 GMT+0000 (Coordinated Universal Time)[\r][\n]"
455032 [main] DEBUG org.apache.http.wire  -  << "X-RateLimit-Reset: Tue Sep 22 2020 09:01:35 GMT+0000 (Coordinated Universal Time)[\r][\n]"
455032 [main] DEBUG org.apache.http.wire  -  << "Access-Control-Allow-Methods: GET, POST, OPTIONS[\r][\n]"
455032 [main] DEBUG org.apache.http.wire  -  << "Access-Control-Allow-Methods: GET, POST, OPTIONS[\r][\n]"
455032 [main] DEBUG org.apache.http.wire  -  << "Access-Control-Allow-Headers: DNT,X-CustomHeader,Keep-Alive,User-Agent,X-Requested-With,If-Modified-Since,Cache-Control,Content-Type,Content-Range,Range[\r][\n]"
455032 [main] DEBUG org.apache.http.wire  -  << "Access-Control-Allow-Headers: DNT,X-CustomHeader,Keep-Alive,User-Agent,X-Requested-With,If-Modified-Since,Cache-Control,Content-Type,Content-Range,Range[\r][\n]"
455032 [main] DEBUG org.apache.http.wire  -  << "Access-Control-Expose-Headers: DNT,X-CustomHeader,Keep-Alive,User-Agent,X-Requested-With,If-Modified-Since,Cache-Control,Content-Type,Content-Range,Range[\r][\n]"
455032 [main] DEBUG org.apache.http.wire  -  << "Access-Control-Expose-Headers: DNT,X-CustomHeader,Keep-Alive,User-Agent,X-Requested-With,If-Modified-Since,Cache-Control,Content-Type,Content-Range,Range[\r][\n]"
455032 [main] DEBUG org.apache.http.wire  -  << "Content-Encoding: gzip[\r][\n]"
455032 [main] DEBUG org.apache.http.wire  -  << "Content-Encoding: gzip[\r][\n]"
455032 [main] DEBUG org.apache.http.wire  -  << "[\r][\n]"
455032 [main] DEBUG org.apache.http.wire  -  << "[\r][\n]"
455033 [main] DEBUG org.apache.http.impl.conn.DefaultClientConnection  - Receiving response: HTTP/1.1 200 OK
455033 [main] DEBUG org.apache.http.impl.conn.DefaultClientConnection  - Receiving response: HTTP/1.1 200 OK
455033 [main] DEBUG org.apache.http.headers  - << HTTP/1.1 200 OK
455033 [main] DEBUG org.apache.http.headers  - << HTTP/1.1 200 OK
455033 [main] DEBUG org.apache.http.headers  - << Server: nginx/1.14.0 (Ubuntu)
455033 [main] DEBUG org.apache.http.headers  - << Server: nginx/1.14.0 (Ubuntu)
455033 [main] DEBUG org.apache.http.headers  - << Date: Tue, 22 Sep 2020 09:01:25 GMT
455033 [main] DEBUG org.apache.http.headers  - << Date: Tue, 22 Sep 2020 09:01:25 GMT
455033 [main] DEBUG org.apache.http.headers  - << Content-Type: application/json; charset=utf-8
455033 [main] DEBUG org.apache.http.headers  - << Content-Type: application/json; charset=utf-8
455033 [main] DEBUG org.apache.http.headers  - << Transfer-Encoding: chunked
455033 [main] DEBUG org.apache.http.headers  - << Transfer-Encoding: chunked
455033 [main] DEBUG org.apache.http.headers  - << Connection: keep-alive
455033 [main] DEBUG org.apache.http.headers  - << Connection: keep-alive
455033 [main] DEBUG org.apache.http.headers  - << Content-Security-Policy: default-src 'self';base-uri 'self';block-all-mixed-content;font-src 'self' https: data:;frame-ancestors 'self';img-src 'self' data:;object-src 'none';script-src 'self';script-src-attr 'none';style-src 'self' https: 'unsafe-inline';upgrade-insecure-requests
455033 [main] DEBUG org.apache.http.headers  - << Content-Security-Policy: default-src 'self';base-uri 'self';block-all-mixed-content;font-src 'self' https: data:;frame-ancestors 'self';img-src 'self' data:;object-src 'none';script-src 'self';script-src-attr 'none';style-src 'self' https: 'unsafe-inline';upgrade-insecure-requests
455033 [main] DEBUG org.apache.http.headers  - << X-DNS-Prefetch-Control: off
455033 [main] DEBUG org.apache.http.headers  - << X-DNS-Prefetch-Control: off
455033 [main] DEBUG org.apache.http.headers  - << Expect-CT: max-age=0
455033 [main] DEBUG org.apache.http.headers  - << Expect-CT: max-age=0
455033 [main] DEBUG org.apache.http.headers  - << X-Frame-Options: SAMEORIGIN
455033 [main] DEBUG org.apache.http.headers  - << X-Frame-Options: SAMEORIGIN
455033 [main] DEBUG org.apache.http.headers  - << X-Download-Options: noopen
455033 [main] DEBUG org.apache.http.headers  - << X-Download-Options: noopen
455033 [main] DEBUG org.apache.http.headers  - << X-Content-Type-Options: nosniff
455033 [main] DEBUG org.apache.http.headers  - << X-Content-Type-Options: nosniff
455033 [main] DEBUG org.apache.http.headers  - << X-Permitted-Cross-Domain-Policies: none
455033 [main] DEBUG org.apache.http.headers  - << X-Permitted-Cross-Domain-Policies: none
455033 [main] DEBUG org.apache.http.headers  - << Referrer-Policy: no-referrer
455033 [main] DEBUG org.apache.http.headers  - << Referrer-Policy: no-referrer
455033 [main] DEBUG org.apache.http.headers  - << X-XSS-Protection: 0
455033 [main] DEBUG org.apache.http.headers  - << X-XSS-Protection: 0
455033 [main] DEBUG org.apache.http.headers  - << Vary: Origin, Accept-Encoding
455033 [main] DEBUG org.apache.http.headers  - << Vary: Origin, Accept-Encoding
455033 [main] DEBUG org.apache.http.headers  - << Access-Control-Allow-Credentials: true
455033 [main] DEBUG org.apache.http.headers  - << Access-Control-Allow-Credentials: true
455033 [main] DEBUG org.apache.http.headers  - << Retry-After: 10
455033 [main] DEBUG org.apache.http.headers  - << Retry-After: 10
455033 [main] DEBUG org.apache.http.headers  - << X-RateLimit-Limit: 80
455033 [main] DEBUG org.apache.http.headers  - << X-RateLimit-Limit: 80
455033 [main] DEBUG org.apache.http.headers  - << X-RateLimit-Remaining: 79
455033 [main] DEBUG org.apache.http.headers  - << X-RateLimit-Remaining: 79
455033 [main] DEBUG org.apache.http.headers  - << X-RateLimit-Reset: Tue Sep 22 2020 09:01:35 GMT+0000 (Coordinated Universal Time)
455033 [main] DEBUG org.apache.http.headers  - << X-RateLimit-Reset: Tue Sep 22 2020 09:01:35 GMT+0000 (Coordinated Universal Time)
455033 [main] DEBUG org.apache.http.headers  - << Access-Control-Allow-Methods: GET, POST, OPTIONS
455033 [main] DEBUG org.apache.http.headers  - << Access-Control-Allow-Methods: GET, POST, OPTIONS
455033 [main] DEBUG org.apache.http.headers  - << Access-Control-Allow-Headers: DNT,X-CustomHeader,Keep-Alive,User-Agent,X-Requested-With,If-Modified-Since,Cache-Control,Content-Type,Content-Range,Range
455033 [main] DEBUG org.apache.http.headers  - << Access-Control-Allow-Headers: DNT,X-CustomHeader,Keep-Alive,User-Agent,X-Requested-With,If-Modified-Since,Cache-Control,Content-Type,Content-Range,Range
455033 [main] DEBUG org.apache.http.headers  - << Access-Control-Expose-Headers: DNT,X-CustomHeader,Keep-Alive,User-Agent,X-Requested-With,If-Modified-Since,Cache-Control,Content-Type,Content-Range,Range
455033 [main] DEBUG org.apache.http.headers  - << Access-Control-Expose-Headers: DNT,X-CustomHeader,Keep-Alive,User-Agent,X-Requested-With,If-Modified-Since,Cache-Control,Content-Type,Content-Range,Range
455033 [main] DEBUG org.apache.http.headers  - << Content-Encoding: gzip
455033 [main] DEBUG org.apache.http.headers  - << Content-Encoding: gzip
455033 [main] DEBUG org.apache.http.impl.client.DefaultHttpClient  - Connection can be kept alive indefinitely
455033 [main] DEBUG org.apache.http.impl.client.DefaultHttpClient  - Connection can be kept alive indefinitely
455034 [main] DEBUG io.restassured.internal.RequestSpecificationImpl$RestAssuredHttpBuilder  - Parsing response as: application/json; charset=utf-8
455034 [main] DEBUG io.restassured.internal.RequestSpecificationImpl$RestAssuredHttpBuilder  - Parsing response as: application/json; charset=utf-8
455034 [main] DEBUG org.apache.http.wire  -  << "5d[\r][\n]"
455034 [main] DEBUG org.apache.http.wire  -  << "5d[\r][\n]"
455034 [main] DEBUG org.apache.http.wire  -  << "[0x1f][0x8b][0x8][0x0][0x0][0x0][0x0][0x0][0x0][0x3][0xab]V[0xca]M-.NLOU[0xb2]R[0xf2]IMLQ([0xcf],[0xc9]P([0xc8][0xc8][0xcf]KU[0xc8]+[0xcd]MJ-RP[0xd7][0xb6]4[0xb4]064071[0xb1]47UWHI[0xcd]I-IMQ(.MN[0x6][0xea]M+[0xcd][0xc9][0xa9][0xd4]S[0xaa][0x5][0x0][0x15]{w[0x82]J[0x0][0x0][0x0]"
455034 [main] DEBUG org.apache.http.wire  -  << "[0x1f][0x8b][0x8][0x0][0x0][0x0][0x0][0x0][0x0][0x3][0xab]V[0xca]M-.NLOU[0xb2]R[0xf2]IMLQ([0xcf],[0xc9]P([0xc8][0xc8][0xcf]KU[0xc8]+[0xcd]MJ-RP[0xd7][0xb6]4[0xb4]064071[0xb1]47UWHI[0xcd]I-IMQ(.MN[0x6][0xea]M+[0xcd][0xc9][0xa9][0xd4]S[0xaa][0x5][0x0][0x15]{w[0x82]J[0x0][0x0][0x0]"
455034 [main] DEBUG org.apache.http.wire  -  << "[\r][\n]"
455034 [main] DEBUG org.apache.http.wire  -  << "[\r][\n]"
455034 [main] DEBUG org.apache.http.wire  -  << "0[\r][\n]"
455034 [main] DEBUG org.apache.http.wire  -  << "0[\r][\n]"
455034 [main] DEBUG org.apache.http.wire  -  << "[\r][\n]"
455034 [main] DEBUG org.apache.http.wire  -  << "[\r][\n]"
455034 [main] DEBUG io.restassured.internal.RequestSpecificationImpl$RestAssuredHttpBuilder  - Parsed data to instance of: class org.apache.http.conn.EofSensorInputStream
455034 [main] DEBUG io.restassured.internal.RequestSpecificationImpl$RestAssuredHttpBuilder  - Parsed data to instance of: class org.apache.http.conn.EofSensorInputStream
455035 [main] DEBUG org.apache.http.impl.conn.BasicClientConnectionManager  - Releasing connection org.apache.http.impl.conn.ManagedClientConnectionImpl@7e72a6cc
455035 [main] DEBUG org.apache.http.impl.conn.BasicClientConnectionManager  - Releasing connection org.apache.http.impl.conn.ManagedClientConnectionImpl@7e72a6cc
455035 [main] DEBUG org.apache.http.impl.conn.BasicClientConnectionManager  - Connection can be kept alive indefinitely
455035 [main] DEBUG org.apache.http.impl.conn.BasicClientConnectionManager  - Connection can be kept alive indefinitely
{
    "message": "Lead with phone number '+918310744975' deleted successfully."
}
{
    "message": "Lead with phone number '+918310744975' deleted successfully."
}]]></system-out>
  </testcase>
  <testcase name="NewUserSignupbookanpayatHospitalAppointmentWithFreeOpinion" classname="com.onco.webtests.NewUserINeedToBookADiagnosticTest" time="160.321"/>
  <testcase name="addResultForTestCase" classname="com.onco.webtests.NewUserINeedToBookADiagnosticTest" time="161.103">
    <failure message="&#10;Can inject only one of &lt;ITestContext, XmlTest&gt; into a @AfterClass annotated addResultForTestCase.&#10;For more information on native dependency injection please refer to http://testng.org/doc/documentation-main.html#native-dependency-injection" type="org.testng.TestNGException"><![CDATA[org.testng.TestNGException: 

Can inject only one of <ITestContext, XmlTest> into a @AfterClass annotated addResultForTestCase.
For more information on native dependency injection please refer to http://testng.org/doc/documentation-main.html#native-dependency-injection
]]></failure>
    <system-out><![CDATA[626899 [main] DEBUG org.apache.http.impl.conn.BasicClientConnectionManager  - Get connection for route {s}->https://backstage.onco.com:443
626899 [main] DEBUG org.apache.http.impl.conn.BasicClientConnectionManager  - Get connection for route {s}->https://backstage.onco.com:443
626899 [main] DEBUG org.apache.http.impl.conn.BasicClientConnectionManager  - Get connection for route {s}->https://backstage.onco.com:443
626903 [main] DEBUG org.apache.http.impl.conn.DefaultClientConnectionOperator  - Connecting to backstage.onco.com:443
626903 [main] DEBUG org.apache.http.impl.conn.DefaultClientConnectionOperator  - Connecting to backstage.onco.com:443
626903 [main] DEBUG org.apache.http.impl.conn.DefaultClientConnectionOperator  - Connecting to backstage.onco.com:443
627310 [main] DEBUG org.apache.http.client.protocol.RequestAddCookies  - CookieSpec selected: ignoreCookies
627310 [main] DEBUG org.apache.http.client.protocol.RequestAddCookies  - CookieSpec selected: ignoreCookies
627310 [main] DEBUG org.apache.http.client.protocol.RequestAddCookies  - CookieSpec selected: ignoreCookies
627310 [main] DEBUG org.apache.http.client.protocol.RequestAuthCache  - Auth cache not set in the context
627310 [main] DEBUG org.apache.http.client.protocol.RequestAuthCache  - Auth cache not set in the context
627310 [main] DEBUG org.apache.http.client.protocol.RequestAuthCache  - Auth cache not set in the context
627310 [main] DEBUG org.apache.http.client.protocol.RequestTargetAuthentication  - Target auth state: UNCHALLENGED
627310 [main] DEBUG org.apache.http.client.protocol.RequestTargetAuthentication  - Target auth state: UNCHALLENGED
627310 [main] DEBUG org.apache.http.client.protocol.RequestTargetAuthentication  - Target auth state: UNCHALLENGED
627310 [main] DEBUG org.apache.http.client.protocol.RequestProxyAuthentication  - Proxy auth state: UNCHALLENGED
627310 [main] DEBUG org.apache.http.client.protocol.RequestProxyAuthentication  - Proxy auth state: UNCHALLENGED
627310 [main] DEBUG org.apache.http.client.protocol.RequestProxyAuthentication  - Proxy auth state: UNCHALLENGED
627310 [main] DEBUG org.apache.http.impl.client.DefaultHttpClient  - Attempt 1 to execute request
627310 [main] DEBUG org.apache.http.impl.client.DefaultHttpClient  - Attempt 1 to execute request
627310 [main] DEBUG org.apache.http.impl.client.DefaultHttpClient  - Attempt 1 to execute request
627310 [main] DEBUG org.apache.http.impl.conn.DefaultClientConnection  - Sending request: POST /onco-auth/oapi/user-cred/remove-lead HTTP/1.1
627310 [main] DEBUG org.apache.http.impl.conn.DefaultClientConnection  - Sending request: POST /onco-auth/oapi/user-cred/remove-lead HTTP/1.1
627310 [main] DEBUG org.apache.http.impl.conn.DefaultClientConnection  - Sending request: POST /onco-auth/oapi/user-cred/remove-lead HTTP/1.1
627310 [main] DEBUG org.apache.http.wire  -  >> "POST /onco-auth/oapi/user-cred/remove-lead HTTP/1.1[\r][\n]"
627310 [main] DEBUG org.apache.http.wire  -  >> "POST /onco-auth/oapi/user-cred/remove-lead HTTP/1.1[\r][\n]"
627310 [main] DEBUG org.apache.http.wire  -  >> "POST /onco-auth/oapi/user-cred/remove-lead HTTP/1.1[\r][\n]"
627310 [main] DEBUG org.apache.http.wire  -  >> ":  [\r][\n]"
627310 [main] DEBUG org.apache.http.wire  -  >> ":  [\r][\n]"
627310 [main] DEBUG org.apache.http.wire  -  >> ":  [\r][\n]"
627310 [main] DEBUG org.apache.http.wire  -  >> "Accept: */*[\r][\n]"
627310 [main] DEBUG org.apache.http.wire  -  >> "Accept: */*[\r][\n]"
627310 [main] DEBUG org.apache.http.wire  -  >> "Accept: */*[\r][\n]"
627310 [main] DEBUG org.apache.http.wire  -  >> "Content-Type: application/json; charset=UTF-8[\r][\n]"
627310 [main] DEBUG org.apache.http.wire  -  >> "Content-Type: application/json; charset=UTF-8[\r][\n]"
627310 [main] DEBUG org.apache.http.wire  -  >> "Content-Type: application/json; charset=UTF-8[\r][\n]"
627310 [main] DEBUG org.apache.http.wire  -  >> "Content-Length: 83[\r][\n]"
627310 [main] DEBUG org.apache.http.wire  -  >> "Content-Length: 83[\r][\n]"
627310 [main] DEBUG org.apache.http.wire  -  >> "Content-Length: 83[\r][\n]"
627310 [main] DEBUG org.apache.http.wire  -  >> "Host: backstage.onco.com[\r][\n]"
627310 [main] DEBUG org.apache.http.wire  -  >> "Host: backstage.onco.com[\r][\n]"
627310 [main] DEBUG org.apache.http.wire  -  >> "Host: backstage.onco.com[\r][\n]"
627310 [main] DEBUG org.apache.http.wire  -  >> "Connection: Keep-Alive[\r][\n]"
627310 [main] DEBUG org.apache.http.wire  -  >> "Connection: Keep-Alive[\r][\n]"
627310 [main] DEBUG org.apache.http.wire  -  >> "Connection: Keep-Alive[\r][\n]"
627311 [main] DEBUG org.apache.http.wire  -  >> "User-Agent: Apache-HttpClient/4.5.5 (Java/1.8.0_231)[\r][\n]"
627311 [main] DEBUG org.apache.http.wire  -  >> "User-Agent: Apache-HttpClient/4.5.5 (Java/1.8.0_231)[\r][\n]"
627311 [main] DEBUG org.apache.http.wire  -  >> "User-Agent: Apache-HttpClient/4.5.5 (Java/1.8.0_231)[\r][\n]"
627311 [main] DEBUG org.apache.http.wire  -  >> "Accept-Encoding: gzip,deflate[\r][\n]"
627311 [main] DEBUG org.apache.http.wire  -  >> "Accept-Encoding: gzip,deflate[\r][\n]"
627311 [main] DEBUG org.apache.http.wire  -  >> "Accept-Encoding: gzip,deflate[\r][\n]"
627311 [main] DEBUG org.apache.http.wire  -  >> "[\r][\n]"
627311 [main] DEBUG org.apache.http.wire  -  >> "[\r][\n]"
627311 [main] DEBUG org.apache.http.wire  -  >> "[\r][\n]"
627311 [main] DEBUG org.apache.http.headers  - >> POST /onco-auth/oapi/user-cred/remove-lead HTTP/1.1
627311 [main] DEBUG org.apache.http.headers  - >> POST /onco-auth/oapi/user-cred/remove-lead HTTP/1.1
627311 [main] DEBUG org.apache.http.headers  - >> POST /onco-auth/oapi/user-cred/remove-lead HTTP/1.1
627311 [main] DEBUG org.apache.http.headers  - >> :  
627311 [main] DEBUG org.apache.http.headers  - >> :  
627311 [main] DEBUG org.apache.http.headers  - >> :  
627311 [main] DEBUG org.apache.http.headers  - >> Accept: */*
627311 [main] DEBUG org.apache.http.headers  - >> Accept: */*
627311 [main] DEBUG org.apache.http.headers  - >> Accept: */*
627311 [main] DEBUG org.apache.http.headers  - >> Content-Type: application/json; charset=UTF-8
627311 [main] DEBUG org.apache.http.headers  - >> Content-Type: application/json; charset=UTF-8
627311 [main] DEBUG org.apache.http.headers  - >> Content-Type: application/json; charset=UTF-8
627311 [main] DEBUG org.apache.http.headers  - >> Content-Length: 83
627311 [main] DEBUG org.apache.http.headers  - >> Content-Length: 83
627311 [main] DEBUG org.apache.http.headers  - >> Content-Length: 83
627311 [main] DEBUG org.apache.http.headers  - >> Host: backstage.onco.com
627311 [main] DEBUG org.apache.http.headers  - >> Host: backstage.onco.com
627311 [main] DEBUG org.apache.http.headers  - >> Host: backstage.onco.com
627311 [main] DEBUG org.apache.http.headers  - >> Connection: Keep-Alive
627311 [main] DEBUG org.apache.http.headers  - >> Connection: Keep-Alive
627311 [main] DEBUG org.apache.http.headers  - >> Connection: Keep-Alive
627311 [main] DEBUG org.apache.http.headers  - >> User-Agent: Apache-HttpClient/4.5.5 (Java/1.8.0_231)
627311 [main] DEBUG org.apache.http.headers  - >> User-Agent: Apache-HttpClient/4.5.5 (Java/1.8.0_231)
627311 [main] DEBUG org.apache.http.headers  - >> User-Agent: Apache-HttpClient/4.5.5 (Java/1.8.0_231)
627311 [main] DEBUG org.apache.http.headers  - >> Accept-Encoding: gzip,deflate
627311 [main] DEBUG org.apache.http.headers  - >> Accept-Encoding: gzip,deflate
627311 [main] DEBUG org.apache.http.headers  - >> Accept-Encoding: gzip,deflate
627311 [main] DEBUG org.apache.http.wire  -  >> "{[\n]"
627311 [main] DEBUG org.apache.http.wire  -  >> "{[\n]"
627311 [main] DEBUG org.apache.http.wire  -  >> "{[\n]"
627311 [main] DEBUG org.apache.http.wire  -  >> "    "phoneNumber": "+918310744975",[\n]"
627311 [main] DEBUG org.apache.http.wire  -  >> "    "phoneNumber": "+918310744975",[\n]"
627311 [main] DEBUG org.apache.http.wire  -  >> "    "phoneNumber": "+918310744975",[\n]"
627311 [main] DEBUG org.apache.http.wire  -  >> "    "leadDelSecKey": "Eno0nduK!tthakaPPa@1"[\n]"
627311 [main] DEBUG org.apache.http.wire  -  >> "    "leadDelSecKey": "Eno0nduK!tthakaPPa@1"[\n]"
627311 [main] DEBUG org.apache.http.wire  -  >> "    "leadDelSecKey": "Eno0nduK!tthakaPPa@1"[\n]"
627311 [main] DEBUG org.apache.http.wire  -  >> "}"
627311 [main] DEBUG org.apache.http.wire  -  >> "}"
627311 [main] DEBUG org.apache.http.wire  -  >> "}"
627538 [main] DEBUG org.apache.http.wire  -  << "HTTP/1.1 200 OK[\r][\n]"
627538 [main] DEBUG org.apache.http.wire  -  << "HTTP/1.1 200 OK[\r][\n]"
627538 [main] DEBUG org.apache.http.wire  -  << "HTTP/1.1 200 OK[\r][\n]"
627538 [main] DEBUG org.apache.http.wire  -  << "Server: nginx/1.14.0 (Ubuntu)[\r][\n]"
627538 [main] DEBUG org.apache.http.wire  -  << "Server: nginx/1.14.0 (Ubuntu)[\r][\n]"
627538 [main] DEBUG org.apache.http.wire  -  << "Server: nginx/1.14.0 (Ubuntu)[\r][\n]"
627538 [main] DEBUG org.apache.http.wire  -  << "Date: Tue, 22 Sep 2020 09:04:18 GMT[\r][\n]"
627538 [main] DEBUG org.apache.http.wire  -  << "Date: Tue, 22 Sep 2020 09:04:18 GMT[\r][\n]"
627538 [main] DEBUG org.apache.http.wire  -  << "Date: Tue, 22 Sep 2020 09:04:18 GMT[\r][\n]"
627538 [main] DEBUG org.apache.http.wire  -  << "Content-Type: application/json; charset=utf-8[\r][\n]"
627538 [main] DEBUG org.apache.http.wire  -  << "Content-Type: application/json; charset=utf-8[\r][\n]"
627538 [main] DEBUG org.apache.http.wire  -  << "Content-Type: application/json; charset=utf-8[\r][\n]"
627538 [main] DEBUG org.apache.http.wire  -  << "Transfer-Encoding: chunked[\r][\n]"
627538 [main] DEBUG org.apache.http.wire  -  << "Transfer-Encoding: chunked[\r][\n]"
627538 [main] DEBUG org.apache.http.wire  -  << "Transfer-Encoding: chunked[\r][\n]"
627538 [main] DEBUG org.apache.http.wire  -  << "Connection: keep-alive[\r][\n]"
627538 [main] DEBUG org.apache.http.wire  -  << "Connection: keep-alive[\r][\n]"
627538 [main] DEBUG org.apache.http.wire  -  << "Connection: keep-alive[\r][\n]"
627539 [main] DEBUG org.apache.http.wire  -  << "Content-Security-Policy: default-src 'self';base-uri 'self';block-all-mixed-content;font-src 'self' https: data:;frame-ancestors 'self';img-src 'self' data:;object-src 'none';script-src 'self';script-src-attr 'none';style-src 'self' https: 'unsafe-inline';upgrade-insecure-requests[\r][\n]"
627539 [main] DEBUG org.apache.http.wire  -  << "Content-Security-Policy: default-src 'self';base-uri 'self';block-all-mixed-content;font-src 'self' https: data:;frame-ancestors 'self';img-src 'self' data:;object-src 'none';script-src 'self';script-src-attr 'none';style-src 'self' https: 'unsafe-inline';upgrade-insecure-requests[\r][\n]"
627539 [main] DEBUG org.apache.http.wire  -  << "Content-Security-Policy: default-src 'self';base-uri 'self';block-all-mixed-content;font-src 'self' https: data:;frame-ancestors 'self';img-src 'self' data:;object-src 'none';script-src 'self';script-src-attr 'none';style-src 'self' https: 'unsafe-inline';upgrade-insecure-requests[\r][\n]"
627539 [main] DEBUG org.apache.http.wire  -  << "X-DNS-Prefetch-Control: off[\r][\n]"
627539 [main] DEBUG org.apache.http.wire  -  << "X-DNS-Prefetch-Control: off[\r][\n]"
627539 [main] DEBUG org.apache.http.wire  -  << "X-DNS-Prefetch-Control: off[\r][\n]"
627539 [main] DEBUG org.apache.http.wire  -  << "Expect-CT: max-age=0[\r][\n]"
627539 [main] DEBUG org.apache.http.wire  -  << "Expect-CT: max-age=0[\r][\n]"
627539 [main] DEBUG org.apache.http.wire  -  << "Expect-CT: max-age=0[\r][\n]"
627539 [main] DEBUG org.apache.http.wire  -  << "X-Frame-Options: SAMEORIGIN[\r][\n]"
627539 [main] DEBUG org.apache.http.wire  -  << "X-Frame-Options: SAMEORIGIN[\r][\n]"
627539 [main] DEBUG org.apache.http.wire  -  << "X-Frame-Options: SAMEORIGIN[\r][\n]"
627539 [main] DEBUG org.apache.http.wire  -  << "X-Download-Options: noopen[\r][\n]"
627539 [main] DEBUG org.apache.http.wire  -  << "X-Download-Options: noopen[\r][\n]"
627539 [main] DEBUG org.apache.http.wire  -  << "X-Download-Options: noopen[\r][\n]"
627539 [main] DEBUG org.apache.http.wire  -  << "X-Content-Type-Options: nosniff[\r][\n]"
627539 [main] DEBUG org.apache.http.wire  -  << "X-Content-Type-Options: nosniff[\r][\n]"
627539 [main] DEBUG org.apache.http.wire  -  << "X-Content-Type-Options: nosniff[\r][\n]"
627539 [main] DEBUG org.apache.http.wire  -  << "X-Permitted-Cross-Domain-Policies: none[\r][\n]"
627539 [main] DEBUG org.apache.http.wire  -  << "X-Permitted-Cross-Domain-Policies: none[\r][\n]"
627539 [main] DEBUG org.apache.http.wire  -  << "X-Permitted-Cross-Domain-Policies: none[\r][\n]"
627539 [main] DEBUG org.apache.http.wire  -  << "Referrer-Policy: no-referrer[\r][\n]"
627539 [main] DEBUG org.apache.http.wire  -  << "Referrer-Policy: no-referrer[\r][\n]"
627539 [main] DEBUG org.apache.http.wire  -  << "Referrer-Policy: no-referrer[\r][\n]"
627539 [main] DEBUG org.apache.http.wire  -  << "X-XSS-Protection: 0[\r][\n]"
627539 [main] DEBUG org.apache.http.wire  -  << "X-XSS-Protection: 0[\r][\n]"
627539 [main] DEBUG org.apache.http.wire  -  << "X-XSS-Protection: 0[\r][\n]"
627539 [main] DEBUG org.apache.http.wire  -  << "Vary: Origin, Accept-Encoding[\r][\n]"
627539 [main] DEBUG org.apache.http.wire  -  << "Vary: Origin, Accept-Encoding[\r][\n]"
627539 [main] DEBUG org.apache.http.wire  -  << "Vary: Origin, Accept-Encoding[\r][\n]"
627539 [main] DEBUG org.apache.http.wire  -  << "Access-Control-Allow-Credentials: true[\r][\n]"
627539 [main] DEBUG org.apache.http.wire  -  << "Access-Control-Allow-Credentials: true[\r][\n]"
627539 [main] DEBUG org.apache.http.wire  -  << "Access-Control-Allow-Credentials: true[\r][\n]"
627539 [main] DEBUG org.apache.http.wire  -  << "Retry-After: 10[\r][\n]"
627539 [main] DEBUG org.apache.http.wire  -  << "Retry-After: 10[\r][\n]"
627539 [main] DEBUG org.apache.http.wire  -  << "Retry-After: 10[\r][\n]"
627539 [main] DEBUG org.apache.http.wire  -  << "X-RateLimit-Limit: 80[\r][\n]"
627539 [main] DEBUG org.apache.http.wire  -  << "X-RateLimit-Limit: 80[\r][\n]"
627539 [main] DEBUG org.apache.http.wire  -  << "X-RateLimit-Limit: 80[\r][\n]"
627539 [main] DEBUG org.apache.http.wire  -  << "X-RateLimit-Remaining: 79[\r][\n]"
627539 [main] DEBUG org.apache.http.wire  -  << "X-RateLimit-Remaining: 79[\r][\n]"
627539 [main] DEBUG org.apache.http.wire  -  << "X-RateLimit-Remaining: 79[\r][\n]"
627539 [main] DEBUG org.apache.http.wire  -  << "X-RateLimit-Reset: Tue Sep 22 2020 09:04:27 GMT+0000 (Coordinated Universal Time)[\r][\n]"
627539 [main] DEBUG org.apache.http.wire  -  << "X-RateLimit-Reset: Tue Sep 22 2020 09:04:27 GMT+0000 (Coordinated Universal Time)[\r][\n]"
627539 [main] DEBUG org.apache.http.wire  -  << "X-RateLimit-Reset: Tue Sep 22 2020 09:04:27 GMT+0000 (Coordinated Universal Time)[\r][\n]"
627539 [main] DEBUG org.apache.http.wire  -  << "Access-Control-Allow-Methods: GET, POST, OPTIONS[\r][\n]"
627539 [main] DEBUG org.apache.http.wire  -  << "Access-Control-Allow-Methods: GET, POST, OPTIONS[\r][\n]"
627539 [main] DEBUG org.apache.http.wire  -  << "Access-Control-Allow-Methods: GET, POST, OPTIONS[\r][\n]"
627539 [main] DEBUG org.apache.http.wire  -  << "Access-Control-Allow-Headers: DNT,X-CustomHeader,Keep-Alive,User-Agent,X-Requested-With,If-Modified-Since,Cache-Control,Content-Type,Content-Range,Range[\r][\n]"
627539 [main] DEBUG org.apache.http.wire  -  << "Access-Control-Allow-Headers: DNT,X-CustomHeader,Keep-Alive,User-Agent,X-Requested-With,If-Modified-Since,Cache-Control,Content-Type,Content-Range,Range[\r][\n]"
627539 [main] DEBUG org.apache.http.wire  -  << "Access-Control-Allow-Headers: DNT,X-CustomHeader,Keep-Alive,User-Agent,X-Requested-With,If-Modified-Since,Cache-Control,Content-Type,Content-Range,Range[\r][\n]"
627539 [main] DEBUG org.apache.http.wire  -  << "Access-Control-Expose-Headers: DNT,X-CustomHeader,Keep-Alive,User-Agent,X-Requested-With,If-Modified-Since,Cache-Control,Content-Type,Content-Range,Range[\r][\n]"
627539 [main] DEBUG org.apache.http.wire  -  << "Access-Control-Expose-Headers: DNT,X-CustomHeader,Keep-Alive,User-Agent,X-Requested-With,If-Modified-Since,Cache-Control,Content-Type,Content-Range,Range[\r][\n]"
627539 [main] DEBUG org.apache.http.wire  -  << "Access-Control-Expose-Headers: DNT,X-CustomHeader,Keep-Alive,User-Agent,X-Requested-With,If-Modified-Since,Cache-Control,Content-Type,Content-Range,Range[\r][\n]"
627540 [main] DEBUG org.apache.http.wire  -  << "Content-Encoding: gzip[\r][\n]"
627540 [main] DEBUG org.apache.http.wire  -  << "Content-Encoding: gzip[\r][\n]"
627540 [main] DEBUG org.apache.http.wire  -  << "Content-Encoding: gzip[\r][\n]"
627540 [main] DEBUG org.apache.http.wire  -  << "[\r][\n]"
627540 [main] DEBUG org.apache.http.wire  -  << "[\r][\n]"
627540 [main] DEBUG org.apache.http.wire  -  << "[\r][\n]"
627540 [main] DEBUG org.apache.http.impl.conn.DefaultClientConnection  - Receiving response: HTTP/1.1 200 OK
627540 [main] DEBUG org.apache.http.impl.conn.DefaultClientConnection  - Receiving response: HTTP/1.1 200 OK
627540 [main] DEBUG org.apache.http.impl.conn.DefaultClientConnection  - Receiving response: HTTP/1.1 200 OK
627540 [main] DEBUG org.apache.http.headers  - << HTTP/1.1 200 OK
627540 [main] DEBUG org.apache.http.headers  - << HTTP/1.1 200 OK
627540 [main] DEBUG org.apache.http.headers  - << HTTP/1.1 200 OK
627540 [main] DEBUG org.apache.http.headers  - << Server: nginx/1.14.0 (Ubuntu)
627540 [main] DEBUG org.apache.http.headers  - << Server: nginx/1.14.0 (Ubuntu)
627540 [main] DEBUG org.apache.http.headers  - << Server: nginx/1.14.0 (Ubuntu)
627540 [main] DEBUG org.apache.http.headers  - << Date: Tue, 22 Sep 2020 09:04:18 GMT
627540 [main] DEBUG org.apache.http.headers  - << Date: Tue, 22 Sep 2020 09:04:18 GMT
627540 [main] DEBUG org.apache.http.headers  - << Date: Tue, 22 Sep 2020 09:04:18 GMT
627540 [main] DEBUG org.apache.http.headers  - << Content-Type: application/json; charset=utf-8
627540 [main] DEBUG org.apache.http.headers  - << Content-Type: application/json; charset=utf-8
627540 [main] DEBUG org.apache.http.headers  - << Content-Type: application/json; charset=utf-8
627540 [main] DEBUG org.apache.http.headers  - << Transfer-Encoding: chunked
627540 [main] DEBUG org.apache.http.headers  - << Transfer-Encoding: chunked
627540 [main] DEBUG org.apache.http.headers  - << Transfer-Encoding: chunked
627540 [main] DEBUG org.apache.http.headers  - << Connection: keep-alive
627540 [main] DEBUG org.apache.http.headers  - << Connection: keep-alive
627540 [main] DEBUG org.apache.http.headers  - << Connection: keep-alive
627540 [main] DEBUG org.apache.http.headers  - << Content-Security-Policy: default-src 'self';base-uri 'self';block-all-mixed-content;font-src 'self' https: data:;frame-ancestors 'self';img-src 'self' data:;object-src 'none';script-src 'self';script-src-attr 'none';style-src 'self' https: 'unsafe-inline';upgrade-insecure-requests
627540 [main] DEBUG org.apache.http.headers  - << Content-Security-Policy: default-src 'self';base-uri 'self';block-all-mixed-content;font-src 'self' https: data:;frame-ancestors 'self';img-src 'self' data:;object-src 'none';script-src 'self';script-src-attr 'none';style-src 'self' https: 'unsafe-inline';upgrade-insecure-requests
627540 [main] DEBUG org.apache.http.headers  - << Content-Security-Policy: default-src 'self';base-uri 'self';block-all-mixed-content;font-src 'self' https: data:;frame-ancestors 'self';img-src 'self' data:;object-src 'none';script-src 'self';script-src-attr 'none';style-src 'self' https: 'unsafe-inline';upgrade-insecure-requests
627540 [main] DEBUG org.apache.http.headers  - << X-DNS-Prefetch-Control: off
627540 [main] DEBUG org.apache.http.headers  - << X-DNS-Prefetch-Control: off
627540 [main] DEBUG org.apache.http.headers  - << X-DNS-Prefetch-Control: off
627540 [main] DEBUG org.apache.http.headers  - << Expect-CT: max-age=0
627540 [main] DEBUG org.apache.http.headers  - << Expect-CT: max-age=0
627540 [main] DEBUG org.apache.http.headers  - << Expect-CT: max-age=0
627540 [main] DEBUG org.apache.http.headers  - << X-Frame-Options: SAMEORIGIN
627540 [main] DEBUG org.apache.http.headers  - << X-Frame-Options: SAMEORIGIN
627540 [main] DEBUG org.apache.http.headers  - << X-Frame-Options: SAMEORIGIN
627540 [main] DEBUG org.apache.http.headers  - << X-Download-Options: noopen
627540 [main] DEBUG org.apache.http.headers  - << X-Download-Options: noopen
627540 [main] DEBUG org.apache.http.headers  - << X-Download-Options: noopen
627540 [main] DEBUG org.apache.http.headers  - << X-Content-Type-Options: nosniff
627540 [main] DEBUG org.apache.http.headers  - << X-Content-Type-Options: nosniff
627540 [main] DEBUG org.apache.http.headers  - << X-Content-Type-Options: nosniff
627540 [main] DEBUG org.apache.http.headers  - << X-Permitted-Cross-Domain-Policies: none
627540 [main] DEBUG org.apache.http.headers  - << X-Permitted-Cross-Domain-Policies: none
627540 [main] DEBUG org.apache.http.headers  - << X-Permitted-Cross-Domain-Policies: none
627540 [main] DEBUG org.apache.http.headers  - << Referrer-Policy: no-referrer
627540 [main] DEBUG org.apache.http.headers  - << Referrer-Policy: no-referrer
627540 [main] DEBUG org.apache.http.headers  - << Referrer-Policy: no-referrer
627540 [main] DEBUG org.apache.http.headers  - << X-XSS-Protection: 0
627540 [main] DEBUG org.apache.http.headers  - << X-XSS-Protection: 0
627540 [main] DEBUG org.apache.http.headers  - << X-XSS-Protection: 0
627540 [main] DEBUG org.apache.http.headers  - << Vary: Origin, Accept-Encoding
627540 [main] DEBUG org.apache.http.headers  - << Vary: Origin, Accept-Encoding
627540 [main] DEBUG org.apache.http.headers  - << Vary: Origin, Accept-Encoding
627540 [main] DEBUG org.apache.http.headers  - << Access-Control-Allow-Credentials: true
627540 [main] DEBUG org.apache.http.headers  - << Access-Control-Allow-Credentials: true
627540 [main] DEBUG org.apache.http.headers  - << Access-Control-Allow-Credentials: true
627540 [main] DEBUG org.apache.http.headers  - << Retry-After: 10
627540 [main] DEBUG org.apache.http.headers  - << Retry-After: 10
627540 [main] DEBUG org.apache.http.headers  - << Retry-After: 10
627540 [main] DEBUG org.apache.http.headers  - << X-RateLimit-Limit: 80
627540 [main] DEBUG org.apache.http.headers  - << X-RateLimit-Limit: 80
627540 [main] DEBUG org.apache.http.headers  - << X-RateLimit-Limit: 80
627540 [main] DEBUG org.apache.http.headers  - << X-RateLimit-Remaining: 79
627540 [main] DEBUG org.apache.http.headers  - << X-RateLimit-Remaining: 79
627540 [main] DEBUG org.apache.http.headers  - << X-RateLimit-Remaining: 79
627540 [main] DEBUG org.apache.http.headers  - << X-RateLimit-Reset: Tue Sep 22 2020 09:04:27 GMT+0000 (Coordinated Universal Time)
627540 [main] DEBUG org.apache.http.headers  - << X-RateLimit-Reset: Tue Sep 22 2020 09:04:27 GMT+0000 (Coordinated Universal Time)
627540 [main] DEBUG org.apache.http.headers  - << X-RateLimit-Reset: Tue Sep 22 2020 09:04:27 GMT+0000 (Coordinated Universal Time)
627541 [main] DEBUG org.apache.http.headers  - << Access-Control-Allow-Methods: GET, POST, OPTIONS
627541 [main] DEBUG org.apache.http.headers  - << Access-Control-Allow-Methods: GET, POST, OPTIONS
627541 [main] DEBUG org.apache.http.headers  - << Access-Control-Allow-Methods: GET, POST, OPTIONS
627541 [main] DEBUG org.apache.http.headers  - << Access-Control-Allow-Headers: DNT,X-CustomHeader,Keep-Alive,User-Agent,X-Requested-With,If-Modified-Since,Cache-Control,Content-Type,Content-Range,Range
627541 [main] DEBUG org.apache.http.headers  - << Access-Control-Allow-Headers: DNT,X-CustomHeader,Keep-Alive,User-Agent,X-Requested-With,If-Modified-Since,Cache-Control,Content-Type,Content-Range,Range
627541 [main] DEBUG org.apache.http.headers  - << Access-Control-Allow-Headers: DNT,X-CustomHeader,Keep-Alive,User-Agent,X-Requested-With,If-Modified-Since,Cache-Control,Content-Type,Content-Range,Range
627541 [main] DEBUG org.apache.http.headers  - << Access-Control-Expose-Headers: DNT,X-CustomHeader,Keep-Alive,User-Agent,X-Requested-With,If-Modified-Since,Cache-Control,Content-Type,Content-Range,Range
627541 [main] DEBUG org.apache.http.headers  - << Access-Control-Expose-Headers: DNT,X-CustomHeader,Keep-Alive,User-Agent,X-Requested-With,If-Modified-Since,Cache-Control,Content-Type,Content-Range,Range
627541 [main] DEBUG org.apache.http.headers  - << Access-Control-Expose-Headers: DNT,X-CustomHeader,Keep-Alive,User-Agent,X-Requested-With,If-Modified-Since,Cache-Control,Content-Type,Content-Range,Range
627541 [main] DEBUG org.apache.http.headers  - << Content-Encoding: gzip
627541 [main] DEBUG org.apache.http.headers  - << Content-Encoding: gzip
627541 [main] DEBUG org.apache.http.headers  - << Content-Encoding: gzip
627541 [main] DEBUG org.apache.http.impl.client.DefaultHttpClient  - Connection can be kept alive indefinitely
627541 [main] DEBUG org.apache.http.impl.client.DefaultHttpClient  - Connection can be kept alive indefinitely
627541 [main] DEBUG org.apache.http.impl.client.DefaultHttpClient  - Connection can be kept alive indefinitely
627541 [main] DEBUG io.restassured.internal.RequestSpecificationImpl$RestAssuredHttpBuilder  - Parsing response as: application/json; charset=utf-8
627541 [main] DEBUG io.restassured.internal.RequestSpecificationImpl$RestAssuredHttpBuilder  - Parsing response as: application/json; charset=utf-8
627541 [main] DEBUG io.restassured.internal.RequestSpecificationImpl$RestAssuredHttpBuilder  - Parsing response as: application/json; charset=utf-8
627542 [main] DEBUG org.apache.http.wire  -  << "5d[\r][\n]"
627542 [main] DEBUG org.apache.http.wire  -  << "5d[\r][\n]"
627542 [main] DEBUG org.apache.http.wire  -  << "5d[\r][\n]"
627542 [main] DEBUG org.apache.http.wire  -  << "[0x1f][0x8b][0x8][0x0][0x0][0x0][0x0][0x0][0x0][0x3][0xab]V[0xca]M-.NLOU[0xb2]R[0xf2]IMLQ([0xcf],[0xc9]P([0xc8][0xc8][0xcf]KU[0xc8]+[0xcd]MJ-RP[0xd7][0xb6]4[0xb4]064071[0xb1]47UWHI[0xcd]I-IMQ(.MN[0x6][0xea]M+[0xcd][0xc9][0xa9][0xd4]S[0xaa][0x5][0x0][0x15]{w[0x82]J[0x0][0x0][0x0]"
627542 [main] DEBUG org.apache.http.wire  -  << "[0x1f][0x8b][0x8][0x0][0x0][0x0][0x0][0x0][0x0][0x3][0xab]V[0xca]M-.NLOU[0xb2]R[0xf2]IMLQ([0xcf],[0xc9]P([0xc8][0xc8][0xcf]KU[0xc8]+[0xcd]MJ-RP[0xd7][0xb6]4[0xb4]064071[0xb1]47UWHI[0xcd]I-IMQ(.MN[0x6][0xea]M+[0xcd][0xc9][0xa9][0xd4]S[0xaa][0x5][0x0][0x15]{w[0x82]J[0x0][0x0][0x0]"
627542 [main] DEBUG org.apache.http.wire  -  << "[0x1f][0x8b][0x8][0x0][0x0][0x0][0x0][0x0][0x0][0x3][0xab]V[0xca]M-.NLOU[0xb2]R[0xf2]IMLQ([0xcf],[0xc9]P([0xc8][0xc8][0xcf]KU[0xc8]+[0xcd]MJ-RP[0xd7][0xb6]4[0xb4]064071[0xb1]47UWHI[0xcd]I-IMQ(.MN[0x6][0xea]M+[0xcd][0xc9][0xa9][0xd4]S[0xaa][0x5][0x0][0x15]{w[0x82]J[0x0][0x0][0x0]"
627542 [main] DEBUG org.apache.http.wire  -  << "[\r][\n]"
627542 [main] DEBUG org.apache.http.wire  -  << "[\r][\n]"
627542 [main] DEBUG org.apache.http.wire  -  << "[\r][\n]"
627542 [main] DEBUG org.apache.http.wire  -  << "0[\r][\n]"
627542 [main] DEBUG org.apache.http.wire  -  << "0[\r][\n]"
627542 [main] DEBUG org.apache.http.wire  -  << "0[\r][\n]"
627542 [main] DEBUG org.apache.http.wire  -  << "[\r][\n]"
627542 [main] DEBUG org.apache.http.wire  -  << "[\r][\n]"
627542 [main] DEBUG org.apache.http.wire  -  << "[\r][\n]"
627542 [main] DEBUG io.restassured.internal.RequestSpecificationImpl$RestAssuredHttpBuilder  - Parsed data to instance of: class org.apache.http.conn.EofSensorInputStream
627542 [main] DEBUG io.restassured.internal.RequestSpecificationImpl$RestAssuredHttpBuilder  - Parsed data to instance of: class org.apache.http.conn.EofSensorInputStream
627542 [main] DEBUG io.restassured.internal.RequestSpecificationImpl$RestAssuredHttpBuilder  - Parsed data to instance of: class org.apache.http.conn.EofSensorInputStream
627543 [main] DEBUG org.apache.http.impl.conn.BasicClientConnectionManager  - Releasing connection org.apache.http.impl.conn.ManagedClientConnectionImpl@2c63762b
627543 [main] DEBUG org.apache.http.impl.conn.BasicClientConnectionManager  - Releasing connection org.apache.http.impl.conn.ManagedClientConnectionImpl@2c63762b
627543 [main] DEBUG org.apache.http.impl.conn.BasicClientConnectionManager  - Releasing connection org.apache.http.impl.conn.ManagedClientConnectionImpl@2c63762b
627543 [main] DEBUG org.apache.http.impl.conn.BasicClientConnectionManager  - Connection can be kept alive indefinitely
627543 [main] DEBUG org.apache.http.impl.conn.BasicClientConnectionManager  - Connection can be kept alive indefinitely
627543 [main] DEBUG org.apache.http.impl.conn.BasicClientConnectionManager  - Connection can be kept alive indefinitely
{
    "message": "Lead with phone number '+918310744975' deleted successfully."
}
{
    "message": "Lead with phone number '+918310744975' deleted successfully."
}]]></system-out>
  </testcase>
  <testcase name="NewUserSignupbookanpayatHospitalAppointmentWithFreeOpinion" classname="com.onco.webtests.NewUserINeedToBookADiagnosticTestRequestCallOnco" time="107.831"/>
  <testcase name="addResultForTestCase" classname="com.onco.webtests.NewUserINeedToBookADiagnosticTestRequestCallOnco" time="108.68">
    <failure message="&#10;Can inject only one of &lt;ITestContext, XmlTest&gt; into a @AfterClass annotated addResultForTestCase.&#10;For more information on native dependency injection please refer to http://testng.org/doc/documentation-main.html#native-dependency-injection" type="org.testng.TestNGException"><![CDATA[org.testng.TestNGException: 

Can inject only one of <ITestContext, XmlTest> into a @AfterClass annotated addResultForTestCase.
For more information on native dependency injection please refer to http://testng.org/doc/documentation-main.html#native-dependency-injection
]]></failure>
    <system-out><![CDATA[746945 [main] DEBUG org.apache.http.impl.conn.BasicClientConnectionManager  - Get connection for route {s}->https://backstage.onco.com:443
746945 [main] DEBUG org.apache.http.impl.conn.BasicClientConnectionManager  - Get connection for route {s}->https://backstage.onco.com:443
746945 [main] DEBUG org.apache.http.impl.conn.BasicClientConnectionManager  - Get connection for route {s}->https://backstage.onco.com:443
746945 [main] DEBUG org.apache.http.impl.conn.BasicClientConnectionManager  - Get connection for route {s}->https://backstage.onco.com:443
747014 [main] DEBUG org.apache.http.impl.conn.DefaultClientConnectionOperator  - Connecting to backstage.onco.com:443
747014 [main] DEBUG org.apache.http.impl.conn.DefaultClientConnectionOperator  - Connecting to backstage.onco.com:443
747014 [main] DEBUG org.apache.http.impl.conn.DefaultClientConnectionOperator  - Connecting to backstage.onco.com:443
747014 [main] DEBUG org.apache.http.impl.conn.DefaultClientConnectionOperator  - Connecting to backstage.onco.com:443
747390 [main] DEBUG org.apache.http.client.protocol.RequestAddCookies  - CookieSpec selected: ignoreCookies
747390 [main] DEBUG org.apache.http.client.protocol.RequestAddCookies  - CookieSpec selected: ignoreCookies
747390 [main] DEBUG org.apache.http.client.protocol.RequestAddCookies  - CookieSpec selected: ignoreCookies
747390 [main] DEBUG org.apache.http.client.protocol.RequestAddCookies  - CookieSpec selected: ignoreCookies
747390 [main] DEBUG org.apache.http.client.protocol.RequestAuthCache  - Auth cache not set in the context
747390 [main] DEBUG org.apache.http.client.protocol.RequestAuthCache  - Auth cache not set in the context
747390 [main] DEBUG org.apache.http.client.protocol.RequestAuthCache  - Auth cache not set in the context
747390 [main] DEBUG org.apache.http.client.protocol.RequestAuthCache  - Auth cache not set in the context
747390 [main] DEBUG org.apache.http.client.protocol.RequestTargetAuthentication  - Target auth state: UNCHALLENGED
747390 [main] DEBUG org.apache.http.client.protocol.RequestTargetAuthentication  - Target auth state: UNCHALLENGED
747390 [main] DEBUG org.apache.http.client.protocol.RequestTargetAuthentication  - Target auth state: UNCHALLENGED
747390 [main] DEBUG org.apache.http.client.protocol.RequestTargetAuthentication  - Target auth state: UNCHALLENGED
747390 [main] DEBUG org.apache.http.client.protocol.RequestProxyAuthentication  - Proxy auth state: UNCHALLENGED
747390 [main] DEBUG org.apache.http.client.protocol.RequestProxyAuthentication  - Proxy auth state: UNCHALLENGED
747390 [main] DEBUG org.apache.http.client.protocol.RequestProxyAuthentication  - Proxy auth state: UNCHALLENGED
747390 [main] DEBUG org.apache.http.client.protocol.RequestProxyAuthentication  - Proxy auth state: UNCHALLENGED
747391 [main] DEBUG org.apache.http.impl.client.DefaultHttpClient  - Attempt 1 to execute request
747391 [main] DEBUG org.apache.http.impl.client.DefaultHttpClient  - Attempt 1 to execute request
747391 [main] DEBUG org.apache.http.impl.client.DefaultHttpClient  - Attempt 1 to execute request
747391 [main] DEBUG org.apache.http.impl.client.DefaultHttpClient  - Attempt 1 to execute request
747391 [main] DEBUG org.apache.http.impl.conn.DefaultClientConnection  - Sending request: POST /onco-auth/oapi/user-cred/remove-lead HTTP/1.1
747391 [main] DEBUG org.apache.http.impl.conn.DefaultClientConnection  - Sending request: POST /onco-auth/oapi/user-cred/remove-lead HTTP/1.1
747391 [main] DEBUG org.apache.http.impl.conn.DefaultClientConnection  - Sending request: POST /onco-auth/oapi/user-cred/remove-lead HTTP/1.1
747391 [main] DEBUG org.apache.http.impl.conn.DefaultClientConnection  - Sending request: POST /onco-auth/oapi/user-cred/remove-lead HTTP/1.1
747391 [main] DEBUG org.apache.http.wire  -  >> "POST /onco-auth/oapi/user-cred/remove-lead HTTP/1.1[\r][\n]"
747391 [main] DEBUG org.apache.http.wire  -  >> "POST /onco-auth/oapi/user-cred/remove-lead HTTP/1.1[\r][\n]"
747391 [main] DEBUG org.apache.http.wire  -  >> "POST /onco-auth/oapi/user-cred/remove-lead HTTP/1.1[\r][\n]"
747391 [main] DEBUG org.apache.http.wire  -  >> "POST /onco-auth/oapi/user-cred/remove-lead HTTP/1.1[\r][\n]"
747391 [main] DEBUG org.apache.http.wire  -  >> ":  [\r][\n]"
747391 [main] DEBUG org.apache.http.wire  -  >> ":  [\r][\n]"
747391 [main] DEBUG org.apache.http.wire  -  >> ":  [\r][\n]"
747391 [main] DEBUG org.apache.http.wire  -  >> ":  [\r][\n]"
747391 [main] DEBUG org.apache.http.wire  -  >> "Accept: */*[\r][\n]"
747391 [main] DEBUG org.apache.http.wire  -  >> "Accept: */*[\r][\n]"
747391 [main] DEBUG org.apache.http.wire  -  >> "Accept: */*[\r][\n]"
747391 [main] DEBUG org.apache.http.wire  -  >> "Accept: */*[\r][\n]"
747391 [main] DEBUG org.apache.http.wire  -  >> "Content-Type: application/json; charset=UTF-8[\r][\n]"
747391 [main] DEBUG org.apache.http.wire  -  >> "Content-Type: application/json; charset=UTF-8[\r][\n]"
747391 [main] DEBUG org.apache.http.wire  -  >> "Content-Type: application/json; charset=UTF-8[\r][\n]"
747391 [main] DEBUG org.apache.http.wire  -  >> "Content-Type: application/json; charset=UTF-8[\r][\n]"
747391 [main] DEBUG org.apache.http.wire  -  >> "Content-Length: 83[\r][\n]"
747391 [main] DEBUG org.apache.http.wire  -  >> "Content-Length: 83[\r][\n]"
747391 [main] DEBUG org.apache.http.wire  -  >> "Content-Length: 83[\r][\n]"
747391 [main] DEBUG org.apache.http.wire  -  >> "Content-Length: 83[\r][\n]"
747391 [main] DEBUG org.apache.http.wire  -  >> "Host: backstage.onco.com[\r][\n]"
747391 [main] DEBUG org.apache.http.wire  -  >> "Host: backstage.onco.com[\r][\n]"
747391 [main] DEBUG org.apache.http.wire  -  >> "Host: backstage.onco.com[\r][\n]"
747391 [main] DEBUG org.apache.http.wire  -  >> "Host: backstage.onco.com[\r][\n]"
747391 [main] DEBUG org.apache.http.wire  -  >> "Connection: Keep-Alive[\r][\n]"
747391 [main] DEBUG org.apache.http.wire  -  >> "Connection: Keep-Alive[\r][\n]"
747391 [main] DEBUG org.apache.http.wire  -  >> "Connection: Keep-Alive[\r][\n]"
747391 [main] DEBUG org.apache.http.wire  -  >> "Connection: Keep-Alive[\r][\n]"
747391 [main] DEBUG org.apache.http.wire  -  >> "User-Agent: Apache-HttpClient/4.5.5 (Java/1.8.0_231)[\r][\n]"
747391 [main] DEBUG org.apache.http.wire  -  >> "User-Agent: Apache-HttpClient/4.5.5 (Java/1.8.0_231)[\r][\n]"
747391 [main] DEBUG org.apache.http.wire  -  >> "User-Agent: Apache-HttpClient/4.5.5 (Java/1.8.0_231)[\r][\n]"
747391 [main] DEBUG org.apache.http.wire  -  >> "User-Agent: Apache-HttpClient/4.5.5 (Java/1.8.0_231)[\r][\n]"
747391 [main] DEBUG org.apache.http.wire  -  >> "Accept-Encoding: gzip,deflate[\r][\n]"
747391 [main] DEBUG org.apache.http.wire  -  >> "Accept-Encoding: gzip,deflate[\r][\n]"
747391 [main] DEBUG org.apache.http.wire  -  >> "Accept-Encoding: gzip,deflate[\r][\n]"
747391 [main] DEBUG org.apache.http.wire  -  >> "Accept-Encoding: gzip,deflate[\r][\n]"
747391 [main] DEBUG org.apache.http.wire  -  >> "[\r][\n]"
747391 [main] DEBUG org.apache.http.wire  -  >> "[\r][\n]"
747391 [main] DEBUG org.apache.http.wire  -  >> "[\r][\n]"
747391 [main] DEBUG org.apache.http.wire  -  >> "[\r][\n]"
747391 [main] DEBUG org.apache.http.headers  - >> POST /onco-auth/oapi/user-cred/remove-lead HTTP/1.1
747391 [main] DEBUG org.apache.http.headers  - >> POST /onco-auth/oapi/user-cred/remove-lead HTTP/1.1
747391 [main] DEBUG org.apache.http.headers  - >> POST /onco-auth/oapi/user-cred/remove-lead HTTP/1.1
747391 [main] DEBUG org.apache.http.headers  - >> POST /onco-auth/oapi/user-cred/remove-lead HTTP/1.1
747391 [main] DEBUG org.apache.http.headers  - >> :  
747391 [main] DEBUG org.apache.http.headers  - >> :  
747391 [main] DEBUG org.apache.http.headers  - >> :  
747391 [main] DEBUG org.apache.http.headers  - >> :  
747391 [main] DEBUG org.apache.http.headers  - >> Accept: */*
747391 [main] DEBUG org.apache.http.headers  - >> Accept: */*
747391 [main] DEBUG org.apache.http.headers  - >> Accept: */*
747391 [main] DEBUG org.apache.http.headers  - >> Accept: */*
747392 [main] DEBUG org.apache.http.headers  - >> Content-Type: application/json; charset=UTF-8
747392 [main] DEBUG org.apache.http.headers  - >> Content-Type: application/json; charset=UTF-8
747392 [main] DEBUG org.apache.http.headers  - >> Content-Type: application/json; charset=UTF-8
747392 [main] DEBUG org.apache.http.headers  - >> Content-Type: application/json; charset=UTF-8
747392 [main] DEBUG org.apache.http.headers  - >> Content-Length: 83
747392 [main] DEBUG org.apache.http.headers  - >> Content-Length: 83
747392 [main] DEBUG org.apache.http.headers  - >> Content-Length: 83
747392 [main] DEBUG org.apache.http.headers  - >> Content-Length: 83
747392 [main] DEBUG org.apache.http.headers  - >> Host: backstage.onco.com
747392 [main] DEBUG org.apache.http.headers  - >> Host: backstage.onco.com
747392 [main] DEBUG org.apache.http.headers  - >> Host: backstage.onco.com
747392 [main] DEBUG org.apache.http.headers  - >> Host: backstage.onco.com
747392 [main] DEBUG org.apache.http.headers  - >> Connection: Keep-Alive
747392 [main] DEBUG org.apache.http.headers  - >> Connection: Keep-Alive
747392 [main] DEBUG org.apache.http.headers  - >> Connection: Keep-Alive
747392 [main] DEBUG org.apache.http.headers  - >> Connection: Keep-Alive
747392 [main] DEBUG org.apache.http.headers  - >> User-Agent: Apache-HttpClient/4.5.5 (Java/1.8.0_231)
747392 [main] DEBUG org.apache.http.headers  - >> User-Agent: Apache-HttpClient/4.5.5 (Java/1.8.0_231)
747392 [main] DEBUG org.apache.http.headers  - >> User-Agent: Apache-HttpClient/4.5.5 (Java/1.8.0_231)
747392 [main] DEBUG org.apache.http.headers  - >> User-Agent: Apache-HttpClient/4.5.5 (Java/1.8.0_231)
747392 [main] DEBUG org.apache.http.headers  - >> Accept-Encoding: gzip,deflate
747392 [main] DEBUG org.apache.http.headers  - >> Accept-Encoding: gzip,deflate
747392 [main] DEBUG org.apache.http.headers  - >> Accept-Encoding: gzip,deflate
747392 [main] DEBUG org.apache.http.headers  - >> Accept-Encoding: gzip,deflate
747392 [main] DEBUG org.apache.http.wire  -  >> "{[\n]"
747392 [main] DEBUG org.apache.http.wire  -  >> "{[\n]"
747392 [main] DEBUG org.apache.http.wire  -  >> "{[\n]"
747392 [main] DEBUG org.apache.http.wire  -  >> "{[\n]"
747392 [main] DEBUG org.apache.http.wire  -  >> "    "phoneNumber": "+918310744975",[\n]"
747392 [main] DEBUG org.apache.http.wire  -  >> "    "phoneNumber": "+918310744975",[\n]"
747392 [main] DEBUG org.apache.http.wire  -  >> "    "phoneNumber": "+918310744975",[\n]"
747392 [main] DEBUG org.apache.http.wire  -  >> "    "phoneNumber": "+918310744975",[\n]"
747392 [main] DEBUG org.apache.http.wire  -  >> "    "leadDelSecKey": "Eno0nduK!tthakaPPa@1"[\n]"
747392 [main] DEBUG org.apache.http.wire  -  >> "    "leadDelSecKey": "Eno0nduK!tthakaPPa@1"[\n]"
747392 [main] DEBUG org.apache.http.wire  -  >> "    "leadDelSecKey": "Eno0nduK!tthakaPPa@1"[\n]"
747392 [main] DEBUG org.apache.http.wire  -  >> "    "leadDelSecKey": "Eno0nduK!tthakaPPa@1"[\n]"
747392 [main] DEBUG org.apache.http.wire  -  >> "}"
747392 [main] DEBUG org.apache.http.wire  -  >> "}"
747392 [main] DEBUG org.apache.http.wire  -  >> "}"
747392 [main] DEBUG org.apache.http.wire  -  >> "}"
747590 [main] DEBUG org.apache.http.wire  -  << "HTTP/1.1 200 OK[\r][\n]"
747590 [main] DEBUG org.apache.http.wire  -  << "HTTP/1.1 200 OK[\r][\n]"
747590 [main] DEBUG org.apache.http.wire  -  << "HTTP/1.1 200 OK[\r][\n]"
747590 [main] DEBUG org.apache.http.wire  -  << "HTTP/1.1 200 OK[\r][\n]"
747590 [main] DEBUG org.apache.http.wire  -  << "Server: nginx/1.14.0 (Ubuntu)[\r][\n]"
747590 [main] DEBUG org.apache.http.wire  -  << "Server: nginx/1.14.0 (Ubuntu)[\r][\n]"
747590 [main] DEBUG org.apache.http.wire  -  << "Server: nginx/1.14.0 (Ubuntu)[\r][\n]"
747590 [main] DEBUG org.apache.http.wire  -  << "Server: nginx/1.14.0 (Ubuntu)[\r][\n]"
747590 [main] DEBUG org.apache.http.wire  -  << "Date: Tue, 22 Sep 2020 09:06:18 GMT[\r][\n]"
747590 [main] DEBUG org.apache.http.wire  -  << "Date: Tue, 22 Sep 2020 09:06:18 GMT[\r][\n]"
747590 [main] DEBUG org.apache.http.wire  -  << "Date: Tue, 22 Sep 2020 09:06:18 GMT[\r][\n]"
747590 [main] DEBUG org.apache.http.wire  -  << "Date: Tue, 22 Sep 2020 09:06:18 GMT[\r][\n]"
747591 [main] DEBUG org.apache.http.wire  -  << "Content-Type: application/json; charset=utf-8[\r][\n]"
747591 [main] DEBUG org.apache.http.wire  -  << "Content-Type: application/json; charset=utf-8[\r][\n]"
747591 [main] DEBUG org.apache.http.wire  -  << "Content-Type: application/json; charset=utf-8[\r][\n]"
747591 [main] DEBUG org.apache.http.wire  -  << "Content-Type: application/json; charset=utf-8[\r][\n]"
747591 [main] DEBUG org.apache.http.wire  -  << "Transfer-Encoding: chunked[\r][\n]"
747591 [main] DEBUG org.apache.http.wire  -  << "Transfer-Encoding: chunked[\r][\n]"
747591 [main] DEBUG org.apache.http.wire  -  << "Transfer-Encoding: chunked[\r][\n]"
747591 [main] DEBUG org.apache.http.wire  -  << "Transfer-Encoding: chunked[\r][\n]"
747591 [main] DEBUG org.apache.http.wire  -  << "Connection: keep-alive[\r][\n]"
747591 [main] DEBUG org.apache.http.wire  -  << "Connection: keep-alive[\r][\n]"
747591 [main] DEBUG org.apache.http.wire  -  << "Connection: keep-alive[\r][\n]"
747591 [main] DEBUG org.apache.http.wire  -  << "Connection: keep-alive[\r][\n]"
747591 [main] DEBUG org.apache.http.wire  -  << "Content-Security-Policy: default-src 'self';base-uri 'self';block-all-mixed-content;font-src 'self' https: data:;frame-ancestors 'self';img-src 'self' data:;object-src 'none';script-src 'self';script-src-attr 'none';style-src 'self' https: 'unsafe-inline';upgrade-insecure-requests[\r][\n]"
747591 [main] DEBUG org.apache.http.wire  -  << "Content-Security-Policy: default-src 'self';base-uri 'self';block-all-mixed-content;font-src 'self' https: data:;frame-ancestors 'self';img-src 'self' data:;object-src 'none';script-src 'self';script-src-attr 'none';style-src 'self' https: 'unsafe-inline';upgrade-insecure-requests[\r][\n]"
747591 [main] DEBUG org.apache.http.wire  -  << "Content-Security-Policy: default-src 'self';base-uri 'self';block-all-mixed-content;font-src 'self' https: data:;frame-ancestors 'self';img-src 'self' data:;object-src 'none';script-src 'self';script-src-attr 'none';style-src 'self' https: 'unsafe-inline';upgrade-insecure-requests[\r][\n]"
747591 [main] DEBUG org.apache.http.wire  -  << "Content-Security-Policy: default-src 'self';base-uri 'self';block-all-mixed-content;font-src 'self' https: data:;frame-ancestors 'self';img-src 'self' data:;object-src 'none';script-src 'self';script-src-attr 'none';style-src 'self' https: 'unsafe-inline';upgrade-insecure-requests[\r][\n]"
747591 [main] DEBUG org.apache.http.wire  -  << "X-DNS-Prefetch-Control: off[\r][\n]"
747591 [main] DEBUG org.apache.http.wire  -  << "X-DNS-Prefetch-Control: off[\r][\n]"
747591 [main] DEBUG org.apache.http.wire  -  << "X-DNS-Prefetch-Control: off[\r][\n]"
747591 [main] DEBUG org.apache.http.wire  -  << "X-DNS-Prefetch-Control: off[\r][\n]"
747591 [main] DEBUG org.apache.http.wire  -  << "Expect-CT: max-age=0[\r][\n]"
747591 [main] DEBUG org.apache.http.wire  -  << "Expect-CT: max-age=0[\r][\n]"
747591 [main] DEBUG org.apache.http.wire  -  << "Expect-CT: max-age=0[\r][\n]"
747591 [main] DEBUG org.apache.http.wire  -  << "Expect-CT: max-age=0[\r][\n]"
747591 [main] DEBUG org.apache.http.wire  -  << "X-Frame-Options: SAMEORIGIN[\r][\n]"
747591 [main] DEBUG org.apache.http.wire  -  << "X-Frame-Options: SAMEORIGIN[\r][\n]"
747591 [main] DEBUG org.apache.http.wire  -  << "X-Frame-Options: SAMEORIGIN[\r][\n]"
747591 [main] DEBUG org.apache.http.wire  -  << "X-Frame-Options: SAMEORIGIN[\r][\n]"
747591 [main] DEBUG org.apache.http.wire  -  << "X-Download-Options: noopen[\r][\n]"
747591 [main] DEBUG org.apache.http.wire  -  << "X-Download-Options: noopen[\r][\n]"
747591 [main] DEBUG org.apache.http.wire  -  << "X-Download-Options: noopen[\r][\n]"
747591 [main] DEBUG org.apache.http.wire  -  << "X-Download-Options: noopen[\r][\n]"
747591 [main] DEBUG org.apache.http.wire  -  << "X-Content-Type-Options: nosniff[\r][\n]"
747591 [main] DEBUG org.apache.http.wire  -  << "X-Content-Type-Options: nosniff[\r][\n]"
747591 [main] DEBUG org.apache.http.wire  -  << "X-Content-Type-Options: nosniff[\r][\n]"
747591 [main] DEBUG org.apache.http.wire  -  << "X-Content-Type-Options: nosniff[\r][\n]"
747591 [main] DEBUG org.apache.http.wire  -  << "X-Permitted-Cross-Domain-Policies: none[\r][\n]"
747591 [main] DEBUG org.apache.http.wire  -  << "X-Permitted-Cross-Domain-Policies: none[\r][\n]"
747591 [main] DEBUG org.apache.http.wire  -  << "X-Permitted-Cross-Domain-Policies: none[\r][\n]"
747591 [main] DEBUG org.apache.http.wire  -  << "X-Permitted-Cross-Domain-Policies: none[\r][\n]"
747591 [main] DEBUG org.apache.http.wire  -  << "Referrer-Policy: no-referrer[\r][\n]"
747591 [main] DEBUG org.apache.http.wire  -  << "Referrer-Policy: no-referrer[\r][\n]"
747591 [main] DEBUG org.apache.http.wire  -  << "Referrer-Policy: no-referrer[\r][\n]"
747591 [main] DEBUG org.apache.http.wire  -  << "Referrer-Policy: no-referrer[\r][\n]"
747591 [main] DEBUG org.apache.http.wire  -  << "X-XSS-Protection: 0[\r][\n]"
747591 [main] DEBUG org.apache.http.wire  -  << "X-XSS-Protection: 0[\r][\n]"
747591 [main] DEBUG org.apache.http.wire  -  << "X-XSS-Protection: 0[\r][\n]"
747591 [main] DEBUG org.apache.http.wire  -  << "X-XSS-Protection: 0[\r][\n]"
747591 [main] DEBUG org.apache.http.wire  -  << "Vary: Origin, Accept-Encoding[\r][\n]"
747591 [main] DEBUG org.apache.http.wire  -  << "Vary: Origin, Accept-Encoding[\r][\n]"
747591 [main] DEBUG org.apache.http.wire  -  << "Vary: Origin, Accept-Encoding[\r][\n]"
747591 [main] DEBUG org.apache.http.wire  -  << "Vary: Origin, Accept-Encoding[\r][\n]"
747591 [main] DEBUG org.apache.http.wire  -  << "Access-Control-Allow-Credentials: true[\r][\n]"
747591 [main] DEBUG org.apache.http.wire  -  << "Access-Control-Allow-Credentials: true[\r][\n]"
747591 [main] DEBUG org.apache.http.wire  -  << "Access-Control-Allow-Credentials: true[\r][\n]"
747591 [main] DEBUG org.apache.http.wire  -  << "Access-Control-Allow-Credentials: true[\r][\n]"
747592 [main] DEBUG org.apache.http.wire  -  << "Retry-After: 10[\r][\n]"
747592 [main] DEBUG org.apache.http.wire  -  << "Retry-After: 10[\r][\n]"
747592 [main] DEBUG org.apache.http.wire  -  << "Retry-After: 10[\r][\n]"
747592 [main] DEBUG org.apache.http.wire  -  << "Retry-After: 10[\r][\n]"
747592 [main] DEBUG org.apache.http.wire  -  << "X-RateLimit-Limit: 80[\r][\n]"
747592 [main] DEBUG org.apache.http.wire  -  << "X-RateLimit-Limit: 80[\r][\n]"
747592 [main] DEBUG org.apache.http.wire  -  << "X-RateLimit-Limit: 80[\r][\n]"
747592 [main] DEBUG org.apache.http.wire  -  << "X-RateLimit-Limit: 80[\r][\n]"
747592 [main] DEBUG org.apache.http.wire  -  << "X-RateLimit-Remaining: 79[\r][\n]"
747592 [main] DEBUG org.apache.http.wire  -  << "X-RateLimit-Remaining: 79[\r][\n]"
747592 [main] DEBUG org.apache.http.wire  -  << "X-RateLimit-Remaining: 79[\r][\n]"
747592 [main] DEBUG org.apache.http.wire  -  << "X-RateLimit-Remaining: 79[\r][\n]"
747592 [main] DEBUG org.apache.http.wire  -  << "X-RateLimit-Reset: Tue Sep 22 2020 09:06:28 GMT+0000 (Coordinated Universal Time)[\r][\n]"
747592 [main] DEBUG org.apache.http.wire  -  << "X-RateLimit-Reset: Tue Sep 22 2020 09:06:28 GMT+0000 (Coordinated Universal Time)[\r][\n]"
747592 [main] DEBUG org.apache.http.wire  -  << "X-RateLimit-Reset: Tue Sep 22 2020 09:06:28 GMT+0000 (Coordinated Universal Time)[\r][\n]"
747592 [main] DEBUG org.apache.http.wire  -  << "X-RateLimit-Reset: Tue Sep 22 2020 09:06:28 GMT+0000 (Coordinated Universal Time)[\r][\n]"
747592 [main] DEBUG org.apache.http.wire  -  << "Access-Control-Allow-Methods: GET, POST, OPTIONS[\r][\n]"
747592 [main] DEBUG org.apache.http.wire  -  << "Access-Control-Allow-Methods: GET, POST, OPTIONS[\r][\n]"
747592 [main] DEBUG org.apache.http.wire  -  << "Access-Control-Allow-Methods: GET, POST, OPTIONS[\r][\n]"
747592 [main] DEBUG org.apache.http.wire  -  << "Access-Control-Allow-Methods: GET, POST, OPTIONS[\r][\n]"
747592 [main] DEBUG org.apache.http.wire  -  << "Access-Control-Allow-Headers: DNT,X-CustomHeader,Keep-Alive,User-Agent,X-Requested-With,If-Modified-Since,Cache-Control,Content-Type,Content-Range,Range[\r][\n]"
747592 [main] DEBUG org.apache.http.wire  -  << "Access-Control-Allow-Headers: DNT,X-CustomHeader,Keep-Alive,User-Agent,X-Requested-With,If-Modified-Since,Cache-Control,Content-Type,Content-Range,Range[\r][\n]"
747592 [main] DEBUG org.apache.http.wire  -  << "Access-Control-Allow-Headers: DNT,X-CustomHeader,Keep-Alive,User-Agent,X-Requested-With,If-Modified-Since,Cache-Control,Content-Type,Content-Range,Range[\r][\n]"
747592 [main] DEBUG org.apache.http.wire  -  << "Access-Control-Allow-Headers: DNT,X-CustomHeader,Keep-Alive,User-Agent,X-Requested-With,If-Modified-Since,Cache-Control,Content-Type,Content-Range,Range[\r][\n]"
747592 [main] DEBUG org.apache.http.wire  -  << "Access-Control-Expose-Headers: DNT,X-CustomHeader,Keep-Alive,User-Agent,X-Requested-With,If-Modified-Since,Cache-Control,Content-Type,Content-Range,Range[\r][\n]"
747592 [main] DEBUG org.apache.http.wire  -  << "Access-Control-Expose-Headers: DNT,X-CustomHeader,Keep-Alive,User-Agent,X-Requested-With,If-Modified-Since,Cache-Control,Content-Type,Content-Range,Range[\r][\n]"
747592 [main] DEBUG org.apache.http.wire  -  << "Access-Control-Expose-Headers: DNT,X-CustomHeader,Keep-Alive,User-Agent,X-Requested-With,If-Modified-Since,Cache-Control,Content-Type,Content-Range,Range[\r][\n]"
747592 [main] DEBUG org.apache.http.wire  -  << "Access-Control-Expose-Headers: DNT,X-CustomHeader,Keep-Alive,User-Agent,X-Requested-With,If-Modified-Since,Cache-Control,Content-Type,Content-Range,Range[\r][\n]"
747592 [main] DEBUG org.apache.http.wire  -  << "Content-Encoding: gzip[\r][\n]"
747592 [main] DEBUG org.apache.http.wire  -  << "Content-Encoding: gzip[\r][\n]"
747592 [main] DEBUG org.apache.http.wire  -  << "Content-Encoding: gzip[\r][\n]"
747592 [main] DEBUG org.apache.http.wire  -  << "Content-Encoding: gzip[\r][\n]"
747593 [main] DEBUG org.apache.http.wire  -  << "[\r][\n]"
747593 [main] DEBUG org.apache.http.wire  -  << "[\r][\n]"
747593 [main] DEBUG org.apache.http.wire  -  << "[\r][\n]"
747593 [main] DEBUG org.apache.http.wire  -  << "[\r][\n]"
747593 [main] DEBUG org.apache.http.impl.conn.DefaultClientConnection  - Receiving response: HTTP/1.1 200 OK
747593 [main] DEBUG org.apache.http.impl.conn.DefaultClientConnection  - Receiving response: HTTP/1.1 200 OK
747593 [main] DEBUG org.apache.http.impl.conn.DefaultClientConnection  - Receiving response: HTTP/1.1 200 OK
747593 [main] DEBUG org.apache.http.impl.conn.DefaultClientConnection  - Receiving response: HTTP/1.1 200 OK
747593 [main] DEBUG org.apache.http.headers  - << HTTP/1.1 200 OK
747593 [main] DEBUG org.apache.http.headers  - << HTTP/1.1 200 OK
747593 [main] DEBUG org.apache.http.headers  - << HTTP/1.1 200 OK
747593 [main] DEBUG org.apache.http.headers  - << HTTP/1.1 200 OK
747593 [main] DEBUG org.apache.http.headers  - << Server: nginx/1.14.0 (Ubuntu)
747593 [main] DEBUG org.apache.http.headers  - << Server: nginx/1.14.0 (Ubuntu)
747593 [main] DEBUG org.apache.http.headers  - << Server: nginx/1.14.0 (Ubuntu)
747593 [main] DEBUG org.apache.http.headers  - << Server: nginx/1.14.0 (Ubuntu)
747593 [main] DEBUG org.apache.http.headers  - << Date: Tue, 22 Sep 2020 09:06:18 GMT
747593 [main] DEBUG org.apache.http.headers  - << Date: Tue, 22 Sep 2020 09:06:18 GMT
747593 [main] DEBUG org.apache.http.headers  - << Date: Tue, 22 Sep 2020 09:06:18 GMT
747593 [main] DEBUG org.apache.http.headers  - << Date: Tue, 22 Sep 2020 09:06:18 GMT
747593 [main] DEBUG org.apache.http.headers  - << Content-Type: application/json; charset=utf-8
747593 [main] DEBUG org.apache.http.headers  - << Content-Type: application/json; charset=utf-8
747593 [main] DEBUG org.apache.http.headers  - << Content-Type: application/json; charset=utf-8
747593 [main] DEBUG org.apache.http.headers  - << Content-Type: application/json; charset=utf-8
747593 [main] DEBUG org.apache.http.headers  - << Transfer-Encoding: chunked
747593 [main] DEBUG org.apache.http.headers  - << Transfer-Encoding: chunked
747593 [main] DEBUG org.apache.http.headers  - << Transfer-Encoding: chunked
747593 [main] DEBUG org.apache.http.headers  - << Transfer-Encoding: chunked
747593 [main] DEBUG org.apache.http.headers  - << Connection: keep-alive
747593 [main] DEBUG org.apache.http.headers  - << Connection: keep-alive
747593 [main] DEBUG org.apache.http.headers  - << Connection: keep-alive
747593 [main] DEBUG org.apache.http.headers  - << Connection: keep-alive
747593 [main] DEBUG org.apache.http.headers  - << Content-Security-Policy: default-src 'self';base-uri 'self';block-all-mixed-content;font-src 'self' https: data:;frame-ancestors 'self';img-src 'self' data:;object-src 'none';script-src 'self';script-src-attr 'none';style-src 'self' https: 'unsafe-inline';upgrade-insecure-requests
747593 [main] DEBUG org.apache.http.headers  - << Content-Security-Policy: default-src 'self';base-uri 'self';block-all-mixed-content;font-src 'self' https: data:;frame-ancestors 'self';img-src 'self' data:;object-src 'none';script-src 'self';script-src-attr 'none';style-src 'self' https: 'unsafe-inline';upgrade-insecure-requests
747593 [main] DEBUG org.apache.http.headers  - << Content-Security-Policy: default-src 'self';base-uri 'self';block-all-mixed-content;font-src 'self' https: data:;frame-ancestors 'self';img-src 'self' data:;object-src 'none';script-src 'self';script-src-attr 'none';style-src 'self' https: 'unsafe-inline';upgrade-insecure-requests
747593 [main] DEBUG org.apache.http.headers  - << Content-Security-Policy: default-src 'self';base-uri 'self';block-all-mixed-content;font-src 'self' https: data:;frame-ancestors 'self';img-src 'self' data:;object-src 'none';script-src 'self';script-src-attr 'none';style-src 'self' https: 'unsafe-inline';upgrade-insecure-requests
747594 [main] DEBUG org.apache.http.headers  - << X-DNS-Prefetch-Control: off
747594 [main] DEBUG org.apache.http.headers  - << X-DNS-Prefetch-Control: off
747594 [main] DEBUG org.apache.http.headers  - << X-DNS-Prefetch-Control: off
747594 [main] DEBUG org.apache.http.headers  - << X-DNS-Prefetch-Control: off
747595 [main] DEBUG org.apache.http.headers  - << Expect-CT: max-age=0
747595 [main] DEBUG org.apache.http.headers  - << Expect-CT: max-age=0
747595 [main] DEBUG org.apache.http.headers  - << Expect-CT: max-age=0
747595 [main] DEBUG org.apache.http.headers  - << Expect-CT: max-age=0
747595 [main] DEBUG org.apache.http.headers  - << X-Frame-Options: SAMEORIGIN
747595 [main] DEBUG org.apache.http.headers  - << X-Frame-Options: SAMEORIGIN
747595 [main] DEBUG org.apache.http.headers  - << X-Frame-Options: SAMEORIGIN
747595 [main] DEBUG org.apache.http.headers  - << X-Frame-Options: SAMEORIGIN
747595 [main] DEBUG org.apache.http.headers  - << X-Download-Options: noopen
747595 [main] DEBUG org.apache.http.headers  - << X-Download-Options: noopen
747595 [main] DEBUG org.apache.http.headers  - << X-Download-Options: noopen
747595 [main] DEBUG org.apache.http.headers  - << X-Download-Options: noopen
747595 [main] DEBUG org.apache.http.headers  - << X-Content-Type-Options: nosniff
747595 [main] DEBUG org.apache.http.headers  - << X-Content-Type-Options: nosniff
747595 [main] DEBUG org.apache.http.headers  - << X-Content-Type-Options: nosniff
747595 [main] DEBUG org.apache.http.headers  - << X-Content-Type-Options: nosniff
747595 [main] DEBUG org.apache.http.headers  - << X-Permitted-Cross-Domain-Policies: none
747595 [main] DEBUG org.apache.http.headers  - << X-Permitted-Cross-Domain-Policies: none
747595 [main] DEBUG org.apache.http.headers  - << X-Permitted-Cross-Domain-Policies: none
747595 [main] DEBUG org.apache.http.headers  - << X-Permitted-Cross-Domain-Policies: none
747595 [main] DEBUG org.apache.http.headers  - << Referrer-Policy: no-referrer
747595 [main] DEBUG org.apache.http.headers  - << Referrer-Policy: no-referrer
747595 [main] DEBUG org.apache.http.headers  - << Referrer-Policy: no-referrer
747595 [main] DEBUG org.apache.http.headers  - << Referrer-Policy: no-referrer
747595 [main] DEBUG org.apache.http.headers  - << X-XSS-Protection: 0
747595 [main] DEBUG org.apache.http.headers  - << X-XSS-Protection: 0
747595 [main] DEBUG org.apache.http.headers  - << X-XSS-Protection: 0
747595 [main] DEBUG org.apache.http.headers  - << X-XSS-Protection: 0
747596 [main] DEBUG org.apache.http.headers  - << Vary: Origin, Accept-Encoding
747596 [main] DEBUG org.apache.http.headers  - << Vary: Origin, Accept-Encoding
747596 [main] DEBUG org.apache.http.headers  - << Vary: Origin, Accept-Encoding
747596 [main] DEBUG org.apache.http.headers  - << Vary: Origin, Accept-Encoding
747596 [main] DEBUG org.apache.http.headers  - << Access-Control-Allow-Credentials: true
747596 [main] DEBUG org.apache.http.headers  - << Access-Control-Allow-Credentials: true
747596 [main] DEBUG org.apache.http.headers  - << Access-Control-Allow-Credentials: true
747596 [main] DEBUG org.apache.http.headers  - << Access-Control-Allow-Credentials: true
747596 [main] DEBUG org.apache.http.headers  - << Retry-After: 10
747596 [main] DEBUG org.apache.http.headers  - << Retry-After: 10
747596 [main] DEBUG org.apache.http.headers  - << Retry-After: 10
747596 [main] DEBUG org.apache.http.headers  - << Retry-After: 10
747596 [main] DEBUG org.apache.http.headers  - << X-RateLimit-Limit: 80
747596 [main] DEBUG org.apache.http.headers  - << X-RateLimit-Limit: 80
747596 [main] DEBUG org.apache.http.headers  - << X-RateLimit-Limit: 80
747596 [main] DEBUG org.apache.http.headers  - << X-RateLimit-Limit: 80
747596 [main] DEBUG org.apache.http.headers  - << X-RateLimit-Remaining: 79
747596 [main] DEBUG org.apache.http.headers  - << X-RateLimit-Remaining: 79
747596 [main] DEBUG org.apache.http.headers  - << X-RateLimit-Remaining: 79
747596 [main] DEBUG org.apache.http.headers  - << X-RateLimit-Remaining: 79
747596 [main] DEBUG org.apache.http.headers  - << X-RateLimit-Reset: Tue Sep 22 2020 09:06:28 GMT+0000 (Coordinated Universal Time)
747596 [main] DEBUG org.apache.http.headers  - << X-RateLimit-Reset: Tue Sep 22 2020 09:06:28 GMT+0000 (Coordinated Universal Time)
747596 [main] DEBUG org.apache.http.headers  - << X-RateLimit-Reset: Tue Sep 22 2020 09:06:28 GMT+0000 (Coordinated Universal Time)
747596 [main] DEBUG org.apache.http.headers  - << X-RateLimit-Reset: Tue Sep 22 2020 09:06:28 GMT+0000 (Coordinated Universal Time)
747596 [main] DEBUG org.apache.http.headers  - << Access-Control-Allow-Methods: GET, POST, OPTIONS
747596 [main] DEBUG org.apache.http.headers  - << Access-Control-Allow-Methods: GET, POST, OPTIONS
747596 [main] DEBUG org.apache.http.headers  - << Access-Control-Allow-Methods: GET, POST, OPTIONS
747596 [main] DEBUG org.apache.http.headers  - << Access-Control-Allow-Methods: GET, POST, OPTIONS
747596 [main] DEBUG org.apache.http.headers  - << Access-Control-Allow-Headers: DNT,X-CustomHeader,Keep-Alive,User-Agent,X-Requested-With,If-Modified-Since,Cache-Control,Content-Type,Content-Range,Range
747596 [main] DEBUG org.apache.http.headers  - << Access-Control-Allow-Headers: DNT,X-CustomHeader,Keep-Alive,User-Agent,X-Requested-With,If-Modified-Since,Cache-Control,Content-Type,Content-Range,Range
747596 [main] DEBUG org.apache.http.headers  - << Access-Control-Allow-Headers: DNT,X-CustomHeader,Keep-Alive,User-Agent,X-Requested-With,If-Modified-Since,Cache-Control,Content-Type,Content-Range,Range
747596 [main] DEBUG org.apache.http.headers  - << Access-Control-Allow-Headers: DNT,X-CustomHeader,Keep-Alive,User-Agent,X-Requested-With,If-Modified-Since,Cache-Control,Content-Type,Content-Range,Range
747596 [main] DEBUG org.apache.http.headers  - << Access-Control-Expose-Headers: DNT,X-CustomHeader,Keep-Alive,User-Agent,X-Requested-With,If-Modified-Since,Cache-Control,Content-Type,Content-Range,Range
747596 [main] DEBUG org.apache.http.headers  - << Access-Control-Expose-Headers: DNT,X-CustomHeader,Keep-Alive,User-Agent,X-Requested-With,If-Modified-Since,Cache-Control,Content-Type,Content-Range,Range
747596 [main] DEBUG org.apache.http.headers  - << Access-Control-Expose-Headers: DNT,X-CustomHeader,Keep-Alive,User-Agent,X-Requested-With,If-Modified-Since,Cache-Control,Content-Type,Content-Range,Range
747596 [main] DEBUG org.apache.http.headers  - << Access-Control-Expose-Headers: DNT,X-CustomHeader,Keep-Alive,User-Agent,X-Requested-With,If-Modified-Since,Cache-Control,Content-Type,Content-Range,Range
747596 [main] DEBUG org.apache.http.headers  - << Content-Encoding: gzip
747596 [main] DEBUG org.apache.http.headers  - << Content-Encoding: gzip
747596 [main] DEBUG org.apache.http.headers  - << Content-Encoding: gzip
747596 [main] DEBUG org.apache.http.headers  - << Content-Encoding: gzip
747596 [main] DEBUG org.apache.http.impl.client.DefaultHttpClient  - Connection can be kept alive indefinitely
747596 [main] DEBUG org.apache.http.impl.client.DefaultHttpClient  - Connection can be kept alive indefinitely
747596 [main] DEBUG org.apache.http.impl.client.DefaultHttpClient  - Connection can be kept alive indefinitely
747596 [main] DEBUG org.apache.http.impl.client.DefaultHttpClient  - Connection can be kept alive indefinitely
747597 [main] DEBUG io.restassured.internal.RequestSpecificationImpl$RestAssuredHttpBuilder  - Parsing response as: application/json; charset=utf-8
747597 [main] DEBUG io.restassured.internal.RequestSpecificationImpl$RestAssuredHttpBuilder  - Parsing response as: application/json; charset=utf-8
747597 [main] DEBUG io.restassured.internal.RequestSpecificationImpl$RestAssuredHttpBuilder  - Parsing response as: application/json; charset=utf-8
747597 [main] DEBUG io.restassured.internal.RequestSpecificationImpl$RestAssuredHttpBuilder  - Parsing response as: application/json; charset=utf-8
747597 [main] DEBUG org.apache.http.wire  -  << "5d[\r][\n]"
747597 [main] DEBUG org.apache.http.wire  -  << "5d[\r][\n]"
747597 [main] DEBUG org.apache.http.wire  -  << "5d[\r][\n]"
747597 [main] DEBUG org.apache.http.wire  -  << "5d[\r][\n]"
747597 [main] DEBUG org.apache.http.wire  -  << "[0x1f][0x8b][0x8][0x0][0x0][0x0][0x0][0x0][0x0][0x3][0xab]V[0xca]M-.NLOU[0xb2]R[0xf2]IMLQ([0xcf],[0xc9]P([0xc8][0xc8][0xcf]KU[0xc8]+[0xcd]MJ-RP[0xd7][0xb6]4[0xb4]064071[0xb1]47UWHI[0xcd]I-IMQ(.MN[0x6][0xea]M+[0xcd][0xc9][0xa9][0xd4]S[0xaa][0x5][0x0][0x15]{w[0x82]J[0x0][0x0][0x0]"
747597 [main] DEBUG org.apache.http.wire  -  << "[0x1f][0x8b][0x8][0x0][0x0][0x0][0x0][0x0][0x0][0x3][0xab]V[0xca]M-.NLOU[0xb2]R[0xf2]IMLQ([0xcf],[0xc9]P([0xc8][0xc8][0xcf]KU[0xc8]+[0xcd]MJ-RP[0xd7][0xb6]4[0xb4]064071[0xb1]47UWHI[0xcd]I-IMQ(.MN[0x6][0xea]M+[0xcd][0xc9][0xa9][0xd4]S[0xaa][0x5][0x0][0x15]{w[0x82]J[0x0][0x0][0x0]"
747597 [main] DEBUG org.apache.http.wire  -  << "[0x1f][0x8b][0x8][0x0][0x0][0x0][0x0][0x0][0x0][0x3][0xab]V[0xca]M-.NLOU[0xb2]R[0xf2]IMLQ([0xcf],[0xc9]P([0xc8][0xc8][0xcf]KU[0xc8]+[0xcd]MJ-RP[0xd7][0xb6]4[0xb4]064071[0xb1]47UWHI[0xcd]I-IMQ(.MN[0x6][0xea]M+[0xcd][0xc9][0xa9][0xd4]S[0xaa][0x5][0x0][0x15]{w[0x82]J[0x0][0x0][0x0]"
747597 [main] DEBUG org.apache.http.wire  -  << "[0x1f][0x8b][0x8][0x0][0x0][0x0][0x0][0x0][0x0][0x3][0xab]V[0xca]M-.NLOU[0xb2]R[0xf2]IMLQ([0xcf],[0xc9]P([0xc8][0xc8][0xcf]KU[0xc8]+[0xcd]MJ-RP[0xd7][0xb6]4[0xb4]064071[0xb1]47UWHI[0xcd]I-IMQ(.MN[0x6][0xea]M+[0xcd][0xc9][0xa9][0xd4]S[0xaa][0x5][0x0][0x15]{w[0x82]J[0x0][0x0][0x0]"
747597 [main] DEBUG org.apache.http.wire  -  << "[\r][\n]"
747597 [main] DEBUG org.apache.http.wire  -  << "[\r][\n]"
747597 [main] DEBUG org.apache.http.wire  -  << "[\r][\n]"
747597 [main] DEBUG org.apache.http.wire  -  << "[\r][\n]"
747597 [main] DEBUG org.apache.http.wire  -  << "0[\r][\n]"
747597 [main] DEBUG org.apache.http.wire  -  << "0[\r][\n]"
747597 [main] DEBUG org.apache.http.wire  -  << "0[\r][\n]"
747597 [main] DEBUG org.apache.http.wire  -  << "0[\r][\n]"
747597 [main] DEBUG org.apache.http.wire  -  << "[\r][\n]"
747597 [main] DEBUG org.apache.http.wire  -  << "[\r][\n]"
747597 [main] DEBUG org.apache.http.wire  -  << "[\r][\n]"
747597 [main] DEBUG org.apache.http.wire  -  << "[\r][\n]"
747597 [main] DEBUG io.restassured.internal.RequestSpecificationImpl$RestAssuredHttpBuilder  - Parsed data to instance of: class org.apache.http.conn.EofSensorInputStream
747597 [main] DEBUG io.restassured.internal.RequestSpecificationImpl$RestAssuredHttpBuilder  - Parsed data to instance of: class org.apache.http.conn.EofSensorInputStream
747597 [main] DEBUG io.restassured.internal.RequestSpecificationImpl$RestAssuredHttpBuilder  - Parsed data to instance of: class org.apache.http.conn.EofSensorInputStream
747597 [main] DEBUG io.restassured.internal.RequestSpecificationImpl$RestAssuredHttpBuilder  - Parsed data to instance of: class org.apache.http.conn.EofSensorInputStream
747601 [main] DEBUG org.apache.http.impl.conn.BasicClientConnectionManager  - Releasing connection org.apache.http.impl.conn.ManagedClientConnectionImpl@6babffb5
747601 [main] DEBUG org.apache.http.impl.conn.BasicClientConnectionManager  - Releasing connection org.apache.http.impl.conn.ManagedClientConnectionImpl@6babffb5
747601 [main] DEBUG org.apache.http.impl.conn.BasicClientConnectionManager  - Releasing connection org.apache.http.impl.conn.ManagedClientConnectionImpl@6babffb5
747601 [main] DEBUG org.apache.http.impl.conn.BasicClientConnectionManager  - Releasing connection org.apache.http.impl.conn.ManagedClientConnectionImpl@6babffb5
747601 [main] DEBUG org.apache.http.impl.conn.BasicClientConnectionManager  - Connection can be kept alive indefinitely
747601 [main] DEBUG org.apache.http.impl.conn.BasicClientConnectionManager  - Connection can be kept alive indefinitely
747601 [main] DEBUG org.apache.http.impl.conn.BasicClientConnectionManager  - Connection can be kept alive indefinitely
747601 [main] DEBUG org.apache.http.impl.conn.BasicClientConnectionManager  - Connection can be kept alive indefinitely
{
    "message": "Lead with phone number '+918310744975' deleted successfully."
}
{
    "message": "Lead with phone number '+918310744975' deleted successfully."
}]]></system-out>
  </testcase>
  <testcase name="NewUserSignupbookanpayatHospitalAppointmentWithFreeOpinion" classname="com.onco.webtests.NewUserIWantToTalkToAnOncologistWithCoupon" time="200.066"/>
  <testcase name="addResultForTestCase" classname="com.onco.webtests.NewUserIWantToTalkToAnOncologistWithCoupon" time="201.095">
    <failure message="&#10;Can inject only one of &lt;ITestContext, XmlTest&gt; into a @AfterClass annotated addResultForTestCase.&#10;For more information on native dependency injection please refer to http://testng.org/doc/documentation-main.html#native-dependency-injection" type="org.testng.TestNGException"><![CDATA[org.testng.TestNGException: 

Can inject only one of <ITestContext, XmlTest> into a @AfterClass annotated addResultForTestCase.
For more information on native dependency injection please refer to http://testng.org/doc/documentation-main.html#native-dependency-injection
]]></failure>
    <system-out><![CDATA[959615 [main] DEBUG org.apache.http.impl.conn.BasicClientConnectionManager  - Get connection for route {s}->https://backstage.onco.com:443
959615 [main] DEBUG org.apache.http.impl.conn.BasicClientConnectionManager  - Get connection for route {s}->https://backstage.onco.com:443
959615 [main] DEBUG org.apache.http.impl.conn.BasicClientConnectionManager  - Get connection for route {s}->https://backstage.onco.com:443
959615 [main] DEBUG org.apache.http.impl.conn.BasicClientConnectionManager  - Get connection for route {s}->https://backstage.onco.com:443
959615 [main] DEBUG org.apache.http.impl.conn.BasicClientConnectionManager  - Get connection for route {s}->https://backstage.onco.com:443
959671 [main] DEBUG org.apache.http.impl.conn.DefaultClientConnectionOperator  - Connecting to backstage.onco.com:443
959671 [main] DEBUG org.apache.http.impl.conn.DefaultClientConnectionOperator  - Connecting to backstage.onco.com:443
959671 [main] DEBUG org.apache.http.impl.conn.DefaultClientConnectionOperator  - Connecting to backstage.onco.com:443
959671 [main] DEBUG org.apache.http.impl.conn.DefaultClientConnectionOperator  - Connecting to backstage.onco.com:443
959671 [main] DEBUG org.apache.http.impl.conn.DefaultClientConnectionOperator  - Connecting to backstage.onco.com:443
960166 [main] DEBUG org.apache.http.client.protocol.RequestAddCookies  - CookieSpec selected: ignoreCookies
960166 [main] DEBUG org.apache.http.client.protocol.RequestAddCookies  - CookieSpec selected: ignoreCookies
960166 [main] DEBUG org.apache.http.client.protocol.RequestAddCookies  - CookieSpec selected: ignoreCookies
960166 [main] DEBUG org.apache.http.client.protocol.RequestAddCookies  - CookieSpec selected: ignoreCookies
960166 [main] DEBUG org.apache.http.client.protocol.RequestAddCookies  - CookieSpec selected: ignoreCookies
960166 [main] DEBUG org.apache.http.client.protocol.RequestAuthCache  - Auth cache not set in the context
960166 [main] DEBUG org.apache.http.client.protocol.RequestAuthCache  - Auth cache not set in the context
960166 [main] DEBUG org.apache.http.client.protocol.RequestAuthCache  - Auth cache not set in the context
960166 [main] DEBUG org.apache.http.client.protocol.RequestAuthCache  - Auth cache not set in the context
960166 [main] DEBUG org.apache.http.client.protocol.RequestAuthCache  - Auth cache not set in the context
960167 [main] DEBUG org.apache.http.client.protocol.RequestTargetAuthentication  - Target auth state: UNCHALLENGED
960167 [main] DEBUG org.apache.http.client.protocol.RequestTargetAuthentication  - Target auth state: UNCHALLENGED
960167 [main] DEBUG org.apache.http.client.protocol.RequestTargetAuthentication  - Target auth state: UNCHALLENGED
960167 [main] DEBUG org.apache.http.client.protocol.RequestTargetAuthentication  - Target auth state: UNCHALLENGED
960167 [main] DEBUG org.apache.http.client.protocol.RequestTargetAuthentication  - Target auth state: UNCHALLENGED
960167 [main] DEBUG org.apache.http.client.protocol.RequestProxyAuthentication  - Proxy auth state: UNCHALLENGED
960167 [main] DEBUG org.apache.http.client.protocol.RequestProxyAuthentication  - Proxy auth state: UNCHALLENGED
960167 [main] DEBUG org.apache.http.client.protocol.RequestProxyAuthentication  - Proxy auth state: UNCHALLENGED
960167 [main] DEBUG org.apache.http.client.protocol.RequestProxyAuthentication  - Proxy auth state: UNCHALLENGED
960167 [main] DEBUG org.apache.http.client.protocol.RequestProxyAuthentication  - Proxy auth state: UNCHALLENGED
960167 [main] DEBUG org.apache.http.impl.client.DefaultHttpClient  - Attempt 1 to execute request
960167 [main] DEBUG org.apache.http.impl.client.DefaultHttpClient  - Attempt 1 to execute request
960167 [main] DEBUG org.apache.http.impl.client.DefaultHttpClient  - Attempt 1 to execute request
960167 [main] DEBUG org.apache.http.impl.client.DefaultHttpClient  - Attempt 1 to execute request
960167 [main] DEBUG org.apache.http.impl.client.DefaultHttpClient  - Attempt 1 to execute request
960167 [main] DEBUG org.apache.http.impl.conn.DefaultClientConnection  - Sending request: POST /onco-auth/oapi/user-cred/remove-lead HTTP/1.1
960167 [main] DEBUG org.apache.http.impl.conn.DefaultClientConnection  - Sending request: POST /onco-auth/oapi/user-cred/remove-lead HTTP/1.1
960167 [main] DEBUG org.apache.http.impl.conn.DefaultClientConnection  - Sending request: POST /onco-auth/oapi/user-cred/remove-lead HTTP/1.1
960167 [main] DEBUG org.apache.http.impl.conn.DefaultClientConnection  - Sending request: POST /onco-auth/oapi/user-cred/remove-lead HTTP/1.1
960167 [main] DEBUG org.apache.http.impl.conn.DefaultClientConnection  - Sending request: POST /onco-auth/oapi/user-cred/remove-lead HTTP/1.1
960168 [main] DEBUG org.apache.http.wire  -  >> "POST /onco-auth/oapi/user-cred/remove-lead HTTP/1.1[\r][\n]"
960168 [main] DEBUG org.apache.http.wire  -  >> "POST /onco-auth/oapi/user-cred/remove-lead HTTP/1.1[\r][\n]"
960168 [main] DEBUG org.apache.http.wire  -  >> "POST /onco-auth/oapi/user-cred/remove-lead HTTP/1.1[\r][\n]"
960168 [main] DEBUG org.apache.http.wire  -  >> "POST /onco-auth/oapi/user-cred/remove-lead HTTP/1.1[\r][\n]"
960168 [main] DEBUG org.apache.http.wire  -  >> "POST /onco-auth/oapi/user-cred/remove-lead HTTP/1.1[\r][\n]"
960168 [main] DEBUG org.apache.http.wire  -  >> ":  [\r][\n]"
960168 [main] DEBUG org.apache.http.wire  -  >> ":  [\r][\n]"
960168 [main] DEBUG org.apache.http.wire  -  >> ":  [\r][\n]"
960168 [main] DEBUG org.apache.http.wire  -  >> ":  [\r][\n]"
960168 [main] DEBUG org.apache.http.wire  -  >> ":  [\r][\n]"
960168 [main] DEBUG org.apache.http.wire  -  >> "Accept: */*[\r][\n]"
960168 [main] DEBUG org.apache.http.wire  -  >> "Accept: */*[\r][\n]"
960168 [main] DEBUG org.apache.http.wire  -  >> "Accept: */*[\r][\n]"
960168 [main] DEBUG org.apache.http.wire  -  >> "Accept: */*[\r][\n]"
960168 [main] DEBUG org.apache.http.wire  -  >> "Accept: */*[\r][\n]"
960168 [main] DEBUG org.apache.http.wire  -  >> "Content-Type: application/json; charset=UTF-8[\r][\n]"
960168 [main] DEBUG org.apache.http.wire  -  >> "Content-Type: application/json; charset=UTF-8[\r][\n]"
960168 [main] DEBUG org.apache.http.wire  -  >> "Content-Type: application/json; charset=UTF-8[\r][\n]"
960168 [main] DEBUG org.apache.http.wire  -  >> "Content-Type: application/json; charset=UTF-8[\r][\n]"
960168 [main] DEBUG org.apache.http.wire  -  >> "Content-Type: application/json; charset=UTF-8[\r][\n]"
960169 [main] DEBUG org.apache.http.wire  -  >> "Content-Length: 83[\r][\n]"
960169 [main] DEBUG org.apache.http.wire  -  >> "Content-Length: 83[\r][\n]"
960169 [main] DEBUG org.apache.http.wire  -  >> "Content-Length: 83[\r][\n]"
960169 [main] DEBUG org.apache.http.wire  -  >> "Content-Length: 83[\r][\n]"
960169 [main] DEBUG org.apache.http.wire  -  >> "Content-Length: 83[\r][\n]"
960169 [main] DEBUG org.apache.http.wire  -  >> "Host: backstage.onco.com[\r][\n]"
960169 [main] DEBUG org.apache.http.wire  -  >> "Host: backstage.onco.com[\r][\n]"
960169 [main] DEBUG org.apache.http.wire  -  >> "Host: backstage.onco.com[\r][\n]"
960169 [main] DEBUG org.apache.http.wire  -  >> "Host: backstage.onco.com[\r][\n]"
960169 [main] DEBUG org.apache.http.wire  -  >> "Host: backstage.onco.com[\r][\n]"
960169 [main] DEBUG org.apache.http.wire  -  >> "Connection: Keep-Alive[\r][\n]"
960169 [main] DEBUG org.apache.http.wire  -  >> "Connection: Keep-Alive[\r][\n]"
960169 [main] DEBUG org.apache.http.wire  -  >> "Connection: Keep-Alive[\r][\n]"
960169 [main] DEBUG org.apache.http.wire  -  >> "Connection: Keep-Alive[\r][\n]"
960169 [main] DEBUG org.apache.http.wire  -  >> "Connection: Keep-Alive[\r][\n]"
960169 [main] DEBUG org.apache.http.wire  -  >> "User-Agent: Apache-HttpClient/4.5.5 (Java/1.8.0_231)[\r][\n]"
960169 [main] DEBUG org.apache.http.wire  -  >> "User-Agent: Apache-HttpClient/4.5.5 (Java/1.8.0_231)[\r][\n]"
960169 [main] DEBUG org.apache.http.wire  -  >> "User-Agent: Apache-HttpClient/4.5.5 (Java/1.8.0_231)[\r][\n]"
960169 [main] DEBUG org.apache.http.wire  -  >> "User-Agent: Apache-HttpClient/4.5.5 (Java/1.8.0_231)[\r][\n]"
960169 [main] DEBUG org.apache.http.wire  -  >> "User-Agent: Apache-HttpClient/4.5.5 (Java/1.8.0_231)[\r][\n]"
960169 [main] DEBUG org.apache.http.wire  -  >> "Accept-Encoding: gzip,deflate[\r][\n]"
960169 [main] DEBUG org.apache.http.wire  -  >> "Accept-Encoding: gzip,deflate[\r][\n]"
960169 [main] DEBUG org.apache.http.wire  -  >> "Accept-Encoding: gzip,deflate[\r][\n]"
960169 [main] DEBUG org.apache.http.wire  -  >> "Accept-Encoding: gzip,deflate[\r][\n]"
960169 [main] DEBUG org.apache.http.wire  -  >> "Accept-Encoding: gzip,deflate[\r][\n]"
960169 [main] DEBUG org.apache.http.wire  -  >> "[\r][\n]"
960169 [main] DEBUG org.apache.http.wire  -  >> "[\r][\n]"
960169 [main] DEBUG org.apache.http.wire  -  >> "[\r][\n]"
960169 [main] DEBUG org.apache.http.wire  -  >> "[\r][\n]"
960169 [main] DEBUG org.apache.http.wire  -  >> "[\r][\n]"
960170 [main] DEBUG org.apache.http.headers  - >> POST /onco-auth/oapi/user-cred/remove-lead HTTP/1.1
960170 [main] DEBUG org.apache.http.headers  - >> POST /onco-auth/oapi/user-cred/remove-lead HTTP/1.1
960170 [main] DEBUG org.apache.http.headers  - >> POST /onco-auth/oapi/user-cred/remove-lead HTTP/1.1
960170 [main] DEBUG org.apache.http.headers  - >> POST /onco-auth/oapi/user-cred/remove-lead HTTP/1.1
960170 [main] DEBUG org.apache.http.headers  - >> POST /onco-auth/oapi/user-cred/remove-lead HTTP/1.1
960170 [main] DEBUG org.apache.http.headers  - >> :  
960170 [main] DEBUG org.apache.http.headers  - >> :  
960170 [main] DEBUG org.apache.http.headers  - >> :  
960170 [main] DEBUG org.apache.http.headers  - >> :  
960170 [main] DEBUG org.apache.http.headers  - >> :  
960170 [main] DEBUG org.apache.http.headers  - >> Accept: */*
960170 [main] DEBUG org.apache.http.headers  - >> Accept: */*
960170 [main] DEBUG org.apache.http.headers  - >> Accept: */*
960170 [main] DEBUG org.apache.http.headers  - >> Accept: */*
960170 [main] DEBUG org.apache.http.headers  - >> Accept: */*
960170 [main] DEBUG org.apache.http.headers  - >> Content-Type: application/json; charset=UTF-8
960170 [main] DEBUG org.apache.http.headers  - >> Content-Type: application/json; charset=UTF-8
960170 [main] DEBUG org.apache.http.headers  - >> Content-Type: application/json; charset=UTF-8
960170 [main] DEBUG org.apache.http.headers  - >> Content-Type: application/json; charset=UTF-8
960170 [main] DEBUG org.apache.http.headers  - >> Content-Type: application/json; charset=UTF-8
960170 [main] DEBUG org.apache.http.headers  - >> Content-Length: 83
960170 [main] DEBUG org.apache.http.headers  - >> Content-Length: 83
960170 [main] DEBUG org.apache.http.headers  - >> Content-Length: 83
960170 [main] DEBUG org.apache.http.headers  - >> Content-Length: 83
960170 [main] DEBUG org.apache.http.headers  - >> Content-Length: 83
960170 [main] DEBUG org.apache.http.headers  - >> Host: backstage.onco.com
960170 [main] DEBUG org.apache.http.headers  - >> Host: backstage.onco.com
960170 [main] DEBUG org.apache.http.headers  - >> Host: backstage.onco.com
960170 [main] DEBUG org.apache.http.headers  - >> Host: backstage.onco.com
960170 [main] DEBUG org.apache.http.headers  - >> Host: backstage.onco.com
960171 [main] DEBUG org.apache.http.headers  - >> Connection: Keep-Alive
960171 [main] DEBUG org.apache.http.headers  - >> Connection: Keep-Alive
960171 [main] DEBUG org.apache.http.headers  - >> Connection: Keep-Alive
960171 [main] DEBUG org.apache.http.headers  - >> Connection: Keep-Alive
960171 [main] DEBUG org.apache.http.headers  - >> Connection: Keep-Alive
960171 [main] DEBUG org.apache.http.headers  - >> User-Agent: Apache-HttpClient/4.5.5 (Java/1.8.0_231)
960171 [main] DEBUG org.apache.http.headers  - >> User-Agent: Apache-HttpClient/4.5.5 (Java/1.8.0_231)
960171 [main] DEBUG org.apache.http.headers  - >> User-Agent: Apache-HttpClient/4.5.5 (Java/1.8.0_231)
960171 [main] DEBUG org.apache.http.headers  - >> User-Agent: Apache-HttpClient/4.5.5 (Java/1.8.0_231)
960171 [main] DEBUG org.apache.http.headers  - >> User-Agent: Apache-HttpClient/4.5.5 (Java/1.8.0_231)
960171 [main] DEBUG org.apache.http.headers  - >> Accept-Encoding: gzip,deflate
960171 [main] DEBUG org.apache.http.headers  - >> Accept-Encoding: gzip,deflate
960171 [main] DEBUG org.apache.http.headers  - >> Accept-Encoding: gzip,deflate
960171 [main] DEBUG org.apache.http.headers  - >> Accept-Encoding: gzip,deflate
960171 [main] DEBUG org.apache.http.headers  - >> Accept-Encoding: gzip,deflate
960171 [main] DEBUG org.apache.http.wire  -  >> "{[\n]"
960171 [main] DEBUG org.apache.http.wire  -  >> "{[\n]"
960171 [main] DEBUG org.apache.http.wire  -  >> "{[\n]"
960171 [main] DEBUG org.apache.http.wire  -  >> "{[\n]"
960171 [main] DEBUG org.apache.http.wire  -  >> "{[\n]"
960171 [main] DEBUG org.apache.http.wire  -  >> "    "phoneNumber": "+918310744975",[\n]"
960171 [main] DEBUG org.apache.http.wire  -  >> "    "phoneNumber": "+918310744975",[\n]"
960171 [main] DEBUG org.apache.http.wire  -  >> "    "phoneNumber": "+918310744975",[\n]"
960171 [main] DEBUG org.apache.http.wire  -  >> "    "phoneNumber": "+918310744975",[\n]"
960171 [main] DEBUG org.apache.http.wire  -  >> "    "phoneNumber": "+918310744975",[\n]"
960171 [main] DEBUG org.apache.http.wire  -  >> "    "leadDelSecKey": "Eno0nduK!tthakaPPa@1"[\n]"
960171 [main] DEBUG org.apache.http.wire  -  >> "    "leadDelSecKey": "Eno0nduK!tthakaPPa@1"[\n]"
960171 [main] DEBUG org.apache.http.wire  -  >> "    "leadDelSecKey": "Eno0nduK!tthakaPPa@1"[\n]"
960171 [main] DEBUG org.apache.http.wire  -  >> "    "leadDelSecKey": "Eno0nduK!tthakaPPa@1"[\n]"
960171 [main] DEBUG org.apache.http.wire  -  >> "    "leadDelSecKey": "Eno0nduK!tthakaPPa@1"[\n]"
960172 [main] DEBUG org.apache.http.wire  -  >> "}"
960172 [main] DEBUG org.apache.http.wire  -  >> "}"
960172 [main] DEBUG org.apache.http.wire  -  >> "}"
960172 [main] DEBUG org.apache.http.wire  -  >> "}"
960172 [main] DEBUG org.apache.http.wire  -  >> "}"
960405 [main] DEBUG org.apache.http.wire  -  << "HTTP/1.1 200 OK[\r][\n]"
960405 [main] DEBUG org.apache.http.wire  -  << "HTTP/1.1 200 OK[\r][\n]"
960405 [main] DEBUG org.apache.http.wire  -  << "HTTP/1.1 200 OK[\r][\n]"
960405 [main] DEBUG org.apache.http.wire  -  << "HTTP/1.1 200 OK[\r][\n]"
960405 [main] DEBUG org.apache.http.wire  -  << "HTTP/1.1 200 OK[\r][\n]"
960405 [main] DEBUG org.apache.http.wire  -  << "Server: nginx/1.14.0 (Ubuntu)[\r][\n]"
960405 [main] DEBUG org.apache.http.wire  -  << "Server: nginx/1.14.0 (Ubuntu)[\r][\n]"
960405 [main] DEBUG org.apache.http.wire  -  << "Server: nginx/1.14.0 (Ubuntu)[\r][\n]"
960405 [main] DEBUG org.apache.http.wire  -  << "Server: nginx/1.14.0 (Ubuntu)[\r][\n]"
960405 [main] DEBUG org.apache.http.wire  -  << "Server: nginx/1.14.0 (Ubuntu)[\r][\n]"
960406 [main] DEBUG org.apache.http.wire  -  << "Date: Tue, 22 Sep 2020 09:09:50 GMT[\r][\n]"
960406 [main] DEBUG org.apache.http.wire  -  << "Date: Tue, 22 Sep 2020 09:09:50 GMT[\r][\n]"
960406 [main] DEBUG org.apache.http.wire  -  << "Date: Tue, 22 Sep 2020 09:09:50 GMT[\r][\n]"
960406 [main] DEBUG org.apache.http.wire  -  << "Date: Tue, 22 Sep 2020 09:09:50 GMT[\r][\n]"
960406 [main] DEBUG org.apache.http.wire  -  << "Date: Tue, 22 Sep 2020 09:09:50 GMT[\r][\n]"
960406 [main] DEBUG org.apache.http.wire  -  << "Content-Type: application/json; charset=utf-8[\r][\n]"
960406 [main] DEBUG org.apache.http.wire  -  << "Content-Type: application/json; charset=utf-8[\r][\n]"
960406 [main] DEBUG org.apache.http.wire  -  << "Content-Type: application/json; charset=utf-8[\r][\n]"
960406 [main] DEBUG org.apache.http.wire  -  << "Content-Type: application/json; charset=utf-8[\r][\n]"
960406 [main] DEBUG org.apache.http.wire  -  << "Content-Type: application/json; charset=utf-8[\r][\n]"
960406 [main] DEBUG org.apache.http.wire  -  << "Transfer-Encoding: chunked[\r][\n]"
960406 [main] DEBUG org.apache.http.wire  -  << "Transfer-Encoding: chunked[\r][\n]"
960406 [main] DEBUG org.apache.http.wire  -  << "Transfer-Encoding: chunked[\r][\n]"
960406 [main] DEBUG org.apache.http.wire  -  << "Transfer-Encoding: chunked[\r][\n]"
960406 [main] DEBUG org.apache.http.wire  -  << "Transfer-Encoding: chunked[\r][\n]"
960406 [main] DEBUG org.apache.http.wire  -  << "Connection: keep-alive[\r][\n]"
960406 [main] DEBUG org.apache.http.wire  -  << "Connection: keep-alive[\r][\n]"
960406 [main] DEBUG org.apache.http.wire  -  << "Connection: keep-alive[\r][\n]"
960406 [main] DEBUG org.apache.http.wire  -  << "Connection: keep-alive[\r][\n]"
960406 [main] DEBUG org.apache.http.wire  -  << "Connection: keep-alive[\r][\n]"
960407 [main] DEBUG org.apache.http.wire  -  << "Content-Security-Policy: default-src 'self';base-uri 'self';block-all-mixed-content;font-src 'self' https: data:;frame-ancestors 'self';img-src 'self' data:;object-src 'none';script-src 'self';script-src-attr 'none';style-src 'self' https: 'unsafe-inline';upgrade-insecure-requests[\r][\n]"
960407 [main] DEBUG org.apache.http.wire  -  << "Content-Security-Policy: default-src 'self';base-uri 'self';block-all-mixed-content;font-src 'self' https: data:;frame-ancestors 'self';img-src 'self' data:;object-src 'none';script-src 'self';script-src-attr 'none';style-src 'self' https: 'unsafe-inline';upgrade-insecure-requests[\r][\n]"
960407 [main] DEBUG org.apache.http.wire  -  << "Content-Security-Policy: default-src 'self';base-uri 'self';block-all-mixed-content;font-src 'self' https: data:;frame-ancestors 'self';img-src 'self' data:;object-src 'none';script-src 'self';script-src-attr 'none';style-src 'self' https: 'unsafe-inline';upgrade-insecure-requests[\r][\n]"
960407 [main] DEBUG org.apache.http.wire  -  << "Content-Security-Policy: default-src 'self';base-uri 'self';block-all-mixed-content;font-src 'self' https: data:;frame-ancestors 'self';img-src 'self' data:;object-src 'none';script-src 'self';script-src-attr 'none';style-src 'self' https: 'unsafe-inline';upgrade-insecure-requests[\r][\n]"
960407 [main] DEBUG org.apache.http.wire  -  << "Content-Security-Policy: default-src 'self';base-uri 'self';block-all-mixed-content;font-src 'self' https: data:;frame-ancestors 'self';img-src 'self' data:;object-src 'none';script-src 'self';script-src-attr 'none';style-src 'self' https: 'unsafe-inline';upgrade-insecure-requests[\r][\n]"
960407 [main] DEBUG org.apache.http.wire  -  << "X-DNS-Prefetch-Control: off[\r][\n]"
960407 [main] DEBUG org.apache.http.wire  -  << "X-DNS-Prefetch-Control: off[\r][\n]"
960407 [main] DEBUG org.apache.http.wire  -  << "X-DNS-Prefetch-Control: off[\r][\n]"
960407 [main] DEBUG org.apache.http.wire  -  << "X-DNS-Prefetch-Control: off[\r][\n]"
960407 [main] DEBUG org.apache.http.wire  -  << "X-DNS-Prefetch-Control: off[\r][\n]"
960407 [main] DEBUG org.apache.http.wire  -  << "Expect-CT: max-age=0[\r][\n]"
960407 [main] DEBUG org.apache.http.wire  -  << "Expect-CT: max-age=0[\r][\n]"
960407 [main] DEBUG org.apache.http.wire  -  << "Expect-CT: max-age=0[\r][\n]"
960407 [main] DEBUG org.apache.http.wire  -  << "Expect-CT: max-age=0[\r][\n]"
960407 [main] DEBUG org.apache.http.wire  -  << "Expect-CT: max-age=0[\r][\n]"
960407 [main] DEBUG org.apache.http.wire  -  << "X-Frame-Options: SAMEORIGIN[\r][\n]"
960407 [main] DEBUG org.apache.http.wire  -  << "X-Frame-Options: SAMEORIGIN[\r][\n]"
960407 [main] DEBUG org.apache.http.wire  -  << "X-Frame-Options: SAMEORIGIN[\r][\n]"
960407 [main] DEBUG org.apache.http.wire  -  << "X-Frame-Options: SAMEORIGIN[\r][\n]"
960407 [main] DEBUG org.apache.http.wire  -  << "X-Frame-Options: SAMEORIGIN[\r][\n]"
960407 [main] DEBUG org.apache.http.wire  -  << "X-Download-Options: noopen[\r][\n]"
960407 [main] DEBUG org.apache.http.wire  -  << "X-Download-Options: noopen[\r][\n]"
960407 [main] DEBUG org.apache.http.wire  -  << "X-Download-Options: noopen[\r][\n]"
960407 [main] DEBUG org.apache.http.wire  -  << "X-Download-Options: noopen[\r][\n]"
960407 [main] DEBUG org.apache.http.wire  -  << "X-Download-Options: noopen[\r][\n]"
960407 [main] DEBUG org.apache.http.wire  -  << "X-Content-Type-Options: nosniff[\r][\n]"
960407 [main] DEBUG org.apache.http.wire  -  << "X-Content-Type-Options: nosniff[\r][\n]"
960407 [main] DEBUG org.apache.http.wire  -  << "X-Content-Type-Options: nosniff[\r][\n]"
960407 [main] DEBUG org.apache.http.wire  -  << "X-Content-Type-Options: nosniff[\r][\n]"
960407 [main] DEBUG org.apache.http.wire  -  << "X-Content-Type-Options: nosniff[\r][\n]"
960408 [main] DEBUG org.apache.http.wire  -  << "X-Permitted-Cross-Domain-Policies: none[\r][\n]"
960408 [main] DEBUG org.apache.http.wire  -  << "X-Permitted-Cross-Domain-Policies: none[\r][\n]"
960408 [main] DEBUG org.apache.http.wire  -  << "X-Permitted-Cross-Domain-Policies: none[\r][\n]"
960408 [main] DEBUG org.apache.http.wire  -  << "X-Permitted-Cross-Domain-Policies: none[\r][\n]"
960408 [main] DEBUG org.apache.http.wire  -  << "X-Permitted-Cross-Domain-Policies: none[\r][\n]"
960408 [main] DEBUG org.apache.http.wire  -  << "Referrer-Policy: no-referrer[\r][\n]"
960408 [main] DEBUG org.apache.http.wire  -  << "Referrer-Policy: no-referrer[\r][\n]"
960408 [main] DEBUG org.apache.http.wire  -  << "Referrer-Policy: no-referrer[\r][\n]"
960408 [main] DEBUG org.apache.http.wire  -  << "Referrer-Policy: no-referrer[\r][\n]"
960408 [main] DEBUG org.apache.http.wire  -  << "Referrer-Policy: no-referrer[\r][\n]"
960408 [main] DEBUG org.apache.http.wire  -  << "X-XSS-Protection: 0[\r][\n]"
960408 [main] DEBUG org.apache.http.wire  -  << "X-XSS-Protection: 0[\r][\n]"
960408 [main] DEBUG org.apache.http.wire  -  << "X-XSS-Protection: 0[\r][\n]"
960408 [main] DEBUG org.apache.http.wire  -  << "X-XSS-Protection: 0[\r][\n]"
960408 [main] DEBUG org.apache.http.wire  -  << "X-XSS-Protection: 0[\r][\n]"
960408 [main] DEBUG org.apache.http.wire  -  << "Vary: Origin, Accept-Encoding[\r][\n]"
960408 [main] DEBUG org.apache.http.wire  -  << "Vary: Origin, Accept-Encoding[\r][\n]"
960408 [main] DEBUG org.apache.http.wire  -  << "Vary: Origin, Accept-Encoding[\r][\n]"
960408 [main] DEBUG org.apache.http.wire  -  << "Vary: Origin, Accept-Encoding[\r][\n]"
960408 [main] DEBUG org.apache.http.wire  -  << "Vary: Origin, Accept-Encoding[\r][\n]"
960408 [main] DEBUG org.apache.http.wire  -  << "Access-Control-Allow-Credentials: true[\r][\n]"
960408 [main] DEBUG org.apache.http.wire  -  << "Access-Control-Allow-Credentials: true[\r][\n]"
960408 [main] DEBUG org.apache.http.wire  -  << "Access-Control-Allow-Credentials: true[\r][\n]"
960408 [main] DEBUG org.apache.http.wire  -  << "Access-Control-Allow-Credentials: true[\r][\n]"
960408 [main] DEBUG org.apache.http.wire  -  << "Access-Control-Allow-Credentials: true[\r][\n]"
960408 [main] DEBUG org.apache.http.wire  -  << "Retry-After: 10[\r][\n]"
960408 [main] DEBUG org.apache.http.wire  -  << "Retry-After: 10[\r][\n]"
960408 [main] DEBUG org.apache.http.wire  -  << "Retry-After: 10[\r][\n]"
960408 [main] DEBUG org.apache.http.wire  -  << "Retry-After: 10[\r][\n]"
960408 [main] DEBUG org.apache.http.wire  -  << "Retry-After: 10[\r][\n]"
960408 [main] DEBUG org.apache.http.wire  -  << "X-RateLimit-Limit: 80[\r][\n]"
960408 [main] DEBUG org.apache.http.wire  -  << "X-RateLimit-Limit: 80[\r][\n]"
960408 [main] DEBUG org.apache.http.wire  -  << "X-RateLimit-Limit: 80[\r][\n]"
960408 [main] DEBUG org.apache.http.wire  -  << "X-RateLimit-Limit: 80[\r][\n]"
960408 [main] DEBUG org.apache.http.wire  -  << "X-RateLimit-Limit: 80[\r][\n]"
960408 [main] DEBUG org.apache.http.wire  -  << "X-RateLimit-Remaining: 79[\r][\n]"
960408 [main] DEBUG org.apache.http.wire  -  << "X-RateLimit-Remaining: 79[\r][\n]"
960408 [main] DEBUG org.apache.http.wire  -  << "X-RateLimit-Remaining: 79[\r][\n]"
960408 [main] DEBUG org.apache.http.wire  -  << "X-RateLimit-Remaining: 79[\r][\n]"
960408 [main] DEBUG org.apache.http.wire  -  << "X-RateLimit-Remaining: 79[\r][\n]"
960408 [main] DEBUG org.apache.http.wire  -  << "X-RateLimit-Reset: Tue Sep 22 2020 09:10:00 GMT+0000 (Coordinated Universal Time)[\r][\n]"
960408 [main] DEBUG org.apache.http.wire  -  << "X-RateLimit-Reset: Tue Sep 22 2020 09:10:00 GMT+0000 (Coordinated Universal Time)[\r][\n]"
960408 [main] DEBUG org.apache.http.wire  -  << "X-RateLimit-Reset: Tue Sep 22 2020 09:10:00 GMT+0000 (Coordinated Universal Time)[\r][\n]"
960408 [main] DEBUG org.apache.http.wire  -  << "X-RateLimit-Reset: Tue Sep 22 2020 09:10:00 GMT+0000 (Coordinated Universal Time)[\r][\n]"
960408 [main] DEBUG org.apache.http.wire  -  << "X-RateLimit-Reset: Tue Sep 22 2020 09:10:00 GMT+0000 (Coordinated Universal Time)[\r][\n]"
960408 [main] DEBUG org.apache.http.wire  -  << "Access-Control-Allow-Methods: GET, POST, OPTIONS[\r][\n]"
960408 [main] DEBUG org.apache.http.wire  -  << "Access-Control-Allow-Methods: GET, POST, OPTIONS[\r][\n]"
960408 [main] DEBUG org.apache.http.wire  -  << "Access-Control-Allow-Methods: GET, POST, OPTIONS[\r][\n]"
960408 [main] DEBUG org.apache.http.wire  -  << "Access-Control-Allow-Methods: GET, POST, OPTIONS[\r][\n]"
960408 [main] DEBUG org.apache.http.wire  -  << "Access-Control-Allow-Methods: GET, POST, OPTIONS[\r][\n]"
960409 [main] DEBUG org.apache.http.wire  -  << "Access-Control-Allow-Headers: DNT,X-CustomHeader,Keep-Alive,User-Agent,X-Requested-With,If-Modified-Since,Cache-Control,Content-Type,Content-Range,Range[\r][\n]"
960409 [main] DEBUG org.apache.http.wire  -  << "Access-Control-Allow-Headers: DNT,X-CustomHeader,Keep-Alive,User-Agent,X-Requested-With,If-Modified-Since,Cache-Control,Content-Type,Content-Range,Range[\r][\n]"
960409 [main] DEBUG org.apache.http.wire  -  << "Access-Control-Allow-Headers: DNT,X-CustomHeader,Keep-Alive,User-Agent,X-Requested-With,If-Modified-Since,Cache-Control,Content-Type,Content-Range,Range[\r][\n]"
960409 [main] DEBUG org.apache.http.wire  -  << "Access-Control-Allow-Headers: DNT,X-CustomHeader,Keep-Alive,User-Agent,X-Requested-With,If-Modified-Since,Cache-Control,Content-Type,Content-Range,Range[\r][\n]"
960409 [main] DEBUG org.apache.http.wire  -  << "Access-Control-Allow-Headers: DNT,X-CustomHeader,Keep-Alive,User-Agent,X-Requested-With,If-Modified-Since,Cache-Control,Content-Type,Content-Range,Range[\r][\n]"
960409 [main] DEBUG org.apache.http.wire  -  << "Access-Control-Expose-Headers: DNT,X-CustomHeader,Keep-Alive,User-Agent,X-Requested-With,If-Modified-Since,Cache-Control,Content-Type,Content-Range,Range[\r][\n]"
960409 [main] DEBUG org.apache.http.wire  -  << "Access-Control-Expose-Headers: DNT,X-CustomHeader,Keep-Alive,User-Agent,X-Requested-With,If-Modified-Since,Cache-Control,Content-Type,Content-Range,Range[\r][\n]"
960409 [main] DEBUG org.apache.http.wire  -  << "Access-Control-Expose-Headers: DNT,X-CustomHeader,Keep-Alive,User-Agent,X-Requested-With,If-Modified-Since,Cache-Control,Content-Type,Content-Range,Range[\r][\n]"
960409 [main] DEBUG org.apache.http.wire  -  << "Access-Control-Expose-Headers: DNT,X-CustomHeader,Keep-Alive,User-Agent,X-Requested-With,If-Modified-Since,Cache-Control,Content-Type,Content-Range,Range[\r][\n]"
960409 [main] DEBUG org.apache.http.wire  -  << "Access-Control-Expose-Headers: DNT,X-CustomHeader,Keep-Alive,User-Agent,X-Requested-With,If-Modified-Since,Cache-Control,Content-Type,Content-Range,Range[\r][\n]"
960409 [main] DEBUG org.apache.http.wire  -  << "Content-Encoding: gzip[\r][\n]"
960409 [main] DEBUG org.apache.http.wire  -  << "Content-Encoding: gzip[\r][\n]"
960409 [main] DEBUG org.apache.http.wire  -  << "Content-Encoding: gzip[\r][\n]"
960409 [main] DEBUG org.apache.http.wire  -  << "Content-Encoding: gzip[\r][\n]"
960409 [main] DEBUG org.apache.http.wire  -  << "Content-Encoding: gzip[\r][\n]"
960409 [main] DEBUG org.apache.http.wire  -  << "[\r][\n]"
960409 [main] DEBUG org.apache.http.wire  -  << "[\r][\n]"
960409 [main] DEBUG org.apache.http.wire  -  << "[\r][\n]"
960409 [main] DEBUG org.apache.http.wire  -  << "[\r][\n]"
960409 [main] DEBUG org.apache.http.wire  -  << "[\r][\n]"
960409 [main] DEBUG org.apache.http.impl.conn.DefaultClientConnection  - Receiving response: HTTP/1.1 200 OK
960409 [main] DEBUG org.apache.http.impl.conn.DefaultClientConnection  - Receiving response: HTTP/1.1 200 OK
960409 [main] DEBUG org.apache.http.impl.conn.DefaultClientConnection  - Receiving response: HTTP/1.1 200 OK
960409 [main] DEBUG org.apache.http.impl.conn.DefaultClientConnection  - Receiving response: HTTP/1.1 200 OK
960409 [main] DEBUG org.apache.http.impl.conn.DefaultClientConnection  - Receiving response: HTTP/1.1 200 OK
960409 [main] DEBUG org.apache.http.headers  - << HTTP/1.1 200 OK
960409 [main] DEBUG org.apache.http.headers  - << HTTP/1.1 200 OK
960409 [main] DEBUG org.apache.http.headers  - << HTTP/1.1 200 OK
960409 [main] DEBUG org.apache.http.headers  - << HTTP/1.1 200 OK
960409 [main] DEBUG org.apache.http.headers  - << HTTP/1.1 200 OK
960409 [main] DEBUG org.apache.http.headers  - << Server: nginx/1.14.0 (Ubuntu)
960409 [main] DEBUG org.apache.http.headers  - << Server: nginx/1.14.0 (Ubuntu)
960409 [main] DEBUG org.apache.http.headers  - << Server: nginx/1.14.0 (Ubuntu)
960409 [main] DEBUG org.apache.http.headers  - << Server: nginx/1.14.0 (Ubuntu)
960409 [main] DEBUG org.apache.http.headers  - << Server: nginx/1.14.0 (Ubuntu)
960409 [main] DEBUG org.apache.http.headers  - << Date: Tue, 22 Sep 2020 09:09:50 GMT
960409 [main] DEBUG org.apache.http.headers  - << Date: Tue, 22 Sep 2020 09:09:50 GMT
960409 [main] DEBUG org.apache.http.headers  - << Date: Tue, 22 Sep 2020 09:09:50 GMT
960409 [main] DEBUG org.apache.http.headers  - << Date: Tue, 22 Sep 2020 09:09:50 GMT
960409 [main] DEBUG org.apache.http.headers  - << Date: Tue, 22 Sep 2020 09:09:50 GMT
960409 [main] DEBUG org.apache.http.headers  - << Content-Type: application/json; charset=utf-8
960409 [main] DEBUG org.apache.http.headers  - << Content-Type: application/json; charset=utf-8
960409 [main] DEBUG org.apache.http.headers  - << Content-Type: application/json; charset=utf-8
960409 [main] DEBUG org.apache.http.headers  - << Content-Type: application/json; charset=utf-8
960409 [main] DEBUG org.apache.http.headers  - << Content-Type: application/json; charset=utf-8
960409 [main] DEBUG org.apache.http.headers  - << Transfer-Encoding: chunked
960409 [main] DEBUG org.apache.http.headers  - << Transfer-Encoding: chunked
960409 [main] DEBUG org.apache.http.headers  - << Transfer-Encoding: chunked
960409 [main] DEBUG org.apache.http.headers  - << Transfer-Encoding: chunked
960409 [main] DEBUG org.apache.http.headers  - << Transfer-Encoding: chunked
960409 [main] DEBUG org.apache.http.headers  - << Connection: keep-alive
960409 [main] DEBUG org.apache.http.headers  - << Connection: keep-alive
960409 [main] DEBUG org.apache.http.headers  - << Connection: keep-alive
960409 [main] DEBUG org.apache.http.headers  - << Connection: keep-alive
960409 [main] DEBUG org.apache.http.headers  - << Connection: keep-alive
960409 [main] DEBUG org.apache.http.headers  - << Content-Security-Policy: default-src 'self';base-uri 'self';block-all-mixed-content;font-src 'self' https: data:;frame-ancestors 'self';img-src 'self' data:;object-src 'none';script-src 'self';script-src-attr 'none';style-src 'self' https: 'unsafe-inline';upgrade-insecure-requests
960409 [main] DEBUG org.apache.http.headers  - << Content-Security-Policy: default-src 'self';base-uri 'self';block-all-mixed-content;font-src 'self' https: data:;frame-ancestors 'self';img-src 'self' data:;object-src 'none';script-src 'self';script-src-attr 'none';style-src 'self' https: 'unsafe-inline';upgrade-insecure-requests
960409 [main] DEBUG org.apache.http.headers  - << Content-Security-Policy: default-src 'self';base-uri 'self';block-all-mixed-content;font-src 'self' https: data:;frame-ancestors 'self';img-src 'self' data:;object-src 'none';script-src 'self';script-src-attr 'none';style-src 'self' https: 'unsafe-inline';upgrade-insecure-requests
960409 [main] DEBUG org.apache.http.headers  - << Content-Security-Policy: default-src 'self';base-uri 'self';block-all-mixed-content;font-src 'self' https: data:;frame-ancestors 'self';img-src 'self' data:;object-src 'none';script-src 'self';script-src-attr 'none';style-src 'self' https: 'unsafe-inline';upgrade-insecure-requests
960409 [main] DEBUG org.apache.http.headers  - << Content-Security-Policy: default-src 'self';base-uri 'self';block-all-mixed-content;font-src 'self' https: data:;frame-ancestors 'self';img-src 'self' data:;object-src 'none';script-src 'self';script-src-attr 'none';style-src 'self' https: 'unsafe-inline';upgrade-insecure-requests
960410 [main] DEBUG org.apache.http.headers  - << X-DNS-Prefetch-Control: off
960410 [main] DEBUG org.apache.http.headers  - << X-DNS-Prefetch-Control: off
960410 [main] DEBUG org.apache.http.headers  - << X-DNS-Prefetch-Control: off
960410 [main] DEBUG org.apache.http.headers  - << X-DNS-Prefetch-Control: off
960410 [main] DEBUG org.apache.http.headers  - << X-DNS-Prefetch-Control: off
960410 [main] DEBUG org.apache.http.headers  - << Expect-CT: max-age=0
960410 [main] DEBUG org.apache.http.headers  - << Expect-CT: max-age=0
960410 [main] DEBUG org.apache.http.headers  - << Expect-CT: max-age=0
960410 [main] DEBUG org.apache.http.headers  - << Expect-CT: max-age=0
960410 [main] DEBUG org.apache.http.headers  - << Expect-CT: max-age=0
960410 [main] DEBUG org.apache.http.headers  - << X-Frame-Options: SAMEORIGIN
960410 [main] DEBUG org.apache.http.headers  - << X-Frame-Options: SAMEORIGIN
960410 [main] DEBUG org.apache.http.headers  - << X-Frame-Options: SAMEORIGIN
960410 [main] DEBUG org.apache.http.headers  - << X-Frame-Options: SAMEORIGIN
960410 [main] DEBUG org.apache.http.headers  - << X-Frame-Options: SAMEORIGIN
960441 [main] DEBUG org.apache.http.headers  - << X-Download-Options: noopen
960441 [main] DEBUG org.apache.http.headers  - << X-Download-Options: noopen
960441 [main] DEBUG org.apache.http.headers  - << X-Download-Options: noopen
960441 [main] DEBUG org.apache.http.headers  - << X-Download-Options: noopen
960441 [main] DEBUG org.apache.http.headers  - << X-Download-Options: noopen
960441 [main] DEBUG org.apache.http.headers  - << X-Content-Type-Options: nosniff
960441 [main] DEBUG org.apache.http.headers  - << X-Content-Type-Options: nosniff
960441 [main] DEBUG org.apache.http.headers  - << X-Content-Type-Options: nosniff
960441 [main] DEBUG org.apache.http.headers  - << X-Content-Type-Options: nosniff
960441 [main] DEBUG org.apache.http.headers  - << X-Content-Type-Options: nosniff
960441 [main] DEBUG org.apache.http.headers  - << X-Permitted-Cross-Domain-Policies: none
960441 [main] DEBUG org.apache.http.headers  - << X-Permitted-Cross-Domain-Policies: none
960441 [main] DEBUG org.apache.http.headers  - << X-Permitted-Cross-Domain-Policies: none
960441 [main] DEBUG org.apache.http.headers  - << X-Permitted-Cross-Domain-Policies: none
960441 [main] DEBUG org.apache.http.headers  - << X-Permitted-Cross-Domain-Policies: none
960441 [main] DEBUG org.apache.http.headers  - << Referrer-Policy: no-referrer
960441 [main] DEBUG org.apache.http.headers  - << Referrer-Policy: no-referrer
960441 [main] DEBUG org.apache.http.headers  - << Referrer-Policy: no-referrer
960441 [main] DEBUG org.apache.http.headers  - << Referrer-Policy: no-referrer
960441 [main] DEBUG org.apache.http.headers  - << Referrer-Policy: no-referrer
960441 [main] DEBUG org.apache.http.headers  - << X-XSS-Protection: 0
960441 [main] DEBUG org.apache.http.headers  - << X-XSS-Protection: 0
960441 [main] DEBUG org.apache.http.headers  - << X-XSS-Protection: 0
960441 [main] DEBUG org.apache.http.headers  - << X-XSS-Protection: 0
960441 [main] DEBUG org.apache.http.headers  - << X-XSS-Protection: 0
960441 [main] DEBUG org.apache.http.headers  - << Vary: Origin, Accept-Encoding
960441 [main] DEBUG org.apache.http.headers  - << Vary: Origin, Accept-Encoding
960441 [main] DEBUG org.apache.http.headers  - << Vary: Origin, Accept-Encoding
960441 [main] DEBUG org.apache.http.headers  - << Vary: Origin, Accept-Encoding
960441 [main] DEBUG org.apache.http.headers  - << Vary: Origin, Accept-Encoding
960441 [main] DEBUG org.apache.http.headers  - << Access-Control-Allow-Credentials: true
960441 [main] DEBUG org.apache.http.headers  - << Access-Control-Allow-Credentials: true
960441 [main] DEBUG org.apache.http.headers  - << Access-Control-Allow-Credentials: true
960441 [main] DEBUG org.apache.http.headers  - << Access-Control-Allow-Credentials: true
960441 [main] DEBUG org.apache.http.headers  - << Access-Control-Allow-Credentials: true
960441 [main] DEBUG org.apache.http.headers  - << Retry-After: 10
960441 [main] DEBUG org.apache.http.headers  - << Retry-After: 10
960441 [main] DEBUG org.apache.http.headers  - << Retry-After: 10
960441 [main] DEBUG org.apache.http.headers  - << Retry-After: 10
960441 [main] DEBUG org.apache.http.headers  - << Retry-After: 10
960441 [main] DEBUG org.apache.http.headers  - << X-RateLimit-Limit: 80
960441 [main] DEBUG org.apache.http.headers  - << X-RateLimit-Limit: 80
960441 [main] DEBUG org.apache.http.headers  - << X-RateLimit-Limit: 80
960441 [main] DEBUG org.apache.http.headers  - << X-RateLimit-Limit: 80
960441 [main] DEBUG org.apache.http.headers  - << X-RateLimit-Limit: 80
960441 [main] DEBUG org.apache.http.headers  - << X-RateLimit-Remaining: 79
960441 [main] DEBUG org.apache.http.headers  - << X-RateLimit-Remaining: 79
960441 [main] DEBUG org.apache.http.headers  - << X-RateLimit-Remaining: 79
960441 [main] DEBUG org.apache.http.headers  - << X-RateLimit-Remaining: 79
960441 [main] DEBUG org.apache.http.headers  - << X-RateLimit-Remaining: 79
960441 [main] DEBUG org.apache.http.headers  - << X-RateLimit-Reset: Tue Sep 22 2020 09:10:00 GMT+0000 (Coordinated Universal Time)
960441 [main] DEBUG org.apache.http.headers  - << X-RateLimit-Reset: Tue Sep 22 2020 09:10:00 GMT+0000 (Coordinated Universal Time)
960441 [main] DEBUG org.apache.http.headers  - << X-RateLimit-Reset: Tue Sep 22 2020 09:10:00 GMT+0000 (Coordinated Universal Time)
960441 [main] DEBUG org.apache.http.headers  - << X-RateLimit-Reset: Tue Sep 22 2020 09:10:00 GMT+0000 (Coordinated Universal Time)
960441 [main] DEBUG org.apache.http.headers  - << X-RateLimit-Reset: Tue Sep 22 2020 09:10:00 GMT+0000 (Coordinated Universal Time)
960442 [main] DEBUG org.apache.http.headers  - << Access-Control-Allow-Methods: GET, POST, OPTIONS
960442 [main] DEBUG org.apache.http.headers  - << Access-Control-Allow-Methods: GET, POST, OPTIONS
960442 [main] DEBUG org.apache.http.headers  - << Access-Control-Allow-Methods: GET, POST, OPTIONS
960442 [main] DEBUG org.apache.http.headers  - << Access-Control-Allow-Methods: GET, POST, OPTIONS
960442 [main] DEBUG org.apache.http.headers  - << Access-Control-Allow-Methods: GET, POST, OPTIONS
960442 [main] DEBUG org.apache.http.headers  - << Access-Control-Allow-Headers: DNT,X-CustomHeader,Keep-Alive,User-Agent,X-Requested-With,If-Modified-Since,Cache-Control,Content-Type,Content-Range,Range
960442 [main] DEBUG org.apache.http.headers  - << Access-Control-Allow-Headers: DNT,X-CustomHeader,Keep-Alive,User-Agent,X-Requested-With,If-Modified-Since,Cache-Control,Content-Type,Content-Range,Range
960442 [main] DEBUG org.apache.http.headers  - << Access-Control-Allow-Headers: DNT,X-CustomHeader,Keep-Alive,User-Agent,X-Requested-With,If-Modified-Since,Cache-Control,Content-Type,Content-Range,Range
960442 [main] DEBUG org.apache.http.headers  - << Access-Control-Allow-Headers: DNT,X-CustomHeader,Keep-Alive,User-Agent,X-Requested-With,If-Modified-Since,Cache-Control,Content-Type,Content-Range,Range
960442 [main] DEBUG org.apache.http.headers  - << Access-Control-Allow-Headers: DNT,X-CustomHeader,Keep-Alive,User-Agent,X-Requested-With,If-Modified-Since,Cache-Control,Content-Type,Content-Range,Range
960442 [main] DEBUG org.apache.http.headers  - << Access-Control-Expose-Headers: DNT,X-CustomHeader,Keep-Alive,User-Agent,X-Requested-With,If-Modified-Since,Cache-Control,Content-Type,Content-Range,Range
960442 [main] DEBUG org.apache.http.headers  - << Access-Control-Expose-Headers: DNT,X-CustomHeader,Keep-Alive,User-Agent,X-Requested-With,If-Modified-Since,Cache-Control,Content-Type,Content-Range,Range
960442 [main] DEBUG org.apache.http.headers  - << Access-Control-Expose-Headers: DNT,X-CustomHeader,Keep-Alive,User-Agent,X-Requested-With,If-Modified-Since,Cache-Control,Content-Type,Content-Range,Range
960442 [main] DEBUG org.apache.http.headers  - << Access-Control-Expose-Headers: DNT,X-CustomHeader,Keep-Alive,User-Agent,X-Requested-With,If-Modified-Since,Cache-Control,Content-Type,Content-Range,Range
960442 [main] DEBUG org.apache.http.headers  - << Access-Control-Expose-Headers: DNT,X-CustomHeader,Keep-Alive,User-Agent,X-Requested-With,If-Modified-Since,Cache-Control,Content-Type,Content-Range,Range
960442 [main] DEBUG org.apache.http.headers  - << Content-Encoding: gzip
960442 [main] DEBUG org.apache.http.headers  - << Content-Encoding: gzip
960442 [main] DEBUG org.apache.http.headers  - << Content-Encoding: gzip
960442 [main] DEBUG org.apache.http.headers  - << Content-Encoding: gzip
960442 [main] DEBUG org.apache.http.headers  - << Content-Encoding: gzip
960442 [main] DEBUG org.apache.http.impl.client.DefaultHttpClient  - Connection can be kept alive indefinitely
960442 [main] DEBUG org.apache.http.impl.client.DefaultHttpClient  - Connection can be kept alive indefinitely
960442 [main] DEBUG org.apache.http.impl.client.DefaultHttpClient  - Connection can be kept alive indefinitely
960442 [main] DEBUG org.apache.http.impl.client.DefaultHttpClient  - Connection can be kept alive indefinitely
960442 [main] DEBUG org.apache.http.impl.client.DefaultHttpClient  - Connection can be kept alive indefinitely
960442 [main] DEBUG io.restassured.internal.RequestSpecificationImpl$RestAssuredHttpBuilder  - Parsing response as: application/json; charset=utf-8
960442 [main] DEBUG io.restassured.internal.RequestSpecificationImpl$RestAssuredHttpBuilder  - Parsing response as: application/json; charset=utf-8
960442 [main] DEBUG io.restassured.internal.RequestSpecificationImpl$RestAssuredHttpBuilder  - Parsing response as: application/json; charset=utf-8
960442 [main] DEBUG io.restassured.internal.RequestSpecificationImpl$RestAssuredHttpBuilder  - Parsing response as: application/json; charset=utf-8
960442 [main] DEBUG io.restassured.internal.RequestSpecificationImpl$RestAssuredHttpBuilder  - Parsing response as: application/json; charset=utf-8
960442 [main] DEBUG org.apache.http.wire  -  << "5d[\r][\n]"
960442 [main] DEBUG org.apache.http.wire  -  << "5d[\r][\n]"
960442 [main] DEBUG org.apache.http.wire  -  << "5d[\r][\n]"
960442 [main] DEBUG org.apache.http.wire  -  << "5d[\r][\n]"
960442 [main] DEBUG org.apache.http.wire  -  << "5d[\r][\n]"
960442 [main] DEBUG org.apache.http.wire  -  << "[0x1f][0x8b][0x8][0x0][0x0][0x0][0x0][0x0][0x0][0x3][0xab]V[0xca]M-.NLOU[0xb2]R[0xf2]IMLQ([0xcf],[0xc9]P([0xc8][0xc8][0xcf]KU[0xc8]+[0xcd]MJ-RP[0xd7][0xb6]4[0xb4]064071[0xb1]47UWHI[0xcd]I-IMQ(.MN[0x6][0xea]M+[0xcd][0xc9][0xa9][0xd4]S[0xaa][0x5][0x0][0x15]{w[0x82]J[0x0][0x0][0x0]"
960442 [main] DEBUG org.apache.http.wire  -  << "[0x1f][0x8b][0x8][0x0][0x0][0x0][0x0][0x0][0x0][0x3][0xab]V[0xca]M-.NLOU[0xb2]R[0xf2]IMLQ([0xcf],[0xc9]P([0xc8][0xc8][0xcf]KU[0xc8]+[0xcd]MJ-RP[0xd7][0xb6]4[0xb4]064071[0xb1]47UWHI[0xcd]I-IMQ(.MN[0x6][0xea]M+[0xcd][0xc9][0xa9][0xd4]S[0xaa][0x5][0x0][0x15]{w[0x82]J[0x0][0x0][0x0]"
960442 [main] DEBUG org.apache.http.wire  -  << "[0x1f][0x8b][0x8][0x0][0x0][0x0][0x0][0x0][0x0][0x3][0xab]V[0xca]M-.NLOU[0xb2]R[0xf2]IMLQ([0xcf],[0xc9]P([0xc8][0xc8][0xcf]KU[0xc8]+[0xcd]MJ-RP[0xd7][0xb6]4[0xb4]064071[0xb1]47UWHI[0xcd]I-IMQ(.MN[0x6][0xea]M+[0xcd][0xc9][0xa9][0xd4]S[0xaa][0x5][0x0][0x15]{w[0x82]J[0x0][0x0][0x0]"
960442 [main] DEBUG org.apache.http.wire  -  << "[0x1f][0x8b][0x8][0x0][0x0][0x0][0x0][0x0][0x0][0x3][0xab]V[0xca]M-.NLOU[0xb2]R[0xf2]IMLQ([0xcf],[0xc9]P([0xc8][0xc8][0xcf]KU[0xc8]+[0xcd]MJ-RP[0xd7][0xb6]4[0xb4]064071[0xb1]47UWHI[0xcd]I-IMQ(.MN[0x6][0xea]M+[0xcd][0xc9][0xa9][0xd4]S[0xaa][0x5][0x0][0x15]{w[0x82]J[0x0][0x0][0x0]"
960442 [main] DEBUG org.apache.http.wire  -  << "[0x1f][0x8b][0x8][0x0][0x0][0x0][0x0][0x0][0x0][0x3][0xab]V[0xca]M-.NLOU[0xb2]R[0xf2]IMLQ([0xcf],[0xc9]P([0xc8][0xc8][0xcf]KU[0xc8]+[0xcd]MJ-RP[0xd7][0xb6]4[0xb4]064071[0xb1]47UWHI[0xcd]I-IMQ(.MN[0x6][0xea]M+[0xcd][0xc9][0xa9][0xd4]S[0xaa][0x5][0x0][0x15]{w[0x82]J[0x0][0x0][0x0]"
960442 [main] DEBUG org.apache.http.wire  -  << "[\r][\n]"
960442 [main] DEBUG org.apache.http.wire  -  << "[\r][\n]"
960442 [main] DEBUG org.apache.http.wire  -  << "[\r][\n]"
960442 [main] DEBUG org.apache.http.wire  -  << "[\r][\n]"
960442 [main] DEBUG org.apache.http.wire  -  << "[\r][\n]"
960443 [main] DEBUG org.apache.http.wire  -  << "0[\r][\n]"
960443 [main] DEBUG org.apache.http.wire  -  << "0[\r][\n]"
960443 [main] DEBUG org.apache.http.wire  -  << "0[\r][\n]"
960443 [main] DEBUG org.apache.http.wire  -  << "0[\r][\n]"
960443 [main] DEBUG org.apache.http.wire  -  << "0[\r][\n]"
960443 [main] DEBUG org.apache.http.wire  -  << "[\r][\n]"
960443 [main] DEBUG org.apache.http.wire  -  << "[\r][\n]"
960443 [main] DEBUG org.apache.http.wire  -  << "[\r][\n]"
960443 [main] DEBUG org.apache.http.wire  -  << "[\r][\n]"
960443 [main] DEBUG org.apache.http.wire  -  << "[\r][\n]"
960443 [main] DEBUG io.restassured.internal.RequestSpecificationImpl$RestAssuredHttpBuilder  - Parsed data to instance of: class org.apache.http.conn.EofSensorInputStream
960443 [main] DEBUG io.restassured.internal.RequestSpecificationImpl$RestAssuredHttpBuilder  - Parsed data to instance of: class org.apache.http.conn.EofSensorInputStream
960443 [main] DEBUG io.restassured.internal.RequestSpecificationImpl$RestAssuredHttpBuilder  - Parsed data to instance of: class org.apache.http.conn.EofSensorInputStream
960443 [main] DEBUG io.restassured.internal.RequestSpecificationImpl$RestAssuredHttpBuilder  - Parsed data to instance of: class org.apache.http.conn.EofSensorInputStream
960443 [main] DEBUG io.restassured.internal.RequestSpecificationImpl$RestAssuredHttpBuilder  - Parsed data to instance of: class org.apache.http.conn.EofSensorInputStream
960444 [main] DEBUG org.apache.http.impl.conn.BasicClientConnectionManager  - Releasing connection org.apache.http.impl.conn.ManagedClientConnectionImpl@740a0d5e
960444 [main] DEBUG org.apache.http.impl.conn.BasicClientConnectionManager  - Releasing connection org.apache.http.impl.conn.ManagedClientConnectionImpl@740a0d5e
960444 [main] DEBUG org.apache.http.impl.conn.BasicClientConnectionManager  - Releasing connection org.apache.http.impl.conn.ManagedClientConnectionImpl@740a0d5e
960444 [main] DEBUG org.apache.http.impl.conn.BasicClientConnectionManager  - Releasing connection org.apache.http.impl.conn.ManagedClientConnectionImpl@740a0d5e
960444 [main] DEBUG org.apache.http.impl.conn.BasicClientConnectionManager  - Releasing connection org.apache.http.impl.conn.ManagedClientConnectionImpl@740a0d5e
960444 [main] DEBUG org.apache.http.impl.conn.BasicClientConnectionManager  - Connection can be kept alive indefinitely
960444 [main] DEBUG org.apache.http.impl.conn.BasicClientConnectionManager  - Connection can be kept alive indefinitely
960444 [main] DEBUG org.apache.http.impl.conn.BasicClientConnectionManager  - Connection can be kept alive indefinitely
960444 [main] DEBUG org.apache.http.impl.conn.BasicClientConnectionManager  - Connection can be kept alive indefinitely
960444 [main] DEBUG org.apache.http.impl.conn.BasicClientConnectionManager  - Connection can be kept alive indefinitely
{
    "message": "Lead with phone number '+918310744975' deleted successfully."
}
{
    "message": "Lead with phone number '+918310744975' deleted successfully."
}]]></system-out>
  </testcase>
  <testcase name="NewUserSignupbookanpayatHospitalAppointmentWithFreeOpinion" classname="com.onco.webtests.NewUserIWantToTalkToAnOncologistWithoutCoupon" time="203.686"/>
  <testcase name="addResultForTestCase" classname="com.onco.webtests.NewUserIWantToTalkToAnOncologistWithoutCoupon" time="204.603">
    <failure message="&#10;Can inject only one of &lt;ITestContext, XmlTest&gt; into a @AfterClass annotated addResultForTestCase.&#10;For more information on native dependency injection please refer to http://testng.org/doc/documentation-main.html#native-dependency-injection" type="org.testng.TestNGException"><![CDATA[org.testng.TestNGException: 

Can inject only one of <ITestContext, XmlTest> into a @AfterClass annotated addResultForTestCase.
For more information on native dependency injection please refer to http://testng.org/doc/documentation-main.html#native-dependency-injection
]]></failure>
    <system-out><![CDATA[1175689 [main] DEBUG org.apache.http.impl.conn.BasicClientConnectionManager  - Get connection for route {s}->https://backstage.onco.com:443
1175689 [main] DEBUG org.apache.http.impl.conn.BasicClientConnectionManager  - Get connection for route {s}->https://backstage.onco.com:443
1175689 [main] DEBUG org.apache.http.impl.conn.BasicClientConnectionManager  - Get connection for route {s}->https://backstage.onco.com:443
1175689 [main] DEBUG org.apache.http.impl.conn.BasicClientConnectionManager  - Get connection for route {s}->https://backstage.onco.com:443
1175689 [main] DEBUG org.apache.http.impl.conn.BasicClientConnectionManager  - Get connection for route {s}->https://backstage.onco.com:443
1175689 [main] DEBUG org.apache.http.impl.conn.BasicClientConnectionManager  - Get connection for route {s}->https://backstage.onco.com:443
1175695 [main] DEBUG org.apache.http.impl.conn.DefaultClientConnectionOperator  - Connecting to backstage.onco.com:443
1175695 [main] DEBUG org.apache.http.impl.conn.DefaultClientConnectionOperator  - Connecting to backstage.onco.com:443
1175695 [main] DEBUG org.apache.http.impl.conn.DefaultClientConnectionOperator  - Connecting to backstage.onco.com:443
1175695 [main] DEBUG org.apache.http.impl.conn.DefaultClientConnectionOperator  - Connecting to backstage.onco.com:443
1175695 [main] DEBUG org.apache.http.impl.conn.DefaultClientConnectionOperator  - Connecting to backstage.onco.com:443
1175695 [main] DEBUG org.apache.http.impl.conn.DefaultClientConnectionOperator  - Connecting to backstage.onco.com:443
1176129 [main] DEBUG org.apache.http.client.protocol.RequestAddCookies  - CookieSpec selected: ignoreCookies
1176129 [main] DEBUG org.apache.http.client.protocol.RequestAddCookies  - CookieSpec selected: ignoreCookies
1176129 [main] DEBUG org.apache.http.client.protocol.RequestAddCookies  - CookieSpec selected: ignoreCookies
1176129 [main] DEBUG org.apache.http.client.protocol.RequestAddCookies  - CookieSpec selected: ignoreCookies
1176129 [main] DEBUG org.apache.http.client.protocol.RequestAddCookies  - CookieSpec selected: ignoreCookies
1176129 [main] DEBUG org.apache.http.client.protocol.RequestAddCookies  - CookieSpec selected: ignoreCookies
1176129 [main] DEBUG org.apache.http.client.protocol.RequestAuthCache  - Auth cache not set in the context
1176129 [main] DEBUG org.apache.http.client.protocol.RequestAuthCache  - Auth cache not set in the context
1176129 [main] DEBUG org.apache.http.client.protocol.RequestAuthCache  - Auth cache not set in the context
1176129 [main] DEBUG org.apache.http.client.protocol.RequestAuthCache  - Auth cache not set in the context
1176129 [main] DEBUG org.apache.http.client.protocol.RequestAuthCache  - Auth cache not set in the context
1176129 [main] DEBUG org.apache.http.client.protocol.RequestAuthCache  - Auth cache not set in the context
1176130 [main] DEBUG org.apache.http.client.protocol.RequestTargetAuthentication  - Target auth state: UNCHALLENGED
1176130 [main] DEBUG org.apache.http.client.protocol.RequestTargetAuthentication  - Target auth state: UNCHALLENGED
1176130 [main] DEBUG org.apache.http.client.protocol.RequestTargetAuthentication  - Target auth state: UNCHALLENGED
1176130 [main] DEBUG org.apache.http.client.protocol.RequestTargetAuthentication  - Target auth state: UNCHALLENGED
1176130 [main] DEBUG org.apache.http.client.protocol.RequestTargetAuthentication  - Target auth state: UNCHALLENGED
1176130 [main] DEBUG org.apache.http.client.protocol.RequestTargetAuthentication  - Target auth state: UNCHALLENGED
1176130 [main] DEBUG org.apache.http.client.protocol.RequestProxyAuthentication  - Proxy auth state: UNCHALLENGED
1176130 [main] DEBUG org.apache.http.client.protocol.RequestProxyAuthentication  - Proxy auth state: UNCHALLENGED
1176130 [main] DEBUG org.apache.http.client.protocol.RequestProxyAuthentication  - Proxy auth state: UNCHALLENGED
1176130 [main] DEBUG org.apache.http.client.protocol.RequestProxyAuthentication  - Proxy auth state: UNCHALLENGED
1176130 [main] DEBUG org.apache.http.client.protocol.RequestProxyAuthentication  - Proxy auth state: UNCHALLENGED
1176130 [main] DEBUG org.apache.http.client.protocol.RequestProxyAuthentication  - Proxy auth state: UNCHALLENGED
1176130 [main] DEBUG org.apache.http.impl.client.DefaultHttpClient  - Attempt 1 to execute request
1176130 [main] DEBUG org.apache.http.impl.client.DefaultHttpClient  - Attempt 1 to execute request
1176130 [main] DEBUG org.apache.http.impl.client.DefaultHttpClient  - Attempt 1 to execute request
1176130 [main] DEBUG org.apache.http.impl.client.DefaultHttpClient  - Attempt 1 to execute request
1176130 [main] DEBUG org.apache.http.impl.client.DefaultHttpClient  - Attempt 1 to execute request
1176130 [main] DEBUG org.apache.http.impl.client.DefaultHttpClient  - Attempt 1 to execute request
1176130 [main] DEBUG org.apache.http.impl.conn.DefaultClientConnection  - Sending request: POST /onco-auth/oapi/user-cred/remove-lead HTTP/1.1
1176130 [main] DEBUG org.apache.http.impl.conn.DefaultClientConnection  - Sending request: POST /onco-auth/oapi/user-cred/remove-lead HTTP/1.1
1176130 [main] DEBUG org.apache.http.impl.conn.DefaultClientConnection  - Sending request: POST /onco-auth/oapi/user-cred/remove-lead HTTP/1.1
1176130 [main] DEBUG org.apache.http.impl.conn.DefaultClientConnection  - Sending request: POST /onco-auth/oapi/user-cred/remove-lead HTTP/1.1
1176130 [main] DEBUG org.apache.http.impl.conn.DefaultClientConnection  - Sending request: POST /onco-auth/oapi/user-cred/remove-lead HTTP/1.1
1176130 [main] DEBUG org.apache.http.impl.conn.DefaultClientConnection  - Sending request: POST /onco-auth/oapi/user-cred/remove-lead HTTP/1.1
1176130 [main] DEBUG org.apache.http.wire  -  >> "POST /onco-auth/oapi/user-cred/remove-lead HTTP/1.1[\r][\n]"
1176130 [main] DEBUG org.apache.http.wire  -  >> "POST /onco-auth/oapi/user-cred/remove-lead HTTP/1.1[\r][\n]"
1176130 [main] DEBUG org.apache.http.wire  -  >> "POST /onco-auth/oapi/user-cred/remove-lead HTTP/1.1[\r][\n]"
1176130 [main] DEBUG org.apache.http.wire  -  >> "POST /onco-auth/oapi/user-cred/remove-lead HTTP/1.1[\r][\n]"
1176130 [main] DEBUG org.apache.http.wire  -  >> "POST /onco-auth/oapi/user-cred/remove-lead HTTP/1.1[\r][\n]"
1176130 [main] DEBUG org.apache.http.wire  -  >> "POST /onco-auth/oapi/user-cred/remove-lead HTTP/1.1[\r][\n]"
1176131 [main] DEBUG org.apache.http.wire  -  >> ":  [\r][\n]"
1176131 [main] DEBUG org.apache.http.wire  -  >> ":  [\r][\n]"
1176131 [main] DEBUG org.apache.http.wire  -  >> ":  [\r][\n]"
1176131 [main] DEBUG org.apache.http.wire  -  >> ":  [\r][\n]"
1176131 [main] DEBUG org.apache.http.wire  -  >> ":  [\r][\n]"
1176131 [main] DEBUG org.apache.http.wire  -  >> ":  [\r][\n]"
1176131 [main] DEBUG org.apache.http.wire  -  >> "Accept: */*[\r][\n]"
1176131 [main] DEBUG org.apache.http.wire  -  >> "Accept: */*[\r][\n]"
1176131 [main] DEBUG org.apache.http.wire  -  >> "Accept: */*[\r][\n]"
1176131 [main] DEBUG org.apache.http.wire  -  >> "Accept: */*[\r][\n]"
1176131 [main] DEBUG org.apache.http.wire  -  >> "Accept: */*[\r][\n]"
1176131 [main] DEBUG org.apache.http.wire  -  >> "Accept: */*[\r][\n]"
1176131 [main] DEBUG org.apache.http.wire  -  >> "Content-Type: application/json; charset=UTF-8[\r][\n]"
1176131 [main] DEBUG org.apache.http.wire  -  >> "Content-Type: application/json; charset=UTF-8[\r][\n]"
1176131 [main] DEBUG org.apache.http.wire  -  >> "Content-Type: application/json; charset=UTF-8[\r][\n]"
1176131 [main] DEBUG org.apache.http.wire  -  >> "Content-Type: application/json; charset=UTF-8[\r][\n]"
1176131 [main] DEBUG org.apache.http.wire  -  >> "Content-Type: application/json; charset=UTF-8[\r][\n]"
1176131 [main] DEBUG org.apache.http.wire  -  >> "Content-Type: application/json; charset=UTF-8[\r][\n]"
1176131 [main] DEBUG org.apache.http.wire  -  >> "Content-Length: 83[\r][\n]"
1176131 [main] DEBUG org.apache.http.wire  -  >> "Content-Length: 83[\r][\n]"
1176131 [main] DEBUG org.apache.http.wire  -  >> "Content-Length: 83[\r][\n]"
1176131 [main] DEBUG org.apache.http.wire  -  >> "Content-Length: 83[\r][\n]"
1176131 [main] DEBUG org.apache.http.wire  -  >> "Content-Length: 83[\r][\n]"
1176131 [main] DEBUG org.apache.http.wire  -  >> "Content-Length: 83[\r][\n]"
1176131 [main] DEBUG org.apache.http.wire  -  >> "Host: backstage.onco.com[\r][\n]"
1176131 [main] DEBUG org.apache.http.wire  -  >> "Host: backstage.onco.com[\r][\n]"
1176131 [main] DEBUG org.apache.http.wire  -  >> "Host: backstage.onco.com[\r][\n]"
1176131 [main] DEBUG org.apache.http.wire  -  >> "Host: backstage.onco.com[\r][\n]"
1176131 [main] DEBUG org.apache.http.wire  -  >> "Host: backstage.onco.com[\r][\n]"
1176131 [main] DEBUG org.apache.http.wire  -  >> "Host: backstage.onco.com[\r][\n]"
1176131 [main] DEBUG org.apache.http.wire  -  >> "Connection: Keep-Alive[\r][\n]"
1176131 [main] DEBUG org.apache.http.wire  -  >> "Connection: Keep-Alive[\r][\n]"
1176131 [main] DEBUG org.apache.http.wire  -  >> "Connection: Keep-Alive[\r][\n]"
1176131 [main] DEBUG org.apache.http.wire  -  >> "Connection: Keep-Alive[\r][\n]"
1176131 [main] DEBUG org.apache.http.wire  -  >> "Connection: Keep-Alive[\r][\n]"
1176131 [main] DEBUG org.apache.http.wire  -  >> "Connection: Keep-Alive[\r][\n]"
1176131 [main] DEBUG org.apache.http.wire  -  >> "User-Agent: Apache-HttpClient/4.5.5 (Java/1.8.0_231)[\r][\n]"
1176131 [main] DEBUG org.apache.http.wire  -  >> "User-Agent: Apache-HttpClient/4.5.5 (Java/1.8.0_231)[\r][\n]"
1176131 [main] DEBUG org.apache.http.wire  -  >> "User-Agent: Apache-HttpClient/4.5.5 (Java/1.8.0_231)[\r][\n]"
1176131 [main] DEBUG org.apache.http.wire  -  >> "User-Agent: Apache-HttpClient/4.5.5 (Java/1.8.0_231)[\r][\n]"
1176131 [main] DEBUG org.apache.http.wire  -  >> "User-Agent: Apache-HttpClient/4.5.5 (Java/1.8.0_231)[\r][\n]"
1176131 [main] DEBUG org.apache.http.wire  -  >> "User-Agent: Apache-HttpClient/4.5.5 (Java/1.8.0_231)[\r][\n]"
1176132 [main] DEBUG org.apache.http.wire  -  >> "Accept-Encoding: gzip,deflate[\r][\n]"
1176132 [main] DEBUG org.apache.http.wire  -  >> "Accept-Encoding: gzip,deflate[\r][\n]"
1176132 [main] DEBUG org.apache.http.wire  -  >> "Accept-Encoding: gzip,deflate[\r][\n]"
1176132 [main] DEBUG org.apache.http.wire  -  >> "Accept-Encoding: gzip,deflate[\r][\n]"
1176132 [main] DEBUG org.apache.http.wire  -  >> "Accept-Encoding: gzip,deflate[\r][\n]"
1176132 [main] DEBUG org.apache.http.wire  -  >> "Accept-Encoding: gzip,deflate[\r][\n]"
1176132 [main] DEBUG org.apache.http.wire  -  >> "[\r][\n]"
1176132 [main] DEBUG org.apache.http.wire  -  >> "[\r][\n]"
1176132 [main] DEBUG org.apache.http.wire  -  >> "[\r][\n]"
1176132 [main] DEBUG org.apache.http.wire  -  >> "[\r][\n]"
1176132 [main] DEBUG org.apache.http.wire  -  >> "[\r][\n]"
1176132 [main] DEBUG org.apache.http.wire  -  >> "[\r][\n]"
1176132 [main] DEBUG org.apache.http.headers  - >> POST /onco-auth/oapi/user-cred/remove-lead HTTP/1.1
1176132 [main] DEBUG org.apache.http.headers  - >> POST /onco-auth/oapi/user-cred/remove-lead HTTP/1.1
1176132 [main] DEBUG org.apache.http.headers  - >> POST /onco-auth/oapi/user-cred/remove-lead HTTP/1.1
1176132 [main] DEBUG org.apache.http.headers  - >> POST /onco-auth/oapi/user-cred/remove-lead HTTP/1.1
1176132 [main] DEBUG org.apache.http.headers  - >> POST /onco-auth/oapi/user-cred/remove-lead HTTP/1.1
1176132 [main] DEBUG org.apache.http.headers  - >> POST /onco-auth/oapi/user-cred/remove-lead HTTP/1.1
1176134 [main] DEBUG org.apache.http.headers  - >> :  
1176134 [main] DEBUG org.apache.http.headers  - >> :  
1176134 [main] DEBUG org.apache.http.headers  - >> :  
1176134 [main] DEBUG org.apache.http.headers  - >> :  
1176134 [main] DEBUG org.apache.http.headers  - >> :  
1176134 [main] DEBUG org.apache.http.headers  - >> :  
1176134 [main] DEBUG org.apache.http.headers  - >> Accept: */*
1176134 [main] DEBUG org.apache.http.headers  - >> Accept: */*
1176134 [main] DEBUG org.apache.http.headers  - >> Accept: */*
1176134 [main] DEBUG org.apache.http.headers  - >> Accept: */*
1176134 [main] DEBUG org.apache.http.headers  - >> Accept: */*
1176134 [main] DEBUG org.apache.http.headers  - >> Accept: */*
1176135 [main] DEBUG org.apache.http.headers  - >> Content-Type: application/json; charset=UTF-8
1176135 [main] DEBUG org.apache.http.headers  - >> Content-Type: application/json; charset=UTF-8
1176135 [main] DEBUG org.apache.http.headers  - >> Content-Type: application/json; charset=UTF-8
1176135 [main] DEBUG org.apache.http.headers  - >> Content-Type: application/json; charset=UTF-8
1176135 [main] DEBUG org.apache.http.headers  - >> Content-Type: application/json; charset=UTF-8
1176135 [main] DEBUG org.apache.http.headers  - >> Content-Type: application/json; charset=UTF-8
1176135 [main] DEBUG org.apache.http.headers  - >> Content-Length: 83
1176135 [main] DEBUG org.apache.http.headers  - >> Content-Length: 83
1176135 [main] DEBUG org.apache.http.headers  - >> Content-Length: 83
1176135 [main] DEBUG org.apache.http.headers  - >> Content-Length: 83
1176135 [main] DEBUG org.apache.http.headers  - >> Content-Length: 83
1176135 [main] DEBUG org.apache.http.headers  - >> Content-Length: 83
1176135 [main] DEBUG org.apache.http.headers  - >> Host: backstage.onco.com
1176135 [main] DEBUG org.apache.http.headers  - >> Host: backstage.onco.com
1176135 [main] DEBUG org.apache.http.headers  - >> Host: backstage.onco.com
1176135 [main] DEBUG org.apache.http.headers  - >> Host: backstage.onco.com
1176135 [main] DEBUG org.apache.http.headers  - >> Host: backstage.onco.com
1176135 [main] DEBUG org.apache.http.headers  - >> Host: backstage.onco.com
1176135 [main] DEBUG org.apache.http.headers  - >> Connection: Keep-Alive
1176135 [main] DEBUG org.apache.http.headers  - >> Connection: Keep-Alive
1176135 [main] DEBUG org.apache.http.headers  - >> Connection: Keep-Alive
1176135 [main] DEBUG org.apache.http.headers  - >> Connection: Keep-Alive
1176135 [main] DEBUG org.apache.http.headers  - >> Connection: Keep-Alive
1176135 [main] DEBUG org.apache.http.headers  - >> Connection: Keep-Alive
1176135 [main] DEBUG org.apache.http.headers  - >> User-Agent: Apache-HttpClient/4.5.5 (Java/1.8.0_231)
1176135 [main] DEBUG org.apache.http.headers  - >> User-Agent: Apache-HttpClient/4.5.5 (Java/1.8.0_231)
1176135 [main] DEBUG org.apache.http.headers  - >> User-Agent: Apache-HttpClient/4.5.5 (Java/1.8.0_231)
1176135 [main] DEBUG org.apache.http.headers  - >> User-Agent: Apache-HttpClient/4.5.5 (Java/1.8.0_231)
1176135 [main] DEBUG org.apache.http.headers  - >> User-Agent: Apache-HttpClient/4.5.5 (Java/1.8.0_231)
1176135 [main] DEBUG org.apache.http.headers  - >> User-Agent: Apache-HttpClient/4.5.5 (Java/1.8.0_231)
1176135 [main] DEBUG org.apache.http.headers  - >> Accept-Encoding: gzip,deflate
1176135 [main] DEBUG org.apache.http.headers  - >> Accept-Encoding: gzip,deflate
1176135 [main] DEBUG org.apache.http.headers  - >> Accept-Encoding: gzip,deflate
1176135 [main] DEBUG org.apache.http.headers  - >> Accept-Encoding: gzip,deflate
1176135 [main] DEBUG org.apache.http.headers  - >> Accept-Encoding: gzip,deflate
1176135 [main] DEBUG org.apache.http.headers  - >> Accept-Encoding: gzip,deflate
1176136 [main] DEBUG org.apache.http.wire  -  >> "{[\n]"
1176136 [main] DEBUG org.apache.http.wire  -  >> "{[\n]"
1176136 [main] DEBUG org.apache.http.wire  -  >> "{[\n]"
1176136 [main] DEBUG org.apache.http.wire  -  >> "{[\n]"
1176136 [main] DEBUG org.apache.http.wire  -  >> "{[\n]"
1176136 [main] DEBUG org.apache.http.wire  -  >> "{[\n]"
1176136 [main] DEBUG org.apache.http.wire  -  >> "    "phoneNumber": "+918310744975",[\n]"
1176136 [main] DEBUG org.apache.http.wire  -  >> "    "phoneNumber": "+918310744975",[\n]"
1176136 [main] DEBUG org.apache.http.wire  -  >> "    "phoneNumber": "+918310744975",[\n]"
1176136 [main] DEBUG org.apache.http.wire  -  >> "    "phoneNumber": "+918310744975",[\n]"
1176136 [main] DEBUG org.apache.http.wire  -  >> "    "phoneNumber": "+918310744975",[\n]"
1176136 [main] DEBUG org.apache.http.wire  -  >> "    "phoneNumber": "+918310744975",[\n]"
1176136 [main] DEBUG org.apache.http.wire  -  >> "    "leadDelSecKey": "Eno0nduK!tthakaPPa@1"[\n]"
1176136 [main] DEBUG org.apache.http.wire  -  >> "    "leadDelSecKey": "Eno0nduK!tthakaPPa@1"[\n]"
1176136 [main] DEBUG org.apache.http.wire  -  >> "    "leadDelSecKey": "Eno0nduK!tthakaPPa@1"[\n]"
1176136 [main] DEBUG org.apache.http.wire  -  >> "    "leadDelSecKey": "Eno0nduK!tthakaPPa@1"[\n]"
1176136 [main] DEBUG org.apache.http.wire  -  >> "    "leadDelSecKey": "Eno0nduK!tthakaPPa@1"[\n]"
1176136 [main] DEBUG org.apache.http.wire  -  >> "    "leadDelSecKey": "Eno0nduK!tthakaPPa@1"[\n]"
1176136 [main] DEBUG org.apache.http.wire  -  >> "}"
1176136 [main] DEBUG org.apache.http.wire  -  >> "}"
1176136 [main] DEBUG org.apache.http.wire  -  >> "}"
1176136 [main] DEBUG org.apache.http.wire  -  >> "}"
1176136 [main] DEBUG org.apache.http.wire  -  >> "}"
1176136 [main] DEBUG org.apache.http.wire  -  >> "}"
1176397 [main] DEBUG org.apache.http.wire  -  << "HTTP/1.1 200 OK[\r][\n]"
1176397 [main] DEBUG org.apache.http.wire  -  << "HTTP/1.1 200 OK[\r][\n]"
1176397 [main] DEBUG org.apache.http.wire  -  << "HTTP/1.1 200 OK[\r][\n]"
1176397 [main] DEBUG org.apache.http.wire  -  << "HTTP/1.1 200 OK[\r][\n]"
1176397 [main] DEBUG org.apache.http.wire  -  << "HTTP/1.1 200 OK[\r][\n]"
1176397 [main] DEBUG org.apache.http.wire  -  << "HTTP/1.1 200 OK[\r][\n]"
1176397 [main] DEBUG org.apache.http.wire  -  << "Server: nginx/1.14.0 (Ubuntu)[\r][\n]"
1176397 [main] DEBUG org.apache.http.wire  -  << "Server: nginx/1.14.0 (Ubuntu)[\r][\n]"
1176397 [main] DEBUG org.apache.http.wire  -  << "Server: nginx/1.14.0 (Ubuntu)[\r][\n]"
1176397 [main] DEBUG org.apache.http.wire  -  << "Server: nginx/1.14.0 (Ubuntu)[\r][\n]"
1176397 [main] DEBUG org.apache.http.wire  -  << "Server: nginx/1.14.0 (Ubuntu)[\r][\n]"
1176397 [main] DEBUG org.apache.http.wire  -  << "Server: nginx/1.14.0 (Ubuntu)[\r][\n]"
1176397 [main] DEBUG org.apache.http.wire  -  << "Date: Tue, 22 Sep 2020 09:13:26 GMT[\r][\n]"
1176397 [main] DEBUG org.apache.http.wire  -  << "Date: Tue, 22 Sep 2020 09:13:26 GMT[\r][\n]"
1176397 [main] DEBUG org.apache.http.wire  -  << "Date: Tue, 22 Sep 2020 09:13:26 GMT[\r][\n]"
1176397 [main] DEBUG org.apache.http.wire  -  << "Date: Tue, 22 Sep 2020 09:13:26 GMT[\r][\n]"
1176397 [main] DEBUG org.apache.http.wire  -  << "Date: Tue, 22 Sep 2020 09:13:26 GMT[\r][\n]"
1176397 [main] DEBUG org.apache.http.wire  -  << "Date: Tue, 22 Sep 2020 09:13:26 GMT[\r][\n]"
1176398 [main] DEBUG org.apache.http.wire  -  << "Content-Type: application/json; charset=utf-8[\r][\n]"
1176398 [main] DEBUG org.apache.http.wire  -  << "Content-Type: application/json; charset=utf-8[\r][\n]"
1176398 [main] DEBUG org.apache.http.wire  -  << "Content-Type: application/json; charset=utf-8[\r][\n]"
1176398 [main] DEBUG org.apache.http.wire  -  << "Content-Type: application/json; charset=utf-8[\r][\n]"
1176398 [main] DEBUG org.apache.http.wire  -  << "Content-Type: application/json; charset=utf-8[\r][\n]"
1176398 [main] DEBUG org.apache.http.wire  -  << "Content-Type: application/json; charset=utf-8[\r][\n]"
1176398 [main] DEBUG org.apache.http.wire  -  << "Transfer-Encoding: chunked[\r][\n]"
1176398 [main] DEBUG org.apache.http.wire  -  << "Transfer-Encoding: chunked[\r][\n]"
1176398 [main] DEBUG org.apache.http.wire  -  << "Transfer-Encoding: chunked[\r][\n]"
1176398 [main] DEBUG org.apache.http.wire  -  << "Transfer-Encoding: chunked[\r][\n]"
1176398 [main] DEBUG org.apache.http.wire  -  << "Transfer-Encoding: chunked[\r][\n]"
1176398 [main] DEBUG org.apache.http.wire  -  << "Transfer-Encoding: chunked[\r][\n]"
1176398 [main] DEBUG org.apache.http.wire  -  << "Connection: keep-alive[\r][\n]"
1176398 [main] DEBUG org.apache.http.wire  -  << "Connection: keep-alive[\r][\n]"
1176398 [main] DEBUG org.apache.http.wire  -  << "Connection: keep-alive[\r][\n]"
1176398 [main] DEBUG org.apache.http.wire  -  << "Connection: keep-alive[\r][\n]"
1176398 [main] DEBUG org.apache.http.wire  -  << "Connection: keep-alive[\r][\n]"
1176398 [main] DEBUG org.apache.http.wire  -  << "Connection: keep-alive[\r][\n]"
1176398 [main] DEBUG org.apache.http.wire  -  << "Content-Security-Policy: default-src 'self';base-uri 'self';block-all-mixed-content;font-src 'self' https: data:;frame-ancestors 'self';img-src 'self' data:;object-src 'none';script-src 'self';script-src-attr 'none';style-src 'self' https: 'unsafe-inline';upgrade-insecure-requests[\r][\n]"
1176398 [main] DEBUG org.apache.http.wire  -  << "Content-Security-Policy: default-src 'self';base-uri 'self';block-all-mixed-content;font-src 'self' https: data:;frame-ancestors 'self';img-src 'self' data:;object-src 'none';script-src 'self';script-src-attr 'none';style-src 'self' https: 'unsafe-inline';upgrade-insecure-requests[\r][\n]"
1176398 [main] DEBUG org.apache.http.wire  -  << "Content-Security-Policy: default-src 'self';base-uri 'self';block-all-mixed-content;font-src 'self' https: data:;frame-ancestors 'self';img-src 'self' data:;object-src 'none';script-src 'self';script-src-attr 'none';style-src 'self' https: 'unsafe-inline';upgrade-insecure-requests[\r][\n]"
1176398 [main] DEBUG org.apache.http.wire  -  << "Content-Security-Policy: default-src 'self';base-uri 'self';block-all-mixed-content;font-src 'self' https: data:;frame-ancestors 'self';img-src 'self' data:;object-src 'none';script-src 'self';script-src-attr 'none';style-src 'self' https: 'unsafe-inline';upgrade-insecure-requests[\r][\n]"
1176398 [main] DEBUG org.apache.http.wire  -  << "Content-Security-Policy: default-src 'self';base-uri 'self';block-all-mixed-content;font-src 'self' https: data:;frame-ancestors 'self';img-src 'self' data:;object-src 'none';script-src 'self';script-src-attr 'none';style-src 'self' https: 'unsafe-inline';upgrade-insecure-requests[\r][\n]"
1176398 [main] DEBUG org.apache.http.wire  -  << "Content-Security-Policy: default-src 'self';base-uri 'self';block-all-mixed-content;font-src 'self' https: data:;frame-ancestors 'self';img-src 'self' data:;object-src 'none';script-src 'self';script-src-attr 'none';style-src 'self' https: 'unsafe-inline';upgrade-insecure-requests[\r][\n]"
1176398 [main] DEBUG org.apache.http.wire  -  << "X-DNS-Prefetch-Control: off[\r][\n]"
1176398 [main] DEBUG org.apache.http.wire  -  << "X-DNS-Prefetch-Control: off[\r][\n]"
1176398 [main] DEBUG org.apache.http.wire  -  << "X-DNS-Prefetch-Control: off[\r][\n]"
1176398 [main] DEBUG org.apache.http.wire  -  << "X-DNS-Prefetch-Control: off[\r][\n]"
1176398 [main] DEBUG org.apache.http.wire  -  << "X-DNS-Prefetch-Control: off[\r][\n]"
1176398 [main] DEBUG org.apache.http.wire  -  << "X-DNS-Prefetch-Control: off[\r][\n]"
1176398 [main] DEBUG org.apache.http.wire  -  << "Expect-CT: max-age=0[\r][\n]"
1176398 [main] DEBUG org.apache.http.wire  -  << "Expect-CT: max-age=0[\r][\n]"
1176398 [main] DEBUG org.apache.http.wire  -  << "Expect-CT: max-age=0[\r][\n]"
1176398 [main] DEBUG org.apache.http.wire  -  << "Expect-CT: max-age=0[\r][\n]"
1176398 [main] DEBUG org.apache.http.wire  -  << "Expect-CT: max-age=0[\r][\n]"
1176398 [main] DEBUG org.apache.http.wire  -  << "Expect-CT: max-age=0[\r][\n]"
1176398 [main] DEBUG org.apache.http.wire  -  << "X-Frame-Options: SAMEORIGIN[\r][\n]"
1176398 [main] DEBUG org.apache.http.wire  -  << "X-Frame-Options: SAMEORIGIN[\r][\n]"
1176398 [main] DEBUG org.apache.http.wire  -  << "X-Frame-Options: SAMEORIGIN[\r][\n]"
1176398 [main] DEBUG org.apache.http.wire  -  << "X-Frame-Options: SAMEORIGIN[\r][\n]"
1176398 [main] DEBUG org.apache.http.wire  -  << "X-Frame-Options: SAMEORIGIN[\r][\n]"
1176398 [main] DEBUG org.apache.http.wire  -  << "X-Frame-Options: SAMEORIGIN[\r][\n]"
1176398 [main] DEBUG org.apache.http.wire  -  << "X-Download-Options: noopen[\r][\n]"
1176398 [main] DEBUG org.apache.http.wire  -  << "X-Download-Options: noopen[\r][\n]"
1176398 [main] DEBUG org.apache.http.wire  -  << "X-Download-Options: noopen[\r][\n]"
1176398 [main] DEBUG org.apache.http.wire  -  << "X-Download-Options: noopen[\r][\n]"
1176398 [main] DEBUG org.apache.http.wire  -  << "X-Download-Options: noopen[\r][\n]"
1176398 [main] DEBUG org.apache.http.wire  -  << "X-Download-Options: noopen[\r][\n]"
1176399 [main] DEBUG org.apache.http.wire  -  << "X-Content-Type-Options: nosniff[\r][\n]"
1176399 [main] DEBUG org.apache.http.wire  -  << "X-Content-Type-Options: nosniff[\r][\n]"
1176399 [main] DEBUG org.apache.http.wire  -  << "X-Content-Type-Options: nosniff[\r][\n]"
1176399 [main] DEBUG org.apache.http.wire  -  << "X-Content-Type-Options: nosniff[\r][\n]"
1176399 [main] DEBUG org.apache.http.wire  -  << "X-Content-Type-Options: nosniff[\r][\n]"
1176399 [main] DEBUG org.apache.http.wire  -  << "X-Content-Type-Options: nosniff[\r][\n]"
1176399 [main] DEBUG org.apache.http.wire  -  << "X-Permitted-Cross-Domain-Policies: none[\r][\n]"
1176399 [main] DEBUG org.apache.http.wire  -  << "X-Permitted-Cross-Domain-Policies: none[\r][\n]"
1176399 [main] DEBUG org.apache.http.wire  -  << "X-Permitted-Cross-Domain-Policies: none[\r][\n]"
1176399 [main] DEBUG org.apache.http.wire  -  << "X-Permitted-Cross-Domain-Policies: none[\r][\n]"
1176399 [main] DEBUG org.apache.http.wire  -  << "X-Permitted-Cross-Domain-Policies: none[\r][\n]"
1176399 [main] DEBUG org.apache.http.wire  -  << "X-Permitted-Cross-Domain-Policies: none[\r][\n]"
1176399 [main] DEBUG org.apache.http.wire  -  << "Referrer-Policy: no-referrer[\r][\n]"
1176399 [main] DEBUG org.apache.http.wire  -  << "Referrer-Policy: no-referrer[\r][\n]"
1176399 [main] DEBUG org.apache.http.wire  -  << "Referrer-Policy: no-referrer[\r][\n]"
1176399 [main] DEBUG org.apache.http.wire  -  << "Referrer-Policy: no-referrer[\r][\n]"
1176399 [main] DEBUG org.apache.http.wire  -  << "Referrer-Policy: no-referrer[\r][\n]"
1176399 [main] DEBUG org.apache.http.wire  -  << "Referrer-Policy: no-referrer[\r][\n]"
1176399 [main] DEBUG org.apache.http.wire  -  << "X-XSS-Protection: 0[\r][\n]"
1176399 [main] DEBUG org.apache.http.wire  -  << "X-XSS-Protection: 0[\r][\n]"
1176399 [main] DEBUG org.apache.http.wire  -  << "X-XSS-Protection: 0[\r][\n]"
1176399 [main] DEBUG org.apache.http.wire  -  << "X-XSS-Protection: 0[\r][\n]"
1176399 [main] DEBUG org.apache.http.wire  -  << "X-XSS-Protection: 0[\r][\n]"
1176399 [main] DEBUG org.apache.http.wire  -  << "X-XSS-Protection: 0[\r][\n]"
1176399 [main] DEBUG org.apache.http.wire  -  << "Vary: Origin, Accept-Encoding[\r][\n]"
1176399 [main] DEBUG org.apache.http.wire  -  << "Vary: Origin, Accept-Encoding[\r][\n]"
1176399 [main] DEBUG org.apache.http.wire  -  << "Vary: Origin, Accept-Encoding[\r][\n]"
1176399 [main] DEBUG org.apache.http.wire  -  << "Vary: Origin, Accept-Encoding[\r][\n]"
1176399 [main] DEBUG org.apache.http.wire  -  << "Vary: Origin, Accept-Encoding[\r][\n]"
1176399 [main] DEBUG org.apache.http.wire  -  << "Vary: Origin, Accept-Encoding[\r][\n]"
1176399 [main] DEBUG org.apache.http.wire  -  << "Access-Control-Allow-Credentials: true[\r][\n]"
1176399 [main] DEBUG org.apache.http.wire  -  << "Access-Control-Allow-Credentials: true[\r][\n]"
1176399 [main] DEBUG org.apache.http.wire  -  << "Access-Control-Allow-Credentials: true[\r][\n]"
1176399 [main] DEBUG org.apache.http.wire  -  << "Access-Control-Allow-Credentials: true[\r][\n]"
1176399 [main] DEBUG org.apache.http.wire  -  << "Access-Control-Allow-Credentials: true[\r][\n]"
1176399 [main] DEBUG org.apache.http.wire  -  << "Access-Control-Allow-Credentials: true[\r][\n]"
1176399 [main] DEBUG org.apache.http.wire  -  << "Retry-After: 10[\r][\n]"
1176399 [main] DEBUG org.apache.http.wire  -  << "Retry-After: 10[\r][\n]"
1176399 [main] DEBUG org.apache.http.wire  -  << "Retry-After: 10[\r][\n]"
1176399 [main] DEBUG org.apache.http.wire  -  << "Retry-After: 10[\r][\n]"
1176399 [main] DEBUG org.apache.http.wire  -  << "Retry-After: 10[\r][\n]"
1176399 [main] DEBUG org.apache.http.wire  -  << "Retry-After: 10[\r][\n]"
1176399 [main] DEBUG org.apache.http.wire  -  << "X-RateLimit-Limit: 80[\r][\n]"
1176399 [main] DEBUG org.apache.http.wire  -  << "X-RateLimit-Limit: 80[\r][\n]"
1176399 [main] DEBUG org.apache.http.wire  -  << "X-RateLimit-Limit: 80[\r][\n]"
1176399 [main] DEBUG org.apache.http.wire  -  << "X-RateLimit-Limit: 80[\r][\n]"
1176399 [main] DEBUG org.apache.http.wire  -  << "X-RateLimit-Limit: 80[\r][\n]"
1176399 [main] DEBUG org.apache.http.wire  -  << "X-RateLimit-Limit: 80[\r][\n]"
1176399 [main] DEBUG org.apache.http.wire  -  << "X-RateLimit-Remaining: 79[\r][\n]"
1176399 [main] DEBUG org.apache.http.wire  -  << "X-RateLimit-Remaining: 79[\r][\n]"
1176399 [main] DEBUG org.apache.http.wire  -  << "X-RateLimit-Remaining: 79[\r][\n]"
1176399 [main] DEBUG org.apache.http.wire  -  << "X-RateLimit-Remaining: 79[\r][\n]"
1176399 [main] DEBUG org.apache.http.wire  -  << "X-RateLimit-Remaining: 79[\r][\n]"
1176399 [main] DEBUG org.apache.http.wire  -  << "X-RateLimit-Remaining: 79[\r][\n]"
1176400 [main] DEBUG org.apache.http.wire  -  << "X-RateLimit-Reset: Tue Sep 22 2020 09:13:36 GMT+0000 (Coordinated Universal Time)[\r][\n]"
1176400 [main] DEBUG org.apache.http.wire  -  << "X-RateLimit-Reset: Tue Sep 22 2020 09:13:36 GMT+0000 (Coordinated Universal Time)[\r][\n]"
1176400 [main] DEBUG org.apache.http.wire  -  << "X-RateLimit-Reset: Tue Sep 22 2020 09:13:36 GMT+0000 (Coordinated Universal Time)[\r][\n]"
1176400 [main] DEBUG org.apache.http.wire  -  << "X-RateLimit-Reset: Tue Sep 22 2020 09:13:36 GMT+0000 (Coordinated Universal Time)[\r][\n]"
1176400 [main] DEBUG org.apache.http.wire  -  << "X-RateLimit-Reset: Tue Sep 22 2020 09:13:36 GMT+0000 (Coordinated Universal Time)[\r][\n]"
1176400 [main] DEBUG org.apache.http.wire  -  << "X-RateLimit-Reset: Tue Sep 22 2020 09:13:36 GMT+0000 (Coordinated Universal Time)[\r][\n]"
1176400 [main] DEBUG org.apache.http.wire  -  << "Access-Control-Allow-Methods: GET, POST, OPTIONS[\r][\n]"
1176400 [main] DEBUG org.apache.http.wire  -  << "Access-Control-Allow-Methods: GET, POST, OPTIONS[\r][\n]"
1176400 [main] DEBUG org.apache.http.wire  -  << "Access-Control-Allow-Methods: GET, POST, OPTIONS[\r][\n]"
1176400 [main] DEBUG org.apache.http.wire  -  << "Access-Control-Allow-Methods: GET, POST, OPTIONS[\r][\n]"
1176400 [main] DEBUG org.apache.http.wire  -  << "Access-Control-Allow-Methods: GET, POST, OPTIONS[\r][\n]"
1176400 [main] DEBUG org.apache.http.wire  -  << "Access-Control-Allow-Methods: GET, POST, OPTIONS[\r][\n]"
1176400 [main] DEBUG org.apache.http.wire  -  << "Access-Control-Allow-Headers: DNT,X-CustomHeader,Keep-Alive,User-Agent,X-Requested-With,If-Modified-Since,Cache-Control,Content-Type,Content-Range,Range[\r][\n]"
1176400 [main] DEBUG org.apache.http.wire  -  << "Access-Control-Allow-Headers: DNT,X-CustomHeader,Keep-Alive,User-Agent,X-Requested-With,If-Modified-Since,Cache-Control,Content-Type,Content-Range,Range[\r][\n]"
1176400 [main] DEBUG org.apache.http.wire  -  << "Access-Control-Allow-Headers: DNT,X-CustomHeader,Keep-Alive,User-Agent,X-Requested-With,If-Modified-Since,Cache-Control,Content-Type,Content-Range,Range[\r][\n]"
1176400 [main] DEBUG org.apache.http.wire  -  << "Access-Control-Allow-Headers: DNT,X-CustomHeader,Keep-Alive,User-Agent,X-Requested-With,If-Modified-Since,Cache-Control,Content-Type,Content-Range,Range[\r][\n]"
1176400 [main] DEBUG org.apache.http.wire  -  << "Access-Control-Allow-Headers: DNT,X-CustomHeader,Keep-Alive,User-Agent,X-Requested-With,If-Modified-Since,Cache-Control,Content-Type,Content-Range,Range[\r][\n]"
1176400 [main] DEBUG org.apache.http.wire  -  << "Access-Control-Allow-Headers: DNT,X-CustomHeader,Keep-Alive,User-Agent,X-Requested-With,If-Modified-Since,Cache-Control,Content-Type,Content-Range,Range[\r][\n]"
1176400 [main] DEBUG org.apache.http.wire  -  << "Access-Control-Expose-Headers: DNT,X-CustomHeader,Keep-Alive,User-Agent,X-Requested-With,If-Modified-Since,Cache-Control,Content-Type,Content-Range,Range[\r][\n]"
1176400 [main] DEBUG org.apache.http.wire  -  << "Access-Control-Expose-Headers: DNT,X-CustomHeader,Keep-Alive,User-Agent,X-Requested-With,If-Modified-Since,Cache-Control,Content-Type,Content-Range,Range[\r][\n]"
1176400 [main] DEBUG org.apache.http.wire  -  << "Access-Control-Expose-Headers: DNT,X-CustomHeader,Keep-Alive,User-Agent,X-Requested-With,If-Modified-Since,Cache-Control,Content-Type,Content-Range,Range[\r][\n]"
1176400 [main] DEBUG org.apache.http.wire  -  << "Access-Control-Expose-Headers: DNT,X-CustomHeader,Keep-Alive,User-Agent,X-Requested-With,If-Modified-Since,Cache-Control,Content-Type,Content-Range,Range[\r][\n]"
1176400 [main] DEBUG org.apache.http.wire  -  << "Access-Control-Expose-Headers: DNT,X-CustomHeader,Keep-Alive,User-Agent,X-Requested-With,If-Modified-Since,Cache-Control,Content-Type,Content-Range,Range[\r][\n]"
1176400 [main] DEBUG org.apache.http.wire  -  << "Access-Control-Expose-Headers: DNT,X-CustomHeader,Keep-Alive,User-Agent,X-Requested-With,If-Modified-Since,Cache-Control,Content-Type,Content-Range,Range[\r][\n]"
1176400 [main] DEBUG org.apache.http.wire  -  << "Content-Encoding: gzip[\r][\n]"
1176400 [main] DEBUG org.apache.http.wire  -  << "Content-Encoding: gzip[\r][\n]"
1176400 [main] DEBUG org.apache.http.wire  -  << "Content-Encoding: gzip[\r][\n]"
1176400 [main] DEBUG org.apache.http.wire  -  << "Content-Encoding: gzip[\r][\n]"
1176400 [main] DEBUG org.apache.http.wire  -  << "Content-Encoding: gzip[\r][\n]"
1176400 [main] DEBUG org.apache.http.wire  -  << "Content-Encoding: gzip[\r][\n]"
1176400 [main] DEBUG org.apache.http.wire  -  << "[\r][\n]"
1176400 [main] DEBUG org.apache.http.wire  -  << "[\r][\n]"
1176400 [main] DEBUG org.apache.http.wire  -  << "[\r][\n]"
1176400 [main] DEBUG org.apache.http.wire  -  << "[\r][\n]"
1176400 [main] DEBUG org.apache.http.wire  -  << "[\r][\n]"
1176400 [main] DEBUG org.apache.http.wire  -  << "[\r][\n]"
1176400 [main] DEBUG org.apache.http.impl.conn.DefaultClientConnection  - Receiving response: HTTP/1.1 200 OK
1176400 [main] DEBUG org.apache.http.impl.conn.DefaultClientConnection  - Receiving response: HTTP/1.1 200 OK
1176400 [main] DEBUG org.apache.http.impl.conn.DefaultClientConnection  - Receiving response: HTTP/1.1 200 OK
1176400 [main] DEBUG org.apache.http.impl.conn.DefaultClientConnection  - Receiving response: HTTP/1.1 200 OK
1176400 [main] DEBUG org.apache.http.impl.conn.DefaultClientConnection  - Receiving response: HTTP/1.1 200 OK
1176400 [main] DEBUG org.apache.http.impl.conn.DefaultClientConnection  - Receiving response: HTTP/1.1 200 OK
1176400 [main] DEBUG org.apache.http.headers  - << HTTP/1.1 200 OK
1176400 [main] DEBUG org.apache.http.headers  - << HTTP/1.1 200 OK
1176400 [main] DEBUG org.apache.http.headers  - << HTTP/1.1 200 OK
1176400 [main] DEBUG org.apache.http.headers  - << HTTP/1.1 200 OK
1176400 [main] DEBUG org.apache.http.headers  - << HTTP/1.1 200 OK
1176400 [main] DEBUG org.apache.http.headers  - << HTTP/1.1 200 OK
1176401 [main] DEBUG org.apache.http.headers  - << Server: nginx/1.14.0 (Ubuntu)
1176401 [main] DEBUG org.apache.http.headers  - << Server: nginx/1.14.0 (Ubuntu)
1176401 [main] DEBUG org.apache.http.headers  - << Server: nginx/1.14.0 (Ubuntu)
1176401 [main] DEBUG org.apache.http.headers  - << Server: nginx/1.14.0 (Ubuntu)
1176401 [main] DEBUG org.apache.http.headers  - << Server: nginx/1.14.0 (Ubuntu)
1176401 [main] DEBUG org.apache.http.headers  - << Server: nginx/1.14.0 (Ubuntu)
1176401 [main] DEBUG org.apache.http.headers  - << Date: Tue, 22 Sep 2020 09:13:26 GMT
1176401 [main] DEBUG org.apache.http.headers  - << Date: Tue, 22 Sep 2020 09:13:26 GMT
1176401 [main] DEBUG org.apache.http.headers  - << Date: Tue, 22 Sep 2020 09:13:26 GMT
1176401 [main] DEBUG org.apache.http.headers  - << Date: Tue, 22 Sep 2020 09:13:26 GMT
1176401 [main] DEBUG org.apache.http.headers  - << Date: Tue, 22 Sep 2020 09:13:26 GMT
1176401 [main] DEBUG org.apache.http.headers  - << Date: Tue, 22 Sep 2020 09:13:26 GMT
1176401 [main] DEBUG org.apache.http.headers  - << Content-Type: application/json; charset=utf-8
1176401 [main] DEBUG org.apache.http.headers  - << Content-Type: application/json; charset=utf-8
1176401 [main] DEBUG org.apache.http.headers  - << Content-Type: application/json; charset=utf-8
1176401 [main] DEBUG org.apache.http.headers  - << Content-Type: application/json; charset=utf-8
1176401 [main] DEBUG org.apache.http.headers  - << Content-Type: application/json; charset=utf-8
1176401 [main] DEBUG org.apache.http.headers  - << Content-Type: application/json; charset=utf-8
1176401 [main] DEBUG org.apache.http.headers  - << Transfer-Encoding: chunked
1176401 [main] DEBUG org.apache.http.headers  - << Transfer-Encoding: chunked
1176401 [main] DEBUG org.apache.http.headers  - << Transfer-Encoding: chunked
1176401 [main] DEBUG org.apache.http.headers  - << Transfer-Encoding: chunked
1176401 [main] DEBUG org.apache.http.headers  - << Transfer-Encoding: chunked
1176401 [main] DEBUG org.apache.http.headers  - << Transfer-Encoding: chunked
1176401 [main] DEBUG org.apache.http.headers  - << Connection: keep-alive
1176401 [main] DEBUG org.apache.http.headers  - << Connection: keep-alive
1176401 [main] DEBUG org.apache.http.headers  - << Connection: keep-alive
1176401 [main] DEBUG org.apache.http.headers  - << Connection: keep-alive
1176401 [main] DEBUG org.apache.http.headers  - << Connection: keep-alive
1176401 [main] DEBUG org.apache.http.headers  - << Connection: keep-alive
1176401 [main] DEBUG org.apache.http.headers  - << Content-Security-Policy: default-src 'self';base-uri 'self';block-all-mixed-content;font-src 'self' https: data:;frame-ancestors 'self';img-src 'self' data:;object-src 'none';script-src 'self';script-src-attr 'none';style-src 'self' https: 'unsafe-inline';upgrade-insecure-requests
1176401 [main] DEBUG org.apache.http.headers  - << Content-Security-Policy: default-src 'self';base-uri 'self';block-all-mixed-content;font-src 'self' https: data:;frame-ancestors 'self';img-src 'self' data:;object-src 'none';script-src 'self';script-src-attr 'none';style-src 'self' https: 'unsafe-inline';upgrade-insecure-requests
1176401 [main] DEBUG org.apache.http.headers  - << Content-Security-Policy: default-src 'self';base-uri 'self';block-all-mixed-content;font-src 'self' https: data:;frame-ancestors 'self';img-src 'self' data:;object-src 'none';script-src 'self';script-src-attr 'none';style-src 'self' https: 'unsafe-inline';upgrade-insecure-requests
1176401 [main] DEBUG org.apache.http.headers  - << Content-Security-Policy: default-src 'self';base-uri 'self';block-all-mixed-content;font-src 'self' https: data:;frame-ancestors 'self';img-src 'self' data:;object-src 'none';script-src 'self';script-src-attr 'none';style-src 'self' https: 'unsafe-inline';upgrade-insecure-requests
1176401 [main] DEBUG org.apache.http.headers  - << Content-Security-Policy: default-src 'self';base-uri 'self';block-all-mixed-content;font-src 'self' https: data:;frame-ancestors 'self';img-src 'self' data:;object-src 'none';script-src 'self';script-src-attr 'none';style-src 'self' https: 'unsafe-inline';upgrade-insecure-requests
1176401 [main] DEBUG org.apache.http.headers  - << Content-Security-Policy: default-src 'self';base-uri 'self';block-all-mixed-content;font-src 'self' https: data:;frame-ancestors 'self';img-src 'self' data:;object-src 'none';script-src 'self';script-src-attr 'none';style-src 'self' https: 'unsafe-inline';upgrade-insecure-requests
1176402 [main] DEBUG org.apache.http.headers  - << X-DNS-Prefetch-Control: off
1176402 [main] DEBUG org.apache.http.headers  - << X-DNS-Prefetch-Control: off
1176402 [main] DEBUG org.apache.http.headers  - << X-DNS-Prefetch-Control: off
1176402 [main] DEBUG org.apache.http.headers  - << X-DNS-Prefetch-Control: off
1176402 [main] DEBUG org.apache.http.headers  - << X-DNS-Prefetch-Control: off
1176402 [main] DEBUG org.apache.http.headers  - << X-DNS-Prefetch-Control: off
1176402 [main] DEBUG org.apache.http.headers  - << Expect-CT: max-age=0
1176402 [main] DEBUG org.apache.http.headers  - << Expect-CT: max-age=0
1176402 [main] DEBUG org.apache.http.headers  - << Expect-CT: max-age=0
1176402 [main] DEBUG org.apache.http.headers  - << Expect-CT: max-age=0
1176402 [main] DEBUG org.apache.http.headers  - << Expect-CT: max-age=0
1176402 [main] DEBUG org.apache.http.headers  - << Expect-CT: max-age=0
1176402 [main] DEBUG org.apache.http.headers  - << X-Frame-Options: SAMEORIGIN
1176402 [main] DEBUG org.apache.http.headers  - << X-Frame-Options: SAMEORIGIN
1176402 [main] DEBUG org.apache.http.headers  - << X-Frame-Options: SAMEORIGIN
1176402 [main] DEBUG org.apache.http.headers  - << X-Frame-Options: SAMEORIGIN
1176402 [main] DEBUG org.apache.http.headers  - << X-Frame-Options: SAMEORIGIN
1176402 [main] DEBUG org.apache.http.headers  - << X-Frame-Options: SAMEORIGIN
1176402 [main] DEBUG org.apache.http.headers  - << X-Download-Options: noopen
1176402 [main] DEBUG org.apache.http.headers  - << X-Download-Options: noopen
1176402 [main] DEBUG org.apache.http.headers  - << X-Download-Options: noopen
1176402 [main] DEBUG org.apache.http.headers  - << X-Download-Options: noopen
1176402 [main] DEBUG org.apache.http.headers  - << X-Download-Options: noopen
1176402 [main] DEBUG org.apache.http.headers  - << X-Download-Options: noopen
1176402 [main] DEBUG org.apache.http.headers  - << X-Content-Type-Options: nosniff
1176402 [main] DEBUG org.apache.http.headers  - << X-Content-Type-Options: nosniff
1176402 [main] DEBUG org.apache.http.headers  - << X-Content-Type-Options: nosniff
1176402 [main] DEBUG org.apache.http.headers  - << X-Content-Type-Options: nosniff
1176402 [main] DEBUG org.apache.http.headers  - << X-Content-Type-Options: nosniff
1176402 [main] DEBUG org.apache.http.headers  - << X-Content-Type-Options: nosniff
1176402 [main] DEBUG org.apache.http.headers  - << X-Permitted-Cross-Domain-Policies: none
1176402 [main] DEBUG org.apache.http.headers  - << X-Permitted-Cross-Domain-Policies: none
1176402 [main] DEBUG org.apache.http.headers  - << X-Permitted-Cross-Domain-Policies: none
1176402 [main] DEBUG org.apache.http.headers  - << X-Permitted-Cross-Domain-Policies: none
1176402 [main] DEBUG org.apache.http.headers  - << X-Permitted-Cross-Domain-Policies: none
1176402 [main] DEBUG org.apache.http.headers  - << X-Permitted-Cross-Domain-Policies: none
1176402 [main] DEBUG org.apache.http.headers  - << Referrer-Policy: no-referrer
1176402 [main] DEBUG org.apache.http.headers  - << Referrer-Policy: no-referrer
1176402 [main] DEBUG org.apache.http.headers  - << Referrer-Policy: no-referrer
1176402 [main] DEBUG org.apache.http.headers  - << Referrer-Policy: no-referrer
1176402 [main] DEBUG org.apache.http.headers  - << Referrer-Policy: no-referrer
1176402 [main] DEBUG org.apache.http.headers  - << Referrer-Policy: no-referrer
1176403 [main] DEBUG org.apache.http.headers  - << X-XSS-Protection: 0
1176403 [main] DEBUG org.apache.http.headers  - << X-XSS-Protection: 0
1176403 [main] DEBUG org.apache.http.headers  - << X-XSS-Protection: 0
1176403 [main] DEBUG org.apache.http.headers  - << X-XSS-Protection: 0
1176403 [main] DEBUG org.apache.http.headers  - << X-XSS-Protection: 0
1176403 [main] DEBUG org.apache.http.headers  - << X-XSS-Protection: 0
1176403 [main] DEBUG org.apache.http.headers  - << Vary: Origin, Accept-Encoding
1176403 [main] DEBUG org.apache.http.headers  - << Vary: Origin, Accept-Encoding
1176403 [main] DEBUG org.apache.http.headers  - << Vary: Origin, Accept-Encoding
1176403 [main] DEBUG org.apache.http.headers  - << Vary: Origin, Accept-Encoding
1176403 [main] DEBUG org.apache.http.headers  - << Vary: Origin, Accept-Encoding
1176403 [main] DEBUG org.apache.http.headers  - << Vary: Origin, Accept-Encoding
1176403 [main] DEBUG org.apache.http.headers  - << Access-Control-Allow-Credentials: true
1176403 [main] DEBUG org.apache.http.headers  - << Access-Control-Allow-Credentials: true
1176403 [main] DEBUG org.apache.http.headers  - << Access-Control-Allow-Credentials: true
1176403 [main] DEBUG org.apache.http.headers  - << Access-Control-Allow-Credentials: true
1176403 [main] DEBUG org.apache.http.headers  - << Access-Control-Allow-Credentials: true
1176403 [main] DEBUG org.apache.http.headers  - << Access-Control-Allow-Credentials: true
1176403 [main] DEBUG org.apache.http.headers  - << Retry-After: 10
1176403 [main] DEBUG org.apache.http.headers  - << Retry-After: 10
1176403 [main] DEBUG org.apache.http.headers  - << Retry-After: 10
1176403 [main] DEBUG org.apache.http.headers  - << Retry-After: 10
1176403 [main] DEBUG org.apache.http.headers  - << Retry-After: 10
1176403 [main] DEBUG org.apache.http.headers  - << Retry-After: 10
1176403 [main] DEBUG org.apache.http.headers  - << X-RateLimit-Limit: 80
1176403 [main] DEBUG org.apache.http.headers  - << X-RateLimit-Limit: 80
1176403 [main] DEBUG org.apache.http.headers  - << X-RateLimit-Limit: 80
1176403 [main] DEBUG org.apache.http.headers  - << X-RateLimit-Limit: 80
1176403 [main] DEBUG org.apache.http.headers  - << X-RateLimit-Limit: 80
1176403 [main] DEBUG org.apache.http.headers  - << X-RateLimit-Limit: 80
1176403 [main] DEBUG org.apache.http.headers  - << X-RateLimit-Remaining: 79
1176403 [main] DEBUG org.apache.http.headers  - << X-RateLimit-Remaining: 79
1176403 [main] DEBUG org.apache.http.headers  - << X-RateLimit-Remaining: 79
1176403 [main] DEBUG org.apache.http.headers  - << X-RateLimit-Remaining: 79
1176403 [main] DEBUG org.apache.http.headers  - << X-RateLimit-Remaining: 79
1176403 [main] DEBUG org.apache.http.headers  - << X-RateLimit-Remaining: 79
1176403 [main] DEBUG org.apache.http.headers  - << X-RateLimit-Reset: Tue Sep 22 2020 09:13:36 GMT+0000 (Coordinated Universal Time)
1176403 [main] DEBUG org.apache.http.headers  - << X-RateLimit-Reset: Tue Sep 22 2020 09:13:36 GMT+0000 (Coordinated Universal Time)
1176403 [main] DEBUG org.apache.http.headers  - << X-RateLimit-Reset: Tue Sep 22 2020 09:13:36 GMT+0000 (Coordinated Universal Time)
1176403 [main] DEBUG org.apache.http.headers  - << X-RateLimit-Reset: Tue Sep 22 2020 09:13:36 GMT+0000 (Coordinated Universal Time)
1176403 [main] DEBUG org.apache.http.headers  - << X-RateLimit-Reset: Tue Sep 22 2020 09:13:36 GMT+0000 (Coordinated Universal Time)
1176403 [main] DEBUG org.apache.http.headers  - << X-RateLimit-Reset: Tue Sep 22 2020 09:13:36 GMT+0000 (Coordinated Universal Time)
1176404 [main] DEBUG org.apache.http.headers  - << Access-Control-Allow-Methods: GET, POST, OPTIONS
1176404 [main] DEBUG org.apache.http.headers  - << Access-Control-Allow-Methods: GET, POST, OPTIONS
1176404 [main] DEBUG org.apache.http.headers  - << Access-Control-Allow-Methods: GET, POST, OPTIONS
1176404 [main] DEBUG org.apache.http.headers  - << Access-Control-Allow-Methods: GET, POST, OPTIONS
1176404 [main] DEBUG org.apache.http.headers  - << Access-Control-Allow-Methods: GET, POST, OPTIONS
1176404 [main] DEBUG org.apache.http.headers  - << Access-Control-Allow-Methods: GET, POST, OPTIONS
1176404 [main] DEBUG org.apache.http.headers  - << Access-Control-Allow-Headers: DNT,X-CustomHeader,Keep-Alive,User-Agent,X-Requested-With,If-Modified-Since,Cache-Control,Content-Type,Content-Range,Range
1176404 [main] DEBUG org.apache.http.headers  - << Access-Control-Allow-Headers: DNT,X-CustomHeader,Keep-Alive,User-Agent,X-Requested-With,If-Modified-Since,Cache-Control,Content-Type,Content-Range,Range
1176404 [main] DEBUG org.apache.http.headers  - << Access-Control-Allow-Headers: DNT,X-CustomHeader,Keep-Alive,User-Agent,X-Requested-With,If-Modified-Since,Cache-Control,Content-Type,Content-Range,Range
1176404 [main] DEBUG org.apache.http.headers  - << Access-Control-Allow-Headers: DNT,X-CustomHeader,Keep-Alive,User-Agent,X-Requested-With,If-Modified-Since,Cache-Control,Content-Type,Content-Range,Range
1176404 [main] DEBUG org.apache.http.headers  - << Access-Control-Allow-Headers: DNT,X-CustomHeader,Keep-Alive,User-Agent,X-Requested-With,If-Modified-Since,Cache-Control,Content-Type,Content-Range,Range
1176404 [main] DEBUG org.apache.http.headers  - << Access-Control-Allow-Headers: DNT,X-CustomHeader,Keep-Alive,User-Agent,X-Requested-With,If-Modified-Since,Cache-Control,Content-Type,Content-Range,Range
1176404 [main] DEBUG org.apache.http.headers  - << Access-Control-Expose-Headers: DNT,X-CustomHeader,Keep-Alive,User-Agent,X-Requested-With,If-Modified-Since,Cache-Control,Content-Type,Content-Range,Range
1176404 [main] DEBUG org.apache.http.headers  - << Access-Control-Expose-Headers: DNT,X-CustomHeader,Keep-Alive,User-Agent,X-Requested-With,If-Modified-Since,Cache-Control,Content-Type,Content-Range,Range
1176404 [main] DEBUG org.apache.http.headers  - << Access-Control-Expose-Headers: DNT,X-CustomHeader,Keep-Alive,User-Agent,X-Requested-With,If-Modified-Since,Cache-Control,Content-Type,Content-Range,Range
1176404 [main] DEBUG org.apache.http.headers  - << Access-Control-Expose-Headers: DNT,X-CustomHeader,Keep-Alive,User-Agent,X-Requested-With,If-Modified-Since,Cache-Control,Content-Type,Content-Range,Range
1176404 [main] DEBUG org.apache.http.headers  - << Access-Control-Expose-Headers: DNT,X-CustomHeader,Keep-Alive,User-Agent,X-Requested-With,If-Modified-Since,Cache-Control,Content-Type,Content-Range,Range
1176404 [main] DEBUG org.apache.http.headers  - << Access-Control-Expose-Headers: DNT,X-CustomHeader,Keep-Alive,User-Agent,X-Requested-With,If-Modified-Since,Cache-Control,Content-Type,Content-Range,Range
1176404 [main] DEBUG org.apache.http.headers  - << Content-Encoding: gzip
1176404 [main] DEBUG org.apache.http.headers  - << Content-Encoding: gzip
1176404 [main] DEBUG org.apache.http.headers  - << Content-Encoding: gzip
1176404 [main] DEBUG org.apache.http.headers  - << Content-Encoding: gzip
1176404 [main] DEBUG org.apache.http.headers  - << Content-Encoding: gzip
1176404 [main] DEBUG org.apache.http.headers  - << Content-Encoding: gzip
1176404 [main] DEBUG org.apache.http.impl.client.DefaultHttpClient  - Connection can be kept alive indefinitely
1176404 [main] DEBUG org.apache.http.impl.client.DefaultHttpClient  - Connection can be kept alive indefinitely
1176404 [main] DEBUG org.apache.http.impl.client.DefaultHttpClient  - Connection can be kept alive indefinitely
1176404 [main] DEBUG org.apache.http.impl.client.DefaultHttpClient  - Connection can be kept alive indefinitely
1176404 [main] DEBUG org.apache.http.impl.client.DefaultHttpClient  - Connection can be kept alive indefinitely
1176404 [main] DEBUG org.apache.http.impl.client.DefaultHttpClient  - Connection can be kept alive indefinitely
1176405 [main] DEBUG io.restassured.internal.RequestSpecificationImpl$RestAssuredHttpBuilder  - Parsing response as: application/json; charset=utf-8
1176405 [main] DEBUG io.restassured.internal.RequestSpecificationImpl$RestAssuredHttpBuilder  - Parsing response as: application/json; charset=utf-8
1176405 [main] DEBUG io.restassured.internal.RequestSpecificationImpl$RestAssuredHttpBuilder  - Parsing response as: application/json; charset=utf-8
1176405 [main] DEBUG io.restassured.internal.RequestSpecificationImpl$RestAssuredHttpBuilder  - Parsing response as: application/json; charset=utf-8
1176405 [main] DEBUG io.restassured.internal.RequestSpecificationImpl$RestAssuredHttpBuilder  - Parsing response as: application/json; charset=utf-8
1176405 [main] DEBUG io.restassured.internal.RequestSpecificationImpl$RestAssuredHttpBuilder  - Parsing response as: application/json; charset=utf-8
1176406 [main] DEBUG org.apache.http.wire  -  << "5d[\r][\n]"
1176406 [main] DEBUG org.apache.http.wire  -  << "5d[\r][\n]"
1176406 [main] DEBUG org.apache.http.wire  -  << "5d[\r][\n]"
1176406 [main] DEBUG org.apache.http.wire  -  << "5d[\r][\n]"
1176406 [main] DEBUG org.apache.http.wire  -  << "5d[\r][\n]"
1176406 [main] DEBUG org.apache.http.wire  -  << "5d[\r][\n]"
1176406 [main] DEBUG org.apache.http.wire  -  << "[0x1f][0x8b][0x8][0x0][0x0][0x0][0x0][0x0][0x0][0x3][0xab]V[0xca]M-.NLOU[0xb2]R[0xf2]IMLQ([0xcf],[0xc9]P([0xc8][0xc8][0xcf]KU[0xc8]+[0xcd]MJ-RP[0xd7][0xb6]4[0xb4]064071[0xb1]47UWHI[0xcd]I-IMQ(.MN[0x6][0xea]M+[0xcd][0xc9][0xa9][0xd4]S[0xaa][0x5][0x0][0x15]{w[0x82]J[0x0][0x0][0x0]"
1176406 [main] DEBUG org.apache.http.wire  -  << "[0x1f][0x8b][0x8][0x0][0x0][0x0][0x0][0x0][0x0][0x3][0xab]V[0xca]M-.NLOU[0xb2]R[0xf2]IMLQ([0xcf],[0xc9]P([0xc8][0xc8][0xcf]KU[0xc8]+[0xcd]MJ-RP[0xd7][0xb6]4[0xb4]064071[0xb1]47UWHI[0xcd]I-IMQ(.MN[0x6][0xea]M+[0xcd][0xc9][0xa9][0xd4]S[0xaa][0x5][0x0][0x15]{w[0x82]J[0x0][0x0][0x0]"
1176406 [main] DEBUG org.apache.http.wire  -  << "[0x1f][0x8b][0x8][0x0][0x0][0x0][0x0][0x0][0x0][0x3][0xab]V[0xca]M-.NLOU[0xb2]R[0xf2]IMLQ([0xcf],[0xc9]P([0xc8][0xc8][0xcf]KU[0xc8]+[0xcd]MJ-RP[0xd7][0xb6]4[0xb4]064071[0xb1]47UWHI[0xcd]I-IMQ(.MN[0x6][0xea]M+[0xcd][0xc9][0xa9][0xd4]S[0xaa][0x5][0x0][0x15]{w[0x82]J[0x0][0x0][0x0]"
1176406 [main] DEBUG org.apache.http.wire  -  << "[0x1f][0x8b][0x8][0x0][0x0][0x0][0x0][0x0][0x0][0x3][0xab]V[0xca]M-.NLOU[0xb2]R[0xf2]IMLQ([0xcf],[0xc9]P([0xc8][0xc8][0xcf]KU[0xc8]+[0xcd]MJ-RP[0xd7][0xb6]4[0xb4]064071[0xb1]47UWHI[0xcd]I-IMQ(.MN[0x6][0xea]M+[0xcd][0xc9][0xa9][0xd4]S[0xaa][0x5][0x0][0x15]{w[0x82]J[0x0][0x0][0x0]"
1176406 [main] DEBUG org.apache.http.wire  -  << "[0x1f][0x8b][0x8][0x0][0x0][0x0][0x0][0x0][0x0][0x3][0xab]V[0xca]M-.NLOU[0xb2]R[0xf2]IMLQ([0xcf],[0xc9]P([0xc8][0xc8][0xcf]KU[0xc8]+[0xcd]MJ-RP[0xd7][0xb6]4[0xb4]064071[0xb1]47UWHI[0xcd]I-IMQ(.MN[0x6][0xea]M+[0xcd][0xc9][0xa9][0xd4]S[0xaa][0x5][0x0][0x15]{w[0x82]J[0x0][0x0][0x0]"
1176406 [main] DEBUG org.apache.http.wire  -  << "[0x1f][0x8b][0x8][0x0][0x0][0x0][0x0][0x0][0x0][0x3][0xab]V[0xca]M-.NLOU[0xb2]R[0xf2]IMLQ([0xcf],[0xc9]P([0xc8][0xc8][0xcf]KU[0xc8]+[0xcd]MJ-RP[0xd7][0xb6]4[0xb4]064071[0xb1]47UWHI[0xcd]I-IMQ(.MN[0x6][0xea]M+[0xcd][0xc9][0xa9][0xd4]S[0xaa][0x5][0x0][0x15]{w[0x82]J[0x0][0x0][0x0]"
1176406 [main] DEBUG org.apache.http.wire  -  << "[\r][\n]"
1176406 [main] DEBUG org.apache.http.wire  -  << "[\r][\n]"
1176406 [main] DEBUG org.apache.http.wire  -  << "[\r][\n]"
1176406 [main] DEBUG org.apache.http.wire  -  << "[\r][\n]"
1176406 [main] DEBUG org.apache.http.wire  -  << "[\r][\n]"
1176406 [main] DEBUG org.apache.http.wire  -  << "[\r][\n]"
1176406 [main] DEBUG org.apache.http.wire  -  << "0[\r][\n]"
1176406 [main] DEBUG org.apache.http.wire  -  << "0[\r][\n]"
1176406 [main] DEBUG org.apache.http.wire  -  << "0[\r][\n]"
1176406 [main] DEBUG org.apache.http.wire  -  << "0[\r][\n]"
1176406 [main] DEBUG org.apache.http.wire  -  << "0[\r][\n]"
1176406 [main] DEBUG org.apache.http.wire  -  << "0[\r][\n]"
1176407 [main] DEBUG org.apache.http.wire  -  << "[\r][\n]"
1176407 [main] DEBUG org.apache.http.wire  -  << "[\r][\n]"
1176407 [main] DEBUG org.apache.http.wire  -  << "[\r][\n]"
1176407 [main] DEBUG org.apache.http.wire  -  << "[\r][\n]"
1176407 [main] DEBUG org.apache.http.wire  -  << "[\r][\n]"
1176407 [main] DEBUG org.apache.http.wire  -  << "[\r][\n]"
1176407 [main] DEBUG io.restassured.internal.RequestSpecificationImpl$RestAssuredHttpBuilder  - Parsed data to instance of: class org.apache.http.conn.EofSensorInputStream
1176407 [main] DEBUG io.restassured.internal.RequestSpecificationImpl$RestAssuredHttpBuilder  - Parsed data to instance of: class org.apache.http.conn.EofSensorInputStream
1176407 [main] DEBUG io.restassured.internal.RequestSpecificationImpl$RestAssuredHttpBuilder  - Parsed data to instance of: class org.apache.http.conn.EofSensorInputStream
1176407 [main] DEBUG io.restassured.internal.RequestSpecificationImpl$RestAssuredHttpBuilder  - Parsed data to instance of: class org.apache.http.conn.EofSensorInputStream
1176407 [main] DEBUG io.restassured.internal.RequestSpecificationImpl$RestAssuredHttpBuilder  - Parsed data to instance of: class org.apache.http.conn.EofSensorInputStream
1176407 [main] DEBUG io.restassured.internal.RequestSpecificationImpl$RestAssuredHttpBuilder  - Parsed data to instance of: class org.apache.http.conn.EofSensorInputStream
1176408 [main] DEBUG org.apache.http.impl.conn.BasicClientConnectionManager  - Releasing connection org.apache.http.impl.conn.ManagedClientConnectionImpl@4f213a2
1176408 [main] DEBUG org.apache.http.impl.conn.BasicClientConnectionManager  - Releasing connection org.apache.http.impl.conn.ManagedClientConnectionImpl@4f213a2
1176408 [main] DEBUG org.apache.http.impl.conn.BasicClientConnectionManager  - Releasing connection org.apache.http.impl.conn.ManagedClientConnectionImpl@4f213a2
1176408 [main] DEBUG org.apache.http.impl.conn.BasicClientConnectionManager  - Releasing connection org.apache.http.impl.conn.ManagedClientConnectionImpl@4f213a2
1176408 [main] DEBUG org.apache.http.impl.conn.BasicClientConnectionManager  - Releasing connection org.apache.http.impl.conn.ManagedClientConnectionImpl@4f213a2
1176408 [main] DEBUG org.apache.http.impl.conn.BasicClientConnectionManager  - Releasing connection org.apache.http.impl.conn.ManagedClientConnectionImpl@4f213a2
1176408 [main] DEBUG org.apache.http.impl.conn.BasicClientConnectionManager  - Connection can be kept alive indefinitely
1176408 [main] DEBUG org.apache.http.impl.conn.BasicClientConnectionManager  - Connection can be kept alive indefinitely
1176408 [main] DEBUG org.apache.http.impl.conn.BasicClientConnectionManager  - Connection can be kept alive indefinitely
1176408 [main] DEBUG org.apache.http.impl.conn.BasicClientConnectionManager  - Connection can be kept alive indefinitely
1176408 [main] DEBUG org.apache.http.impl.conn.BasicClientConnectionManager  - Connection can be kept alive indefinitely
1176408 [main] DEBUG org.apache.http.impl.conn.BasicClientConnectionManager  - Connection can be kept alive indefinitely
{
    "message": "Lead with phone number '+918310744975' deleted successfully."
}
{
    "message": "Lead with phone number '+918310744975' deleted successfully."
}]]></system-out>
  </testcase>
  <testcase name="NewUserSignupbookanpayatHospitalAppointmentWithFreeOpinion" classname="com.onco.webtests.NewUserOpinionINeedAnOnlineOpinionForCancerTreatmentIndiaPanel" time="356.56"/>
  <testcase name="addResultForTestCase" classname="com.onco.webtests.NewUserOpinionINeedAnOnlineOpinionForCancerTreatmentIndiaPanel" time="357.392">
    <failure message="&#10;Can inject only one of &lt;ITestContext, XmlTest&gt; into a @AfterClass annotated addResultForTestCase.&#10;For more information on native dependency injection please refer to http://testng.org/doc/documentation-main.html#native-dependency-injection" type="org.testng.TestNGException"><![CDATA[org.testng.TestNGException: 

Can inject only one of <ITestContext, XmlTest> into a @AfterClass annotated addResultForTestCase.
For more information on native dependency injection please refer to http://testng.org/doc/documentation-main.html#native-dependency-injection
]]></failure>
    <system-out><![CDATA[1541486 [main] DEBUG org.apache.http.impl.conn.BasicClientConnectionManager  - Get connection for route {s}->https://backstage.onco.com:443
1541486 [main] DEBUG org.apache.http.impl.conn.BasicClientConnectionManager  - Get connection for route {s}->https://backstage.onco.com:443
1541486 [main] DEBUG org.apache.http.impl.conn.BasicClientConnectionManager  - Get connection for route {s}->https://backstage.onco.com:443
1541486 [main] DEBUG org.apache.http.impl.conn.BasicClientConnectionManager  - Get connection for route {s}->https://backstage.onco.com:443
1541486 [main] DEBUG org.apache.http.impl.conn.BasicClientConnectionManager  - Get connection for route {s}->https://backstage.onco.com:443
1541486 [main] DEBUG org.apache.http.impl.conn.BasicClientConnectionManager  - Get connection for route {s}->https://backstage.onco.com:443
1541486 [main] DEBUG org.apache.http.impl.conn.BasicClientConnectionManager  - Get connection for route {s}->https://backstage.onco.com:443
1541582 [main] DEBUG org.apache.http.impl.conn.DefaultClientConnectionOperator  - Connecting to backstage.onco.com:443
1541582 [main] DEBUG org.apache.http.impl.conn.DefaultClientConnectionOperator  - Connecting to backstage.onco.com:443
1541582 [main] DEBUG org.apache.http.impl.conn.DefaultClientConnectionOperator  - Connecting to backstage.onco.com:443
1541582 [main] DEBUG org.apache.http.impl.conn.DefaultClientConnectionOperator  - Connecting to backstage.onco.com:443
1541582 [main] DEBUG org.apache.http.impl.conn.DefaultClientConnectionOperator  - Connecting to backstage.onco.com:443
1541582 [main] DEBUG org.apache.http.impl.conn.DefaultClientConnectionOperator  - Connecting to backstage.onco.com:443
1541582 [main] DEBUG org.apache.http.impl.conn.DefaultClientConnectionOperator  - Connecting to backstage.onco.com:443
1541926 [main] DEBUG org.apache.http.client.protocol.RequestAddCookies  - CookieSpec selected: ignoreCookies
1541926 [main] DEBUG org.apache.http.client.protocol.RequestAddCookies  - CookieSpec selected: ignoreCookies
1541926 [main] DEBUG org.apache.http.client.protocol.RequestAddCookies  - CookieSpec selected: ignoreCookies
1541926 [main] DEBUG org.apache.http.client.protocol.RequestAddCookies  - CookieSpec selected: ignoreCookies
1541926 [main] DEBUG org.apache.http.client.protocol.RequestAddCookies  - CookieSpec selected: ignoreCookies
1541926 [main] DEBUG org.apache.http.client.protocol.RequestAddCookies  - CookieSpec selected: ignoreCookies
1541926 [main] DEBUG org.apache.http.client.protocol.RequestAddCookies  - CookieSpec selected: ignoreCookies
1541926 [main] DEBUG org.apache.http.client.protocol.RequestAuthCache  - Auth cache not set in the context
1541926 [main] DEBUG org.apache.http.client.protocol.RequestAuthCache  - Auth cache not set in the context
1541926 [main] DEBUG org.apache.http.client.protocol.RequestAuthCache  - Auth cache not set in the context
1541926 [main] DEBUG org.apache.http.client.protocol.RequestAuthCache  - Auth cache not set in the context
1541926 [main] DEBUG org.apache.http.client.protocol.RequestAuthCache  - Auth cache not set in the context
1541926 [main] DEBUG org.apache.http.client.protocol.RequestAuthCache  - Auth cache not set in the context
1541926 [main] DEBUG org.apache.http.client.protocol.RequestAuthCache  - Auth cache not set in the context
1541926 [main] DEBUG org.apache.http.client.protocol.RequestTargetAuthentication  - Target auth state: UNCHALLENGED
1541926 [main] DEBUG org.apache.http.client.protocol.RequestTargetAuthentication  - Target auth state: UNCHALLENGED
1541926 [main] DEBUG org.apache.http.client.protocol.RequestTargetAuthentication  - Target auth state: UNCHALLENGED
1541926 [main] DEBUG org.apache.http.client.protocol.RequestTargetAuthentication  - Target auth state: UNCHALLENGED
1541926 [main] DEBUG org.apache.http.client.protocol.RequestTargetAuthentication  - Target auth state: UNCHALLENGED
1541926 [main] DEBUG org.apache.http.client.protocol.RequestTargetAuthentication  - Target auth state: UNCHALLENGED
1541926 [main] DEBUG org.apache.http.client.protocol.RequestTargetAuthentication  - Target auth state: UNCHALLENGED
1541926 [main] DEBUG org.apache.http.client.protocol.RequestProxyAuthentication  - Proxy auth state: UNCHALLENGED
1541926 [main] DEBUG org.apache.http.client.protocol.RequestProxyAuthentication  - Proxy auth state: UNCHALLENGED
1541926 [main] DEBUG org.apache.http.client.protocol.RequestProxyAuthentication  - Proxy auth state: UNCHALLENGED
1541926 [main] DEBUG org.apache.http.client.protocol.RequestProxyAuthentication  - Proxy auth state: UNCHALLENGED
1541926 [main] DEBUG org.apache.http.client.protocol.RequestProxyAuthentication  - Proxy auth state: UNCHALLENGED
1541926 [main] DEBUG org.apache.http.client.protocol.RequestProxyAuthentication  - Proxy auth state: UNCHALLENGED
1541926 [main] DEBUG org.apache.http.client.protocol.RequestProxyAuthentication  - Proxy auth state: UNCHALLENGED
1541926 [main] DEBUG org.apache.http.impl.client.DefaultHttpClient  - Attempt 1 to execute request
1541926 [main] DEBUG org.apache.http.impl.client.DefaultHttpClient  - Attempt 1 to execute request
1541926 [main] DEBUG org.apache.http.impl.client.DefaultHttpClient  - Attempt 1 to execute request
1541926 [main] DEBUG org.apache.http.impl.client.DefaultHttpClient  - Attempt 1 to execute request
1541926 [main] DEBUG org.apache.http.impl.client.DefaultHttpClient  - Attempt 1 to execute request
1541926 [main] DEBUG org.apache.http.impl.client.DefaultHttpClient  - Attempt 1 to execute request
1541926 [main] DEBUG org.apache.http.impl.client.DefaultHttpClient  - Attempt 1 to execute request
1541926 [main] DEBUG org.apache.http.impl.conn.DefaultClientConnection  - Sending request: POST /onco-auth/oapi/user-cred/remove-lead HTTP/1.1
1541926 [main] DEBUG org.apache.http.impl.conn.DefaultClientConnection  - Sending request: POST /onco-auth/oapi/user-cred/remove-lead HTTP/1.1
1541926 [main] DEBUG org.apache.http.impl.conn.DefaultClientConnection  - Sending request: POST /onco-auth/oapi/user-cred/remove-lead HTTP/1.1
1541926 [main] DEBUG org.apache.http.impl.conn.DefaultClientConnection  - Sending request: POST /onco-auth/oapi/user-cred/remove-lead HTTP/1.1
1541926 [main] DEBUG org.apache.http.impl.conn.DefaultClientConnection  - Sending request: POST /onco-auth/oapi/user-cred/remove-lead HTTP/1.1
1541926 [main] DEBUG org.apache.http.impl.conn.DefaultClientConnection  - Sending request: POST /onco-auth/oapi/user-cred/remove-lead HTTP/1.1
1541926 [main] DEBUG org.apache.http.impl.conn.DefaultClientConnection  - Sending request: POST /onco-auth/oapi/user-cred/remove-lead HTTP/1.1
1541926 [main] DEBUG org.apache.http.wire  -  >> "POST /onco-auth/oapi/user-cred/remove-lead HTTP/1.1[\r][\n]"
1541926 [main] DEBUG org.apache.http.wire  -  >> "POST /onco-auth/oapi/user-cred/remove-lead HTTP/1.1[\r][\n]"
1541926 [main] DEBUG org.apache.http.wire  -  >> "POST /onco-auth/oapi/user-cred/remove-lead HTTP/1.1[\r][\n]"
1541926 [main] DEBUG org.apache.http.wire  -  >> "POST /onco-auth/oapi/user-cred/remove-lead HTTP/1.1[\r][\n]"
1541926 [main] DEBUG org.apache.http.wire  -  >> "POST /onco-auth/oapi/user-cred/remove-lead HTTP/1.1[\r][\n]"
1541926 [main] DEBUG org.apache.http.wire  -  >> "POST /onco-auth/oapi/user-cred/remove-lead HTTP/1.1[\r][\n]"
1541926 [main] DEBUG org.apache.http.wire  -  >> "POST /onco-auth/oapi/user-cred/remove-lead HTTP/1.1[\r][\n]"
1541926 [main] DEBUG org.apache.http.wire  -  >> ":  [\r][\n]"
1541926 [main] DEBUG org.apache.http.wire  -  >> ":  [\r][\n]"
1541926 [main] DEBUG org.apache.http.wire  -  >> ":  [\r][\n]"
1541926 [main] DEBUG org.apache.http.wire  -  >> ":  [\r][\n]"
1541926 [main] DEBUG org.apache.http.wire  -  >> ":  [\r][\n]"
1541926 [main] DEBUG org.apache.http.wire  -  >> ":  [\r][\n]"
1541926 [main] DEBUG org.apache.http.wire  -  >> ":  [\r][\n]"
1541926 [main] DEBUG org.apache.http.wire  -  >> "Accept: */*[\r][\n]"
1541926 [main] DEBUG org.apache.http.wire  -  >> "Accept: */*[\r][\n]"
1541926 [main] DEBUG org.apache.http.wire  -  >> "Accept: */*[\r][\n]"
1541926 [main] DEBUG org.apache.http.wire  -  >> "Accept: */*[\r][\n]"
1541926 [main] DEBUG org.apache.http.wire  -  >> "Accept: */*[\r][\n]"
1541926 [main] DEBUG org.apache.http.wire  -  >> "Accept: */*[\r][\n]"
1541926 [main] DEBUG org.apache.http.wire  -  >> "Accept: */*[\r][\n]"
1541927 [main] DEBUG org.apache.http.wire  -  >> "Content-Type: application/json; charset=UTF-8[\r][\n]"
1541927 [main] DEBUG org.apache.http.wire  -  >> "Content-Type: application/json; charset=UTF-8[\r][\n]"
1541927 [main] DEBUG org.apache.http.wire  -  >> "Content-Type: application/json; charset=UTF-8[\r][\n]"
1541927 [main] DEBUG org.apache.http.wire  -  >> "Content-Type: application/json; charset=UTF-8[\r][\n]"
1541927 [main] DEBUG org.apache.http.wire  -  >> "Content-Type: application/json; charset=UTF-8[\r][\n]"
1541927 [main] DEBUG org.apache.http.wire  -  >> "Content-Type: application/json; charset=UTF-8[\r][\n]"
1541927 [main] DEBUG org.apache.http.wire  -  >> "Content-Type: application/json; charset=UTF-8[\r][\n]"
1541927 [main] DEBUG org.apache.http.wire  -  >> "Content-Length: 83[\r][\n]"
1541927 [main] DEBUG org.apache.http.wire  -  >> "Content-Length: 83[\r][\n]"
1541927 [main] DEBUG org.apache.http.wire  -  >> "Content-Length: 83[\r][\n]"
1541927 [main] DEBUG org.apache.http.wire  -  >> "Content-Length: 83[\r][\n]"
1541927 [main] DEBUG org.apache.http.wire  -  >> "Content-Length: 83[\r][\n]"
1541927 [main] DEBUG org.apache.http.wire  -  >> "Content-Length: 83[\r][\n]"
1541927 [main] DEBUG org.apache.http.wire  -  >> "Content-Length: 83[\r][\n]"
1541927 [main] DEBUG org.apache.http.wire  -  >> "Host: backstage.onco.com[\r][\n]"
1541927 [main] DEBUG org.apache.http.wire  -  >> "Host: backstage.onco.com[\r][\n]"
1541927 [main] DEBUG org.apache.http.wire  -  >> "Host: backstage.onco.com[\r][\n]"
1541927 [main] DEBUG org.apache.http.wire  -  >> "Host: backstage.onco.com[\r][\n]"
1541927 [main] DEBUG org.apache.http.wire  -  >> "Host: backstage.onco.com[\r][\n]"
1541927 [main] DEBUG org.apache.http.wire  -  >> "Host: backstage.onco.com[\r][\n]"
1541927 [main] DEBUG org.apache.http.wire  -  >> "Host: backstage.onco.com[\r][\n]"
1541927 [main] DEBUG org.apache.http.wire  -  >> "Connection: Keep-Alive[\r][\n]"
1541927 [main] DEBUG org.apache.http.wire  -  >> "Connection: Keep-Alive[\r][\n]"
1541927 [main] DEBUG org.apache.http.wire  -  >> "Connection: Keep-Alive[\r][\n]"
1541927 [main] DEBUG org.apache.http.wire  -  >> "Connection: Keep-Alive[\r][\n]"
1541927 [main] DEBUG org.apache.http.wire  -  >> "Connection: Keep-Alive[\r][\n]"
1541927 [main] DEBUG org.apache.http.wire  -  >> "Connection: Keep-Alive[\r][\n]"
1541927 [main] DEBUG org.apache.http.wire  -  >> "Connection: Keep-Alive[\r][\n]"
1541927 [main] DEBUG org.apache.http.wire  -  >> "User-Agent: Apache-HttpClient/4.5.5 (Java/1.8.0_231)[\r][\n]"
1541927 [main] DEBUG org.apache.http.wire  -  >> "User-Agent: Apache-HttpClient/4.5.5 (Java/1.8.0_231)[\r][\n]"
1541927 [main] DEBUG org.apache.http.wire  -  >> "User-Agent: Apache-HttpClient/4.5.5 (Java/1.8.0_231)[\r][\n]"
1541927 [main] DEBUG org.apache.http.wire  -  >> "User-Agent: Apache-HttpClient/4.5.5 (Java/1.8.0_231)[\r][\n]"
1541927 [main] DEBUG org.apache.http.wire  -  >> "User-Agent: Apache-HttpClient/4.5.5 (Java/1.8.0_231)[\r][\n]"
1541927 [main] DEBUG org.apache.http.wire  -  >> "User-Agent: Apache-HttpClient/4.5.5 (Java/1.8.0_231)[\r][\n]"
1541927 [main] DEBUG org.apache.http.wire  -  >> "User-Agent: Apache-HttpClient/4.5.5 (Java/1.8.0_231)[\r][\n]"
1541927 [main] DEBUG org.apache.http.wire  -  >> "Accept-Encoding: gzip,deflate[\r][\n]"
1541927 [main] DEBUG org.apache.http.wire  -  >> "Accept-Encoding: gzip,deflate[\r][\n]"
1541927 [main] DEBUG org.apache.http.wire  -  >> "Accept-Encoding: gzip,deflate[\r][\n]"
1541927 [main] DEBUG org.apache.http.wire  -  >> "Accept-Encoding: gzip,deflate[\r][\n]"
1541927 [main] DEBUG org.apache.http.wire  -  >> "Accept-Encoding: gzip,deflate[\r][\n]"
1541927 [main] DEBUG org.apache.http.wire  -  >> "Accept-Encoding: gzip,deflate[\r][\n]"
1541927 [main] DEBUG org.apache.http.wire  -  >> "Accept-Encoding: gzip,deflate[\r][\n]"
1541927 [main] DEBUG org.apache.http.wire  -  >> "[\r][\n]"
1541927 [main] DEBUG org.apache.http.wire  -  >> "[\r][\n]"
1541927 [main] DEBUG org.apache.http.wire  -  >> "[\r][\n]"
1541927 [main] DEBUG org.apache.http.wire  -  >> "[\r][\n]"
1541927 [main] DEBUG org.apache.http.wire  -  >> "[\r][\n]"
1541927 [main] DEBUG org.apache.http.wire  -  >> "[\r][\n]"
1541927 [main] DEBUG org.apache.http.wire  -  >> "[\r][\n]"
1541927 [main] DEBUG org.apache.http.headers  - >> POST /onco-auth/oapi/user-cred/remove-lead HTTP/1.1
1541927 [main] DEBUG org.apache.http.headers  - >> POST /onco-auth/oapi/user-cred/remove-lead HTTP/1.1
1541927 [main] DEBUG org.apache.http.headers  - >> POST /onco-auth/oapi/user-cred/remove-lead HTTP/1.1
1541927 [main] DEBUG org.apache.http.headers  - >> POST /onco-auth/oapi/user-cred/remove-lead HTTP/1.1
1541927 [main] DEBUG org.apache.http.headers  - >> POST /onco-auth/oapi/user-cred/remove-lead HTTP/1.1
1541927 [main] DEBUG org.apache.http.headers  - >> POST /onco-auth/oapi/user-cred/remove-lead HTTP/1.1
1541927 [main] DEBUG org.apache.http.headers  - >> POST /onco-auth/oapi/user-cred/remove-lead HTTP/1.1
1541927 [main] DEBUG org.apache.http.headers  - >> :  
1541927 [main] DEBUG org.apache.http.headers  - >> :  
1541927 [main] DEBUG org.apache.http.headers  - >> :  
1541927 [main] DEBUG org.apache.http.headers  - >> :  
1541927 [main] DEBUG org.apache.http.headers  - >> :  
1541927 [main] DEBUG org.apache.http.headers  - >> :  
1541927 [main] DEBUG org.apache.http.headers  - >> :  
1541927 [main] DEBUG org.apache.http.headers  - >> Accept: */*
1541927 [main] DEBUG org.apache.http.headers  - >> Accept: */*
1541927 [main] DEBUG org.apache.http.headers  - >> Accept: */*
1541927 [main] DEBUG org.apache.http.headers  - >> Accept: */*
1541927 [main] DEBUG org.apache.http.headers  - >> Accept: */*
1541927 [main] DEBUG org.apache.http.headers  - >> Accept: */*
1541927 [main] DEBUG org.apache.http.headers  - >> Accept: */*
1541927 [main] DEBUG org.apache.http.headers  - >> Content-Type: application/json; charset=UTF-8
1541927 [main] DEBUG org.apache.http.headers  - >> Content-Type: application/json; charset=UTF-8
1541927 [main] DEBUG org.apache.http.headers  - >> Content-Type: application/json; charset=UTF-8
1541927 [main] DEBUG org.apache.http.headers  - >> Content-Type: application/json; charset=UTF-8
1541927 [main] DEBUG org.apache.http.headers  - >> Content-Type: application/json; charset=UTF-8
1541927 [main] DEBUG org.apache.http.headers  - >> Content-Type: application/json; charset=UTF-8
1541927 [main] DEBUG org.apache.http.headers  - >> Content-Type: application/json; charset=UTF-8
1541927 [main] DEBUG org.apache.http.headers  - >> Content-Length: 83
1541927 [main] DEBUG org.apache.http.headers  - >> Content-Length: 83
1541927 [main] DEBUG org.apache.http.headers  - >> Content-Length: 83
1541927 [main] DEBUG org.apache.http.headers  - >> Content-Length: 83
1541927 [main] DEBUG org.apache.http.headers  - >> Content-Length: 83
1541927 [main] DEBUG org.apache.http.headers  - >> Content-Length: 83
1541927 [main] DEBUG org.apache.http.headers  - >> Content-Length: 83
1541927 [main] DEBUG org.apache.http.headers  - >> Host: backstage.onco.com
1541927 [main] DEBUG org.apache.http.headers  - >> Host: backstage.onco.com
1541927 [main] DEBUG org.apache.http.headers  - >> Host: backstage.onco.com
1541927 [main] DEBUG org.apache.http.headers  - >> Host: backstage.onco.com
1541927 [main] DEBUG org.apache.http.headers  - >> Host: backstage.onco.com
1541927 [main] DEBUG org.apache.http.headers  - >> Host: backstage.onco.com
1541927 [main] DEBUG org.apache.http.headers  - >> Host: backstage.onco.com
1541927 [main] DEBUG org.apache.http.headers  - >> Connection: Keep-Alive
1541927 [main] DEBUG org.apache.http.headers  - >> Connection: Keep-Alive
1541927 [main] DEBUG org.apache.http.headers  - >> Connection: Keep-Alive
1541927 [main] DEBUG org.apache.http.headers  - >> Connection: Keep-Alive
1541927 [main] DEBUG org.apache.http.headers  - >> Connection: Keep-Alive
1541927 [main] DEBUG org.apache.http.headers  - >> Connection: Keep-Alive
1541927 [main] DEBUG org.apache.http.headers  - >> Connection: Keep-Alive
1541927 [main] DEBUG org.apache.http.headers  - >> User-Agent: Apache-HttpClient/4.5.5 (Java/1.8.0_231)
1541927 [main] DEBUG org.apache.http.headers  - >> User-Agent: Apache-HttpClient/4.5.5 (Java/1.8.0_231)
1541927 [main] DEBUG org.apache.http.headers  - >> User-Agent: Apache-HttpClient/4.5.5 (Java/1.8.0_231)
1541927 [main] DEBUG org.apache.http.headers  - >> User-Agent: Apache-HttpClient/4.5.5 (Java/1.8.0_231)
1541927 [main] DEBUG org.apache.http.headers  - >> User-Agent: Apache-HttpClient/4.5.5 (Java/1.8.0_231)
1541927 [main] DEBUG org.apache.http.headers  - >> User-Agent: Apache-HttpClient/4.5.5 (Java/1.8.0_231)
1541927 [main] DEBUG org.apache.http.headers  - >> User-Agent: Apache-HttpClient/4.5.5 (Java/1.8.0_231)
1541928 [main] DEBUG org.apache.http.headers  - >> Accept-Encoding: gzip,deflate
1541928 [main] DEBUG org.apache.http.headers  - >> Accept-Encoding: gzip,deflate
1541928 [main] DEBUG org.apache.http.headers  - >> Accept-Encoding: gzip,deflate
1541928 [main] DEBUG org.apache.http.headers  - >> Accept-Encoding: gzip,deflate
1541928 [main] DEBUG org.apache.http.headers  - >> Accept-Encoding: gzip,deflate
1541928 [main] DEBUG org.apache.http.headers  - >> Accept-Encoding: gzip,deflate
1541928 [main] DEBUG org.apache.http.headers  - >> Accept-Encoding: gzip,deflate
1541928 [main] DEBUG org.apache.http.wire  -  >> "{[\n]"
1541928 [main] DEBUG org.apache.http.wire  -  >> "{[\n]"
1541928 [main] DEBUG org.apache.http.wire  -  >> "{[\n]"
1541928 [main] DEBUG org.apache.http.wire  -  >> "{[\n]"
1541928 [main] DEBUG org.apache.http.wire  -  >> "{[\n]"
1541928 [main] DEBUG org.apache.http.wire  -  >> "{[\n]"
1541928 [main] DEBUG org.apache.http.wire  -  >> "{[\n]"
1541928 [main] DEBUG org.apache.http.wire  -  >> "    "phoneNumber": "+918310744975",[\n]"
1541928 [main] DEBUG org.apache.http.wire  -  >> "    "phoneNumber": "+918310744975",[\n]"
1541928 [main] DEBUG org.apache.http.wire  -  >> "    "phoneNumber": "+918310744975",[\n]"
1541928 [main] DEBUG org.apache.http.wire  -  >> "    "phoneNumber": "+918310744975",[\n]"
1541928 [main] DEBUG org.apache.http.wire  -  >> "    "phoneNumber": "+918310744975",[\n]"
1541928 [main] DEBUG org.apache.http.wire  -  >> "    "phoneNumber": "+918310744975",[\n]"
1541928 [main] DEBUG org.apache.http.wire  -  >> "    "phoneNumber": "+918310744975",[\n]"
1541928 [main] DEBUG org.apache.http.wire  -  >> "    "leadDelSecKey": "Eno0nduK!tthakaPPa@1"[\n]"
1541928 [main] DEBUG org.apache.http.wire  -  >> "    "leadDelSecKey": "Eno0nduK!tthakaPPa@1"[\n]"
1541928 [main] DEBUG org.apache.http.wire  -  >> "    "leadDelSecKey": "Eno0nduK!tthakaPPa@1"[\n]"
1541928 [main] DEBUG org.apache.http.wire  -  >> "    "leadDelSecKey": "Eno0nduK!tthakaPPa@1"[\n]"
1541928 [main] DEBUG org.apache.http.wire  -  >> "    "leadDelSecKey": "Eno0nduK!tthakaPPa@1"[\n]"
1541928 [main] DEBUG org.apache.http.wire  -  >> "    "leadDelSecKey": "Eno0nduK!tthakaPPa@1"[\n]"
1541928 [main] DEBUG org.apache.http.wire  -  >> "    "leadDelSecKey": "Eno0nduK!tthakaPPa@1"[\n]"
1541928 [main] DEBUG org.apache.http.wire  -  >> "}"
1541928 [main] DEBUG org.apache.http.wire  -  >> "}"
1541928 [main] DEBUG org.apache.http.wire  -  >> "}"
1541928 [main] DEBUG org.apache.http.wire  -  >> "}"
1541928 [main] DEBUG org.apache.http.wire  -  >> "}"
1541928 [main] DEBUG org.apache.http.wire  -  >> "}"
1541928 [main] DEBUG org.apache.http.wire  -  >> "}"
1542124 [main] DEBUG org.apache.http.wire  -  << "HTTP/1.1 200 OK[\r][\n]"
1542124 [main] DEBUG org.apache.http.wire  -  << "HTTP/1.1 200 OK[\r][\n]"
1542124 [main] DEBUG org.apache.http.wire  -  << "HTTP/1.1 200 OK[\r][\n]"
1542124 [main] DEBUG org.apache.http.wire  -  << "HTTP/1.1 200 OK[\r][\n]"
1542124 [main] DEBUG org.apache.http.wire  -  << "HTTP/1.1 200 OK[\r][\n]"
1542124 [main] DEBUG org.apache.http.wire  -  << "HTTP/1.1 200 OK[\r][\n]"
1542124 [main] DEBUG org.apache.http.wire  -  << "HTTP/1.1 200 OK[\r][\n]"
1542124 [main] DEBUG org.apache.http.wire  -  << "Server: nginx/1.14.0 (Ubuntu)[\r][\n]"
1542124 [main] DEBUG org.apache.http.wire  -  << "Server: nginx/1.14.0 (Ubuntu)[\r][\n]"
1542124 [main] DEBUG org.apache.http.wire  -  << "Server: nginx/1.14.0 (Ubuntu)[\r][\n]"
1542124 [main] DEBUG org.apache.http.wire  -  << "Server: nginx/1.14.0 (Ubuntu)[\r][\n]"
1542124 [main] DEBUG org.apache.http.wire  -  << "Server: nginx/1.14.0 (Ubuntu)[\r][\n]"
1542124 [main] DEBUG org.apache.http.wire  -  << "Server: nginx/1.14.0 (Ubuntu)[\r][\n]"
1542124 [main] DEBUG org.apache.http.wire  -  << "Server: nginx/1.14.0 (Ubuntu)[\r][\n]"
1542124 [main] DEBUG org.apache.http.wire  -  << "Date: Tue, 22 Sep 2020 09:19:32 GMT[\r][\n]"
1542124 [main] DEBUG org.apache.http.wire  -  << "Date: Tue, 22 Sep 2020 09:19:32 GMT[\r][\n]"
1542124 [main] DEBUG org.apache.http.wire  -  << "Date: Tue, 22 Sep 2020 09:19:32 GMT[\r][\n]"
1542124 [main] DEBUG org.apache.http.wire  -  << "Date: Tue, 22 Sep 2020 09:19:32 GMT[\r][\n]"
1542124 [main] DEBUG org.apache.http.wire  -  << "Date: Tue, 22 Sep 2020 09:19:32 GMT[\r][\n]"
1542124 [main] DEBUG org.apache.http.wire  -  << "Date: Tue, 22 Sep 2020 09:19:32 GMT[\r][\n]"
1542124 [main] DEBUG org.apache.http.wire  -  << "Date: Tue, 22 Sep 2020 09:19:32 GMT[\r][\n]"
1542124 [main] DEBUG org.apache.http.wire  -  << "Content-Type: application/json; charset=utf-8[\r][\n]"
1542124 [main] DEBUG org.apache.http.wire  -  << "Content-Type: application/json; charset=utf-8[\r][\n]"
1542124 [main] DEBUG org.apache.http.wire  -  << "Content-Type: application/json; charset=utf-8[\r][\n]"
1542124 [main] DEBUG org.apache.http.wire  -  << "Content-Type: application/json; charset=utf-8[\r][\n]"
1542124 [main] DEBUG org.apache.http.wire  -  << "Content-Type: application/json; charset=utf-8[\r][\n]"
1542124 [main] DEBUG org.apache.http.wire  -  << "Content-Type: application/json; charset=utf-8[\r][\n]"
1542124 [main] DEBUG org.apache.http.wire  -  << "Content-Type: application/json; charset=utf-8[\r][\n]"
1542124 [main] DEBUG org.apache.http.wire  -  << "Transfer-Encoding: chunked[\r][\n]"
1542124 [main] DEBUG org.apache.http.wire  -  << "Transfer-Encoding: chunked[\r][\n]"
1542124 [main] DEBUG org.apache.http.wire  -  << "Transfer-Encoding: chunked[\r][\n]"
1542124 [main] DEBUG org.apache.http.wire  -  << "Transfer-Encoding: chunked[\r][\n]"
1542124 [main] DEBUG org.apache.http.wire  -  << "Transfer-Encoding: chunked[\r][\n]"
1542124 [main] DEBUG org.apache.http.wire  -  << "Transfer-Encoding: chunked[\r][\n]"
1542124 [main] DEBUG org.apache.http.wire  -  << "Transfer-Encoding: chunked[\r][\n]"
1542124 [main] DEBUG org.apache.http.wire  -  << "Connection: keep-alive[\r][\n]"
1542124 [main] DEBUG org.apache.http.wire  -  << "Connection: keep-alive[\r][\n]"
1542124 [main] DEBUG org.apache.http.wire  -  << "Connection: keep-alive[\r][\n]"
1542124 [main] DEBUG org.apache.http.wire  -  << "Connection: keep-alive[\r][\n]"
1542124 [main] DEBUG org.apache.http.wire  -  << "Connection: keep-alive[\r][\n]"
1542124 [main] DEBUG org.apache.http.wire  -  << "Connection: keep-alive[\r][\n]"
1542124 [main] DEBUG org.apache.http.wire  -  << "Connection: keep-alive[\r][\n]"
1542125 [main] DEBUG org.apache.http.wire  -  << "Content-Security-Policy: default-src 'self';base-uri 'self';block-all-mixed-content;font-src 'self' https: data:;frame-ancestors 'self';img-src 'self' data:;object-src 'none';script-src 'self';script-src-attr 'none';style-src 'self' https: 'unsafe-inline';upgrade-insecure-requests[\r][\n]"
1542125 [main] DEBUG org.apache.http.wire  -  << "Content-Security-Policy: default-src 'self';base-uri 'self';block-all-mixed-content;font-src 'self' https: data:;frame-ancestors 'self';img-src 'self' data:;object-src 'none';script-src 'self';script-src-attr 'none';style-src 'self' https: 'unsafe-inline';upgrade-insecure-requests[\r][\n]"
1542125 [main] DEBUG org.apache.http.wire  -  << "Content-Security-Policy: default-src 'self';base-uri 'self';block-all-mixed-content;font-src 'self' https: data:;frame-ancestors 'self';img-src 'self' data:;object-src 'none';script-src 'self';script-src-attr 'none';style-src 'self' https: 'unsafe-inline';upgrade-insecure-requests[\r][\n]"
1542125 [main] DEBUG org.apache.http.wire  -  << "Content-Security-Policy: default-src 'self';base-uri 'self';block-all-mixed-content;font-src 'self' https: data:;frame-ancestors 'self';img-src 'self' data:;object-src 'none';script-src 'self';script-src-attr 'none';style-src 'self' https: 'unsafe-inline';upgrade-insecure-requests[\r][\n]"
1542125 [main] DEBUG org.apache.http.wire  -  << "Content-Security-Policy: default-src 'self';base-uri 'self';block-all-mixed-content;font-src 'self' https: data:;frame-ancestors 'self';img-src 'self' data:;object-src 'none';script-src 'self';script-src-attr 'none';style-src 'self' https: 'unsafe-inline';upgrade-insecure-requests[\r][\n]"
1542125 [main] DEBUG org.apache.http.wire  -  << "Content-Security-Policy: default-src 'self';base-uri 'self';block-all-mixed-content;font-src 'self' https: data:;frame-ancestors 'self';img-src 'self' data:;object-src 'none';script-src 'self';script-src-attr 'none';style-src 'self' https: 'unsafe-inline';upgrade-insecure-requests[\r][\n]"
1542125 [main] DEBUG org.apache.http.wire  -  << "Content-Security-Policy: default-src 'self';base-uri 'self';block-all-mixed-content;font-src 'self' https: data:;frame-ancestors 'self';img-src 'self' data:;object-src 'none';script-src 'self';script-src-attr 'none';style-src 'self' https: 'unsafe-inline';upgrade-insecure-requests[\r][\n]"
1542125 [main] DEBUG org.apache.http.wire  -  << "X-DNS-Prefetch-Control: off[\r][\n]"
1542125 [main] DEBUG org.apache.http.wire  -  << "X-DNS-Prefetch-Control: off[\r][\n]"
1542125 [main] DEBUG org.apache.http.wire  -  << "X-DNS-Prefetch-Control: off[\r][\n]"
1542125 [main] DEBUG org.apache.http.wire  -  << "X-DNS-Prefetch-Control: off[\r][\n]"
1542125 [main] DEBUG org.apache.http.wire  -  << "X-DNS-Prefetch-Control: off[\r][\n]"
1542125 [main] DEBUG org.apache.http.wire  -  << "X-DNS-Prefetch-Control: off[\r][\n]"
1542125 [main] DEBUG org.apache.http.wire  -  << "X-DNS-Prefetch-Control: off[\r][\n]"
1542125 [main] DEBUG org.apache.http.wire  -  << "Expect-CT: max-age=0[\r][\n]"
1542125 [main] DEBUG org.apache.http.wire  -  << "Expect-CT: max-age=0[\r][\n]"
1542125 [main] DEBUG org.apache.http.wire  -  << "Expect-CT: max-age=0[\r][\n]"
1542125 [main] DEBUG org.apache.http.wire  -  << "Expect-CT: max-age=0[\r][\n]"
1542125 [main] DEBUG org.apache.http.wire  -  << "Expect-CT: max-age=0[\r][\n]"
1542125 [main] DEBUG org.apache.http.wire  -  << "Expect-CT: max-age=0[\r][\n]"
1542125 [main] DEBUG org.apache.http.wire  -  << "Expect-CT: max-age=0[\r][\n]"
1542125 [main] DEBUG org.apache.http.wire  -  << "X-Frame-Options: SAMEORIGIN[\r][\n]"
1542125 [main] DEBUG org.apache.http.wire  -  << "X-Frame-Options: SAMEORIGIN[\r][\n]"
1542125 [main] DEBUG org.apache.http.wire  -  << "X-Frame-Options: SAMEORIGIN[\r][\n]"
1542125 [main] DEBUG org.apache.http.wire  -  << "X-Frame-Options: SAMEORIGIN[\r][\n]"
1542125 [main] DEBUG org.apache.http.wire  -  << "X-Frame-Options: SAMEORIGIN[\r][\n]"
1542125 [main] DEBUG org.apache.http.wire  -  << "X-Frame-Options: SAMEORIGIN[\r][\n]"
1542125 [main] DEBUG org.apache.http.wire  -  << "X-Frame-Options: SAMEORIGIN[\r][\n]"
1542125 [main] DEBUG org.apache.http.wire  -  << "X-Download-Options: noopen[\r][\n]"
1542125 [main] DEBUG org.apache.http.wire  -  << "X-Download-Options: noopen[\r][\n]"
1542125 [main] DEBUG org.apache.http.wire  -  << "X-Download-Options: noopen[\r][\n]"
1542125 [main] DEBUG org.apache.http.wire  -  << "X-Download-Options: noopen[\r][\n]"
1542125 [main] DEBUG org.apache.http.wire  -  << "X-Download-Options: noopen[\r][\n]"
1542125 [main] DEBUG org.apache.http.wire  -  << "X-Download-Options: noopen[\r][\n]"
1542125 [main] DEBUG org.apache.http.wire  -  << "X-Download-Options: noopen[\r][\n]"
1542125 [main] DEBUG org.apache.http.wire  -  << "X-Content-Type-Options: nosniff[\r][\n]"
1542125 [main] DEBUG org.apache.http.wire  -  << "X-Content-Type-Options: nosniff[\r][\n]"
1542125 [main] DEBUG org.apache.http.wire  -  << "X-Content-Type-Options: nosniff[\r][\n]"
1542125 [main] DEBUG org.apache.http.wire  -  << "X-Content-Type-Options: nosniff[\r][\n]"
1542125 [main] DEBUG org.apache.http.wire  -  << "X-Content-Type-Options: nosniff[\r][\n]"
1542125 [main] DEBUG org.apache.http.wire  -  << "X-Content-Type-Options: nosniff[\r][\n]"
1542125 [main] DEBUG org.apache.http.wire  -  << "X-Content-Type-Options: nosniff[\r][\n]"
1542125 [main] DEBUG org.apache.http.wire  -  << "X-Permitted-Cross-Domain-Policies: none[\r][\n]"
1542125 [main] DEBUG org.apache.http.wire  -  << "X-Permitted-Cross-Domain-Policies: none[\r][\n]"
1542125 [main] DEBUG org.apache.http.wire  -  << "X-Permitted-Cross-Domain-Policies: none[\r][\n]"
1542125 [main] DEBUG org.apache.http.wire  -  << "X-Permitted-Cross-Domain-Policies: none[\r][\n]"
1542125 [main] DEBUG org.apache.http.wire  -  << "X-Permitted-Cross-Domain-Policies: none[\r][\n]"
1542125 [main] DEBUG org.apache.http.wire  -  << "X-Permitted-Cross-Domain-Policies: none[\r][\n]"
1542125 [main] DEBUG org.apache.http.wire  -  << "X-Permitted-Cross-Domain-Policies: none[\r][\n]"
1542125 [main] DEBUG org.apache.http.wire  -  << "Referrer-Policy: no-referrer[\r][\n]"
1542125 [main] DEBUG org.apache.http.wire  -  << "Referrer-Policy: no-referrer[\r][\n]"
1542125 [main] DEBUG org.apache.http.wire  -  << "Referrer-Policy: no-referrer[\r][\n]"
1542125 [main] DEBUG org.apache.http.wire  -  << "Referrer-Policy: no-referrer[\r][\n]"
1542125 [main] DEBUG org.apache.http.wire  -  << "Referrer-Policy: no-referrer[\r][\n]"
1542125 [main] DEBUG org.apache.http.wire  -  << "Referrer-Policy: no-referrer[\r][\n]"
1542125 [main] DEBUG org.apache.http.wire  -  << "Referrer-Policy: no-referrer[\r][\n]"
1542125 [main] DEBUG org.apache.http.wire  -  << "X-XSS-Protection: 0[\r][\n]"
1542125 [main] DEBUG org.apache.http.wire  -  << "X-XSS-Protection: 0[\r][\n]"
1542125 [main] DEBUG org.apache.http.wire  -  << "X-XSS-Protection: 0[\r][\n]"
1542125 [main] DEBUG org.apache.http.wire  -  << "X-XSS-Protection: 0[\r][\n]"
1542125 [main] DEBUG org.apache.http.wire  -  << "X-XSS-Protection: 0[\r][\n]"
1542125 [main] DEBUG org.apache.http.wire  -  << "X-XSS-Protection: 0[\r][\n]"
1542125 [main] DEBUG org.apache.http.wire  -  << "X-XSS-Protection: 0[\r][\n]"
1542125 [main] DEBUG org.apache.http.wire  -  << "Vary: Origin, Accept-Encoding[\r][\n]"
1542125 [main] DEBUG org.apache.http.wire  -  << "Vary: Origin, Accept-Encoding[\r][\n]"
1542125 [main] DEBUG org.apache.http.wire  -  << "Vary: Origin, Accept-Encoding[\r][\n]"
1542125 [main] DEBUG org.apache.http.wire  -  << "Vary: Origin, Accept-Encoding[\r][\n]"
1542125 [main] DEBUG org.apache.http.wire  -  << "Vary: Origin, Accept-Encoding[\r][\n]"
1542125 [main] DEBUG org.apache.http.wire  -  << "Vary: Origin, Accept-Encoding[\r][\n]"
1542125 [main] DEBUG org.apache.http.wire  -  << "Vary: Origin, Accept-Encoding[\r][\n]"
1542125 [main] DEBUG org.apache.http.wire  -  << "Access-Control-Allow-Credentials: true[\r][\n]"
1542125 [main] DEBUG org.apache.http.wire  -  << "Access-Control-Allow-Credentials: true[\r][\n]"
1542125 [main] DEBUG org.apache.http.wire  -  << "Access-Control-Allow-Credentials: true[\r][\n]"
1542125 [main] DEBUG org.apache.http.wire  -  << "Access-Control-Allow-Credentials: true[\r][\n]"
1542125 [main] DEBUG org.apache.http.wire  -  << "Access-Control-Allow-Credentials: true[\r][\n]"
1542125 [main] DEBUG org.apache.http.wire  -  << "Access-Control-Allow-Credentials: true[\r][\n]"
1542125 [main] DEBUG org.apache.http.wire  -  << "Access-Control-Allow-Credentials: true[\r][\n]"
1542125 [main] DEBUG org.apache.http.wire  -  << "Retry-After: 10[\r][\n]"
1542125 [main] DEBUG org.apache.http.wire  -  << "Retry-After: 10[\r][\n]"
1542125 [main] DEBUG org.apache.http.wire  -  << "Retry-After: 10[\r][\n]"
1542125 [main] DEBUG org.apache.http.wire  -  << "Retry-After: 10[\r][\n]"
1542125 [main] DEBUG org.apache.http.wire  -  << "Retry-After: 10[\r][\n]"
1542125 [main] DEBUG org.apache.http.wire  -  << "Retry-After: 10[\r][\n]"
1542125 [main] DEBUG org.apache.http.wire  -  << "Retry-After: 10[\r][\n]"
1542125 [main] DEBUG org.apache.http.wire  -  << "X-RateLimit-Limit: 80[\r][\n]"
1542125 [main] DEBUG org.apache.http.wire  -  << "X-RateLimit-Limit: 80[\r][\n]"
1542125 [main] DEBUG org.apache.http.wire  -  << "X-RateLimit-Limit: 80[\r][\n]"
1542125 [main] DEBUG org.apache.http.wire  -  << "X-RateLimit-Limit: 80[\r][\n]"
1542125 [main] DEBUG org.apache.http.wire  -  << "X-RateLimit-Limit: 80[\r][\n]"
1542125 [main] DEBUG org.apache.http.wire  -  << "X-RateLimit-Limit: 80[\r][\n]"
1542125 [main] DEBUG org.apache.http.wire  -  << "X-RateLimit-Limit: 80[\r][\n]"
1542125 [main] DEBUG org.apache.http.wire  -  << "X-RateLimit-Remaining: 79[\r][\n]"
1542125 [main] DEBUG org.apache.http.wire  -  << "X-RateLimit-Remaining: 79[\r][\n]"
1542125 [main] DEBUG org.apache.http.wire  -  << "X-RateLimit-Remaining: 79[\r][\n]"
1542125 [main] DEBUG org.apache.http.wire  -  << "X-RateLimit-Remaining: 79[\r][\n]"
1542125 [main] DEBUG org.apache.http.wire  -  << "X-RateLimit-Remaining: 79[\r][\n]"
1542125 [main] DEBUG org.apache.http.wire  -  << "X-RateLimit-Remaining: 79[\r][\n]"
1542125 [main] DEBUG org.apache.http.wire  -  << "X-RateLimit-Remaining: 79[\r][\n]"
1542125 [main] DEBUG org.apache.http.wire  -  << "X-RateLimit-Reset: Tue Sep 22 2020 09:19:42 GMT+0000 (Coordinated Universal Time)[\r][\n]"
1542125 [main] DEBUG org.apache.http.wire  -  << "X-RateLimit-Reset: Tue Sep 22 2020 09:19:42 GMT+0000 (Coordinated Universal Time)[\r][\n]"
1542125 [main] DEBUG org.apache.http.wire  -  << "X-RateLimit-Reset: Tue Sep 22 2020 09:19:42 GMT+0000 (Coordinated Universal Time)[\r][\n]"
1542125 [main] DEBUG org.apache.http.wire  -  << "X-RateLimit-Reset: Tue Sep 22 2020 09:19:42 GMT+0000 (Coordinated Universal Time)[\r][\n]"
1542125 [main] DEBUG org.apache.http.wire  -  << "X-RateLimit-Reset: Tue Sep 22 2020 09:19:42 GMT+0000 (Coordinated Universal Time)[\r][\n]"
1542125 [main] DEBUG org.apache.http.wire  -  << "X-RateLimit-Reset: Tue Sep 22 2020 09:19:42 GMT+0000 (Coordinated Universal Time)[\r][\n]"
1542125 [main] DEBUG org.apache.http.wire  -  << "X-RateLimit-Reset: Tue Sep 22 2020 09:19:42 GMT+0000 (Coordinated Universal Time)[\r][\n]"
1542125 [main] DEBUG org.apache.http.wire  -  << "Access-Control-Allow-Methods: GET, POST, OPTIONS[\r][\n]"
1542125 [main] DEBUG org.apache.http.wire  -  << "Access-Control-Allow-Methods: GET, POST, OPTIONS[\r][\n]"
1542125 [main] DEBUG org.apache.http.wire  -  << "Access-Control-Allow-Methods: GET, POST, OPTIONS[\r][\n]"
1542125 [main] DEBUG org.apache.http.wire  -  << "Access-Control-Allow-Methods: GET, POST, OPTIONS[\r][\n]"
1542125 [main] DEBUG org.apache.http.wire  -  << "Access-Control-Allow-Methods: GET, POST, OPTIONS[\r][\n]"
1542125 [main] DEBUG org.apache.http.wire  -  << "Access-Control-Allow-Methods: GET, POST, OPTIONS[\r][\n]"
1542125 [main] DEBUG org.apache.http.wire  -  << "Access-Control-Allow-Methods: GET, POST, OPTIONS[\r][\n]"
1542125 [main] DEBUG org.apache.http.wire  -  << "Access-Control-Allow-Headers: DNT,X-CustomHeader,Keep-Alive,User-Agent,X-Requested-With,If-Modified-Since,Cache-Control,Content-Type,Content-Range,Range[\r][\n]"
1542125 [main] DEBUG org.apache.http.wire  -  << "Access-Control-Allow-Headers: DNT,X-CustomHeader,Keep-Alive,User-Agent,X-Requested-With,If-Modified-Since,Cache-Control,Content-Type,Content-Range,Range[\r][\n]"
1542125 [main] DEBUG org.apache.http.wire  -  << "Access-Control-Allow-Headers: DNT,X-CustomHeader,Keep-Alive,User-Agent,X-Requested-With,If-Modified-Since,Cache-Control,Content-Type,Content-Range,Range[\r][\n]"
1542125 [main] DEBUG org.apache.http.wire  -  << "Access-Control-Allow-Headers: DNT,X-CustomHeader,Keep-Alive,User-Agent,X-Requested-With,If-Modified-Since,Cache-Control,Content-Type,Content-Range,Range[\r][\n]"
1542125 [main] DEBUG org.apache.http.wire  -  << "Access-Control-Allow-Headers: DNT,X-CustomHeader,Keep-Alive,User-Agent,X-Requested-With,If-Modified-Since,Cache-Control,Content-Type,Content-Range,Range[\r][\n]"
1542125 [main] DEBUG org.apache.http.wire  -  << "Access-Control-Allow-Headers: DNT,X-CustomHeader,Keep-Alive,User-Agent,X-Requested-With,If-Modified-Since,Cache-Control,Content-Type,Content-Range,Range[\r][\n]"
1542125 [main] DEBUG org.apache.http.wire  -  << "Access-Control-Allow-Headers: DNT,X-CustomHeader,Keep-Alive,User-Agent,X-Requested-With,If-Modified-Since,Cache-Control,Content-Type,Content-Range,Range[\r][\n]"
1542125 [main] DEBUG org.apache.http.wire  -  << "Access-Control-Expose-Headers: DNT,X-CustomHeader,Keep-Alive,User-Agent,X-Requested-With,If-Modified-Since,Cache-Control,Content-Type,Content-Range,Range[\r][\n]"
1542125 [main] DEBUG org.apache.http.wire  -  << "Access-Control-Expose-Headers: DNT,X-CustomHeader,Keep-Alive,User-Agent,X-Requested-With,If-Modified-Since,Cache-Control,Content-Type,Content-Range,Range[\r][\n]"
1542125 [main] DEBUG org.apache.http.wire  -  << "Access-Control-Expose-Headers: DNT,X-CustomHeader,Keep-Alive,User-Agent,X-Requested-With,If-Modified-Since,Cache-Control,Content-Type,Content-Range,Range[\r][\n]"
1542125 [main] DEBUG org.apache.http.wire  -  << "Access-Control-Expose-Headers: DNT,X-CustomHeader,Keep-Alive,User-Agent,X-Requested-With,If-Modified-Since,Cache-Control,Content-Type,Content-Range,Range[\r][\n]"
1542125 [main] DEBUG org.apache.http.wire  -  << "Access-Control-Expose-Headers: DNT,X-CustomHeader,Keep-Alive,User-Agent,X-Requested-With,If-Modified-Since,Cache-Control,Content-Type,Content-Range,Range[\r][\n]"
1542125 [main] DEBUG org.apache.http.wire  -  << "Access-Control-Expose-Headers: DNT,X-CustomHeader,Keep-Alive,User-Agent,X-Requested-With,If-Modified-Since,Cache-Control,Content-Type,Content-Range,Range[\r][\n]"
1542125 [main] DEBUG org.apache.http.wire  -  << "Access-Control-Expose-Headers: DNT,X-CustomHeader,Keep-Alive,User-Agent,X-Requested-With,If-Modified-Since,Cache-Control,Content-Type,Content-Range,Range[\r][\n]"
1542125 [main] DEBUG org.apache.http.wire  -  << "Content-Encoding: gzip[\r][\n]"
1542125 [main] DEBUG org.apache.http.wire  -  << "Content-Encoding: gzip[\r][\n]"
1542125 [main] DEBUG org.apache.http.wire  -  << "Content-Encoding: gzip[\r][\n]"
1542125 [main] DEBUG org.apache.http.wire  -  << "Content-Encoding: gzip[\r][\n]"
1542125 [main] DEBUG org.apache.http.wire  -  << "Content-Encoding: gzip[\r][\n]"
1542125 [main] DEBUG org.apache.http.wire  -  << "Content-Encoding: gzip[\r][\n]"
1542125 [main] DEBUG org.apache.http.wire  -  << "Content-Encoding: gzip[\r][\n]"
1542125 [main] DEBUG org.apache.http.wire  -  << "[\r][\n]"
1542125 [main] DEBUG org.apache.http.wire  -  << "[\r][\n]"
1542125 [main] DEBUG org.apache.http.wire  -  << "[\r][\n]"
1542125 [main] DEBUG org.apache.http.wire  -  << "[\r][\n]"
1542125 [main] DEBUG org.apache.http.wire  -  << "[\r][\n]"
1542125 [main] DEBUG org.apache.http.wire  -  << "[\r][\n]"
1542125 [main] DEBUG org.apache.http.wire  -  << "[\r][\n]"
1542126 [main] DEBUG org.apache.http.impl.conn.DefaultClientConnection  - Receiving response: HTTP/1.1 200 OK
1542126 [main] DEBUG org.apache.http.impl.conn.DefaultClientConnection  - Receiving response: HTTP/1.1 200 OK
1542126 [main] DEBUG org.apache.http.impl.conn.DefaultClientConnection  - Receiving response: HTTP/1.1 200 OK
1542126 [main] DEBUG org.apache.http.impl.conn.DefaultClientConnection  - Receiving response: HTTP/1.1 200 OK
1542126 [main] DEBUG org.apache.http.impl.conn.DefaultClientConnection  - Receiving response: HTTP/1.1 200 OK
1542126 [main] DEBUG org.apache.http.impl.conn.DefaultClientConnection  - Receiving response: HTTP/1.1 200 OK
1542126 [main] DEBUG org.apache.http.impl.conn.DefaultClientConnection  - Receiving response: HTTP/1.1 200 OK
1542126 [main] DEBUG org.apache.http.headers  - << HTTP/1.1 200 OK
1542126 [main] DEBUG org.apache.http.headers  - << HTTP/1.1 200 OK
1542126 [main] DEBUG org.apache.http.headers  - << HTTP/1.1 200 OK
1542126 [main] DEBUG org.apache.http.headers  - << HTTP/1.1 200 OK
1542126 [main] DEBUG org.apache.http.headers  - << HTTP/1.1 200 OK
1542126 [main] DEBUG org.apache.http.headers  - << HTTP/1.1 200 OK
1542126 [main] DEBUG org.apache.http.headers  - << HTTP/1.1 200 OK
1542126 [main] DEBUG org.apache.http.headers  - << Server: nginx/1.14.0 (Ubuntu)
1542126 [main] DEBUG org.apache.http.headers  - << Server: nginx/1.14.0 (Ubuntu)
1542126 [main] DEBUG org.apache.http.headers  - << Server: nginx/1.14.0 (Ubuntu)
1542126 [main] DEBUG org.apache.http.headers  - << Server: nginx/1.14.0 (Ubuntu)
1542126 [main] DEBUG org.apache.http.headers  - << Server: nginx/1.14.0 (Ubuntu)
1542126 [main] DEBUG org.apache.http.headers  - << Server: nginx/1.14.0 (Ubuntu)
1542126 [main] DEBUG org.apache.http.headers  - << Server: nginx/1.14.0 (Ubuntu)
1542126 [main] DEBUG org.apache.http.headers  - << Date: Tue, 22 Sep 2020 09:19:32 GMT
1542126 [main] DEBUG org.apache.http.headers  - << Date: Tue, 22 Sep 2020 09:19:32 GMT
1542126 [main] DEBUG org.apache.http.headers  - << Date: Tue, 22 Sep 2020 09:19:32 GMT
1542126 [main] DEBUG org.apache.http.headers  - << Date: Tue, 22 Sep 2020 09:19:32 GMT
1542126 [main] DEBUG org.apache.http.headers  - << Date: Tue, 22 Sep 2020 09:19:32 GMT
1542126 [main] DEBUG org.apache.http.headers  - << Date: Tue, 22 Sep 2020 09:19:32 GMT
1542126 [main] DEBUG org.apache.http.headers  - << Date: Tue, 22 Sep 2020 09:19:32 GMT
1542126 [main] DEBUG org.apache.http.headers  - << Content-Type: application/json; charset=utf-8
1542126 [main] DEBUG org.apache.http.headers  - << Content-Type: application/json; charset=utf-8
1542126 [main] DEBUG org.apache.http.headers  - << Content-Type: application/json; charset=utf-8
1542126 [main] DEBUG org.apache.http.headers  - << Content-Type: application/json; charset=utf-8
1542126 [main] DEBUG org.apache.http.headers  - << Content-Type: application/json; charset=utf-8
1542126 [main] DEBUG org.apache.http.headers  - << Content-Type: application/json; charset=utf-8
1542126 [main] DEBUG org.apache.http.headers  - << Content-Type: application/json; charset=utf-8
1542126 [main] DEBUG org.apache.http.headers  - << Transfer-Encoding: chunked
1542126 [main] DEBUG org.apache.http.headers  - << Transfer-Encoding: chunked
1542126 [main] DEBUG org.apache.http.headers  - << Transfer-Encoding: chunked
1542126 [main] DEBUG org.apache.http.headers  - << Transfer-Encoding: chunked
1542126 [main] DEBUG org.apache.http.headers  - << Transfer-Encoding: chunked
1542126 [main] DEBUG org.apache.http.headers  - << Transfer-Encoding: chunked
1542126 [main] DEBUG org.apache.http.headers  - << Transfer-Encoding: chunked
1542126 [main] DEBUG org.apache.http.headers  - << Connection: keep-alive
1542126 [main] DEBUG org.apache.http.headers  - << Connection: keep-alive
1542126 [main] DEBUG org.apache.http.headers  - << Connection: keep-alive
1542126 [main] DEBUG org.apache.http.headers  - << Connection: keep-alive
1542126 [main] DEBUG org.apache.http.headers  - << Connection: keep-alive
1542126 [main] DEBUG org.apache.http.headers  - << Connection: keep-alive
1542126 [main] DEBUG org.apache.http.headers  - << Connection: keep-alive
1542126 [main] DEBUG org.apache.http.headers  - << Content-Security-Policy: default-src 'self';base-uri 'self';block-all-mixed-content;font-src 'self' https: data:;frame-ancestors 'self';img-src 'self' data:;object-src 'none';script-src 'self';script-src-attr 'none';style-src 'self' https: 'unsafe-inline';upgrade-insecure-requests
1542126 [main] DEBUG org.apache.http.headers  - << Content-Security-Policy: default-src 'self';base-uri 'self';block-all-mixed-content;font-src 'self' https: data:;frame-ancestors 'self';img-src 'self' data:;object-src 'none';script-src 'self';script-src-attr 'none';style-src 'self' https: 'unsafe-inline';upgrade-insecure-requests
1542126 [main] DEBUG org.apache.http.headers  - << Content-Security-Policy: default-src 'self';base-uri 'self';block-all-mixed-content;font-src 'self' https: data:;frame-ancestors 'self';img-src 'self' data:;object-src 'none';script-src 'self';script-src-attr 'none';style-src 'self' https: 'unsafe-inline';upgrade-insecure-requests
1542126 [main] DEBUG org.apache.http.headers  - << Content-Security-Policy: default-src 'self';base-uri 'self';block-all-mixed-content;font-src 'self' https: data:;frame-ancestors 'self';img-src 'self' data:;object-src 'none';script-src 'self';script-src-attr 'none';style-src 'self' https: 'unsafe-inline';upgrade-insecure-requests
1542126 [main] DEBUG org.apache.http.headers  - << Content-Security-Policy: default-src 'self';base-uri 'self';block-all-mixed-content;font-src 'self' https: data:;frame-ancestors 'self';img-src 'self' data:;object-src 'none';script-src 'self';script-src-attr 'none';style-src 'self' https: 'unsafe-inline';upgrade-insecure-requests
1542126 [main] DEBUG org.apache.http.headers  - << Content-Security-Policy: default-src 'self';base-uri 'self';block-all-mixed-content;font-src 'self' https: data:;frame-ancestors 'self';img-src 'self' data:;object-src 'none';script-src 'self';script-src-attr 'none';style-src 'self' https: 'unsafe-inline';upgrade-insecure-requests
1542126 [main] DEBUG org.apache.http.headers  - << Content-Security-Policy: default-src 'self';base-uri 'self';block-all-mixed-content;font-src 'self' https: data:;frame-ancestors 'self';img-src 'self' data:;object-src 'none';script-src 'self';script-src-attr 'none';style-src 'self' https: 'unsafe-inline';upgrade-insecure-requests
1542126 [main] DEBUG org.apache.http.headers  - << X-DNS-Prefetch-Control: off
1542126 [main] DEBUG org.apache.http.headers  - << X-DNS-Prefetch-Control: off
1542126 [main] DEBUG org.apache.http.headers  - << X-DNS-Prefetch-Control: off
1542126 [main] DEBUG org.apache.http.headers  - << X-DNS-Prefetch-Control: off
1542126 [main] DEBUG org.apache.http.headers  - << X-DNS-Prefetch-Control: off
1542126 [main] DEBUG org.apache.http.headers  - << X-DNS-Prefetch-Control: off
1542126 [main] DEBUG org.apache.http.headers  - << X-DNS-Prefetch-Control: off
1542126 [main] DEBUG org.apache.http.headers  - << Expect-CT: max-age=0
1542126 [main] DEBUG org.apache.http.headers  - << Expect-CT: max-age=0
1542126 [main] DEBUG org.apache.http.headers  - << Expect-CT: max-age=0
1542126 [main] DEBUG org.apache.http.headers  - << Expect-CT: max-age=0
1542126 [main] DEBUG org.apache.http.headers  - << Expect-CT: max-age=0
1542126 [main] DEBUG org.apache.http.headers  - << Expect-CT: max-age=0
1542126 [main] DEBUG org.apache.http.headers  - << Expect-CT: max-age=0
1542127 [main] DEBUG org.apache.http.headers  - << X-Frame-Options: SAMEORIGIN
1542127 [main] DEBUG org.apache.http.headers  - << X-Frame-Options: SAMEORIGIN
1542127 [main] DEBUG org.apache.http.headers  - << X-Frame-Options: SAMEORIGIN
1542127 [main] DEBUG org.apache.http.headers  - << X-Frame-Options: SAMEORIGIN
1542127 [main] DEBUG org.apache.http.headers  - << X-Frame-Options: SAMEORIGIN
1542127 [main] DEBUG org.apache.http.headers  - << X-Frame-Options: SAMEORIGIN
1542127 [main] DEBUG org.apache.http.headers  - << X-Frame-Options: SAMEORIGIN
1542127 [main] DEBUG org.apache.http.headers  - << X-Download-Options: noopen
1542127 [main] DEBUG org.apache.http.headers  - << X-Download-Options: noopen
1542127 [main] DEBUG org.apache.http.headers  - << X-Download-Options: noopen
1542127 [main] DEBUG org.apache.http.headers  - << X-Download-Options: noopen
1542127 [main] DEBUG org.apache.http.headers  - << X-Download-Options: noopen
1542127 [main] DEBUG org.apache.http.headers  - << X-Download-Options: noopen
1542127 [main] DEBUG org.apache.http.headers  - << X-Download-Options: noopen
1542127 [main] DEBUG org.apache.http.headers  - << X-Content-Type-Options: nosniff
1542127 [main] DEBUG org.apache.http.headers  - << X-Content-Type-Options: nosniff
1542127 [main] DEBUG org.apache.http.headers  - << X-Content-Type-Options: nosniff
1542127 [main] DEBUG org.apache.http.headers  - << X-Content-Type-Options: nosniff
1542127 [main] DEBUG org.apache.http.headers  - << X-Content-Type-Options: nosniff
1542127 [main] DEBUG org.apache.http.headers  - << X-Content-Type-Options: nosniff
1542127 [main] DEBUG org.apache.http.headers  - << X-Content-Type-Options: nosniff
1542127 [main] DEBUG org.apache.http.headers  - << X-Permitted-Cross-Domain-Policies: none
1542127 [main] DEBUG org.apache.http.headers  - << X-Permitted-Cross-Domain-Policies: none
1542127 [main] DEBUG org.apache.http.headers  - << X-Permitted-Cross-Domain-Policies: none
1542127 [main] DEBUG org.apache.http.headers  - << X-Permitted-Cross-Domain-Policies: none
1542127 [main] DEBUG org.apache.http.headers  - << X-Permitted-Cross-Domain-Policies: none
1542127 [main] DEBUG org.apache.http.headers  - << X-Permitted-Cross-Domain-Policies: none
1542127 [main] DEBUG org.apache.http.headers  - << X-Permitted-Cross-Domain-Policies: none
1542127 [main] DEBUG org.apache.http.headers  - << Referrer-Policy: no-referrer
1542127 [main] DEBUG org.apache.http.headers  - << Referrer-Policy: no-referrer
1542127 [main] DEBUG org.apache.http.headers  - << Referrer-Policy: no-referrer
1542127 [main] DEBUG org.apache.http.headers  - << Referrer-Policy: no-referrer
1542127 [main] DEBUG org.apache.http.headers  - << Referrer-Policy: no-referrer
1542127 [main] DEBUG org.apache.http.headers  - << Referrer-Policy: no-referrer
1542127 [main] DEBUG org.apache.http.headers  - << Referrer-Policy: no-referrer
1542127 [main] DEBUG org.apache.http.headers  - << X-XSS-Protection: 0
1542127 [main] DEBUG org.apache.http.headers  - << X-XSS-Protection: 0
1542127 [main] DEBUG org.apache.http.headers  - << X-XSS-Protection: 0
1542127 [main] DEBUG org.apache.http.headers  - << X-XSS-Protection: 0
1542127 [main] DEBUG org.apache.http.headers  - << X-XSS-Protection: 0
1542127 [main] DEBUG org.apache.http.headers  - << X-XSS-Protection: 0
1542127 [main] DEBUG org.apache.http.headers  - << X-XSS-Protection: 0
1542127 [main] DEBUG org.apache.http.headers  - << Vary: Origin, Accept-Encoding
1542127 [main] DEBUG org.apache.http.headers  - << Vary: Origin, Accept-Encoding
1542127 [main] DEBUG org.apache.http.headers  - << Vary: Origin, Accept-Encoding
1542127 [main] DEBUG org.apache.http.headers  - << Vary: Origin, Accept-Encoding
1542127 [main] DEBUG org.apache.http.headers  - << Vary: Origin, Accept-Encoding
1542127 [main] DEBUG org.apache.http.headers  - << Vary: Origin, Accept-Encoding
1542127 [main] DEBUG org.apache.http.headers  - << Vary: Origin, Accept-Encoding
1542127 [main] DEBUG org.apache.http.headers  - << Access-Control-Allow-Credentials: true
1542127 [main] DEBUG org.apache.http.headers  - << Access-Control-Allow-Credentials: true
1542127 [main] DEBUG org.apache.http.headers  - << Access-Control-Allow-Credentials: true
1542127 [main] DEBUG org.apache.http.headers  - << Access-Control-Allow-Credentials: true
1542127 [main] DEBUG org.apache.http.headers  - << Access-Control-Allow-Credentials: true
1542127 [main] DEBUG org.apache.http.headers  - << Access-Control-Allow-Credentials: true
1542127 [main] DEBUG org.apache.http.headers  - << Access-Control-Allow-Credentials: true
1542127 [main] DEBUG org.apache.http.headers  - << Retry-After: 10
1542127 [main] DEBUG org.apache.http.headers  - << Retry-After: 10
1542127 [main] DEBUG org.apache.http.headers  - << Retry-After: 10
1542127 [main] DEBUG org.apache.http.headers  - << Retry-After: 10
1542127 [main] DEBUG org.apache.http.headers  - << Retry-After: 10
1542127 [main] DEBUG org.apache.http.headers  - << Retry-After: 10
1542127 [main] DEBUG org.apache.http.headers  - << Retry-After: 10
1542127 [main] DEBUG org.apache.http.headers  - << X-RateLimit-Limit: 80
1542127 [main] DEBUG org.apache.http.headers  - << X-RateLimit-Limit: 80
1542127 [main] DEBUG org.apache.http.headers  - << X-RateLimit-Limit: 80
1542127 [main] DEBUG org.apache.http.headers  - << X-RateLimit-Limit: 80
1542127 [main] DEBUG org.apache.http.headers  - << X-RateLimit-Limit: 80
1542127 [main] DEBUG org.apache.http.headers  - << X-RateLimit-Limit: 80
1542127 [main] DEBUG org.apache.http.headers  - << X-RateLimit-Limit: 80
1542127 [main] DEBUG org.apache.http.headers  - << X-RateLimit-Remaining: 79
1542127 [main] DEBUG org.apache.http.headers  - << X-RateLimit-Remaining: 79
1542127 [main] DEBUG org.apache.http.headers  - << X-RateLimit-Remaining: 79
1542127 [main] DEBUG org.apache.http.headers  - << X-RateLimit-Remaining: 79
1542127 [main] DEBUG org.apache.http.headers  - << X-RateLimit-Remaining: 79
1542127 [main] DEBUG org.apache.http.headers  - << X-RateLimit-Remaining: 79
1542127 [main] DEBUG org.apache.http.headers  - << X-RateLimit-Remaining: 79
1542128 [main] DEBUG org.apache.http.headers  - << X-RateLimit-Reset: Tue Sep 22 2020 09:19:42 GMT+0000 (Coordinated Universal Time)
1542128 [main] DEBUG org.apache.http.headers  - << X-RateLimit-Reset: Tue Sep 22 2020 09:19:42 GMT+0000 (Coordinated Universal Time)
1542128 [main] DEBUG org.apache.http.headers  - << X-RateLimit-Reset: Tue Sep 22 2020 09:19:42 GMT+0000 (Coordinated Universal Time)
1542128 [main] DEBUG org.apache.http.headers  - << X-RateLimit-Reset: Tue Sep 22 2020 09:19:42 GMT+0000 (Coordinated Universal Time)
1542128 [main] DEBUG org.apache.http.headers  - << X-RateLimit-Reset: Tue Sep 22 2020 09:19:42 GMT+0000 (Coordinated Universal Time)
1542128 [main] DEBUG org.apache.http.headers  - << X-RateLimit-Reset: Tue Sep 22 2020 09:19:42 GMT+0000 (Coordinated Universal Time)
1542128 [main] DEBUG org.apache.http.headers  - << X-RateLimit-Reset: Tue Sep 22 2020 09:19:42 GMT+0000 (Coordinated Universal Time)
1542128 [main] DEBUG org.apache.http.headers  - << Access-Control-Allow-Methods: GET, POST, OPTIONS
1542128 [main] DEBUG org.apache.http.headers  - << Access-Control-Allow-Methods: GET, POST, OPTIONS
1542128 [main] DEBUG org.apache.http.headers  - << Access-Control-Allow-Methods: GET, POST, OPTIONS
1542128 [main] DEBUG org.apache.http.headers  - << Access-Control-Allow-Methods: GET, POST, OPTIONS
1542128 [main] DEBUG org.apache.http.headers  - << Access-Control-Allow-Methods: GET, POST, OPTIONS
1542128 [main] DEBUG org.apache.http.headers  - << Access-Control-Allow-Methods: GET, POST, OPTIONS
1542128 [main] DEBUG org.apache.http.headers  - << Access-Control-Allow-Methods: GET, POST, OPTIONS
1542128 [main] DEBUG org.apache.http.headers  - << Access-Control-Allow-Headers: DNT,X-CustomHeader,Keep-Alive,User-Agent,X-Requested-With,If-Modified-Since,Cache-Control,Content-Type,Content-Range,Range
1542128 [main] DEBUG org.apache.http.headers  - << Access-Control-Allow-Headers: DNT,X-CustomHeader,Keep-Alive,User-Agent,X-Requested-With,If-Modified-Since,Cache-Control,Content-Type,Content-Range,Range
1542128 [main] DEBUG org.apache.http.headers  - << Access-Control-Allow-Headers: DNT,X-CustomHeader,Keep-Alive,User-Agent,X-Requested-With,If-Modified-Since,Cache-Control,Content-Type,Content-Range,Range
1542128 [main] DEBUG org.apache.http.headers  - << Access-Control-Allow-Headers: DNT,X-CustomHeader,Keep-Alive,User-Agent,X-Requested-With,If-Modified-Since,Cache-Control,Content-Type,Content-Range,Range
1542128 [main] DEBUG org.apache.http.headers  - << Access-Control-Allow-Headers: DNT,X-CustomHeader,Keep-Alive,User-Agent,X-Requested-With,If-Modified-Since,Cache-Control,Content-Type,Content-Range,Range
1542128 [main] DEBUG org.apache.http.headers  - << Access-Control-Allow-Headers: DNT,X-CustomHeader,Keep-Alive,User-Agent,X-Requested-With,If-Modified-Since,Cache-Control,Content-Type,Content-Range,Range
1542128 [main] DEBUG org.apache.http.headers  - << Access-Control-Allow-Headers: DNT,X-CustomHeader,Keep-Alive,User-Agent,X-Requested-With,If-Modified-Since,Cache-Control,Content-Type,Content-Range,Range
1542128 [main] DEBUG org.apache.http.headers  - << Access-Control-Expose-Headers: DNT,X-CustomHeader,Keep-Alive,User-Agent,X-Requested-With,If-Modified-Since,Cache-Control,Content-Type,Content-Range,Range
1542128 [main] DEBUG org.apache.http.headers  - << Access-Control-Expose-Headers: DNT,X-CustomHeader,Keep-Alive,User-Agent,X-Requested-With,If-Modified-Since,Cache-Control,Content-Type,Content-Range,Range
1542128 [main] DEBUG org.apache.http.headers  - << Access-Control-Expose-Headers: DNT,X-CustomHeader,Keep-Alive,User-Agent,X-Requested-With,If-Modified-Since,Cache-Control,Content-Type,Content-Range,Range
1542128 [main] DEBUG org.apache.http.headers  - << Access-Control-Expose-Headers: DNT,X-CustomHeader,Keep-Alive,User-Agent,X-Requested-With,If-Modified-Since,Cache-Control,Content-Type,Content-Range,Range
1542128 [main] DEBUG org.apache.http.headers  - << Access-Control-Expose-Headers: DNT,X-CustomHeader,Keep-Alive,User-Agent,X-Requested-With,If-Modified-Since,Cache-Control,Content-Type,Content-Range,Range
1542128 [main] DEBUG org.apache.http.headers  - << Access-Control-Expose-Headers: DNT,X-CustomHeader,Keep-Alive,User-Agent,X-Requested-With,If-Modified-Since,Cache-Control,Content-Type,Content-Range,Range
1542128 [main] DEBUG org.apache.http.headers  - << Access-Control-Expose-Headers: DNT,X-CustomHeader,Keep-Alive,User-Agent,X-Requested-With,If-Modified-Since,Cache-Control,Content-Type,Content-Range,Range
1542128 [main] DEBUG org.apache.http.headers  - << Content-Encoding: gzip
1542128 [main] DEBUG org.apache.http.headers  - << Content-Encoding: gzip
1542128 [main] DEBUG org.apache.http.headers  - << Content-Encoding: gzip
1542128 [main] DEBUG org.apache.http.headers  - << Content-Encoding: gzip
1542128 [main] DEBUG org.apache.http.headers  - << Content-Encoding: gzip
1542128 [main] DEBUG org.apache.http.headers  - << Content-Encoding: gzip
1542128 [main] DEBUG org.apache.http.headers  - << Content-Encoding: gzip
1542129 [main] DEBUG org.apache.http.impl.client.DefaultHttpClient  - Connection can be kept alive indefinitely
1542129 [main] DEBUG org.apache.http.impl.client.DefaultHttpClient  - Connection can be kept alive indefinitely
1542129 [main] DEBUG org.apache.http.impl.client.DefaultHttpClient  - Connection can be kept alive indefinitely
1542129 [main] DEBUG org.apache.http.impl.client.DefaultHttpClient  - Connection can be kept alive indefinitely
1542129 [main] DEBUG org.apache.http.impl.client.DefaultHttpClient  - Connection can be kept alive indefinitely
1542129 [main] DEBUG org.apache.http.impl.client.DefaultHttpClient  - Connection can be kept alive indefinitely
1542129 [main] DEBUG org.apache.http.impl.client.DefaultHttpClient  - Connection can be kept alive indefinitely
1542135 [main] DEBUG io.restassured.internal.RequestSpecificationImpl$RestAssuredHttpBuilder  - Parsing response as: application/json; charset=utf-8
1542135 [main] DEBUG io.restassured.internal.RequestSpecificationImpl$RestAssuredHttpBuilder  - Parsing response as: application/json; charset=utf-8
1542135 [main] DEBUG io.restassured.internal.RequestSpecificationImpl$RestAssuredHttpBuilder  - Parsing response as: application/json; charset=utf-8
1542135 [main] DEBUG io.restassured.internal.RequestSpecificationImpl$RestAssuredHttpBuilder  - Parsing response as: application/json; charset=utf-8
1542135 [main] DEBUG io.restassured.internal.RequestSpecificationImpl$RestAssuredHttpBuilder  - Parsing response as: application/json; charset=utf-8
1542135 [main] DEBUG io.restassured.internal.RequestSpecificationImpl$RestAssuredHttpBuilder  - Parsing response as: application/json; charset=utf-8
1542135 [main] DEBUG io.restassured.internal.RequestSpecificationImpl$RestAssuredHttpBuilder  - Parsing response as: application/json; charset=utf-8
1542135 [main] DEBUG org.apache.http.wire  -  << "5d[\r][\n]"
1542135 [main] DEBUG org.apache.http.wire  -  << "5d[\r][\n]"
1542135 [main] DEBUG org.apache.http.wire  -  << "5d[\r][\n]"
1542135 [main] DEBUG org.apache.http.wire  -  << "5d[\r][\n]"
1542135 [main] DEBUG org.apache.http.wire  -  << "5d[\r][\n]"
1542135 [main] DEBUG org.apache.http.wire  -  << "5d[\r][\n]"
1542135 [main] DEBUG org.apache.http.wire  -  << "5d[\r][\n]"
1542135 [main] DEBUG org.apache.http.wire  -  << "[0x1f][0x8b][0x8][0x0][0x0][0x0][0x0][0x0][0x0][0x3][0xab]V[0xca]M-.NLOU[0xb2]R[0xf2]IMLQ([0xcf],[0xc9]P([0xc8][0xc8][0xcf]KU[0xc8]+[0xcd]MJ-RP[0xd7][0xb6]4[0xb4]064071[0xb1]47UWHI[0xcd]I-IMQ(.MN[0x6][0xea]M+[0xcd][0xc9][0xa9][0xd4]S[0xaa][0x5][0x0][0x15]{w[0x82]J[0x0][0x0][0x0]"
1542135 [main] DEBUG org.apache.http.wire  -  << "[0x1f][0x8b][0x8][0x0][0x0][0x0][0x0][0x0][0x0][0x3][0xab]V[0xca]M-.NLOU[0xb2]R[0xf2]IMLQ([0xcf],[0xc9]P([0xc8][0xc8][0xcf]KU[0xc8]+[0xcd]MJ-RP[0xd7][0xb6]4[0xb4]064071[0xb1]47UWHI[0xcd]I-IMQ(.MN[0x6][0xea]M+[0xcd][0xc9][0xa9][0xd4]S[0xaa][0x5][0x0][0x15]{w[0x82]J[0x0][0x0][0x0]"
1542135 [main] DEBUG org.apache.http.wire  -  << "[0x1f][0x8b][0x8][0x0][0x0][0x0][0x0][0x0][0x0][0x3][0xab]V[0xca]M-.NLOU[0xb2]R[0xf2]IMLQ([0xcf],[0xc9]P([0xc8][0xc8][0xcf]KU[0xc8]+[0xcd]MJ-RP[0xd7][0xb6]4[0xb4]064071[0xb1]47UWHI[0xcd]I-IMQ(.MN[0x6][0xea]M+[0xcd][0xc9][0xa9][0xd4]S[0xaa][0x5][0x0][0x15]{w[0x82]J[0x0][0x0][0x0]"
1542135 [main] DEBUG org.apache.http.wire  -  << "[0x1f][0x8b][0x8][0x0][0x0][0x0][0x0][0x0][0x0][0x3][0xab]V[0xca]M-.NLOU[0xb2]R[0xf2]IMLQ([0xcf],[0xc9]P([0xc8][0xc8][0xcf]KU[0xc8]+[0xcd]MJ-RP[0xd7][0xb6]4[0xb4]064071[0xb1]47UWHI[0xcd]I-IMQ(.MN[0x6][0xea]M+[0xcd][0xc9][0xa9][0xd4]S[0xaa][0x5][0x0][0x15]{w[0x82]J[0x0][0x0][0x0]"
1542135 [main] DEBUG org.apache.http.wire  -  << "[0x1f][0x8b][0x8][0x0][0x0][0x0][0x0][0x0][0x0][0x3][0xab]V[0xca]M-.NLOU[0xb2]R[0xf2]IMLQ([0xcf],[0xc9]P([0xc8][0xc8][0xcf]KU[0xc8]+[0xcd]MJ-RP[0xd7][0xb6]4[0xb4]064071[0xb1]47UWHI[0xcd]I-IMQ(.MN[0x6][0xea]M+[0xcd][0xc9][0xa9][0xd4]S[0xaa][0x5][0x0][0x15]{w[0x82]J[0x0][0x0][0x0]"
1542135 [main] DEBUG org.apache.http.wire  -  << "[0x1f][0x8b][0x8][0x0][0x0][0x0][0x0][0x0][0x0][0x3][0xab]V[0xca]M-.NLOU[0xb2]R[0xf2]IMLQ([0xcf],[0xc9]P([0xc8][0xc8][0xcf]KU[0xc8]+[0xcd]MJ-RP[0xd7][0xb6]4[0xb4]064071[0xb1]47UWHI[0xcd]I-IMQ(.MN[0x6][0xea]M+[0xcd][0xc9][0xa9][0xd4]S[0xaa][0x5][0x0][0x15]{w[0x82]J[0x0][0x0][0x0]"
1542135 [main] DEBUG org.apache.http.wire  -  << "[0x1f][0x8b][0x8][0x0][0x0][0x0][0x0][0x0][0x0][0x3][0xab]V[0xca]M-.NLOU[0xb2]R[0xf2]IMLQ([0xcf],[0xc9]P([0xc8][0xc8][0xcf]KU[0xc8]+[0xcd]MJ-RP[0xd7][0xb6]4[0xb4]064071[0xb1]47UWHI[0xcd]I-IMQ(.MN[0x6][0xea]M+[0xcd][0xc9][0xa9][0xd4]S[0xaa][0x5][0x0][0x15]{w[0x82]J[0x0][0x0][0x0]"
1542135 [main] DEBUG org.apache.http.wire  -  << "[\r][\n]"
1542135 [main] DEBUG org.apache.http.wire  -  << "[\r][\n]"
1542135 [main] DEBUG org.apache.http.wire  -  << "[\r][\n]"
1542135 [main] DEBUG org.apache.http.wire  -  << "[\r][\n]"
1542135 [main] DEBUG org.apache.http.wire  -  << "[\r][\n]"
1542135 [main] DEBUG org.apache.http.wire  -  << "[\r][\n]"
1542135 [main] DEBUG org.apache.http.wire  -  << "[\r][\n]"
1542135 [main] DEBUG org.apache.http.wire  -  << "0[\r][\n]"
1542135 [main] DEBUG org.apache.http.wire  -  << "0[\r][\n]"
1542135 [main] DEBUG org.apache.http.wire  -  << "0[\r][\n]"
1542135 [main] DEBUG org.apache.http.wire  -  << "0[\r][\n]"
1542135 [main] DEBUG org.apache.http.wire  -  << "0[\r][\n]"
1542135 [main] DEBUG org.apache.http.wire  -  << "0[\r][\n]"
1542135 [main] DEBUG org.apache.http.wire  -  << "0[\r][\n]"
1542136 [main] DEBUG org.apache.http.wire  -  << "[\r][\n]"
1542136 [main] DEBUG org.apache.http.wire  -  << "[\r][\n]"
1542136 [main] DEBUG org.apache.http.wire  -  << "[\r][\n]"
1542136 [main] DEBUG org.apache.http.wire  -  << "[\r][\n]"
1542136 [main] DEBUG org.apache.http.wire  -  << "[\r][\n]"
1542136 [main] DEBUG org.apache.http.wire  -  << "[\r][\n]"
1542136 [main] DEBUG org.apache.http.wire  -  << "[\r][\n]"
1542136 [main] DEBUG io.restassured.internal.RequestSpecificationImpl$RestAssuredHttpBuilder  - Parsed data to instance of: class org.apache.http.conn.EofSensorInputStream
1542136 [main] DEBUG io.restassured.internal.RequestSpecificationImpl$RestAssuredHttpBuilder  - Parsed data to instance of: class org.apache.http.conn.EofSensorInputStream
1542136 [main] DEBUG io.restassured.internal.RequestSpecificationImpl$RestAssuredHttpBuilder  - Parsed data to instance of: class org.apache.http.conn.EofSensorInputStream
1542136 [main] DEBUG io.restassured.internal.RequestSpecificationImpl$RestAssuredHttpBuilder  - Parsed data to instance of: class org.apache.http.conn.EofSensorInputStream
1542136 [main] DEBUG io.restassured.internal.RequestSpecificationImpl$RestAssuredHttpBuilder  - Parsed data to instance of: class org.apache.http.conn.EofSensorInputStream
1542136 [main] DEBUG io.restassured.internal.RequestSpecificationImpl$RestAssuredHttpBuilder  - Parsed data to instance of: class org.apache.http.conn.EofSensorInputStream
1542136 [main] DEBUG io.restassured.internal.RequestSpecificationImpl$RestAssuredHttpBuilder  - Parsed data to instance of: class org.apache.http.conn.EofSensorInputStream
1542136 [main] DEBUG org.apache.http.impl.conn.BasicClientConnectionManager  - Releasing connection org.apache.http.impl.conn.ManagedClientConnectionImpl@1d6f77d7
1542136 [main] DEBUG org.apache.http.impl.conn.BasicClientConnectionManager  - Releasing connection org.apache.http.impl.conn.ManagedClientConnectionImpl@1d6f77d7
1542136 [main] DEBUG org.apache.http.impl.conn.BasicClientConnectionManager  - Releasing connection org.apache.http.impl.conn.ManagedClientConnectionImpl@1d6f77d7
1542136 [main] DEBUG org.apache.http.impl.conn.BasicClientConnectionManager  - Releasing connection org.apache.http.impl.conn.ManagedClientConnectionImpl@1d6f77d7
1542136 [main] DEBUG org.apache.http.impl.conn.BasicClientConnectionManager  - Releasing connection org.apache.http.impl.conn.ManagedClientConnectionImpl@1d6f77d7
1542136 [main] DEBUG org.apache.http.impl.conn.BasicClientConnectionManager  - Releasing connection org.apache.http.impl.conn.ManagedClientConnectionImpl@1d6f77d7
1542136 [main] DEBUG org.apache.http.impl.conn.BasicClientConnectionManager  - Releasing connection org.apache.http.impl.conn.ManagedClientConnectionImpl@1d6f77d7
1542136 [main] DEBUG org.apache.http.impl.conn.BasicClientConnectionManager  - Connection can be kept alive indefinitely
1542136 [main] DEBUG org.apache.http.impl.conn.BasicClientConnectionManager  - Connection can be kept alive indefinitely
1542136 [main] DEBUG org.apache.http.impl.conn.BasicClientConnectionManager  - Connection can be kept alive indefinitely
1542136 [main] DEBUG org.apache.http.impl.conn.BasicClientConnectionManager  - Connection can be kept alive indefinitely
1542136 [main] DEBUG org.apache.http.impl.conn.BasicClientConnectionManager  - Connection can be kept alive indefinitely
1542136 [main] DEBUG org.apache.http.impl.conn.BasicClientConnectionManager  - Connection can be kept alive indefinitely
1542136 [main] DEBUG org.apache.http.impl.conn.BasicClientConnectionManager  - Connection can be kept alive indefinitely
{
    "message": "Lead with phone number '+918310744975' deleted successfully."
}
{
    "message": "Lead with phone number '+918310744975' deleted successfully."
}]]></system-out>
  </testcase>
  <testcase name="NewUserSignupbookanpayatHospitalAppointmentWithFreeOpinion" classname="com.onco.webtests.NewUserSignupBookanpayatHospitalAppointmentWithFreeOpinion" time="476.82"/>
  <testcase name="addResultForTestCase" classname="com.onco.webtests.NewUserSignupBookanpayatHospitalAppointmentWithFreeOpinion" time="477.822">
    <failure message="&#10;Can inject only one of &lt;ITestContext, XmlTest&gt; into a @AfterClass annotated addResultForTestCase.&#10;For more information on native dependency injection please refer to http://testng.org/doc/documentation-main.html#native-dependency-injection" type="org.testng.TestNGException"><![CDATA[org.testng.TestNGException: 

Can inject only one of <ITestContext, XmlTest> into a @AfterClass annotated addResultForTestCase.
For more information on native dependency injection please refer to http://testng.org/doc/documentation-main.html#native-dependency-injection
]]></failure>
    <system-out><![CDATA[2027899 [main] DEBUG org.apache.http.impl.conn.BasicClientConnectionManager  - Get connection for route {s}->https://backstage.onco.com:443
2027899 [main] DEBUG org.apache.http.impl.conn.BasicClientConnectionManager  - Get connection for route {s}->https://backstage.onco.com:443
2027899 [main] DEBUG org.apache.http.impl.conn.BasicClientConnectionManager  - Get connection for route {s}->https://backstage.onco.com:443
2027899 [main] DEBUG org.apache.http.impl.conn.BasicClientConnectionManager  - Get connection for route {s}->https://backstage.onco.com:443
2027899 [main] DEBUG org.apache.http.impl.conn.BasicClientConnectionManager  - Get connection for route {s}->https://backstage.onco.com:443
2027899 [main] DEBUG org.apache.http.impl.conn.BasicClientConnectionManager  - Get connection for route {s}->https://backstage.onco.com:443
2027899 [main] DEBUG org.apache.http.impl.conn.BasicClientConnectionManager  - Get connection for route {s}->https://backstage.onco.com:443
2027899 [main] DEBUG org.apache.http.impl.conn.BasicClientConnectionManager  - Get connection for route {s}->https://backstage.onco.com:443
2027964 [main] DEBUG org.apache.http.impl.conn.DefaultClientConnectionOperator  - Connecting to backstage.onco.com:443
2027964 [main] DEBUG org.apache.http.impl.conn.DefaultClientConnectionOperator  - Connecting to backstage.onco.com:443
2027964 [main] DEBUG org.apache.http.impl.conn.DefaultClientConnectionOperator  - Connecting to backstage.onco.com:443
2027964 [main] DEBUG org.apache.http.impl.conn.DefaultClientConnectionOperator  - Connecting to backstage.onco.com:443
2027964 [main] DEBUG org.apache.http.impl.conn.DefaultClientConnectionOperator  - Connecting to backstage.onco.com:443
2027964 [main] DEBUG org.apache.http.impl.conn.DefaultClientConnectionOperator  - Connecting to backstage.onco.com:443
2027964 [main] DEBUG org.apache.http.impl.conn.DefaultClientConnectionOperator  - Connecting to backstage.onco.com:443
2027964 [main] DEBUG org.apache.http.impl.conn.DefaultClientConnectionOperator  - Connecting to backstage.onco.com:443
2028319 [main] DEBUG org.apache.http.client.protocol.RequestAddCookies  - CookieSpec selected: ignoreCookies
2028319 [main] DEBUG org.apache.http.client.protocol.RequestAddCookies  - CookieSpec selected: ignoreCookies
2028319 [main] DEBUG org.apache.http.client.protocol.RequestAddCookies  - CookieSpec selected: ignoreCookies
2028319 [main] DEBUG org.apache.http.client.protocol.RequestAddCookies  - CookieSpec selected: ignoreCookies
2028319 [main] DEBUG org.apache.http.client.protocol.RequestAddCookies  - CookieSpec selected: ignoreCookies
2028319 [main] DEBUG org.apache.http.client.protocol.RequestAddCookies  - CookieSpec selected: ignoreCookies
2028319 [main] DEBUG org.apache.http.client.protocol.RequestAddCookies  - CookieSpec selected: ignoreCookies
2028319 [main] DEBUG org.apache.http.client.protocol.RequestAddCookies  - CookieSpec selected: ignoreCookies
2028319 [main] DEBUG org.apache.http.client.protocol.RequestAuthCache  - Auth cache not set in the context
2028319 [main] DEBUG org.apache.http.client.protocol.RequestAuthCache  - Auth cache not set in the context
2028319 [main] DEBUG org.apache.http.client.protocol.RequestAuthCache  - Auth cache not set in the context
2028319 [main] DEBUG org.apache.http.client.protocol.RequestAuthCache  - Auth cache not set in the context
2028319 [main] DEBUG org.apache.http.client.protocol.RequestAuthCache  - Auth cache not set in the context
2028319 [main] DEBUG org.apache.http.client.protocol.RequestAuthCache  - Auth cache not set in the context
2028319 [main] DEBUG org.apache.http.client.protocol.RequestAuthCache  - Auth cache not set in the context
2028319 [main] DEBUG org.apache.http.client.protocol.RequestAuthCache  - Auth cache not set in the context
2028319 [main] DEBUG org.apache.http.client.protocol.RequestTargetAuthentication  - Target auth state: UNCHALLENGED
2028319 [main] DEBUG org.apache.http.client.protocol.RequestTargetAuthentication  - Target auth state: UNCHALLENGED
2028319 [main] DEBUG org.apache.http.client.protocol.RequestTargetAuthentication  - Target auth state: UNCHALLENGED
2028319 [main] DEBUG org.apache.http.client.protocol.RequestTargetAuthentication  - Target auth state: UNCHALLENGED
2028319 [main] DEBUG org.apache.http.client.protocol.RequestTargetAuthentication  - Target auth state: UNCHALLENGED
2028319 [main] DEBUG org.apache.http.client.protocol.RequestTargetAuthentication  - Target auth state: UNCHALLENGED
2028319 [main] DEBUG org.apache.http.client.protocol.RequestTargetAuthentication  - Target auth state: UNCHALLENGED
2028319 [main] DEBUG org.apache.http.client.protocol.RequestTargetAuthentication  - Target auth state: UNCHALLENGED
2028319 [main] DEBUG org.apache.http.client.protocol.RequestProxyAuthentication  - Proxy auth state: UNCHALLENGED
2028319 [main] DEBUG org.apache.http.client.protocol.RequestProxyAuthentication  - Proxy auth state: UNCHALLENGED
2028319 [main] DEBUG org.apache.http.client.protocol.RequestProxyAuthentication  - Proxy auth state: UNCHALLENGED
2028319 [main] DEBUG org.apache.http.client.protocol.RequestProxyAuthentication  - Proxy auth state: UNCHALLENGED
2028319 [main] DEBUG org.apache.http.client.protocol.RequestProxyAuthentication  - Proxy auth state: UNCHALLENGED
2028319 [main] DEBUG org.apache.http.client.protocol.RequestProxyAuthentication  - Proxy auth state: UNCHALLENGED
2028319 [main] DEBUG org.apache.http.client.protocol.RequestProxyAuthentication  - Proxy auth state: UNCHALLENGED
2028319 [main] DEBUG org.apache.http.client.protocol.RequestProxyAuthentication  - Proxy auth state: UNCHALLENGED
2028320 [main] DEBUG org.apache.http.impl.client.DefaultHttpClient  - Attempt 1 to execute request
2028320 [main] DEBUG org.apache.http.impl.client.DefaultHttpClient  - Attempt 1 to execute request
2028320 [main] DEBUG org.apache.http.impl.client.DefaultHttpClient  - Attempt 1 to execute request
2028320 [main] DEBUG org.apache.http.impl.client.DefaultHttpClient  - Attempt 1 to execute request
2028320 [main] DEBUG org.apache.http.impl.client.DefaultHttpClient  - Attempt 1 to execute request
2028320 [main] DEBUG org.apache.http.impl.client.DefaultHttpClient  - Attempt 1 to execute request
2028320 [main] DEBUG org.apache.http.impl.client.DefaultHttpClient  - Attempt 1 to execute request
2028320 [main] DEBUG org.apache.http.impl.client.DefaultHttpClient  - Attempt 1 to execute request
2028320 [main] DEBUG org.apache.http.impl.conn.DefaultClientConnection  - Sending request: POST /onco-auth/oapi/user-cred/remove-lead HTTP/1.1
2028320 [main] DEBUG org.apache.http.impl.conn.DefaultClientConnection  - Sending request: POST /onco-auth/oapi/user-cred/remove-lead HTTP/1.1
2028320 [main] DEBUG org.apache.http.impl.conn.DefaultClientConnection  - Sending request: POST /onco-auth/oapi/user-cred/remove-lead HTTP/1.1
2028320 [main] DEBUG org.apache.http.impl.conn.DefaultClientConnection  - Sending request: POST /onco-auth/oapi/user-cred/remove-lead HTTP/1.1
2028320 [main] DEBUG org.apache.http.impl.conn.DefaultClientConnection  - Sending request: POST /onco-auth/oapi/user-cred/remove-lead HTTP/1.1
2028320 [main] DEBUG org.apache.http.impl.conn.DefaultClientConnection  - Sending request: POST /onco-auth/oapi/user-cred/remove-lead HTTP/1.1
2028320 [main] DEBUG org.apache.http.impl.conn.DefaultClientConnection  - Sending request: POST /onco-auth/oapi/user-cred/remove-lead HTTP/1.1
2028320 [main] DEBUG org.apache.http.impl.conn.DefaultClientConnection  - Sending request: POST /onco-auth/oapi/user-cred/remove-lead HTTP/1.1
2028320 [main] DEBUG org.apache.http.wire  -  >> "POST /onco-auth/oapi/user-cred/remove-lead HTTP/1.1[\r][\n]"
2028320 [main] DEBUG org.apache.http.wire  -  >> "POST /onco-auth/oapi/user-cred/remove-lead HTTP/1.1[\r][\n]"
2028320 [main] DEBUG org.apache.http.wire  -  >> "POST /onco-auth/oapi/user-cred/remove-lead HTTP/1.1[\r][\n]"
2028320 [main] DEBUG org.apache.http.wire  -  >> "POST /onco-auth/oapi/user-cred/remove-lead HTTP/1.1[\r][\n]"
2028320 [main] DEBUG org.apache.http.wire  -  >> "POST /onco-auth/oapi/user-cred/remove-lead HTTP/1.1[\r][\n]"
2028320 [main] DEBUG org.apache.http.wire  -  >> "POST /onco-auth/oapi/user-cred/remove-lead HTTP/1.1[\r][\n]"
2028320 [main] DEBUG org.apache.http.wire  -  >> "POST /onco-auth/oapi/user-cred/remove-lead HTTP/1.1[\r][\n]"
2028320 [main] DEBUG org.apache.http.wire  -  >> "POST /onco-auth/oapi/user-cred/remove-lead HTTP/1.1[\r][\n]"
2028320 [main] DEBUG org.apache.http.wire  -  >> ":  [\r][\n]"
2028320 [main] DEBUG org.apache.http.wire  -  >> ":  [\r][\n]"
2028320 [main] DEBUG org.apache.http.wire  -  >> ":  [\r][\n]"
2028320 [main] DEBUG org.apache.http.wire  -  >> ":  [\r][\n]"
2028320 [main] DEBUG org.apache.http.wire  -  >> ":  [\r][\n]"
2028320 [main] DEBUG org.apache.http.wire  -  >> ":  [\r][\n]"
2028320 [main] DEBUG org.apache.http.wire  -  >> ":  [\r][\n]"
2028320 [main] DEBUG org.apache.http.wire  -  >> ":  [\r][\n]"
2028320 [main] DEBUG org.apache.http.wire  -  >> "Accept: */*[\r][\n]"
2028320 [main] DEBUG org.apache.http.wire  -  >> "Accept: */*[\r][\n]"
2028320 [main] DEBUG org.apache.http.wire  -  >> "Accept: */*[\r][\n]"
2028320 [main] DEBUG org.apache.http.wire  -  >> "Accept: */*[\r][\n]"
2028320 [main] DEBUG org.apache.http.wire  -  >> "Accept: */*[\r][\n]"
2028320 [main] DEBUG org.apache.http.wire  -  >> "Accept: */*[\r][\n]"
2028320 [main] DEBUG org.apache.http.wire  -  >> "Accept: */*[\r][\n]"
2028320 [main] DEBUG org.apache.http.wire  -  >> "Accept: */*[\r][\n]"
2028320 [main] DEBUG org.apache.http.wire  -  >> "Content-Type: application/json; charset=UTF-8[\r][\n]"
2028320 [main] DEBUG org.apache.http.wire  -  >> "Content-Type: application/json; charset=UTF-8[\r][\n]"
2028320 [main] DEBUG org.apache.http.wire  -  >> "Content-Type: application/json; charset=UTF-8[\r][\n]"
2028320 [main] DEBUG org.apache.http.wire  -  >> "Content-Type: application/json; charset=UTF-8[\r][\n]"
2028320 [main] DEBUG org.apache.http.wire  -  >> "Content-Type: application/json; charset=UTF-8[\r][\n]"
2028320 [main] DEBUG org.apache.http.wire  -  >> "Content-Type: application/json; charset=UTF-8[\r][\n]"
2028320 [main] DEBUG org.apache.http.wire  -  >> "Content-Type: application/json; charset=UTF-8[\r][\n]"
2028320 [main] DEBUG org.apache.http.wire  -  >> "Content-Type: application/json; charset=UTF-8[\r][\n]"
2028321 [main] DEBUG org.apache.http.wire  -  >> "Content-Length: 83[\r][\n]"
2028321 [main] DEBUG org.apache.http.wire  -  >> "Content-Length: 83[\r][\n]"
2028321 [main] DEBUG org.apache.http.wire  -  >> "Content-Length: 83[\r][\n]"
2028321 [main] DEBUG org.apache.http.wire  -  >> "Content-Length: 83[\r][\n]"
2028321 [main] DEBUG org.apache.http.wire  -  >> "Content-Length: 83[\r][\n]"
2028321 [main] DEBUG org.apache.http.wire  -  >> "Content-Length: 83[\r][\n]"
2028321 [main] DEBUG org.apache.http.wire  -  >> "Content-Length: 83[\r][\n]"
2028321 [main] DEBUG org.apache.http.wire  -  >> "Content-Length: 83[\r][\n]"
2028321 [main] DEBUG org.apache.http.wire  -  >> "Host: backstage.onco.com[\r][\n]"
2028321 [main] DEBUG org.apache.http.wire  -  >> "Host: backstage.onco.com[\r][\n]"
2028321 [main] DEBUG org.apache.http.wire  -  >> "Host: backstage.onco.com[\r][\n]"
2028321 [main] DEBUG org.apache.http.wire  -  >> "Host: backstage.onco.com[\r][\n]"
2028321 [main] DEBUG org.apache.http.wire  -  >> "Host: backstage.onco.com[\r][\n]"
2028321 [main] DEBUG org.apache.http.wire  -  >> "Host: backstage.onco.com[\r][\n]"
2028321 [main] DEBUG org.apache.http.wire  -  >> "Host: backstage.onco.com[\r][\n]"
2028321 [main] DEBUG org.apache.http.wire  -  >> "Host: backstage.onco.com[\r][\n]"
2028321 [main] DEBUG org.apache.http.wire  -  >> "Connection: Keep-Alive[\r][\n]"
2028321 [main] DEBUG org.apache.http.wire  -  >> "Connection: Keep-Alive[\r][\n]"
2028321 [main] DEBUG org.apache.http.wire  -  >> "Connection: Keep-Alive[\r][\n]"
2028321 [main] DEBUG org.apache.http.wire  -  >> "Connection: Keep-Alive[\r][\n]"
2028321 [main] DEBUG org.apache.http.wire  -  >> "Connection: Keep-Alive[\r][\n]"
2028321 [main] DEBUG org.apache.http.wire  -  >> "Connection: Keep-Alive[\r][\n]"
2028321 [main] DEBUG org.apache.http.wire  -  >> "Connection: Keep-Alive[\r][\n]"
2028321 [main] DEBUG org.apache.http.wire  -  >> "Connection: Keep-Alive[\r][\n]"
2028321 [main] DEBUG org.apache.http.wire  -  >> "User-Agent: Apache-HttpClient/4.5.5 (Java/1.8.0_231)[\r][\n]"
2028321 [main] DEBUG org.apache.http.wire  -  >> "User-Agent: Apache-HttpClient/4.5.5 (Java/1.8.0_231)[\r][\n]"
2028321 [main] DEBUG org.apache.http.wire  -  >> "User-Agent: Apache-HttpClient/4.5.5 (Java/1.8.0_231)[\r][\n]"
2028321 [main] DEBUG org.apache.http.wire  -  >> "User-Agent: Apache-HttpClient/4.5.5 (Java/1.8.0_231)[\r][\n]"
2028321 [main] DEBUG org.apache.http.wire  -  >> "User-Agent: Apache-HttpClient/4.5.5 (Java/1.8.0_231)[\r][\n]"
2028321 [main] DEBUG org.apache.http.wire  -  >> "User-Agent: Apache-HttpClient/4.5.5 (Java/1.8.0_231)[\r][\n]"
2028321 [main] DEBUG org.apache.http.wire  -  >> "User-Agent: Apache-HttpClient/4.5.5 (Java/1.8.0_231)[\r][\n]"
2028321 [main] DEBUG org.apache.http.wire  -  >> "User-Agent: Apache-HttpClient/4.5.5 (Java/1.8.0_231)[\r][\n]"
2028321 [main] DEBUG org.apache.http.wire  -  >> "Accept-Encoding: gzip,deflate[\r][\n]"
2028321 [main] DEBUG org.apache.http.wire  -  >> "Accept-Encoding: gzip,deflate[\r][\n]"
2028321 [main] DEBUG org.apache.http.wire  -  >> "Accept-Encoding: gzip,deflate[\r][\n]"
2028321 [main] DEBUG org.apache.http.wire  -  >> "Accept-Encoding: gzip,deflate[\r][\n]"
2028321 [main] DEBUG org.apache.http.wire  -  >> "Accept-Encoding: gzip,deflate[\r][\n]"
2028321 [main] DEBUG org.apache.http.wire  -  >> "Accept-Encoding: gzip,deflate[\r][\n]"
2028321 [main] DEBUG org.apache.http.wire  -  >> "Accept-Encoding: gzip,deflate[\r][\n]"
2028321 [main] DEBUG org.apache.http.wire  -  >> "Accept-Encoding: gzip,deflate[\r][\n]"
2028321 [main] DEBUG org.apache.http.wire  -  >> "[\r][\n]"
2028321 [main] DEBUG org.apache.http.wire  -  >> "[\r][\n]"
2028321 [main] DEBUG org.apache.http.wire  -  >> "[\r][\n]"
2028321 [main] DEBUG org.apache.http.wire  -  >> "[\r][\n]"
2028321 [main] DEBUG org.apache.http.wire  -  >> "[\r][\n]"
2028321 [main] DEBUG org.apache.http.wire  -  >> "[\r][\n]"
2028321 [main] DEBUG org.apache.http.wire  -  >> "[\r][\n]"
2028321 [main] DEBUG org.apache.http.wire  -  >> "[\r][\n]"
2028322 [main] DEBUG org.apache.http.headers  - >> POST /onco-auth/oapi/user-cred/remove-lead HTTP/1.1
2028322 [main] DEBUG org.apache.http.headers  - >> POST /onco-auth/oapi/user-cred/remove-lead HTTP/1.1
2028322 [main] DEBUG org.apache.http.headers  - >> POST /onco-auth/oapi/user-cred/remove-lead HTTP/1.1
2028322 [main] DEBUG org.apache.http.headers  - >> POST /onco-auth/oapi/user-cred/remove-lead HTTP/1.1
2028322 [main] DEBUG org.apache.http.headers  - >> POST /onco-auth/oapi/user-cred/remove-lead HTTP/1.1
2028322 [main] DEBUG org.apache.http.headers  - >> POST /onco-auth/oapi/user-cred/remove-lead HTTP/1.1
2028322 [main] DEBUG org.apache.http.headers  - >> POST /onco-auth/oapi/user-cred/remove-lead HTTP/1.1
2028322 [main] DEBUG org.apache.http.headers  - >> POST /onco-auth/oapi/user-cred/remove-lead HTTP/1.1
2028322 [main] DEBUG org.apache.http.headers  - >> :  
2028322 [main] DEBUG org.apache.http.headers  - >> :  
2028322 [main] DEBUG org.apache.http.headers  - >> :  
2028322 [main] DEBUG org.apache.http.headers  - >> :  
2028322 [main] DEBUG org.apache.http.headers  - >> :  
2028322 [main] DEBUG org.apache.http.headers  - >> :  
2028322 [main] DEBUG org.apache.http.headers  - >> :  
2028322 [main] DEBUG org.apache.http.headers  - >> :  
2028322 [main] DEBUG org.apache.http.headers  - >> Accept: */*
2028322 [main] DEBUG org.apache.http.headers  - >> Accept: */*
2028322 [main] DEBUG org.apache.http.headers  - >> Accept: */*
2028322 [main] DEBUG org.apache.http.headers  - >> Accept: */*
2028322 [main] DEBUG org.apache.http.headers  - >> Accept: */*
2028322 [main] DEBUG org.apache.http.headers  - >> Accept: */*
2028322 [main] DEBUG org.apache.http.headers  - >> Accept: */*
2028322 [main] DEBUG org.apache.http.headers  - >> Accept: */*
2028322 [main] DEBUG org.apache.http.headers  - >> Content-Type: application/json; charset=UTF-8
2028322 [main] DEBUG org.apache.http.headers  - >> Content-Type: application/json; charset=UTF-8
2028322 [main] DEBUG org.apache.http.headers  - >> Content-Type: application/json; charset=UTF-8
2028322 [main] DEBUG org.apache.http.headers  - >> Content-Type: application/json; charset=UTF-8
2028322 [main] DEBUG org.apache.http.headers  - >> Content-Type: application/json; charset=UTF-8
2028322 [main] DEBUG org.apache.http.headers  - >> Content-Type: application/json; charset=UTF-8
2028322 [main] DEBUG org.apache.http.headers  - >> Content-Type: application/json; charset=UTF-8
2028322 [main] DEBUG org.apache.http.headers  - >> Content-Type: application/json; charset=UTF-8
2028322 [main] DEBUG org.apache.http.headers  - >> Content-Length: 83
2028322 [main] DEBUG org.apache.http.headers  - >> Content-Length: 83
2028322 [main] DEBUG org.apache.http.headers  - >> Content-Length: 83
2028322 [main] DEBUG org.apache.http.headers  - >> Content-Length: 83
2028322 [main] DEBUG org.apache.http.headers  - >> Content-Length: 83
2028322 [main] DEBUG org.apache.http.headers  - >> Content-Length: 83
2028322 [main] DEBUG org.apache.http.headers  - >> Content-Length: 83
2028322 [main] DEBUG org.apache.http.headers  - >> Content-Length: 83
2028322 [main] DEBUG org.apache.http.headers  - >> Host: backstage.onco.com
2028322 [main] DEBUG org.apache.http.headers  - >> Host: backstage.onco.com
2028322 [main] DEBUG org.apache.http.headers  - >> Host: backstage.onco.com
2028322 [main] DEBUG org.apache.http.headers  - >> Host: backstage.onco.com
2028322 [main] DEBUG org.apache.http.headers  - >> Host: backstage.onco.com
2028322 [main] DEBUG org.apache.http.headers  - >> Host: backstage.onco.com
2028322 [main] DEBUG org.apache.http.headers  - >> Host: backstage.onco.com
2028322 [main] DEBUG org.apache.http.headers  - >> Host: backstage.onco.com
2028323 [main] DEBUG org.apache.http.headers  - >> Connection: Keep-Alive
2028323 [main] DEBUG org.apache.http.headers  - >> Connection: Keep-Alive
2028323 [main] DEBUG org.apache.http.headers  - >> Connection: Keep-Alive
2028323 [main] DEBUG org.apache.http.headers  - >> Connection: Keep-Alive
2028323 [main] DEBUG org.apache.http.headers  - >> Connection: Keep-Alive
2028323 [main] DEBUG org.apache.http.headers  - >> Connection: Keep-Alive
2028323 [main] DEBUG org.apache.http.headers  - >> Connection: Keep-Alive
2028323 [main] DEBUG org.apache.http.headers  - >> Connection: Keep-Alive
2028323 [main] DEBUG org.apache.http.headers  - >> User-Agent: Apache-HttpClient/4.5.5 (Java/1.8.0_231)
2028323 [main] DEBUG org.apache.http.headers  - >> User-Agent: Apache-HttpClient/4.5.5 (Java/1.8.0_231)
2028323 [main] DEBUG org.apache.http.headers  - >> User-Agent: Apache-HttpClient/4.5.5 (Java/1.8.0_231)
2028323 [main] DEBUG org.apache.http.headers  - >> User-Agent: Apache-HttpClient/4.5.5 (Java/1.8.0_231)
2028323 [main] DEBUG org.apache.http.headers  - >> User-Agent: Apache-HttpClient/4.5.5 (Java/1.8.0_231)
2028323 [main] DEBUG org.apache.http.headers  - >> User-Agent: Apache-HttpClient/4.5.5 (Java/1.8.0_231)
2028323 [main] DEBUG org.apache.http.headers  - >> User-Agent: Apache-HttpClient/4.5.5 (Java/1.8.0_231)
2028323 [main] DEBUG org.apache.http.headers  - >> User-Agent: Apache-HttpClient/4.5.5 (Java/1.8.0_231)
2028323 [main] DEBUG org.apache.http.headers  - >> Accept-Encoding: gzip,deflate
2028323 [main] DEBUG org.apache.http.headers  - >> Accept-Encoding: gzip,deflate
2028323 [main] DEBUG org.apache.http.headers  - >> Accept-Encoding: gzip,deflate
2028323 [main] DEBUG org.apache.http.headers  - >> Accept-Encoding: gzip,deflate
2028323 [main] DEBUG org.apache.http.headers  - >> Accept-Encoding: gzip,deflate
2028323 [main] DEBUG org.apache.http.headers  - >> Accept-Encoding: gzip,deflate
2028323 [main] DEBUG org.apache.http.headers  - >> Accept-Encoding: gzip,deflate
2028323 [main] DEBUG org.apache.http.headers  - >> Accept-Encoding: gzip,deflate
2028324 [main] DEBUG org.apache.http.wire  -  >> "{[\n]"
2028324 [main] DEBUG org.apache.http.wire  -  >> "{[\n]"
2028324 [main] DEBUG org.apache.http.wire  -  >> "{[\n]"
2028324 [main] DEBUG org.apache.http.wire  -  >> "{[\n]"
2028324 [main] DEBUG org.apache.http.wire  -  >> "{[\n]"
2028324 [main] DEBUG org.apache.http.wire  -  >> "{[\n]"
2028324 [main] DEBUG org.apache.http.wire  -  >> "{[\n]"
2028324 [main] DEBUG org.apache.http.wire  -  >> "{[\n]"
2028324 [main] DEBUG org.apache.http.wire  -  >> "    "phoneNumber": "+918310744975",[\n]"
2028324 [main] DEBUG org.apache.http.wire  -  >> "    "phoneNumber": "+918310744975",[\n]"
2028324 [main] DEBUG org.apache.http.wire  -  >> "    "phoneNumber": "+918310744975",[\n]"
2028324 [main] DEBUG org.apache.http.wire  -  >> "    "phoneNumber": "+918310744975",[\n]"
2028324 [main] DEBUG org.apache.http.wire  -  >> "    "phoneNumber": "+918310744975",[\n]"
2028324 [main] DEBUG org.apache.http.wire  -  >> "    "phoneNumber": "+918310744975",[\n]"
2028324 [main] DEBUG org.apache.http.wire  -  >> "    "phoneNumber": "+918310744975",[\n]"
2028324 [main] DEBUG org.apache.http.wire  -  >> "    "phoneNumber": "+918310744975",[\n]"
2028324 [main] DEBUG org.apache.http.wire  -  >> "    "leadDelSecKey": "Eno0nduK!tthakaPPa@1"[\n]"
2028324 [main] DEBUG org.apache.http.wire  -  >> "    "leadDelSecKey": "Eno0nduK!tthakaPPa@1"[\n]"
2028324 [main] DEBUG org.apache.http.wire  -  >> "    "leadDelSecKey": "Eno0nduK!tthakaPPa@1"[\n]"
2028324 [main] DEBUG org.apache.http.wire  -  >> "    "leadDelSecKey": "Eno0nduK!tthakaPPa@1"[\n]"
2028324 [main] DEBUG org.apache.http.wire  -  >> "    "leadDelSecKey": "Eno0nduK!tthakaPPa@1"[\n]"
2028324 [main] DEBUG org.apache.http.wire  -  >> "    "leadDelSecKey": "Eno0nduK!tthakaPPa@1"[\n]"
2028324 [main] DEBUG org.apache.http.wire  -  >> "    "leadDelSecKey": "Eno0nduK!tthakaPPa@1"[\n]"
2028324 [main] DEBUG org.apache.http.wire  -  >> "    "leadDelSecKey": "Eno0nduK!tthakaPPa@1"[\n]"
2028324 [main] DEBUG org.apache.http.wire  -  >> "}"
2028324 [main] DEBUG org.apache.http.wire  -  >> "}"
2028324 [main] DEBUG org.apache.http.wire  -  >> "}"
2028324 [main] DEBUG org.apache.http.wire  -  >> "}"
2028324 [main] DEBUG org.apache.http.wire  -  >> "}"
2028324 [main] DEBUG org.apache.http.wire  -  >> "}"
2028324 [main] DEBUG org.apache.http.wire  -  >> "}"
2028324 [main] DEBUG org.apache.http.wire  -  >> "}"
2028705 [main] DEBUG org.apache.http.wire  -  << "HTTP/1.1 200 OK[\r][\n]"
2028705 [main] DEBUG org.apache.http.wire  -  << "HTTP/1.1 200 OK[\r][\n]"
2028705 [main] DEBUG org.apache.http.wire  -  << "HTTP/1.1 200 OK[\r][\n]"
2028705 [main] DEBUG org.apache.http.wire  -  << "HTTP/1.1 200 OK[\r][\n]"
2028705 [main] DEBUG org.apache.http.wire  -  << "HTTP/1.1 200 OK[\r][\n]"
2028705 [main] DEBUG org.apache.http.wire  -  << "HTTP/1.1 200 OK[\r][\n]"
2028705 [main] DEBUG org.apache.http.wire  -  << "HTTP/1.1 200 OK[\r][\n]"
2028705 [main] DEBUG org.apache.http.wire  -  << "HTTP/1.1 200 OK[\r][\n]"
2028705 [main] DEBUG org.apache.http.wire  -  << "Server: nginx/1.14.0 (Ubuntu)[\r][\n]"
2028705 [main] DEBUG org.apache.http.wire  -  << "Server: nginx/1.14.0 (Ubuntu)[\r][\n]"
2028705 [main] DEBUG org.apache.http.wire  -  << "Server: nginx/1.14.0 (Ubuntu)[\r][\n]"
2028705 [main] DEBUG org.apache.http.wire  -  << "Server: nginx/1.14.0 (Ubuntu)[\r][\n]"
2028705 [main] DEBUG org.apache.http.wire  -  << "Server: nginx/1.14.0 (Ubuntu)[\r][\n]"
2028705 [main] DEBUG org.apache.http.wire  -  << "Server: nginx/1.14.0 (Ubuntu)[\r][\n]"
2028705 [main] DEBUG org.apache.http.wire  -  << "Server: nginx/1.14.0 (Ubuntu)[\r][\n]"
2028705 [main] DEBUG org.apache.http.wire  -  << "Server: nginx/1.14.0 (Ubuntu)[\r][\n]"
2028706 [main] DEBUG org.apache.http.wire  -  << "Date: Tue, 22 Sep 2020 09:27:39 GMT[\r][\n]"
2028706 [main] DEBUG org.apache.http.wire  -  << "Date: Tue, 22 Sep 2020 09:27:39 GMT[\r][\n]"
2028706 [main] DEBUG org.apache.http.wire  -  << "Date: Tue, 22 Sep 2020 09:27:39 GMT[\r][\n]"
2028706 [main] DEBUG org.apache.http.wire  -  << "Date: Tue, 22 Sep 2020 09:27:39 GMT[\r][\n]"
2028706 [main] DEBUG org.apache.http.wire  -  << "Date: Tue, 22 Sep 2020 09:27:39 GMT[\r][\n]"
2028706 [main] DEBUG org.apache.http.wire  -  << "Date: Tue, 22 Sep 2020 09:27:39 GMT[\r][\n]"
2028706 [main] DEBUG org.apache.http.wire  -  << "Date: Tue, 22 Sep 2020 09:27:39 GMT[\r][\n]"
2028706 [main] DEBUG org.apache.http.wire  -  << "Date: Tue, 22 Sep 2020 09:27:39 GMT[\r][\n]"
2028706 [main] DEBUG org.apache.http.wire  -  << "Content-Type: application/json; charset=utf-8[\r][\n]"
2028706 [main] DEBUG org.apache.http.wire  -  << "Content-Type: application/json; charset=utf-8[\r][\n]"
2028706 [main] DEBUG org.apache.http.wire  -  << "Content-Type: application/json; charset=utf-8[\r][\n]"
2028706 [main] DEBUG org.apache.http.wire  -  << "Content-Type: application/json; charset=utf-8[\r][\n]"
2028706 [main] DEBUG org.apache.http.wire  -  << "Content-Type: application/json; charset=utf-8[\r][\n]"
2028706 [main] DEBUG org.apache.http.wire  -  << "Content-Type: application/json; charset=utf-8[\r][\n]"
2028706 [main] DEBUG org.apache.http.wire  -  << "Content-Type: application/json; charset=utf-8[\r][\n]"
2028706 [main] DEBUG org.apache.http.wire  -  << "Content-Type: application/json; charset=utf-8[\r][\n]"
2028706 [main] DEBUG org.apache.http.wire  -  << "Transfer-Encoding: chunked[\r][\n]"
2028706 [main] DEBUG org.apache.http.wire  -  << "Transfer-Encoding: chunked[\r][\n]"
2028706 [main] DEBUG org.apache.http.wire  -  << "Transfer-Encoding: chunked[\r][\n]"
2028706 [main] DEBUG org.apache.http.wire  -  << "Transfer-Encoding: chunked[\r][\n]"
2028706 [main] DEBUG org.apache.http.wire  -  << "Transfer-Encoding: chunked[\r][\n]"
2028706 [main] DEBUG org.apache.http.wire  -  << "Transfer-Encoding: chunked[\r][\n]"
2028706 [main] DEBUG org.apache.http.wire  -  << "Transfer-Encoding: chunked[\r][\n]"
2028706 [main] DEBUG org.apache.http.wire  -  << "Transfer-Encoding: chunked[\r][\n]"
2028706 [main] DEBUG org.apache.http.wire  -  << "Connection: keep-alive[\r][\n]"
2028706 [main] DEBUG org.apache.http.wire  -  << "Connection: keep-alive[\r][\n]"
2028706 [main] DEBUG org.apache.http.wire  -  << "Connection: keep-alive[\r][\n]"
2028706 [main] DEBUG org.apache.http.wire  -  << "Connection: keep-alive[\r][\n]"
2028706 [main] DEBUG org.apache.http.wire  -  << "Connection: keep-alive[\r][\n]"
2028706 [main] DEBUG org.apache.http.wire  -  << "Connection: keep-alive[\r][\n]"
2028706 [main] DEBUG org.apache.http.wire  -  << "Connection: keep-alive[\r][\n]"
2028706 [main] DEBUG org.apache.http.wire  -  << "Connection: keep-alive[\r][\n]"
2028707 [main] DEBUG org.apache.http.wire  -  << "Content-Security-Policy: default-src 'self';base-uri 'self';block-all-mixed-content;font-src 'self' https: data:;frame-ancestors 'self';img-src 'self' data:;object-src 'none';script-src 'self';script-src-attr 'none';style-src 'self' https: 'unsafe-inline';upgrade-insecure-requests[\r][\n]"
2028707 [main] DEBUG org.apache.http.wire  -  << "Content-Security-Policy: default-src 'self';base-uri 'self';block-all-mixed-content;font-src 'self' https: data:;frame-ancestors 'self';img-src 'self' data:;object-src 'none';script-src 'self';script-src-attr 'none';style-src 'self' https: 'unsafe-inline';upgrade-insecure-requests[\r][\n]"
2028707 [main] DEBUG org.apache.http.wire  -  << "Content-Security-Policy: default-src 'self';base-uri 'self';block-all-mixed-content;font-src 'self' https: data:;frame-ancestors 'self';img-src 'self' data:;object-src 'none';script-src 'self';script-src-attr 'none';style-src 'self' https: 'unsafe-inline';upgrade-insecure-requests[\r][\n]"
2028707 [main] DEBUG org.apache.http.wire  -  << "Content-Security-Policy: default-src 'self';base-uri 'self';block-all-mixed-content;font-src 'self' https: data:;frame-ancestors 'self';img-src 'self' data:;object-src 'none';script-src 'self';script-src-attr 'none';style-src 'self' https: 'unsafe-inline';upgrade-insecure-requests[\r][\n]"
2028707 [main] DEBUG org.apache.http.wire  -  << "Content-Security-Policy: default-src 'self';base-uri 'self';block-all-mixed-content;font-src 'self' https: data:;frame-ancestors 'self';img-src 'self' data:;object-src 'none';script-src 'self';script-src-attr 'none';style-src 'self' https: 'unsafe-inline';upgrade-insecure-requests[\r][\n]"
2028707 [main] DEBUG org.apache.http.wire  -  << "Content-Security-Policy: default-src 'self';base-uri 'self';block-all-mixed-content;font-src 'self' https: data:;frame-ancestors 'self';img-src 'self' data:;object-src 'none';script-src 'self';script-src-attr 'none';style-src 'self' https: 'unsafe-inline';upgrade-insecure-requests[\r][\n]"
2028707 [main] DEBUG org.apache.http.wire  -  << "Content-Security-Policy: default-src 'self';base-uri 'self';block-all-mixed-content;font-src 'self' https: data:;frame-ancestors 'self';img-src 'self' data:;object-src 'none';script-src 'self';script-src-attr 'none';style-src 'self' https: 'unsafe-inline';upgrade-insecure-requests[\r][\n]"
2028707 [main] DEBUG org.apache.http.wire  -  << "Content-Security-Policy: default-src 'self';base-uri 'self';block-all-mixed-content;font-src 'self' https: data:;frame-ancestors 'self';img-src 'self' data:;object-src 'none';script-src 'self';script-src-attr 'none';style-src 'self' https: 'unsafe-inline';upgrade-insecure-requests[\r][\n]"
2028708 [main] DEBUG org.apache.http.wire  -  << "X-DNS-Prefetch-Control: off[\r][\n]"
2028708 [main] DEBUG org.apache.http.wire  -  << "X-DNS-Prefetch-Control: off[\r][\n]"
2028708 [main] DEBUG org.apache.http.wire  -  << "X-DNS-Prefetch-Control: off[\r][\n]"
2028708 [main] DEBUG org.apache.http.wire  -  << "X-DNS-Prefetch-Control: off[\r][\n]"
2028708 [main] DEBUG org.apache.http.wire  -  << "X-DNS-Prefetch-Control: off[\r][\n]"
2028708 [main] DEBUG org.apache.http.wire  -  << "X-DNS-Prefetch-Control: off[\r][\n]"
2028708 [main] DEBUG org.apache.http.wire  -  << "X-DNS-Prefetch-Control: off[\r][\n]"
2028708 [main] DEBUG org.apache.http.wire  -  << "X-DNS-Prefetch-Control: off[\r][\n]"
2028708 [main] DEBUG org.apache.http.wire  -  << "Expect-CT: max-age=0[\r][\n]"
2028708 [main] DEBUG org.apache.http.wire  -  << "Expect-CT: max-age=0[\r][\n]"
2028708 [main] DEBUG org.apache.http.wire  -  << "Expect-CT: max-age=0[\r][\n]"
2028708 [main] DEBUG org.apache.http.wire  -  << "Expect-CT: max-age=0[\r][\n]"
2028708 [main] DEBUG org.apache.http.wire  -  << "Expect-CT: max-age=0[\r][\n]"
2028708 [main] DEBUG org.apache.http.wire  -  << "Expect-CT: max-age=0[\r][\n]"
2028708 [main] DEBUG org.apache.http.wire  -  << "Expect-CT: max-age=0[\r][\n]"
2028708 [main] DEBUG org.apache.http.wire  -  << "Expect-CT: max-age=0[\r][\n]"
2028708 [main] DEBUG org.apache.http.wire  -  << "X-Frame-Options: SAMEORIGIN[\r][\n]"
2028708 [main] DEBUG org.apache.http.wire  -  << "X-Frame-Options: SAMEORIGIN[\r][\n]"
2028708 [main] DEBUG org.apache.http.wire  -  << "X-Frame-Options: SAMEORIGIN[\r][\n]"
2028708 [main] DEBUG org.apache.http.wire  -  << "X-Frame-Options: SAMEORIGIN[\r][\n]"
2028708 [main] DEBUG org.apache.http.wire  -  << "X-Frame-Options: SAMEORIGIN[\r][\n]"
2028708 [main] DEBUG org.apache.http.wire  -  << "X-Frame-Options: SAMEORIGIN[\r][\n]"
2028708 [main] DEBUG org.apache.http.wire  -  << "X-Frame-Options: SAMEORIGIN[\r][\n]"
2028708 [main] DEBUG org.apache.http.wire  -  << "X-Frame-Options: SAMEORIGIN[\r][\n]"
2028708 [main] DEBUG org.apache.http.wire  -  << "X-Download-Options: noopen[\r][\n]"
2028708 [main] DEBUG org.apache.http.wire  -  << "X-Download-Options: noopen[\r][\n]"
2028708 [main] DEBUG org.apache.http.wire  -  << "X-Download-Options: noopen[\r][\n]"
2028708 [main] DEBUG org.apache.http.wire  -  << "X-Download-Options: noopen[\r][\n]"
2028708 [main] DEBUG org.apache.http.wire  -  << "X-Download-Options: noopen[\r][\n]"
2028708 [main] DEBUG org.apache.http.wire  -  << "X-Download-Options: noopen[\r][\n]"
2028708 [main] DEBUG org.apache.http.wire  -  << "X-Download-Options: noopen[\r][\n]"
2028708 [main] DEBUG org.apache.http.wire  -  << "X-Download-Options: noopen[\r][\n]"
2028708 [main] DEBUG org.apache.http.wire  -  << "X-Content-Type-Options: nosniff[\r][\n]"
2028708 [main] DEBUG org.apache.http.wire  -  << "X-Content-Type-Options: nosniff[\r][\n]"
2028708 [main] DEBUG org.apache.http.wire  -  << "X-Content-Type-Options: nosniff[\r][\n]"
2028708 [main] DEBUG org.apache.http.wire  -  << "X-Content-Type-Options: nosniff[\r][\n]"
2028708 [main] DEBUG org.apache.http.wire  -  << "X-Content-Type-Options: nosniff[\r][\n]"
2028708 [main] DEBUG org.apache.http.wire  -  << "X-Content-Type-Options: nosniff[\r][\n]"
2028708 [main] DEBUG org.apache.http.wire  -  << "X-Content-Type-Options: nosniff[\r][\n]"
2028708 [main] DEBUG org.apache.http.wire  -  << "X-Content-Type-Options: nosniff[\r][\n]"
2028708 [main] DEBUG org.apache.http.wire  -  << "X-Permitted-Cross-Domain-Policies: none[\r][\n]"
2028708 [main] DEBUG org.apache.http.wire  -  << "X-Permitted-Cross-Domain-Policies: none[\r][\n]"
2028708 [main] DEBUG org.apache.http.wire  -  << "X-Permitted-Cross-Domain-Policies: none[\r][\n]"
2028708 [main] DEBUG org.apache.http.wire  -  << "X-Permitted-Cross-Domain-Policies: none[\r][\n]"
2028708 [main] DEBUG org.apache.http.wire  -  << "X-Permitted-Cross-Domain-Policies: none[\r][\n]"
2028708 [main] DEBUG org.apache.http.wire  -  << "X-Permitted-Cross-Domain-Policies: none[\r][\n]"
2028708 [main] DEBUG org.apache.http.wire  -  << "X-Permitted-Cross-Domain-Policies: none[\r][\n]"
2028708 [main] DEBUG org.apache.http.wire  -  << "X-Permitted-Cross-Domain-Policies: none[\r][\n]"
2028709 [main] DEBUG org.apache.http.wire  -  << "Referrer-Policy: no-referrer[\r][\n]"
2028709 [main] DEBUG org.apache.http.wire  -  << "Referrer-Policy: no-referrer[\r][\n]"
2028709 [main] DEBUG org.apache.http.wire  -  << "Referrer-Policy: no-referrer[\r][\n]"
2028709 [main] DEBUG org.apache.http.wire  -  << "Referrer-Policy: no-referrer[\r][\n]"
2028709 [main] DEBUG org.apache.http.wire  -  << "Referrer-Policy: no-referrer[\r][\n]"
2028709 [main] DEBUG org.apache.http.wire  -  << "Referrer-Policy: no-referrer[\r][\n]"
2028709 [main] DEBUG org.apache.http.wire  -  << "Referrer-Policy: no-referrer[\r][\n]"
2028709 [main] DEBUG org.apache.http.wire  -  << "Referrer-Policy: no-referrer[\r][\n]"
2028709 [main] DEBUG org.apache.http.wire  -  << "X-XSS-Protection: 0[\r][\n]"
2028709 [main] DEBUG org.apache.http.wire  -  << "X-XSS-Protection: 0[\r][\n]"
2028709 [main] DEBUG org.apache.http.wire  -  << "X-XSS-Protection: 0[\r][\n]"
2028709 [main] DEBUG org.apache.http.wire  -  << "X-XSS-Protection: 0[\r][\n]"
2028709 [main] DEBUG org.apache.http.wire  -  << "X-XSS-Protection: 0[\r][\n]"
2028709 [main] DEBUG org.apache.http.wire  -  << "X-XSS-Protection: 0[\r][\n]"
2028709 [main] DEBUG org.apache.http.wire  -  << "X-XSS-Protection: 0[\r][\n]"
2028709 [main] DEBUG org.apache.http.wire  -  << "X-XSS-Protection: 0[\r][\n]"
2028711 [main] DEBUG org.apache.http.wire  -  << "Vary: Origin, Accept-Encoding[\r][\n]"
2028711 [main] DEBUG org.apache.http.wire  -  << "Vary: Origin, Accept-Encoding[\r][\n]"
2028711 [main] DEBUG org.apache.http.wire  -  << "Vary: Origin, Accept-Encoding[\r][\n]"
2028711 [main] DEBUG org.apache.http.wire  -  << "Vary: Origin, Accept-Encoding[\r][\n]"
2028711 [main] DEBUG org.apache.http.wire  -  << "Vary: Origin, Accept-Encoding[\r][\n]"
2028711 [main] DEBUG org.apache.http.wire  -  << "Vary: Origin, Accept-Encoding[\r][\n]"
2028711 [main] DEBUG org.apache.http.wire  -  << "Vary: Origin, Accept-Encoding[\r][\n]"
2028711 [main] DEBUG org.apache.http.wire  -  << "Vary: Origin, Accept-Encoding[\r][\n]"
2028714 [main] DEBUG org.apache.http.wire  -  << "Access-Control-Allow-Credentials: true[\r][\n]"
2028714 [main] DEBUG org.apache.http.wire  -  << "Access-Control-Allow-Credentials: true[\r][\n]"
2028714 [main] DEBUG org.apache.http.wire  -  << "Access-Control-Allow-Credentials: true[\r][\n]"
2028714 [main] DEBUG org.apache.http.wire  -  << "Access-Control-Allow-Credentials: true[\r][\n]"
2028714 [main] DEBUG org.apache.http.wire  -  << "Access-Control-Allow-Credentials: true[\r][\n]"
2028714 [main] DEBUG org.apache.http.wire  -  << "Access-Control-Allow-Credentials: true[\r][\n]"
2028714 [main] DEBUG org.apache.http.wire  -  << "Access-Control-Allow-Credentials: true[\r][\n]"
2028714 [main] DEBUG org.apache.http.wire  -  << "Access-Control-Allow-Credentials: true[\r][\n]"
2028715 [main] DEBUG org.apache.http.wire  -  << "Retry-After: 10[\r][\n]"
2028715 [main] DEBUG org.apache.http.wire  -  << "Retry-After: 10[\r][\n]"
2028715 [main] DEBUG org.apache.http.wire  -  << "Retry-After: 10[\r][\n]"
2028715 [main] DEBUG org.apache.http.wire  -  << "Retry-After: 10[\r][\n]"
2028715 [main] DEBUG org.apache.http.wire  -  << "Retry-After: 10[\r][\n]"
2028715 [main] DEBUG org.apache.http.wire  -  << "Retry-After: 10[\r][\n]"
2028715 [main] DEBUG org.apache.http.wire  -  << "Retry-After: 10[\r][\n]"
2028715 [main] DEBUG org.apache.http.wire  -  << "Retry-After: 10[\r][\n]"
2028715 [main] DEBUG org.apache.http.wire  -  << "X-RateLimit-Limit: 80[\r][\n]"
2028715 [main] DEBUG org.apache.http.wire  -  << "X-RateLimit-Limit: 80[\r][\n]"
2028715 [main] DEBUG org.apache.http.wire  -  << "X-RateLimit-Limit: 80[\r][\n]"
2028715 [main] DEBUG org.apache.http.wire  -  << "X-RateLimit-Limit: 80[\r][\n]"
2028715 [main] DEBUG org.apache.http.wire  -  << "X-RateLimit-Limit: 80[\r][\n]"
2028715 [main] DEBUG org.apache.http.wire  -  << "X-RateLimit-Limit: 80[\r][\n]"
2028715 [main] DEBUG org.apache.http.wire  -  << "X-RateLimit-Limit: 80[\r][\n]"
2028715 [main] DEBUG org.apache.http.wire  -  << "X-RateLimit-Limit: 80[\r][\n]"
2028715 [main] DEBUG org.apache.http.wire  -  << "X-RateLimit-Remaining: 79[\r][\n]"
2028715 [main] DEBUG org.apache.http.wire  -  << "X-RateLimit-Remaining: 79[\r][\n]"
2028715 [main] DEBUG org.apache.http.wire  -  << "X-RateLimit-Remaining: 79[\r][\n]"
2028715 [main] DEBUG org.apache.http.wire  -  << "X-RateLimit-Remaining: 79[\r][\n]"
2028715 [main] DEBUG org.apache.http.wire  -  << "X-RateLimit-Remaining: 79[\r][\n]"
2028715 [main] DEBUG org.apache.http.wire  -  << "X-RateLimit-Remaining: 79[\r][\n]"
2028715 [main] DEBUG org.apache.http.wire  -  << "X-RateLimit-Remaining: 79[\r][\n]"
2028715 [main] DEBUG org.apache.http.wire  -  << "X-RateLimit-Remaining: 79[\r][\n]"
2028715 [main] DEBUG org.apache.http.wire  -  << "X-RateLimit-Reset: Tue Sep 22 2020 09:27:48 GMT+0000 (Coordinated Universal Time)[\r][\n]"
2028715 [main] DEBUG org.apache.http.wire  -  << "X-RateLimit-Reset: Tue Sep 22 2020 09:27:48 GMT+0000 (Coordinated Universal Time)[\r][\n]"
2028715 [main] DEBUG org.apache.http.wire  -  << "X-RateLimit-Reset: Tue Sep 22 2020 09:27:48 GMT+0000 (Coordinated Universal Time)[\r][\n]"
2028715 [main] DEBUG org.apache.http.wire  -  << "X-RateLimit-Reset: Tue Sep 22 2020 09:27:48 GMT+0000 (Coordinated Universal Time)[\r][\n]"
2028715 [main] DEBUG org.apache.http.wire  -  << "X-RateLimit-Reset: Tue Sep 22 2020 09:27:48 GMT+0000 (Coordinated Universal Time)[\r][\n]"
2028715 [main] DEBUG org.apache.http.wire  -  << "X-RateLimit-Reset: Tue Sep 22 2020 09:27:48 GMT+0000 (Coordinated Universal Time)[\r][\n]"
2028715 [main] DEBUG org.apache.http.wire  -  << "X-RateLimit-Reset: Tue Sep 22 2020 09:27:48 GMT+0000 (Coordinated Universal Time)[\r][\n]"
2028715 [main] DEBUG org.apache.http.wire  -  << "X-RateLimit-Reset: Tue Sep 22 2020 09:27:48 GMT+0000 (Coordinated Universal Time)[\r][\n]"
2028719 [main] DEBUG org.apache.http.wire  -  << "Access-Control-Allow-Methods: GET, POST, OPTIONS[\r][\n]"
2028719 [main] DEBUG org.apache.http.wire  -  << "Access-Control-Allow-Methods: GET, POST, OPTIONS[\r][\n]"
2028719 [main] DEBUG org.apache.http.wire  -  << "Access-Control-Allow-Methods: GET, POST, OPTIONS[\r][\n]"
2028719 [main] DEBUG org.apache.http.wire  -  << "Access-Control-Allow-Methods: GET, POST, OPTIONS[\r][\n]"
2028719 [main] DEBUG org.apache.http.wire  -  << "Access-Control-Allow-Methods: GET, POST, OPTIONS[\r][\n]"
2028719 [main] DEBUG org.apache.http.wire  -  << "Access-Control-Allow-Methods: GET, POST, OPTIONS[\r][\n]"
2028719 [main] DEBUG org.apache.http.wire  -  << "Access-Control-Allow-Methods: GET, POST, OPTIONS[\r][\n]"
2028719 [main] DEBUG org.apache.http.wire  -  << "Access-Control-Allow-Methods: GET, POST, OPTIONS[\r][\n]"
2028719 [main] DEBUG org.apache.http.wire  -  << "Access-Control-Allow-Headers: DNT,X-CustomHeader,Keep-Alive,User-Agent,X-Requested-With,If-Modified-Since,Cache-Control,Content-Type,Content-Range,Range[\r][\n]"
2028719 [main] DEBUG org.apache.http.wire  -  << "Access-Control-Allow-Headers: DNT,X-CustomHeader,Keep-Alive,User-Agent,X-Requested-With,If-Modified-Since,Cache-Control,Content-Type,Content-Range,Range[\r][\n]"
2028719 [main] DEBUG org.apache.http.wire  -  << "Access-Control-Allow-Headers: DNT,X-CustomHeader,Keep-Alive,User-Agent,X-Requested-With,If-Modified-Since,Cache-Control,Content-Type,Content-Range,Range[\r][\n]"
2028719 [main] DEBUG org.apache.http.wire  -  << "Access-Control-Allow-Headers: DNT,X-CustomHeader,Keep-Alive,User-Agent,X-Requested-With,If-Modified-Since,Cache-Control,Content-Type,Content-Range,Range[\r][\n]"
2028719 [main] DEBUG org.apache.http.wire  -  << "Access-Control-Allow-Headers: DNT,X-CustomHeader,Keep-Alive,User-Agent,X-Requested-With,If-Modified-Since,Cache-Control,Content-Type,Content-Range,Range[\r][\n]"
2028719 [main] DEBUG org.apache.http.wire  -  << "Access-Control-Allow-Headers: DNT,X-CustomHeader,Keep-Alive,User-Agent,X-Requested-With,If-Modified-Since,Cache-Control,Content-Type,Content-Range,Range[\r][\n]"
2028719 [main] DEBUG org.apache.http.wire  -  << "Access-Control-Allow-Headers: DNT,X-CustomHeader,Keep-Alive,User-Agent,X-Requested-With,If-Modified-Since,Cache-Control,Content-Type,Content-Range,Range[\r][\n]"
2028719 [main] DEBUG org.apache.http.wire  -  << "Access-Control-Allow-Headers: DNT,X-CustomHeader,Keep-Alive,User-Agent,X-Requested-With,If-Modified-Since,Cache-Control,Content-Type,Content-Range,Range[\r][\n]"
2028720 [main] DEBUG org.apache.http.wire  -  << "Access-Control-Expose-Headers: DNT,X-CustomHeader,Keep-Alive,User-Agent,X-Requested-With,If-Modified-Since,Cache-Control,Content-Type,Content-Range,Range[\r][\n]"
2028720 [main] DEBUG org.apache.http.wire  -  << "Access-Control-Expose-Headers: DNT,X-CustomHeader,Keep-Alive,User-Agent,X-Requested-With,If-Modified-Since,Cache-Control,Content-Type,Content-Range,Range[\r][\n]"
2028720 [main] DEBUG org.apache.http.wire  -  << "Access-Control-Expose-Headers: DNT,X-CustomHeader,Keep-Alive,User-Agent,X-Requested-With,If-Modified-Since,Cache-Control,Content-Type,Content-Range,Range[\r][\n]"
2028720 [main] DEBUG org.apache.http.wire  -  << "Access-Control-Expose-Headers: DNT,X-CustomHeader,Keep-Alive,User-Agent,X-Requested-With,If-Modified-Since,Cache-Control,Content-Type,Content-Range,Range[\r][\n]"
2028720 [main] DEBUG org.apache.http.wire  -  << "Access-Control-Expose-Headers: DNT,X-CustomHeader,Keep-Alive,User-Agent,X-Requested-With,If-Modified-Since,Cache-Control,Content-Type,Content-Range,Range[\r][\n]"
2028720 [main] DEBUG org.apache.http.wire  -  << "Access-Control-Expose-Headers: DNT,X-CustomHeader,Keep-Alive,User-Agent,X-Requested-With,If-Modified-Since,Cache-Control,Content-Type,Content-Range,Range[\r][\n]"
2028720 [main] DEBUG org.apache.http.wire  -  << "Access-Control-Expose-Headers: DNT,X-CustomHeader,Keep-Alive,User-Agent,X-Requested-With,If-Modified-Since,Cache-Control,Content-Type,Content-Range,Range[\r][\n]"
2028720 [main] DEBUG org.apache.http.wire  -  << "Access-Control-Expose-Headers: DNT,X-CustomHeader,Keep-Alive,User-Agent,X-Requested-With,If-Modified-Since,Cache-Control,Content-Type,Content-Range,Range[\r][\n]"
2028720 [main] DEBUG org.apache.http.wire  -  << "Content-Encoding: gzip[\r][\n]"
2028720 [main] DEBUG org.apache.http.wire  -  << "Content-Encoding: gzip[\r][\n]"
2028720 [main] DEBUG org.apache.http.wire  -  << "Content-Encoding: gzip[\r][\n]"
2028720 [main] DEBUG org.apache.http.wire  -  << "Content-Encoding: gzip[\r][\n]"
2028720 [main] DEBUG org.apache.http.wire  -  << "Content-Encoding: gzip[\r][\n]"
2028720 [main] DEBUG org.apache.http.wire  -  << "Content-Encoding: gzip[\r][\n]"
2028720 [main] DEBUG org.apache.http.wire  -  << "Content-Encoding: gzip[\r][\n]"
2028720 [main] DEBUG org.apache.http.wire  -  << "Content-Encoding: gzip[\r][\n]"
2028720 [main] DEBUG org.apache.http.wire  -  << "[\r][\n]"
2028720 [main] DEBUG org.apache.http.wire  -  << "[\r][\n]"
2028720 [main] DEBUG org.apache.http.wire  -  << "[\r][\n]"
2028720 [main] DEBUG org.apache.http.wire  -  << "[\r][\n]"
2028720 [main] DEBUG org.apache.http.wire  -  << "[\r][\n]"
2028720 [main] DEBUG org.apache.http.wire  -  << "[\r][\n]"
2028720 [main] DEBUG org.apache.http.wire  -  << "[\r][\n]"
2028720 [main] DEBUG org.apache.http.wire  -  << "[\r][\n]"
2028720 [main] DEBUG org.apache.http.impl.conn.DefaultClientConnection  - Receiving response: HTTP/1.1 200 OK
2028720 [main] DEBUG org.apache.http.impl.conn.DefaultClientConnection  - Receiving response: HTTP/1.1 200 OK
2028720 [main] DEBUG org.apache.http.impl.conn.DefaultClientConnection  - Receiving response: HTTP/1.1 200 OK
2028720 [main] DEBUG org.apache.http.impl.conn.DefaultClientConnection  - Receiving response: HTTP/1.1 200 OK
2028720 [main] DEBUG org.apache.http.impl.conn.DefaultClientConnection  - Receiving response: HTTP/1.1 200 OK
2028720 [main] DEBUG org.apache.http.impl.conn.DefaultClientConnection  - Receiving response: HTTP/1.1 200 OK
2028720 [main] DEBUG org.apache.http.impl.conn.DefaultClientConnection  - Receiving response: HTTP/1.1 200 OK
2028720 [main] DEBUG org.apache.http.impl.conn.DefaultClientConnection  - Receiving response: HTTP/1.1 200 OK
2028721 [main] DEBUG org.apache.http.headers  - << HTTP/1.1 200 OK
2028721 [main] DEBUG org.apache.http.headers  - << HTTP/1.1 200 OK
2028721 [main] DEBUG org.apache.http.headers  - << HTTP/1.1 200 OK
2028721 [main] DEBUG org.apache.http.headers  - << HTTP/1.1 200 OK
2028721 [main] DEBUG org.apache.http.headers  - << HTTP/1.1 200 OK
2028721 [main] DEBUG org.apache.http.headers  - << HTTP/1.1 200 OK
2028721 [main] DEBUG org.apache.http.headers  - << HTTP/1.1 200 OK
2028721 [main] DEBUG org.apache.http.headers  - << HTTP/1.1 200 OK
2028721 [main] DEBUG org.apache.http.headers  - << Server: nginx/1.14.0 (Ubuntu)
2028721 [main] DEBUG org.apache.http.headers  - << Server: nginx/1.14.0 (Ubuntu)
2028721 [main] DEBUG org.apache.http.headers  - << Server: nginx/1.14.0 (Ubuntu)
2028721 [main] DEBUG org.apache.http.headers  - << Server: nginx/1.14.0 (Ubuntu)
2028721 [main] DEBUG org.apache.http.headers  - << Server: nginx/1.14.0 (Ubuntu)
2028721 [main] DEBUG org.apache.http.headers  - << Server: nginx/1.14.0 (Ubuntu)
2028721 [main] DEBUG org.apache.http.headers  - << Server: nginx/1.14.0 (Ubuntu)
2028721 [main] DEBUG org.apache.http.headers  - << Server: nginx/1.14.0 (Ubuntu)
2028722 [main] DEBUG org.apache.http.headers  - << Date: Tue, 22 Sep 2020 09:27:39 GMT
2028722 [main] DEBUG org.apache.http.headers  - << Date: Tue, 22 Sep 2020 09:27:39 GMT
2028722 [main] DEBUG org.apache.http.headers  - << Date: Tue, 22 Sep 2020 09:27:39 GMT
2028722 [main] DEBUG org.apache.http.headers  - << Date: Tue, 22 Sep 2020 09:27:39 GMT
2028722 [main] DEBUG org.apache.http.headers  - << Date: Tue, 22 Sep 2020 09:27:39 GMT
2028722 [main] DEBUG org.apache.http.headers  - << Date: Tue, 22 Sep 2020 09:27:39 GMT
2028722 [main] DEBUG org.apache.http.headers  - << Date: Tue, 22 Sep 2020 09:27:39 GMT
2028722 [main] DEBUG org.apache.http.headers  - << Date: Tue, 22 Sep 2020 09:27:39 GMT
2028722 [main] DEBUG org.apache.http.headers  - << Content-Type: application/json; charset=utf-8
2028722 [main] DEBUG org.apache.http.headers  - << Content-Type: application/json; charset=utf-8
2028722 [main] DEBUG org.apache.http.headers  - << Content-Type: application/json; charset=utf-8
2028722 [main] DEBUG org.apache.http.headers  - << Content-Type: application/json; charset=utf-8
2028722 [main] DEBUG org.apache.http.headers  - << Content-Type: application/json; charset=utf-8
2028722 [main] DEBUG org.apache.http.headers  - << Content-Type: application/json; charset=utf-8
2028722 [main] DEBUG org.apache.http.headers  - << Content-Type: application/json; charset=utf-8
2028722 [main] DEBUG org.apache.http.headers  - << Content-Type: application/json; charset=utf-8
2028722 [main] DEBUG org.apache.http.headers  - << Transfer-Encoding: chunked
2028722 [main] DEBUG org.apache.http.headers  - << Transfer-Encoding: chunked
2028722 [main] DEBUG org.apache.http.headers  - << Transfer-Encoding: chunked
2028722 [main] DEBUG org.apache.http.headers  - << Transfer-Encoding: chunked
2028722 [main] DEBUG org.apache.http.headers  - << Transfer-Encoding: chunked
2028722 [main] DEBUG org.apache.http.headers  - << Transfer-Encoding: chunked
2028722 [main] DEBUG org.apache.http.headers  - << Transfer-Encoding: chunked
2028722 [main] DEBUG org.apache.http.headers  - << Transfer-Encoding: chunked
2028722 [main] DEBUG org.apache.http.headers  - << Connection: keep-alive
2028722 [main] DEBUG org.apache.http.headers  - << Connection: keep-alive
2028722 [main] DEBUG org.apache.http.headers  - << Connection: keep-alive
2028722 [main] DEBUG org.apache.http.headers  - << Connection: keep-alive
2028722 [main] DEBUG org.apache.http.headers  - << Connection: keep-alive
2028722 [main] DEBUG org.apache.http.headers  - << Connection: keep-alive
2028722 [main] DEBUG org.apache.http.headers  - << Connection: keep-alive
2028722 [main] DEBUG org.apache.http.headers  - << Connection: keep-alive
2028722 [main] DEBUG org.apache.http.headers  - << Content-Security-Policy: default-src 'self';base-uri 'self';block-all-mixed-content;font-src 'self' https: data:;frame-ancestors 'self';img-src 'self' data:;object-src 'none';script-src 'self';script-src-attr 'none';style-src 'self' https: 'unsafe-inline';upgrade-insecure-requests
2028722 [main] DEBUG org.apache.http.headers  - << Content-Security-Policy: default-src 'self';base-uri 'self';block-all-mixed-content;font-src 'self' https: data:;frame-ancestors 'self';img-src 'self' data:;object-src 'none';script-src 'self';script-src-attr 'none';style-src 'self' https: 'unsafe-inline';upgrade-insecure-requests
2028722 [main] DEBUG org.apache.http.headers  - << Content-Security-Policy: default-src 'self';base-uri 'self';block-all-mixed-content;font-src 'self' https: data:;frame-ancestors 'self';img-src 'self' data:;object-src 'none';script-src 'self';script-src-attr 'none';style-src 'self' https: 'unsafe-inline';upgrade-insecure-requests
2028722 [main] DEBUG org.apache.http.headers  - << Content-Security-Policy: default-src 'self';base-uri 'self';block-all-mixed-content;font-src 'self' https: data:;frame-ancestors 'self';img-src 'self' data:;object-src 'none';script-src 'self';script-src-attr 'none';style-src 'self' https: 'unsafe-inline';upgrade-insecure-requests
2028722 [main] DEBUG org.apache.http.headers  - << Content-Security-Policy: default-src 'self';base-uri 'self';block-all-mixed-content;font-src 'self' https: data:;frame-ancestors 'self';img-src 'self' data:;object-src 'none';script-src 'self';script-src-attr 'none';style-src 'self' https: 'unsafe-inline';upgrade-insecure-requests
2028722 [main] DEBUG org.apache.http.headers  - << Content-Security-Policy: default-src 'self';base-uri 'self';block-all-mixed-content;font-src 'self' https: data:;frame-ancestors 'self';img-src 'self' data:;object-src 'none';script-src 'self';script-src-attr 'none';style-src 'self' https: 'unsafe-inline';upgrade-insecure-requests
2028722 [main] DEBUG org.apache.http.headers  - << Content-Security-Policy: default-src 'self';base-uri 'self';block-all-mixed-content;font-src 'self' https: data:;frame-ancestors 'self';img-src 'self' data:;object-src 'none';script-src 'self';script-src-attr 'none';style-src 'self' https: 'unsafe-inline';upgrade-insecure-requests
2028722 [main] DEBUG org.apache.http.headers  - << Content-Security-Policy: default-src 'self';base-uri 'self';block-all-mixed-content;font-src 'self' https: data:;frame-ancestors 'self';img-src 'self' data:;object-src 'none';script-src 'self';script-src-attr 'none';style-src 'self' https: 'unsafe-inline';upgrade-insecure-requests
2028723 [main] DEBUG org.apache.http.headers  - << X-DNS-Prefetch-Control: off
2028723 [main] DEBUG org.apache.http.headers  - << X-DNS-Prefetch-Control: off
2028723 [main] DEBUG org.apache.http.headers  - << X-DNS-Prefetch-Control: off
2028723 [main] DEBUG org.apache.http.headers  - << X-DNS-Prefetch-Control: off
2028723 [main] DEBUG org.apache.http.headers  - << X-DNS-Prefetch-Control: off
2028723 [main] DEBUG org.apache.http.headers  - << X-DNS-Prefetch-Control: off
2028723 [main] DEBUG org.apache.http.headers  - << X-DNS-Prefetch-Control: off
2028723 [main] DEBUG org.apache.http.headers  - << X-DNS-Prefetch-Control: off
2028723 [main] DEBUG org.apache.http.headers  - << Expect-CT: max-age=0
2028723 [main] DEBUG org.apache.http.headers  - << Expect-CT: max-age=0
2028723 [main] DEBUG org.apache.http.headers  - << Expect-CT: max-age=0
2028723 [main] DEBUG org.apache.http.headers  - << Expect-CT: max-age=0
2028723 [main] DEBUG org.apache.http.headers  - << Expect-CT: max-age=0
2028723 [main] DEBUG org.apache.http.headers  - << Expect-CT: max-age=0
2028723 [main] DEBUG org.apache.http.headers  - << Expect-CT: max-age=0
2028723 [main] DEBUG org.apache.http.headers  - << Expect-CT: max-age=0
2028723 [main] DEBUG org.apache.http.headers  - << X-Frame-Options: SAMEORIGIN
2028723 [main] DEBUG org.apache.http.headers  - << X-Frame-Options: SAMEORIGIN
2028723 [main] DEBUG org.apache.http.headers  - << X-Frame-Options: SAMEORIGIN
2028723 [main] DEBUG org.apache.http.headers  - << X-Frame-Options: SAMEORIGIN
2028723 [main] DEBUG org.apache.http.headers  - << X-Frame-Options: SAMEORIGIN
2028723 [main] DEBUG org.apache.http.headers  - << X-Frame-Options: SAMEORIGIN
2028723 [main] DEBUG org.apache.http.headers  - << X-Frame-Options: SAMEORIGIN
2028723 [main] DEBUG org.apache.http.headers  - << X-Frame-Options: SAMEORIGIN
2028723 [main] DEBUG org.apache.http.headers  - << X-Download-Options: noopen
2028723 [main] DEBUG org.apache.http.headers  - << X-Download-Options: noopen
2028723 [main] DEBUG org.apache.http.headers  - << X-Download-Options: noopen
2028723 [main] DEBUG org.apache.http.headers  - << X-Download-Options: noopen
2028723 [main] DEBUG org.apache.http.headers  - << X-Download-Options: noopen
2028723 [main] DEBUG org.apache.http.headers  - << X-Download-Options: noopen
2028723 [main] DEBUG org.apache.http.headers  - << X-Download-Options: noopen
2028723 [main] DEBUG org.apache.http.headers  - << X-Download-Options: noopen
2028723 [main] DEBUG org.apache.http.headers  - << X-Content-Type-Options: nosniff
2028723 [main] DEBUG org.apache.http.headers  - << X-Content-Type-Options: nosniff
2028723 [main] DEBUG org.apache.http.headers  - << X-Content-Type-Options: nosniff
2028723 [main] DEBUG org.apache.http.headers  - << X-Content-Type-Options: nosniff
2028723 [main] DEBUG org.apache.http.headers  - << X-Content-Type-Options: nosniff
2028723 [main] DEBUG org.apache.http.headers  - << X-Content-Type-Options: nosniff
2028723 [main] DEBUG org.apache.http.headers  - << X-Content-Type-Options: nosniff
2028723 [main] DEBUG org.apache.http.headers  - << X-Content-Type-Options: nosniff
2028724 [main] DEBUG org.apache.http.headers  - << X-Permitted-Cross-Domain-Policies: none
2028724 [main] DEBUG org.apache.http.headers  - << X-Permitted-Cross-Domain-Policies: none
2028724 [main] DEBUG org.apache.http.headers  - << X-Permitted-Cross-Domain-Policies: none
2028724 [main] DEBUG org.apache.http.headers  - << X-Permitted-Cross-Domain-Policies: none
2028724 [main] DEBUG org.apache.http.headers  - << X-Permitted-Cross-Domain-Policies: none
2028724 [main] DEBUG org.apache.http.headers  - << X-Permitted-Cross-Domain-Policies: none
2028724 [main] DEBUG org.apache.http.headers  - << X-Permitted-Cross-Domain-Policies: none
2028724 [main] DEBUG org.apache.http.headers  - << X-Permitted-Cross-Domain-Policies: none
2028724 [main] DEBUG org.apache.http.headers  - << Referrer-Policy: no-referrer
2028724 [main] DEBUG org.apache.http.headers  - << Referrer-Policy: no-referrer
2028724 [main] DEBUG org.apache.http.headers  - << Referrer-Policy: no-referrer
2028724 [main] DEBUG org.apache.http.headers  - << Referrer-Policy: no-referrer
2028724 [main] DEBUG org.apache.http.headers  - << Referrer-Policy: no-referrer
2028724 [main] DEBUG org.apache.http.headers  - << Referrer-Policy: no-referrer
2028724 [main] DEBUG org.apache.http.headers  - << Referrer-Policy: no-referrer
2028724 [main] DEBUG org.apache.http.headers  - << Referrer-Policy: no-referrer
2028724 [main] DEBUG org.apache.http.headers  - << X-XSS-Protection: 0
2028724 [main] DEBUG org.apache.http.headers  - << X-XSS-Protection: 0
2028724 [main] DEBUG org.apache.http.headers  - << X-XSS-Protection: 0
2028724 [main] DEBUG org.apache.http.headers  - << X-XSS-Protection: 0
2028724 [main] DEBUG org.apache.http.headers  - << X-XSS-Protection: 0
2028724 [main] DEBUG org.apache.http.headers  - << X-XSS-Protection: 0
2028724 [main] DEBUG org.apache.http.headers  - << X-XSS-Protection: 0
2028724 [main] DEBUG org.apache.http.headers  - << X-XSS-Protection: 0
2028724 [main] DEBUG org.apache.http.headers  - << Vary: Origin, Accept-Encoding
2028724 [main] DEBUG org.apache.http.headers  - << Vary: Origin, Accept-Encoding
2028724 [main] DEBUG org.apache.http.headers  - << Vary: Origin, Accept-Encoding
2028724 [main] DEBUG org.apache.http.headers  - << Vary: Origin, Accept-Encoding
2028724 [main] DEBUG org.apache.http.headers  - << Vary: Origin, Accept-Encoding
2028724 [main] DEBUG org.apache.http.headers  - << Vary: Origin, Accept-Encoding
2028724 [main] DEBUG org.apache.http.headers  - << Vary: Origin, Accept-Encoding
2028724 [main] DEBUG org.apache.http.headers  - << Vary: Origin, Accept-Encoding
2028725 [main] DEBUG org.apache.http.headers  - << Access-Control-Allow-Credentials: true
2028725 [main] DEBUG org.apache.http.headers  - << Access-Control-Allow-Credentials: true
2028725 [main] DEBUG org.apache.http.headers  - << Access-Control-Allow-Credentials: true
2028725 [main] DEBUG org.apache.http.headers  - << Access-Control-Allow-Credentials: true
2028725 [main] DEBUG org.apache.http.headers  - << Access-Control-Allow-Credentials: true
2028725 [main] DEBUG org.apache.http.headers  - << Access-Control-Allow-Credentials: true
2028725 [main] DEBUG org.apache.http.headers  - << Access-Control-Allow-Credentials: true
2028725 [main] DEBUG org.apache.http.headers  - << Access-Control-Allow-Credentials: true
2028725 [main] DEBUG org.apache.http.headers  - << Retry-After: 10
2028725 [main] DEBUG org.apache.http.headers  - << Retry-After: 10
2028725 [main] DEBUG org.apache.http.headers  - << Retry-After: 10
2028725 [main] DEBUG org.apache.http.headers  - << Retry-After: 10
2028725 [main] DEBUG org.apache.http.headers  - << Retry-After: 10
2028725 [main] DEBUG org.apache.http.headers  - << Retry-After: 10
2028725 [main] DEBUG org.apache.http.headers  - << Retry-After: 10
2028725 [main] DEBUG org.apache.http.headers  - << Retry-After: 10
2028725 [main] DEBUG org.apache.http.headers  - << X-RateLimit-Limit: 80
2028725 [main] DEBUG org.apache.http.headers  - << X-RateLimit-Limit: 80
2028725 [main] DEBUG org.apache.http.headers  - << X-RateLimit-Limit: 80
2028725 [main] DEBUG org.apache.http.headers  - << X-RateLimit-Limit: 80
2028725 [main] DEBUG org.apache.http.headers  - << X-RateLimit-Limit: 80
2028725 [main] DEBUG org.apache.http.headers  - << X-RateLimit-Limit: 80
2028725 [main] DEBUG org.apache.http.headers  - << X-RateLimit-Limit: 80
2028725 [main] DEBUG org.apache.http.headers  - << X-RateLimit-Limit: 80
2028725 [main] DEBUG org.apache.http.headers  - << X-RateLimit-Remaining: 79
2028725 [main] DEBUG org.apache.http.headers  - << X-RateLimit-Remaining: 79
2028725 [main] DEBUG org.apache.http.headers  - << X-RateLimit-Remaining: 79
2028725 [main] DEBUG org.apache.http.headers  - << X-RateLimit-Remaining: 79
2028725 [main] DEBUG org.apache.http.headers  - << X-RateLimit-Remaining: 79
2028725 [main] DEBUG org.apache.http.headers  - << X-RateLimit-Remaining: 79
2028725 [main] DEBUG org.apache.http.headers  - << X-RateLimit-Remaining: 79
2028725 [main] DEBUG org.apache.http.headers  - << X-RateLimit-Remaining: 79
2028725 [main] DEBUG org.apache.http.headers  - << X-RateLimit-Reset: Tue Sep 22 2020 09:27:48 GMT+0000 (Coordinated Universal Time)
2028725 [main] DEBUG org.apache.http.headers  - << X-RateLimit-Reset: Tue Sep 22 2020 09:27:48 GMT+0000 (Coordinated Universal Time)
2028725 [main] DEBUG org.apache.http.headers  - << X-RateLimit-Reset: Tue Sep 22 2020 09:27:48 GMT+0000 (Coordinated Universal Time)
2028725 [main] DEBUG org.apache.http.headers  - << X-RateLimit-Reset: Tue Sep 22 2020 09:27:48 GMT+0000 (Coordinated Universal Time)
2028725 [main] DEBUG org.apache.http.headers  - << X-RateLimit-Reset: Tue Sep 22 2020 09:27:48 GMT+0000 (Coordinated Universal Time)
2028725 [main] DEBUG org.apache.http.headers  - << X-RateLimit-Reset: Tue Sep 22 2020 09:27:48 GMT+0000 (Coordinated Universal Time)
2028725 [main] DEBUG org.apache.http.headers  - << X-RateLimit-Reset: Tue Sep 22 2020 09:27:48 GMT+0000 (Coordinated Universal Time)
2028725 [main] DEBUG org.apache.http.headers  - << X-RateLimit-Reset: Tue Sep 22 2020 09:27:48 GMT+0000 (Coordinated Universal Time)
2028726 [main] DEBUG org.apache.http.headers  - << Access-Control-Allow-Methods: GET, POST, OPTIONS
2028726 [main] DEBUG org.apache.http.headers  - << Access-Control-Allow-Methods: GET, POST, OPTIONS
2028726 [main] DEBUG org.apache.http.headers  - << Access-Control-Allow-Methods: GET, POST, OPTIONS
2028726 [main] DEBUG org.apache.http.headers  - << Access-Control-Allow-Methods: GET, POST, OPTIONS
2028726 [main] DEBUG org.apache.http.headers  - << Access-Control-Allow-Methods: GET, POST, OPTIONS
2028726 [main] DEBUG org.apache.http.headers  - << Access-Control-Allow-Methods: GET, POST, OPTIONS
2028726 [main] DEBUG org.apache.http.headers  - << Access-Control-Allow-Methods: GET, POST, OPTIONS
2028726 [main] DEBUG org.apache.http.headers  - << Access-Control-Allow-Methods: GET, POST, OPTIONS
2028726 [main] DEBUG org.apache.http.headers  - << Access-Control-Allow-Headers: DNT,X-CustomHeader,Keep-Alive,User-Agent,X-Requested-With,If-Modified-Since,Cache-Control,Content-Type,Content-Range,Range
2028726 [main] DEBUG org.apache.http.headers  - << Access-Control-Allow-Headers: DNT,X-CustomHeader,Keep-Alive,User-Agent,X-Requested-With,If-Modified-Since,Cache-Control,Content-Type,Content-Range,Range
2028726 [main] DEBUG org.apache.http.headers  - << Access-Control-Allow-Headers: DNT,X-CustomHeader,Keep-Alive,User-Agent,X-Requested-With,If-Modified-Since,Cache-Control,Content-Type,Content-Range,Range
2028726 [main] DEBUG org.apache.http.headers  - << Access-Control-Allow-Headers: DNT,X-CustomHeader,Keep-Alive,User-Agent,X-Requested-With,If-Modified-Since,Cache-Control,Content-Type,Content-Range,Range
2028726 [main] DEBUG org.apache.http.headers  - << Access-Control-Allow-Headers: DNT,X-CustomHeader,Keep-Alive,User-Agent,X-Requested-With,If-Modified-Since,Cache-Control,Content-Type,Content-Range,Range
2028726 [main] DEBUG org.apache.http.headers  - << Access-Control-Allow-Headers: DNT,X-CustomHeader,Keep-Alive,User-Agent,X-Requested-With,If-Modified-Since,Cache-Control,Content-Type,Content-Range,Range
2028726 [main] DEBUG org.apache.http.headers  - << Access-Control-Allow-Headers: DNT,X-CustomHeader,Keep-Alive,User-Agent,X-Requested-With,If-Modified-Since,Cache-Control,Content-Type,Content-Range,Range
2028726 [main] DEBUG org.apache.http.headers  - << Access-Control-Allow-Headers: DNT,X-CustomHeader,Keep-Alive,User-Agent,X-Requested-With,If-Modified-Since,Cache-Control,Content-Type,Content-Range,Range
2028726 [main] DEBUG org.apache.http.headers  - << Access-Control-Expose-Headers: DNT,X-CustomHeader,Keep-Alive,User-Agent,X-Requested-With,If-Modified-Since,Cache-Control,Content-Type,Content-Range,Range
2028726 [main] DEBUG org.apache.http.headers  - << Access-Control-Expose-Headers: DNT,X-CustomHeader,Keep-Alive,User-Agent,X-Requested-With,If-Modified-Since,Cache-Control,Content-Type,Content-Range,Range
2028726 [main] DEBUG org.apache.http.headers  - << Access-Control-Expose-Headers: DNT,X-CustomHeader,Keep-Alive,User-Agent,X-Requested-With,If-Modified-Since,Cache-Control,Content-Type,Content-Range,Range
2028726 [main] DEBUG org.apache.http.headers  - << Access-Control-Expose-Headers: DNT,X-CustomHeader,Keep-Alive,User-Agent,X-Requested-With,If-Modified-Since,Cache-Control,Content-Type,Content-Range,Range
2028726 [main] DEBUG org.apache.http.headers  - << Access-Control-Expose-Headers: DNT,X-CustomHeader,Keep-Alive,User-Agent,X-Requested-With,If-Modified-Since,Cache-Control,Content-Type,Content-Range,Range
2028726 [main] DEBUG org.apache.http.headers  - << Access-Control-Expose-Headers: DNT,X-CustomHeader,Keep-Alive,User-Agent,X-Requested-With,If-Modified-Since,Cache-Control,Content-Type,Content-Range,Range
2028726 [main] DEBUG org.apache.http.headers  - << Access-Control-Expose-Headers: DNT,X-CustomHeader,Keep-Alive,User-Agent,X-Requested-With,If-Modified-Since,Cache-Control,Content-Type,Content-Range,Range
2028726 [main] DEBUG org.apache.http.headers  - << Access-Control-Expose-Headers: DNT,X-CustomHeader,Keep-Alive,User-Agent,X-Requested-With,If-Modified-Since,Cache-Control,Content-Type,Content-Range,Range
2028726 [main] DEBUG org.apache.http.headers  - << Content-Encoding: gzip
2028726 [main] DEBUG org.apache.http.headers  - << Content-Encoding: gzip
2028726 [main] DEBUG org.apache.http.headers  - << Content-Encoding: gzip
2028726 [main] DEBUG org.apache.http.headers  - << Content-Encoding: gzip
2028726 [main] DEBUG org.apache.http.headers  - << Content-Encoding: gzip
2028726 [main] DEBUG org.apache.http.headers  - << Content-Encoding: gzip
2028726 [main] DEBUG org.apache.http.headers  - << Content-Encoding: gzip
2028726 [main] DEBUG org.apache.http.headers  - << Content-Encoding: gzip
2028727 [main] DEBUG org.apache.http.impl.client.DefaultHttpClient  - Connection can be kept alive indefinitely
2028727 [main] DEBUG org.apache.http.impl.client.DefaultHttpClient  - Connection can be kept alive indefinitely
2028727 [main] DEBUG org.apache.http.impl.client.DefaultHttpClient  - Connection can be kept alive indefinitely
2028727 [main] DEBUG org.apache.http.impl.client.DefaultHttpClient  - Connection can be kept alive indefinitely
2028727 [main] DEBUG org.apache.http.impl.client.DefaultHttpClient  - Connection can be kept alive indefinitely
2028727 [main] DEBUG org.apache.http.impl.client.DefaultHttpClient  - Connection can be kept alive indefinitely
2028727 [main] DEBUG org.apache.http.impl.client.DefaultHttpClient  - Connection can be kept alive indefinitely
2028727 [main] DEBUG org.apache.http.impl.client.DefaultHttpClient  - Connection can be kept alive indefinitely
2028728 [main] DEBUG io.restassured.internal.RequestSpecificationImpl$RestAssuredHttpBuilder  - Parsing response as: application/json; charset=utf-8
2028728 [main] DEBUG io.restassured.internal.RequestSpecificationImpl$RestAssuredHttpBuilder  - Parsing response as: application/json; charset=utf-8
2028728 [main] DEBUG io.restassured.internal.RequestSpecificationImpl$RestAssuredHttpBuilder  - Parsing response as: application/json; charset=utf-8
2028728 [main] DEBUG io.restassured.internal.RequestSpecificationImpl$RestAssuredHttpBuilder  - Parsing response as: application/json; charset=utf-8
2028728 [main] DEBUG io.restassured.internal.RequestSpecificationImpl$RestAssuredHttpBuilder  - Parsing response as: application/json; charset=utf-8
2028728 [main] DEBUG io.restassured.internal.RequestSpecificationImpl$RestAssuredHttpBuilder  - Parsing response as: application/json; charset=utf-8
2028728 [main] DEBUG io.restassured.internal.RequestSpecificationImpl$RestAssuredHttpBuilder  - Parsing response as: application/json; charset=utf-8
2028728 [main] DEBUG io.restassured.internal.RequestSpecificationImpl$RestAssuredHttpBuilder  - Parsing response as: application/json; charset=utf-8
2028728 [main] DEBUG org.apache.http.wire  -  << "5d[\r][\n]"
2028728 [main] DEBUG org.apache.http.wire  -  << "5d[\r][\n]"
2028728 [main] DEBUG org.apache.http.wire  -  << "5d[\r][\n]"
2028728 [main] DEBUG org.apache.http.wire  -  << "5d[\r][\n]"
2028728 [main] DEBUG org.apache.http.wire  -  << "5d[\r][\n]"
2028728 [main] DEBUG org.apache.http.wire  -  << "5d[\r][\n]"
2028728 [main] DEBUG org.apache.http.wire  -  << "5d[\r][\n]"
2028728 [main] DEBUG org.apache.http.wire  -  << "5d[\r][\n]"
2028728 [main] DEBUG org.apache.http.wire  -  << "[0x1f][0x8b][0x8][0x0][0x0][0x0][0x0][0x0][0x0][0x3][0xab]V[0xca]M-.NLOU[0xb2]R[0xf2]IMLQ([0xcf],[0xc9]P([0xc8][0xc8][0xcf]KU[0xc8]+[0xcd]MJ-RP[0xd7][0xb6]4[0xb4]064071[0xb1]47UWHI[0xcd]I-IMQ(.MN[0x6][0xea]M+[0xcd][0xc9][0xa9][0xd4]S[0xaa][0x5][0x0][0x15]{w[0x82]J[0x0][0x0][0x0]"
2028728 [main] DEBUG org.apache.http.wire  -  << "[0x1f][0x8b][0x8][0x0][0x0][0x0][0x0][0x0][0x0][0x3][0xab]V[0xca]M-.NLOU[0xb2]R[0xf2]IMLQ([0xcf],[0xc9]P([0xc8][0xc8][0xcf]KU[0xc8]+[0xcd]MJ-RP[0xd7][0xb6]4[0xb4]064071[0xb1]47UWHI[0xcd]I-IMQ(.MN[0x6][0xea]M+[0xcd][0xc9][0xa9][0xd4]S[0xaa][0x5][0x0][0x15]{w[0x82]J[0x0][0x0][0x0]"
2028728 [main] DEBUG org.apache.http.wire  -  << "[0x1f][0x8b][0x8][0x0][0x0][0x0][0x0][0x0][0x0][0x3][0xab]V[0xca]M-.NLOU[0xb2]R[0xf2]IMLQ([0xcf],[0xc9]P([0xc8][0xc8][0xcf]KU[0xc8]+[0xcd]MJ-RP[0xd7][0xb6]4[0xb4]064071[0xb1]47UWHI[0xcd]I-IMQ(.MN[0x6][0xea]M+[0xcd][0xc9][0xa9][0xd4]S[0xaa][0x5][0x0][0x15]{w[0x82]J[0x0][0x0][0x0]"
2028728 [main] DEBUG org.apache.http.wire  -  << "[0x1f][0x8b][0x8][0x0][0x0][0x0][0x0][0x0][0x0][0x3][0xab]V[0xca]M-.NLOU[0xb2]R[0xf2]IMLQ([0xcf],[0xc9]P([0xc8][0xc8][0xcf]KU[0xc8]+[0xcd]MJ-RP[0xd7][0xb6]4[0xb4]064071[0xb1]47UWHI[0xcd]I-IMQ(.MN[0x6][0xea]M+[0xcd][0xc9][0xa9][0xd4]S[0xaa][0x5][0x0][0x15]{w[0x82]J[0x0][0x0][0x0]"
2028728 [main] DEBUG org.apache.http.wire  -  << "[0x1f][0x8b][0x8][0x0][0x0][0x0][0x0][0x0][0x0][0x3][0xab]V[0xca]M-.NLOU[0xb2]R[0xf2]IMLQ([0xcf],[0xc9]P([0xc8][0xc8][0xcf]KU[0xc8]+[0xcd]MJ-RP[0xd7][0xb6]4[0xb4]064071[0xb1]47UWHI[0xcd]I-IMQ(.MN[0x6][0xea]M+[0xcd][0xc9][0xa9][0xd4]S[0xaa][0x5][0x0][0x15]{w[0x82]J[0x0][0x0][0x0]"
2028728 [main] DEBUG org.apache.http.wire  -  << "[0x1f][0x8b][0x8][0x0][0x0][0x0][0x0][0x0][0x0][0x3][0xab]V[0xca]M-.NLOU[0xb2]R[0xf2]IMLQ([0xcf],[0xc9]P([0xc8][0xc8][0xcf]KU[0xc8]+[0xcd]MJ-RP[0xd7][0xb6]4[0xb4]064071[0xb1]47UWHI[0xcd]I-IMQ(.MN[0x6][0xea]M+[0xcd][0xc9][0xa9][0xd4]S[0xaa][0x5][0x0][0x15]{w[0x82]J[0x0][0x0][0x0]"
2028728 [main] DEBUG org.apache.http.wire  -  << "[0x1f][0x8b][0x8][0x0][0x0][0x0][0x0][0x0][0x0][0x3][0xab]V[0xca]M-.NLOU[0xb2]R[0xf2]IMLQ([0xcf],[0xc9]P([0xc8][0xc8][0xcf]KU[0xc8]+[0xcd]MJ-RP[0xd7][0xb6]4[0xb4]064071[0xb1]47UWHI[0xcd]I-IMQ(.MN[0x6][0xea]M+[0xcd][0xc9][0xa9][0xd4]S[0xaa][0x5][0x0][0x15]{w[0x82]J[0x0][0x0][0x0]"
2028728 [main] DEBUG org.apache.http.wire  -  << "[0x1f][0x8b][0x8][0x0][0x0][0x0][0x0][0x0][0x0][0x3][0xab]V[0xca]M-.NLOU[0xb2]R[0xf2]IMLQ([0xcf],[0xc9]P([0xc8][0xc8][0xcf]KU[0xc8]+[0xcd]MJ-RP[0xd7][0xb6]4[0xb4]064071[0xb1]47UWHI[0xcd]I-IMQ(.MN[0x6][0xea]M+[0xcd][0xc9][0xa9][0xd4]S[0xaa][0x5][0x0][0x15]{w[0x82]J[0x0][0x0][0x0]"
2028729 [main] DEBUG org.apache.http.wire  -  << "[\r][\n]"
2028729 [main] DEBUG org.apache.http.wire  -  << "[\r][\n]"
2028729 [main] DEBUG org.apache.http.wire  -  << "[\r][\n]"
2028729 [main] DEBUG org.apache.http.wire  -  << "[\r][\n]"
2028729 [main] DEBUG org.apache.http.wire  -  << "[\r][\n]"
2028729 [main] DEBUG org.apache.http.wire  -  << "[\r][\n]"
2028729 [main] DEBUG org.apache.http.wire  -  << "[\r][\n]"
2028729 [main] DEBUG org.apache.http.wire  -  << "[\r][\n]"
2028729 [main] DEBUG org.apache.http.wire  -  << "0[\r][\n]"
2028729 [main] DEBUG org.apache.http.wire  -  << "0[\r][\n]"
2028729 [main] DEBUG org.apache.http.wire  -  << "0[\r][\n]"
2028729 [main] DEBUG org.apache.http.wire  -  << "0[\r][\n]"
2028729 [main] DEBUG org.apache.http.wire  -  << "0[\r][\n]"
2028729 [main] DEBUG org.apache.http.wire  -  << "0[\r][\n]"
2028729 [main] DEBUG org.apache.http.wire  -  << "0[\r][\n]"
2028729 [main] DEBUG org.apache.http.wire  -  << "0[\r][\n]"
2028729 [main] DEBUG org.apache.http.wire  -  << "[\r][\n]"
2028729 [main] DEBUG org.apache.http.wire  -  << "[\r][\n]"
2028729 [main] DEBUG org.apache.http.wire  -  << "[\r][\n]"
2028729 [main] DEBUG org.apache.http.wire  -  << "[\r][\n]"
2028729 [main] DEBUG org.apache.http.wire  -  << "[\r][\n]"
2028729 [main] DEBUG org.apache.http.wire  -  << "[\r][\n]"
2028729 [main] DEBUG org.apache.http.wire  -  << "[\r][\n]"
2028729 [main] DEBUG org.apache.http.wire  -  << "[\r][\n]"
2028729 [main] DEBUG io.restassured.internal.RequestSpecificationImpl$RestAssuredHttpBuilder  - Parsed data to instance of: class org.apache.http.conn.EofSensorInputStream
2028729 [main] DEBUG io.restassured.internal.RequestSpecificationImpl$RestAssuredHttpBuilder  - Parsed data to instance of: class org.apache.http.conn.EofSensorInputStream
2028729 [main] DEBUG io.restassured.internal.RequestSpecificationImpl$RestAssuredHttpBuilder  - Parsed data to instance of: class org.apache.http.conn.EofSensorInputStream
2028729 [main] DEBUG io.restassured.internal.RequestSpecificationImpl$RestAssuredHttpBuilder  - Parsed data to instance of: class org.apache.http.conn.EofSensorInputStream
2028729 [main] DEBUG io.restassured.internal.RequestSpecificationImpl$RestAssuredHttpBuilder  - Parsed data to instance of: class org.apache.http.conn.EofSensorInputStream
2028729 [main] DEBUG io.restassured.internal.RequestSpecificationImpl$RestAssuredHttpBuilder  - Parsed data to instance of: class org.apache.http.conn.EofSensorInputStream
2028729 [main] DEBUG io.restassured.internal.RequestSpecificationImpl$RestAssuredHttpBuilder  - Parsed data to instance of: class org.apache.http.conn.EofSensorInputStream
2028729 [main] DEBUG io.restassured.internal.RequestSpecificationImpl$RestAssuredHttpBuilder  - Parsed data to instance of: class org.apache.http.conn.EofSensorInputStream
2028733 [main] DEBUG org.apache.http.impl.conn.BasicClientConnectionManager  - Releasing connection org.apache.http.impl.conn.ManagedClientConnectionImpl@9f2376f
2028733 [main] DEBUG org.apache.http.impl.conn.BasicClientConnectionManager  - Releasing connection org.apache.http.impl.conn.ManagedClientConnectionImpl@9f2376f
2028733 [main] DEBUG org.apache.http.impl.conn.BasicClientConnectionManager  - Releasing connection org.apache.http.impl.conn.ManagedClientConnectionImpl@9f2376f
2028733 [main] DEBUG org.apache.http.impl.conn.BasicClientConnectionManager  - Releasing connection org.apache.http.impl.conn.ManagedClientConnectionImpl@9f2376f
2028733 [main] DEBUG org.apache.http.impl.conn.BasicClientConnectionManager  - Releasing connection org.apache.http.impl.conn.ManagedClientConnectionImpl@9f2376f
2028733 [main] DEBUG org.apache.http.impl.conn.BasicClientConnectionManager  - Releasing connection org.apache.http.impl.conn.ManagedClientConnectionImpl@9f2376f
2028733 [main] DEBUG org.apache.http.impl.conn.BasicClientConnectionManager  - Releasing connection org.apache.http.impl.conn.ManagedClientConnectionImpl@9f2376f
2028733 [main] DEBUG org.apache.http.impl.conn.BasicClientConnectionManager  - Releasing connection org.apache.http.impl.conn.ManagedClientConnectionImpl@9f2376f
2028734 [main] DEBUG org.apache.http.impl.conn.BasicClientConnectionManager  - Connection can be kept alive indefinitely
2028734 [main] DEBUG org.apache.http.impl.conn.BasicClientConnectionManager  - Connection can be kept alive indefinitely
2028734 [main] DEBUG org.apache.http.impl.conn.BasicClientConnectionManager  - Connection can be kept alive indefinitely
2028734 [main] DEBUG org.apache.http.impl.conn.BasicClientConnectionManager  - Connection can be kept alive indefinitely
2028734 [main] DEBUG org.apache.http.impl.conn.BasicClientConnectionManager  - Connection can be kept alive indefinitely
2028734 [main] DEBUG org.apache.http.impl.conn.BasicClientConnectionManager  - Connection can be kept alive indefinitely
2028734 [main] DEBUG org.apache.http.impl.conn.BasicClientConnectionManager  - Connection can be kept alive indefinitely
2028734 [main] DEBUG org.apache.http.impl.conn.BasicClientConnectionManager  - Connection can be kept alive indefinitely
{
    "message": "Lead with phone number '+918310744975' deleted successfully."
}
{
    "message": "Lead with phone number '+918310744975' deleted successfully."
}]]></system-out>
  </testcase>
  <testcase name="NewUserSignupbookanpayatHospitalAppointmentWithFreeOpinion" classname="com.onco.webtests.NewUserSignupBookonPriorityAppointment" time="229.833">
    <failure message="no such element: Unable to locate element: {&quot;method&quot;:&quot;xpath&quot;,&quot;selector&quot;:&quot;//div[contains(text(),&apos;GET NOW&apos;)]&quot;}&#10;  (Session info: chrome=85.0.4183.102)&#10;For documentation on this error, please visit: https://www.seleniumhq.org/exceptions/no_such_element.html&#10;Build info: version: &apos;3.141.59&apos;, revision: &apos;e82be7d358&apos;, time: &apos;2018-11-14T08:17:03&apos;&#10;System info: host: &apos;Manjunaths-MBP&apos;, ip: &apos;2409:4071:2089:d6a2:b5af:7b07:a08d:9046%en0&apos;, os.name: &apos;Mac OS X&apos;, os.arch: &apos;x86_64&apos;, os.version: &apos;10.15.6&apos;, java.version: &apos;1.8.0_231&apos;&#10;Driver info: org.openqa.selenium.chrome.ChromeDriver&#10;Capabilities {acceptInsecureCerts: false, browserName: chrome, browserVersion: 85.0.4183.102, chrome: {chromedriverVersion: 85.0.4183.87 (cd6713ebf92fa..., userDataDir: /var/folders/p6/cbrrv70s47j...}, goog:chromeOptions: {debuggerAddress: localhost:50055}, javascriptEnabled: true, networkConnectionEnabled: false, pageLoadStrategy: none, platform: MAC, platformName: MAC, proxy: Proxy(), setWindowRect: true, strictFileInteractability: false, timeouts: {implicit: 0, pageLoad: 300000, script: 30000}, unhandledPromptBehavior: dismiss and notify, webauthn:virtualAuthenticators: true}&#10;Session ID: c222774371ed5a7293e66dd101085682&#10;*** Element info: {Using=xpath, value=//div[contains(text(),&apos;GET NOW&apos;)]}" type="org.openqa.selenium.NoSuchElementException"><![CDATA[org.openqa.selenium.NoSuchElementException: 
no such element: Unable to locate element: {"method":"xpath","selector":"//div[contains(text(),'GET NOW')]"}
  (Session info: chrome=85.0.4183.102)
For documentation on this error, please visit: https://www.seleniumhq.org/exceptions/no_such_element.html
Build info: version: '3.141.59', revision: 'e82be7d358', time: '2018-11-14T08:17:03'
System info: host: 'Manjunaths-MBP', ip: '2409:4071:2089:d6a2:b5af:7b07:a08d:9046%en0', os.name: 'Mac OS X', os.arch: 'x86_64', os.version: '10.15.6', java.version: '1.8.0_231'
Driver info: org.openqa.selenium.chrome.ChromeDriver
Capabilities {acceptInsecureCerts: false, browserName: chrome, browserVersion: 85.0.4183.102, chrome: {chromedriverVersion: 85.0.4183.87 (cd6713ebf92fa..., userDataDir: /var/folders/p6/cbrrv70s47j...}, goog:chromeOptions: {debuggerAddress: localhost:50055}, javascriptEnabled: true, networkConnectionEnabled: false, pageLoadStrategy: none, platform: MAC, platformName: MAC, proxy: Proxy(), setWindowRect: true, strictFileInteractability: false, timeouts: {implicit: 0, pageLoad: 300000, script: 30000}, unhandledPromptBehavior: dismiss and notify, webauthn:virtualAuthenticators: true}
Session ID: c222774371ed5a7293e66dd101085682
*** Element info: {Using=xpath, value=//div[contains(text(),'GET NOW')]}
	at com.onco.webtests.NewUserSignupBookonPriorityAppointment.NewUserSignupbookanpayatHospitalAppointmentWithFreeOpinion(NewUserSignupBookonPriorityAppointment.java:67)
]]></failure>
    <system-out><![CDATA[2036526 [main] INFO com.onco.pages.SignUp  - Successfully clicked on Signup icon
2036526 [main] INFO com.onco.pages.SignUp  - Successfully clicked on Signup icon
2036526 [main] INFO com.onco.pages.SignUp  - Successfully clicked on Signup icon
2036526 [main] INFO com.onco.pages.SignUp  - Successfully clicked on Signup icon
2036526 [main] INFO com.onco.pages.SignUp  - Successfully clicked on Signup icon
2036526 [main] INFO com.onco.pages.SignUp  - Successfully clicked on Signup icon
2036526 [main] INFO com.onco.pages.SignUp  - Successfully clicked on Signup icon
2036526 [main] INFO com.onco.pages.SignUp  - Successfully clicked on Signup icon
2036526 [main] INFO com.onco.pages.SignUp  - Successfully clicked on Signup icon
2056608 [main] INFO com.onco.pages.SignUp  - Successfully clicked on Signup link icon
2056608 [main] INFO com.onco.pages.SignUp  - Successfully clicked on Signup link icon
2056608 [main] INFO com.onco.pages.SignUp  - Successfully clicked on Signup link icon
2056608 [main] INFO com.onco.pages.SignUp  - Successfully clicked on Signup link icon
2056608 [main] INFO com.onco.pages.SignUp  - Successfully clicked on Signup link icon
2056608 [main] INFO com.onco.pages.SignUp  - Successfully clicked on Signup link icon
2056608 [main] INFO com.onco.pages.SignUp  - Successfully clicked on Signup link icon
2056608 [main] INFO com.onco.pages.SignUp  - Successfully clicked on Signup link icon
2056608 [main] INFO com.onco.pages.SignUp  - Successfully clicked on Signup link icon
2057068 [main] INFO com.onco.pages.SignUp  - Successfully entered name
2057068 [main] INFO com.onco.pages.SignUp  - Successfully entered name
2057068 [main] INFO com.onco.pages.SignUp  - Successfully entered name
2057068 [main] INFO com.onco.pages.SignUp  - Successfully entered name
2057068 [main] INFO com.onco.pages.SignUp  - Successfully entered name
2057068 [main] INFO com.onco.pages.SignUp  - Successfully entered name
2057068 [main] INFO com.onco.pages.SignUp  - Successfully entered name
2057068 [main] INFO com.onco.pages.SignUp  - Successfully entered name
2057068 [main] INFO com.onco.pages.SignUp  - Successfully entered name
2057281 [main] INFO com.onco.pages.SignUp  - Successfully entered email
2057281 [main] INFO com.onco.pages.SignUp  - Successfully entered email
2057281 [main] INFO com.onco.pages.SignUp  - Successfully entered email
2057281 [main] INFO com.onco.pages.SignUp  - Successfully entered email
2057281 [main] INFO com.onco.pages.SignUp  - Successfully entered email
2057281 [main] INFO com.onco.pages.SignUp  - Successfully entered email
2057281 [main] INFO com.onco.pages.SignUp  - Successfully entered email
2057281 [main] INFO com.onco.pages.SignUp  - Successfully entered email
2057281 [main] INFO com.onco.pages.SignUp  - Successfully entered email
2057415 [main] INFO com.onco.pages.SignUp  - Successfully entered phone
2057415 [main] INFO com.onco.pages.SignUp  - Successfully entered phone
2057415 [main] INFO com.onco.pages.SignUp  - Successfully entered phone
2057415 [main] INFO com.onco.pages.SignUp  - Successfully entered phone
2057415 [main] INFO com.onco.pages.SignUp  - Successfully entered phone
2057415 [main] INFO com.onco.pages.SignUp  - Successfully entered phone
2057415 [main] INFO com.onco.pages.SignUp  - Successfully entered phone
2057415 [main] INFO com.onco.pages.SignUp  - Successfully entered phone
2057415 [main] INFO com.onco.pages.SignUp  - Successfully entered phone
2057564 [main] INFO com.onco.pages.SignUp  - Successfully selected patient query
2057564 [main] INFO com.onco.pages.SignUp  - Successfully selected patient query
2057564 [main] INFO com.onco.pages.SignUp  - Successfully selected patient query
2057564 [main] INFO com.onco.pages.SignUp  - Successfully selected patient query
2057564 [main] INFO com.onco.pages.SignUp  - Successfully selected patient query
2057564 [main] INFO com.onco.pages.SignUp  - Successfully selected patient query
2057564 [main] INFO com.onco.pages.SignUp  - Successfully selected patient query
2057564 [main] INFO com.onco.pages.SignUp  - Successfully selected patient query
2057564 [main] INFO com.onco.pages.SignUp  - Successfully selected patient query
2057846 [main] INFO com.onco.pages.SignUp  - Successfully clicked on start now button
2057846 [main] INFO com.onco.pages.SignUp  - Successfully clicked on start now button
2057846 [main] INFO com.onco.pages.SignUp  - Successfully clicked on start now button
2057846 [main] INFO com.onco.pages.SignUp  - Successfully clicked on start now button
2057846 [main] INFO com.onco.pages.SignUp  - Successfully clicked on start now button
2057846 [main] INFO com.onco.pages.SignUp  - Successfully clicked on start now button
2057846 [main] INFO com.onco.pages.SignUp  - Successfully clicked on start now button
2057846 [main] INFO com.onco.pages.SignUp  - Successfully clicked on start now button
2057846 [main] INFO com.onco.pages.SignUp  - Successfully clicked on start now button
2058462 [main] INFO com.onco.pages.Login  - Successfully clicked on OTP 
2058462 [main] INFO com.onco.pages.Login  - Successfully clicked on OTP 
2058462 [main] INFO com.onco.pages.Login  - Successfully clicked on OTP 
2058462 [main] INFO com.onco.pages.Login  - Successfully clicked on OTP 
2058462 [main] INFO com.onco.pages.Login  - Successfully clicked on OTP 
2058462 [main] INFO com.onco.pages.Login  - Successfully clicked on OTP 
2058462 [main] INFO com.onco.pages.Login  - Successfully clicked on OTP 
2058462 [main] INFO com.onco.pages.Login  - Successfully clicked on OTP 
2058462 [main] INFO com.onco.pages.Login  - Successfully clicked on OTP 
2058512 [main] INFO com.onco.pages.Login  - Successfully entered OTP 
2058512 [main] INFO com.onco.pages.Login  - Successfully entered OTP 
2058512 [main] INFO com.onco.pages.Login  - Successfully entered OTP 
2058512 [main] INFO com.onco.pages.Login  - Successfully entered OTP 
2058512 [main] INFO com.onco.pages.Login  - Successfully entered OTP 
2058512 [main] INFO com.onco.pages.Login  - Successfully entered OTP 
2058512 [main] INFO com.onco.pages.Login  - Successfully entered OTP 
2058512 [main] INFO com.onco.pages.Login  - Successfully entered OTP 
2058512 [main] INFO com.onco.pages.Login  - Successfully entered OTP 
2058585 [main] INFO com.onco.pages.Login  - Successfully clicked on proceed Button
2058585 [main] INFO com.onco.pages.Login  - Successfully clicked on proceed Button
2058585 [main] INFO com.onco.pages.Login  - Successfully clicked on proceed Button
2058585 [main] INFO com.onco.pages.Login  - Successfully clicked on proceed Button
2058585 [main] INFO com.onco.pages.Login  - Successfully clicked on proceed Button
2058585 [main] INFO com.onco.pages.Login  - Successfully clicked on proceed Button
2058585 [main] INFO com.onco.pages.Login  - Successfully clicked on proceed Button
2058585 [main] INFO com.onco.pages.Login  - Successfully clicked on proceed Button
2058585 [main] INFO com.onco.pages.Login  - Successfully clicked on proceed Button
2061643 [main] INFO com.onco.pages.Service  - Succesfully clicked on Appointment 
2061643 [main] INFO com.onco.pages.Service  - Succesfully clicked on Appointment 
2061643 [main] INFO com.onco.pages.Service  - Succesfully clicked on Appointment 
2061643 [main] INFO com.onco.pages.Service  - Succesfully clicked on Appointment 
2061643 [main] INFO com.onco.pages.Service  - Succesfully clicked on Appointment 
2061643 [main] INFO com.onco.pages.Service  - Succesfully clicked on Appointment 
2061643 [main] INFO com.onco.pages.Service  - Succesfully clicked on Appointment 
2061643 [main] INFO com.onco.pages.Service  - Succesfully clicked on Appointment 
2061643 [main] INFO com.onco.pages.Service  - Succesfully clicked on Appointment 
2081730 [main] INFO com.onco.pages.RequestDoctorAppointment  - Successfully clicked on location
2081730 [main] INFO com.onco.pages.RequestDoctorAppointment  - Successfully clicked on location
2081730 [main] INFO com.onco.pages.RequestDoctorAppointment  - Successfully clicked on location
2081730 [main] INFO com.onco.pages.RequestDoctorAppointment  - Successfully clicked on location
2081730 [main] INFO com.onco.pages.RequestDoctorAppointment  - Successfully clicked on location
2081730 [main] INFO com.onco.pages.RequestDoctorAppointment  - Successfully clicked on location
2081730 [main] INFO com.onco.pages.RequestDoctorAppointment  - Successfully clicked on location
2081730 [main] INFO com.onco.pages.RequestDoctorAppointment  - Successfully clicked on location
2081730 [main] INFO com.onco.pages.RequestDoctorAppointment  - Successfully clicked on location
2084257 [main] INFO com.onco.pages.RequestDoctorAppointment  - Successfully typed location
2084257 [main] INFO com.onco.pages.RequestDoctorAppointment  - Successfully typed location
2084257 [main] INFO com.onco.pages.RequestDoctorAppointment  - Successfully typed location
2084257 [main] INFO com.onco.pages.RequestDoctorAppointment  - Successfully typed location
2084257 [main] INFO com.onco.pages.RequestDoctorAppointment  - Successfully typed location
2084257 [main] INFO com.onco.pages.RequestDoctorAppointment  - Successfully typed location
2084257 [main] INFO com.onco.pages.RequestDoctorAppointment  - Successfully typed location
2084257 [main] INFO com.onco.pages.RequestDoctorAppointment  - Successfully typed location
2084257 [main] INFO com.onco.pages.RequestDoctorAppointment  - Successfully typed location
2084401 [main] INFO com.onco.pages.RequestDoctorAppointment  - Successfully clicked on location
2084401 [main] INFO com.onco.pages.RequestDoctorAppointment  - Successfully clicked on location
2084401 [main] INFO com.onco.pages.RequestDoctorAppointment  - Successfully clicked on location
2084401 [main] INFO com.onco.pages.RequestDoctorAppointment  - Successfully clicked on location
2084401 [main] INFO com.onco.pages.RequestDoctorAppointment  - Successfully clicked on location
2084401 [main] INFO com.onco.pages.RequestDoctorAppointment  - Successfully clicked on location
2084401 [main] INFO com.onco.pages.RequestDoctorAppointment  - Successfully clicked on location
2084401 [main] INFO com.onco.pages.RequestDoctorAppointment  - Successfully clicked on location
2084401 [main] INFO com.onco.pages.RequestDoctorAppointment  - Successfully clicked on location
2084510 [main] INFO com.onco.pages.RequestDoctorAppointment  - Successfully selected specialisationDropdownSurgicalOncologist
2084510 [main] INFO com.onco.pages.RequestDoctorAppointment  - Successfully selected specialisationDropdownSurgicalOncologist
2084510 [main] INFO com.onco.pages.RequestDoctorAppointment  - Successfully selected specialisationDropdownSurgicalOncologist
2084510 [main] INFO com.onco.pages.RequestDoctorAppointment  - Successfully selected specialisationDropdownSurgicalOncologist
2084510 [main] INFO com.onco.pages.RequestDoctorAppointment  - Successfully selected specialisationDropdownSurgicalOncologist
2084510 [main] INFO com.onco.pages.RequestDoctorAppointment  - Successfully selected specialisationDropdownSurgicalOncologist
2084510 [main] INFO com.onco.pages.RequestDoctorAppointment  - Successfully selected specialisationDropdownSurgicalOncologist
2084510 [main] INFO com.onco.pages.RequestDoctorAppointment  - Successfully selected specialisationDropdownSurgicalOncologist
2084510 [main] INFO com.onco.pages.RequestDoctorAppointment  - Successfully selected specialisationDropdownSurgicalOncologist
2084609 [main] INFO com.onco.pages.RequestDoctorAppointment  - Successfully selected Surgicaloncologist
2084609 [main] INFO com.onco.pages.RequestDoctorAppointment  - Successfully selected Surgicaloncologist
2084609 [main] INFO com.onco.pages.RequestDoctorAppointment  - Successfully selected Surgicaloncologist
2084609 [main] INFO com.onco.pages.RequestDoctorAppointment  - Successfully selected Surgicaloncologist
2084609 [main] INFO com.onco.pages.RequestDoctorAppointment  - Successfully selected Surgicaloncologist
2084609 [main] INFO com.onco.pages.RequestDoctorAppointment  - Successfully selected Surgicaloncologist
2084609 [main] INFO com.onco.pages.RequestDoctorAppointment  - Successfully selected Surgicaloncologist
2084609 [main] INFO com.onco.pages.RequestDoctorAppointment  - Successfully selected Surgicaloncologist
2084609 [main] INFO com.onco.pages.RequestDoctorAppointment  - Successfully selected Surgicaloncologist
2104660 [main] INFO com.onco.pages.RequestDoctorAppointment  - Successfully clicked on FindOncologist
2104660 [main] INFO com.onco.pages.RequestDoctorAppointment  - Successfully clicked on FindOncologist
2104660 [main] INFO com.onco.pages.RequestDoctorAppointment  - Successfully clicked on FindOncologist
2104660 [main] INFO com.onco.pages.RequestDoctorAppointment  - Successfully clicked on FindOncologist
2104660 [main] INFO com.onco.pages.RequestDoctorAppointment  - Successfully clicked on FindOncologist
2104660 [main] INFO com.onco.pages.RequestDoctorAppointment  - Successfully clicked on FindOncologist
2104660 [main] INFO com.onco.pages.RequestDoctorAppointment  - Successfully clicked on FindOncologist
2104660 [main] INFO com.onco.pages.RequestDoctorAppointment  - Successfully clicked on FindOncologist
2104660 [main] INFO com.onco.pages.RequestDoctorAppointment  - Successfully clicked on FindOncologist
2144801 [main] INFO com.onco.pages.Calendar  - Successfully selected date
2144801 [main] INFO com.onco.pages.Calendar  - Successfully selected date
2144801 [main] INFO com.onco.pages.Calendar  - Successfully selected date
2144801 [main] INFO com.onco.pages.Calendar  - Successfully selected date
2144801 [main] INFO com.onco.pages.Calendar  - Successfully selected date
2144801 [main] INFO com.onco.pages.Calendar  - Successfully selected date
2144801 [main] INFO com.onco.pages.Calendar  - Successfully selected date
2144801 [main] INFO com.onco.pages.Calendar  - Successfully selected date
2144801 [main] INFO com.onco.pages.Calendar  - Successfully selected date
2144857 [main] INFO com.onco.pages.Calendar  - Successfully selected timeslot
2144857 [main] INFO com.onco.pages.Calendar  - Successfully selected timeslot
2144857 [main] INFO com.onco.pages.Calendar  - Successfully selected timeslot
2144857 [main] INFO com.onco.pages.Calendar  - Successfully selected timeslot
2144857 [main] INFO com.onco.pages.Calendar  - Successfully selected timeslot
2144857 [main] INFO com.onco.pages.Calendar  - Successfully selected timeslot
2144857 [main] INFO com.onco.pages.Calendar  - Successfully selected timeslot
2144857 [main] INFO com.onco.pages.Calendar  - Successfully selected timeslot
2144857 [main] INFO com.onco.pages.Calendar  - Successfully selected timeslot
2164911 [main] INFO com.onco.pages.Summary  - Successfully clicked on netbanking button
2164911 [main] INFO com.onco.pages.Summary  - Successfully clicked on netbanking button
2164911 [main] INFO com.onco.pages.Summary  - Successfully clicked on netbanking button
2164911 [main] INFO com.onco.pages.Summary  - Successfully clicked on netbanking button
2164911 [main] INFO com.onco.pages.Summary  - Successfully clicked on netbanking button
2164911 [main] INFO com.onco.pages.Summary  - Successfully clicked on netbanking button
2164911 [main] INFO com.onco.pages.Summary  - Successfully clicked on netbanking button
2164911 [main] INFO com.onco.pages.Summary  - Successfully clicked on netbanking button
2164911 [main] INFO com.onco.pages.Summary  - Successfully clicked on netbanking button
]]></system-out>
    <system-err><![CDATA[Starting ChromeDriver 85.0.4183.87 (cd6713ebf92fa1cacc0f1a598df280093af0c5d7-refs/branch-heads/4183@{#1689}) on port 10190
Only local connections are allowed.
Please see https://chromedriver.chromium.org/security-considerations for suggestions on keeping ChromeDriver safe.
ChromeDriver was started successfully.
Sep 22, 2020 2:57:45 PM org.openqa.selenium.remote.ProtocolHandshake createSession
INFO: Detected dialect: W3C
org.openqa.selenium.NoSuchElementException: no such element: Unable to locate element: {"method":"xpath","selector":"//*[@id="bank-item-SBIN"]/label"}
  (Session info: chrome=85.0.4183.102)
For documentation on this error, please visit: https://www.seleniumhq.org/exceptions/no_such_element.html
Build info: version: '3.141.59', revision: 'e82be7d358', time: '2018-11-14T08:17:03'
System info: host: 'Manjunaths-MBP', ip: '2409:4071:2089:d6a2:b5af:7b07:a08d:9046%en0', os.name: 'Mac OS X', os.arch: 'x86_64', os.version: '10.15.6', java.version: '1.8.0_231'
Driver info: org.openqa.selenium.chrome.ChromeDriver
Capabilities {acceptInsecureCerts: false, browserName: chrome, browserVersion: 85.0.4183.102, chrome: {chromedriverVersion: 85.0.4183.87 (cd6713ebf92fa..., userDataDir: /var/folders/p6/cbrrv70s47j...}, goog:chromeOptions: {debuggerAddress: localhost:50055}, javascriptEnabled: true, networkConnectionEnabled: false, pageLoadStrategy: none, platform: MAC, platformName: MAC, proxy: Proxy(), setWindowRect: true, strictFileInteractability: false, timeouts: {implicit: 0, pageLoad: 300000, script: 30000}, unhandledPromptBehavior: dismiss and notify, webauthn:virtualAuthenticators: true}
Session ID: c222774371ed5a7293e66dd101085682
*** Element info: {Using=xpath, value=//*[@id="bank-item-SBIN"]/label}
	at sun.reflect.NativeConstructorAccessorImpl.newInstance0(Native Method)
	at sun.reflect.NativeConstructorAccessorImpl.newInstance(NativeConstructorAccessorImpl.java:62)
	at sun.reflect.DelegatingConstructorAccessorImpl.newInstance(DelegatingConstructorAccessorImpl.java:45)
	at java.lang.reflect.Constructor.newInstance(Constructor.java:423)
	at org.openqa.selenium.remote.http.W3CHttpResponseCodec.createException(W3CHttpResponseCodec.java:187)
	at org.openqa.selenium.remote.http.W3CHttpResponseCodec.decode(W3CHttpResponseCodec.java:122)
	at org.openqa.selenium.remote.http.W3CHttpResponseCodec.decode(W3CHttpResponseCodec.java:49)
	at org.openqa.selenium.remote.HttpCommandExecutor.execute(HttpCommandExecutor.java:158)
	at org.openqa.selenium.remote.service.DriverCommandExecutor.execute(DriverCommandExecutor.java:83)
	at org.openqa.selenium.remote.RemoteWebDriver.execute(RemoteWebDriver.java:552)
	at org.openqa.selenium.remote.RemoteWebDriver.findElement(RemoteWebDriver.java:323)
	at org.openqa.selenium.remote.RemoteWebDriver.findElementByXPath(RemoteWebDriver.java:428)
	at org.openqa.selenium.By$ByXPath.findElement(By.java:353)
	at org.openqa.selenium.remote.RemoteWebDriver.findElement(RemoteWebDriver.java:315)
	at org.openqa.selenium.support.pagefactory.DefaultElementLocator.findElement(DefaultElementLocator.java:69)
	at org.openqa.selenium.support.pagefactory.internal.LocatingElementHandler.invoke(LocatingElementHandler.java:38)
	at com.sun.proxy.$Proxy9.click(Unknown Source)
	at com.onco.pages.PaymentsRazorPay.netbanking(PaymentsRazorPay.java:85)
	at com.onco.webtests.NewUserSignupBookonPriorityAppointment.NewUserSignupbookanpayatHospitalAppointmentWithFreeOpinion(NewUserSignupBookonPriorityAppointment.java:63)
	at sun.reflect.NativeMethodAccessorImpl.invoke0(Native Method)
	at sun.reflect.NativeMethodAccessorImpl.invoke(NativeMethodAccessorImpl.java:62)
	at sun.reflect.DelegatingMethodAccessorImpl.invoke(DelegatingMethodAccessorImpl.java:43)
	at java.lang.reflect.Method.invoke(Method.java:498)
	at org.testng.internal.MethodInvocationHelper.invokeMethod(MethodInvocationHelper.java:124)
	at org.testng.internal.Invoker.invokeMethod(Invoker.java:583)
	at org.testng.internal.Invoker.invokeTestMethod(Invoker.java:719)
	at org.testng.internal.Invoker.invokeTestMethods(Invoker.java:989)
	at org.testng.internal.TestMethodWorker.invokeTestMethods(TestMethodWorker.java:125)
	at org.testng.internal.TestMethodWorker.run(TestMethodWorker.java:109)
	at org.testng.TestRunner.privateRun(TestRunner.java:648)
	at org.testng.TestRunner.run(TestRunner.java:505)
	at org.testng.SuiteRunner.runTest(SuiteRunner.java:455)
	at org.testng.SuiteRunner.runSequentially(SuiteRunner.java:450)
	at org.testng.SuiteRunner.privateRun(SuiteRunner.java:415)
	at org.testng.SuiteRunner.run(SuiteRunner.java:364)
	at org.testng.SuiteRunnerWorker.runSuite(SuiteRunnerWorker.java:52)
	at org.testng.SuiteRunnerWorker.run(SuiteRunnerWorker.java:84)
	at org.testng.TestNG.runSuitesSequentially(TestNG.java:1208)
	at org.testng.TestNG.runSuitesLocally(TestNG.java:1137)
	at org.testng.TestNG.runSuites(TestNG.java:1049)
	at org.testng.TestNG.run(TestNG.java:1017)
	at org.apache.maven.surefire.testng.TestNGExecutor.run(TestNGExecutor.java:283)
	at org.apache.maven.surefire.testng.TestNGXmlTestSuite.execute(TestNGXmlTestSuite.java:75)
	at org.apache.maven.surefire.testng.TestNGProvider.invoke(TestNGProvider.java:120)
	at org.apache.maven.surefire.booter.ForkedBooter.runSuitesInProcess(ForkedBooter.java:377)
	at org.apache.maven.surefire.booter.ForkedBooter.execute(ForkedBooter.java:138)
	at org.apache.maven.surefire.booter.ForkedBooter.run(ForkedBooter.java:465)
	at org.apache.maven.surefire.booter.ForkedBooter.main(ForkedBooter.java:451)
]]></system-err>
  </testcase>
  <testcase name="addResultForTestCase" classname="com.onco.webtests.NewUserSignupBookonPriorityAppointment" time="230.718">
    <failure message="&#10;Can inject only one of &lt;ITestContext, XmlTest&gt; into a @AfterClass annotated addResultForTestCase.&#10;For more information on native dependency injection please refer to http://testng.org/doc/documentation-main.html#native-dependency-injection" type="org.testng.TestNGException"><![CDATA[org.testng.TestNGException: 

Can inject only one of <ITestContext, XmlTest> into a @AfterClass annotated addResultForTestCase.
For more information on native dependency injection please refer to http://testng.org/doc/documentation-main.html#native-dependency-injection
]]></failure>
    <system-out><![CDATA[2265278 [main] DEBUG org.apache.http.impl.conn.BasicClientConnectionManager  - Get connection for route {s}->https://backstage.onco.com:443
2265278 [main] DEBUG org.apache.http.impl.conn.BasicClientConnectionManager  - Get connection for route {s}->https://backstage.onco.com:443
2265278 [main] DEBUG org.apache.http.impl.conn.BasicClientConnectionManager  - Get connection for route {s}->https://backstage.onco.com:443
2265278 [main] DEBUG org.apache.http.impl.conn.BasicClientConnectionManager  - Get connection for route {s}->https://backstage.onco.com:443
2265278 [main] DEBUG org.apache.http.impl.conn.BasicClientConnectionManager  - Get connection for route {s}->https://backstage.onco.com:443
2265278 [main] DEBUG org.apache.http.impl.conn.BasicClientConnectionManager  - Get connection for route {s}->https://backstage.onco.com:443
2265278 [main] DEBUG org.apache.http.impl.conn.BasicClientConnectionManager  - Get connection for route {s}->https://backstage.onco.com:443
2265278 [main] DEBUG org.apache.http.impl.conn.BasicClientConnectionManager  - Get connection for route {s}->https://backstage.onco.com:443
2265278 [main] DEBUG org.apache.http.impl.conn.BasicClientConnectionManager  - Get connection for route {s}->https://backstage.onco.com:443
2265361 [main] DEBUG org.apache.http.impl.conn.DefaultClientConnectionOperator  - Connecting to backstage.onco.com:443
2265361 [main] DEBUG org.apache.http.impl.conn.DefaultClientConnectionOperator  - Connecting to backstage.onco.com:443
2265361 [main] DEBUG org.apache.http.impl.conn.DefaultClientConnectionOperator  - Connecting to backstage.onco.com:443
2265361 [main] DEBUG org.apache.http.impl.conn.DefaultClientConnectionOperator  - Connecting to backstage.onco.com:443
2265361 [main] DEBUG org.apache.http.impl.conn.DefaultClientConnectionOperator  - Connecting to backstage.onco.com:443
2265361 [main] DEBUG org.apache.http.impl.conn.DefaultClientConnectionOperator  - Connecting to backstage.onco.com:443
2265361 [main] DEBUG org.apache.http.impl.conn.DefaultClientConnectionOperator  - Connecting to backstage.onco.com:443
2265361 [main] DEBUG org.apache.http.impl.conn.DefaultClientConnectionOperator  - Connecting to backstage.onco.com:443
2265361 [main] DEBUG org.apache.http.impl.conn.DefaultClientConnectionOperator  - Connecting to backstage.onco.com:443
2265723 [main] DEBUG org.apache.http.client.protocol.RequestAddCookies  - CookieSpec selected: ignoreCookies
2265723 [main] DEBUG org.apache.http.client.protocol.RequestAddCookies  - CookieSpec selected: ignoreCookies
2265723 [main] DEBUG org.apache.http.client.protocol.RequestAddCookies  - CookieSpec selected: ignoreCookies
2265723 [main] DEBUG org.apache.http.client.protocol.RequestAddCookies  - CookieSpec selected: ignoreCookies
2265723 [main] DEBUG org.apache.http.client.protocol.RequestAddCookies  - CookieSpec selected: ignoreCookies
2265723 [main] DEBUG org.apache.http.client.protocol.RequestAddCookies  - CookieSpec selected: ignoreCookies
2265723 [main] DEBUG org.apache.http.client.protocol.RequestAddCookies  - CookieSpec selected: ignoreCookies
2265723 [main] DEBUG org.apache.http.client.protocol.RequestAddCookies  - CookieSpec selected: ignoreCookies
2265723 [main] DEBUG org.apache.http.client.protocol.RequestAddCookies  - CookieSpec selected: ignoreCookies
2265723 [main] DEBUG org.apache.http.client.protocol.RequestAuthCache  - Auth cache not set in the context
2265723 [main] DEBUG org.apache.http.client.protocol.RequestAuthCache  - Auth cache not set in the context
2265723 [main] DEBUG org.apache.http.client.protocol.RequestAuthCache  - Auth cache not set in the context
2265723 [main] DEBUG org.apache.http.client.protocol.RequestAuthCache  - Auth cache not set in the context
2265723 [main] DEBUG org.apache.http.client.protocol.RequestAuthCache  - Auth cache not set in the context
2265723 [main] DEBUG org.apache.http.client.protocol.RequestAuthCache  - Auth cache not set in the context
2265723 [main] DEBUG org.apache.http.client.protocol.RequestAuthCache  - Auth cache not set in the context
2265723 [main] DEBUG org.apache.http.client.protocol.RequestAuthCache  - Auth cache not set in the context
2265723 [main] DEBUG org.apache.http.client.protocol.RequestAuthCache  - Auth cache not set in the context
2265723 [main] DEBUG org.apache.http.client.protocol.RequestTargetAuthentication  - Target auth state: UNCHALLENGED
2265723 [main] DEBUG org.apache.http.client.protocol.RequestTargetAuthentication  - Target auth state: UNCHALLENGED
2265723 [main] DEBUG org.apache.http.client.protocol.RequestTargetAuthentication  - Target auth state: UNCHALLENGED
2265723 [main] DEBUG org.apache.http.client.protocol.RequestTargetAuthentication  - Target auth state: UNCHALLENGED
2265723 [main] DEBUG org.apache.http.client.protocol.RequestTargetAuthentication  - Target auth state: UNCHALLENGED
2265723 [main] DEBUG org.apache.http.client.protocol.RequestTargetAuthentication  - Target auth state: UNCHALLENGED
2265723 [main] DEBUG org.apache.http.client.protocol.RequestTargetAuthentication  - Target auth state: UNCHALLENGED
2265723 [main] DEBUG org.apache.http.client.protocol.RequestTargetAuthentication  - Target auth state: UNCHALLENGED
2265723 [main] DEBUG org.apache.http.client.protocol.RequestTargetAuthentication  - Target auth state: UNCHALLENGED
2265723 [main] DEBUG org.apache.http.client.protocol.RequestProxyAuthentication  - Proxy auth state: UNCHALLENGED
2265723 [main] DEBUG org.apache.http.client.protocol.RequestProxyAuthentication  - Proxy auth state: UNCHALLENGED
2265723 [main] DEBUG org.apache.http.client.protocol.RequestProxyAuthentication  - Proxy auth state: UNCHALLENGED
2265723 [main] DEBUG org.apache.http.client.protocol.RequestProxyAuthentication  - Proxy auth state: UNCHALLENGED
2265723 [main] DEBUG org.apache.http.client.protocol.RequestProxyAuthentication  - Proxy auth state: UNCHALLENGED
2265723 [main] DEBUG org.apache.http.client.protocol.RequestProxyAuthentication  - Proxy auth state: UNCHALLENGED
2265723 [main] DEBUG org.apache.http.client.protocol.RequestProxyAuthentication  - Proxy auth state: UNCHALLENGED
2265723 [main] DEBUG org.apache.http.client.protocol.RequestProxyAuthentication  - Proxy auth state: UNCHALLENGED
2265723 [main] DEBUG org.apache.http.client.protocol.RequestProxyAuthentication  - Proxy auth state: UNCHALLENGED
2265724 [main] DEBUG org.apache.http.impl.client.DefaultHttpClient  - Attempt 1 to execute request
2265724 [main] DEBUG org.apache.http.impl.client.DefaultHttpClient  - Attempt 1 to execute request
2265724 [main] DEBUG org.apache.http.impl.client.DefaultHttpClient  - Attempt 1 to execute request
2265724 [main] DEBUG org.apache.http.impl.client.DefaultHttpClient  - Attempt 1 to execute request
2265724 [main] DEBUG org.apache.http.impl.client.DefaultHttpClient  - Attempt 1 to execute request
2265724 [main] DEBUG org.apache.http.impl.client.DefaultHttpClient  - Attempt 1 to execute request
2265724 [main] DEBUG org.apache.http.impl.client.DefaultHttpClient  - Attempt 1 to execute request
2265724 [main] DEBUG org.apache.http.impl.client.DefaultHttpClient  - Attempt 1 to execute request
2265724 [main] DEBUG org.apache.http.impl.client.DefaultHttpClient  - Attempt 1 to execute request
2265724 [main] DEBUG org.apache.http.impl.conn.DefaultClientConnection  - Sending request: POST /onco-auth/oapi/user-cred/remove-lead HTTP/1.1
2265724 [main] DEBUG org.apache.http.impl.conn.DefaultClientConnection  - Sending request: POST /onco-auth/oapi/user-cred/remove-lead HTTP/1.1
2265724 [main] DEBUG org.apache.http.impl.conn.DefaultClientConnection  - Sending request: POST /onco-auth/oapi/user-cred/remove-lead HTTP/1.1
2265724 [main] DEBUG org.apache.http.impl.conn.DefaultClientConnection  - Sending request: POST /onco-auth/oapi/user-cred/remove-lead HTTP/1.1
2265724 [main] DEBUG org.apache.http.impl.conn.DefaultClientConnection  - Sending request: POST /onco-auth/oapi/user-cred/remove-lead HTTP/1.1
2265724 [main] DEBUG org.apache.http.impl.conn.DefaultClientConnection  - Sending request: POST /onco-auth/oapi/user-cred/remove-lead HTTP/1.1
2265724 [main] DEBUG org.apache.http.impl.conn.DefaultClientConnection  - Sending request: POST /onco-auth/oapi/user-cred/remove-lead HTTP/1.1
2265724 [main] DEBUG org.apache.http.impl.conn.DefaultClientConnection  - Sending request: POST /onco-auth/oapi/user-cred/remove-lead HTTP/1.1
2265724 [main] DEBUG org.apache.http.impl.conn.DefaultClientConnection  - Sending request: POST /onco-auth/oapi/user-cred/remove-lead HTTP/1.1
2265724 [main] DEBUG org.apache.http.wire  -  >> "POST /onco-auth/oapi/user-cred/remove-lead HTTP/1.1[\r][\n]"
2265724 [main] DEBUG org.apache.http.wire  -  >> "POST /onco-auth/oapi/user-cred/remove-lead HTTP/1.1[\r][\n]"
2265724 [main] DEBUG org.apache.http.wire  -  >> "POST /onco-auth/oapi/user-cred/remove-lead HTTP/1.1[\r][\n]"
2265724 [main] DEBUG org.apache.http.wire  -  >> "POST /onco-auth/oapi/user-cred/remove-lead HTTP/1.1[\r][\n]"
2265724 [main] DEBUG org.apache.http.wire  -  >> "POST /onco-auth/oapi/user-cred/remove-lead HTTP/1.1[\r][\n]"
2265724 [main] DEBUG org.apache.http.wire  -  >> "POST /onco-auth/oapi/user-cred/remove-lead HTTP/1.1[\r][\n]"
2265724 [main] DEBUG org.apache.http.wire  -  >> "POST /onco-auth/oapi/user-cred/remove-lead HTTP/1.1[\r][\n]"
2265724 [main] DEBUG org.apache.http.wire  -  >> "POST /onco-auth/oapi/user-cred/remove-lead HTTP/1.1[\r][\n]"
2265724 [main] DEBUG org.apache.http.wire  -  >> "POST /onco-auth/oapi/user-cred/remove-lead HTTP/1.1[\r][\n]"
2265724 [main] DEBUG org.apache.http.wire  -  >> ":  [\r][\n]"
2265724 [main] DEBUG org.apache.http.wire  -  >> ":  [\r][\n]"
2265724 [main] DEBUG org.apache.http.wire  -  >> ":  [\r][\n]"
2265724 [main] DEBUG org.apache.http.wire  -  >> ":  [\r][\n]"
2265724 [main] DEBUG org.apache.http.wire  -  >> ":  [\r][\n]"
2265724 [main] DEBUG org.apache.http.wire  -  >> ":  [\r][\n]"
2265724 [main] DEBUG org.apache.http.wire  -  >> ":  [\r][\n]"
2265724 [main] DEBUG org.apache.http.wire  -  >> ":  [\r][\n]"
2265724 [main] DEBUG org.apache.http.wire  -  >> ":  [\r][\n]"
2265725 [main] DEBUG org.apache.http.wire  -  >> "Accept: */*[\r][\n]"
2265725 [main] DEBUG org.apache.http.wire  -  >> "Accept: */*[\r][\n]"
2265725 [main] DEBUG org.apache.http.wire  -  >> "Accept: */*[\r][\n]"
2265725 [main] DEBUG org.apache.http.wire  -  >> "Accept: */*[\r][\n]"
2265725 [main] DEBUG org.apache.http.wire  -  >> "Accept: */*[\r][\n]"
2265725 [main] DEBUG org.apache.http.wire  -  >> "Accept: */*[\r][\n]"
2265725 [main] DEBUG org.apache.http.wire  -  >> "Accept: */*[\r][\n]"
2265725 [main] DEBUG org.apache.http.wire  -  >> "Accept: */*[\r][\n]"
2265725 [main] DEBUG org.apache.http.wire  -  >> "Accept: */*[\r][\n]"
2265726 [main] DEBUG org.apache.http.wire  -  >> "Content-Type: application/json; charset=UTF-8[\r][\n]"
2265726 [main] DEBUG org.apache.http.wire  -  >> "Content-Type: application/json; charset=UTF-8[\r][\n]"
2265726 [main] DEBUG org.apache.http.wire  -  >> "Content-Type: application/json; charset=UTF-8[\r][\n]"
2265726 [main] DEBUG org.apache.http.wire  -  >> "Content-Type: application/json; charset=UTF-8[\r][\n]"
2265726 [main] DEBUG org.apache.http.wire  -  >> "Content-Type: application/json; charset=UTF-8[\r][\n]"
2265726 [main] DEBUG org.apache.http.wire  -  >> "Content-Type: application/json; charset=UTF-8[\r][\n]"
2265726 [main] DEBUG org.apache.http.wire  -  >> "Content-Type: application/json; charset=UTF-8[\r][\n]"
2265726 [main] DEBUG org.apache.http.wire  -  >> "Content-Type: application/json; charset=UTF-8[\r][\n]"
2265726 [main] DEBUG org.apache.http.wire  -  >> "Content-Type: application/json; charset=UTF-8[\r][\n]"
2265726 [main] DEBUG org.apache.http.wire  -  >> "Content-Length: 83[\r][\n]"
2265726 [main] DEBUG org.apache.http.wire  -  >> "Content-Length: 83[\r][\n]"
2265726 [main] DEBUG org.apache.http.wire  -  >> "Content-Length: 83[\r][\n]"
2265726 [main] DEBUG org.apache.http.wire  -  >> "Content-Length: 83[\r][\n]"
2265726 [main] DEBUG org.apache.http.wire  -  >> "Content-Length: 83[\r][\n]"
2265726 [main] DEBUG org.apache.http.wire  -  >> "Content-Length: 83[\r][\n]"
2265726 [main] DEBUG org.apache.http.wire  -  >> "Content-Length: 83[\r][\n]"
2265726 [main] DEBUG org.apache.http.wire  -  >> "Content-Length: 83[\r][\n]"
2265726 [main] DEBUG org.apache.http.wire  -  >> "Content-Length: 83[\r][\n]"
2265726 [main] DEBUG org.apache.http.wire  -  >> "Host: backstage.onco.com[\r][\n]"
2265726 [main] DEBUG org.apache.http.wire  -  >> "Host: backstage.onco.com[\r][\n]"
2265726 [main] DEBUG org.apache.http.wire  -  >> "Host: backstage.onco.com[\r][\n]"
2265726 [main] DEBUG org.apache.http.wire  -  >> "Host: backstage.onco.com[\r][\n]"
2265726 [main] DEBUG org.apache.http.wire  -  >> "Host: backstage.onco.com[\r][\n]"
2265726 [main] DEBUG org.apache.http.wire  -  >> "Host: backstage.onco.com[\r][\n]"
2265726 [main] DEBUG org.apache.http.wire  -  >> "Host: backstage.onco.com[\r][\n]"
2265726 [main] DEBUG org.apache.http.wire  -  >> "Host: backstage.onco.com[\r][\n]"
2265726 [main] DEBUG org.apache.http.wire  -  >> "Host: backstage.onco.com[\r][\n]"
2265727 [main] DEBUG org.apache.http.wire  -  >> "Connection: Keep-Alive[\r][\n]"
2265727 [main] DEBUG org.apache.http.wire  -  >> "Connection: Keep-Alive[\r][\n]"
2265727 [main] DEBUG org.apache.http.wire  -  >> "Connection: Keep-Alive[\r][\n]"
2265727 [main] DEBUG org.apache.http.wire  -  >> "Connection: Keep-Alive[\r][\n]"
2265727 [main] DEBUG org.apache.http.wire  -  >> "Connection: Keep-Alive[\r][\n]"
2265727 [main] DEBUG org.apache.http.wire  -  >> "Connection: Keep-Alive[\r][\n]"
2265727 [main] DEBUG org.apache.http.wire  -  >> "Connection: Keep-Alive[\r][\n]"
2265727 [main] DEBUG org.apache.http.wire  -  >> "Connection: Keep-Alive[\r][\n]"
2265727 [main] DEBUG org.apache.http.wire  -  >> "Connection: Keep-Alive[\r][\n]"
2265727 [main] DEBUG org.apache.http.wire  -  >> "User-Agent: Apache-HttpClient/4.5.5 (Java/1.8.0_231)[\r][\n]"
2265727 [main] DEBUG org.apache.http.wire  -  >> "User-Agent: Apache-HttpClient/4.5.5 (Java/1.8.0_231)[\r][\n]"
2265727 [main] DEBUG org.apache.http.wire  -  >> "User-Agent: Apache-HttpClient/4.5.5 (Java/1.8.0_231)[\r][\n]"
2265727 [main] DEBUG org.apache.http.wire  -  >> "User-Agent: Apache-HttpClient/4.5.5 (Java/1.8.0_231)[\r][\n]"
2265727 [main] DEBUG org.apache.http.wire  -  >> "User-Agent: Apache-HttpClient/4.5.5 (Java/1.8.0_231)[\r][\n]"
2265727 [main] DEBUG org.apache.http.wire  -  >> "User-Agent: Apache-HttpClient/4.5.5 (Java/1.8.0_231)[\r][\n]"
2265727 [main] DEBUG org.apache.http.wire  -  >> "User-Agent: Apache-HttpClient/4.5.5 (Java/1.8.0_231)[\r][\n]"
2265727 [main] DEBUG org.apache.http.wire  -  >> "User-Agent: Apache-HttpClient/4.5.5 (Java/1.8.0_231)[\r][\n]"
2265727 [main] DEBUG org.apache.http.wire  -  >> "User-Agent: Apache-HttpClient/4.5.5 (Java/1.8.0_231)[\r][\n]"
2265727 [main] DEBUG org.apache.http.wire  -  >> "Accept-Encoding: gzip,deflate[\r][\n]"
2265727 [main] DEBUG org.apache.http.wire  -  >> "Accept-Encoding: gzip,deflate[\r][\n]"
2265727 [main] DEBUG org.apache.http.wire  -  >> "Accept-Encoding: gzip,deflate[\r][\n]"
2265727 [main] DEBUG org.apache.http.wire  -  >> "Accept-Encoding: gzip,deflate[\r][\n]"
2265727 [main] DEBUG org.apache.http.wire  -  >> "Accept-Encoding: gzip,deflate[\r][\n]"
2265727 [main] DEBUG org.apache.http.wire  -  >> "Accept-Encoding: gzip,deflate[\r][\n]"
2265727 [main] DEBUG org.apache.http.wire  -  >> "Accept-Encoding: gzip,deflate[\r][\n]"
2265727 [main] DEBUG org.apache.http.wire  -  >> "Accept-Encoding: gzip,deflate[\r][\n]"
2265727 [main] DEBUG org.apache.http.wire  -  >> "Accept-Encoding: gzip,deflate[\r][\n]"
2265727 [main] DEBUG org.apache.http.wire  -  >> "[\r][\n]"
2265727 [main] DEBUG org.apache.http.wire  -  >> "[\r][\n]"
2265727 [main] DEBUG org.apache.http.wire  -  >> "[\r][\n]"
2265727 [main] DEBUG org.apache.http.wire  -  >> "[\r][\n]"
2265727 [main] DEBUG org.apache.http.wire  -  >> "[\r][\n]"
2265727 [main] DEBUG org.apache.http.wire  -  >> "[\r][\n]"
2265727 [main] DEBUG org.apache.http.wire  -  >> "[\r][\n]"
2265727 [main] DEBUG org.apache.http.wire  -  >> "[\r][\n]"
2265727 [main] DEBUG org.apache.http.wire  -  >> "[\r][\n]"
2265727 [main] DEBUG org.apache.http.headers  - >> POST /onco-auth/oapi/user-cred/remove-lead HTTP/1.1
2265727 [main] DEBUG org.apache.http.headers  - >> POST /onco-auth/oapi/user-cred/remove-lead HTTP/1.1
2265727 [main] DEBUG org.apache.http.headers  - >> POST /onco-auth/oapi/user-cred/remove-lead HTTP/1.1
2265727 [main] DEBUG org.apache.http.headers  - >> POST /onco-auth/oapi/user-cred/remove-lead HTTP/1.1
2265727 [main] DEBUG org.apache.http.headers  - >> POST /onco-auth/oapi/user-cred/remove-lead HTTP/1.1
2265727 [main] DEBUG org.apache.http.headers  - >> POST /onco-auth/oapi/user-cred/remove-lead HTTP/1.1
2265727 [main] DEBUG org.apache.http.headers  - >> POST /onco-auth/oapi/user-cred/remove-lead HTTP/1.1
2265727 [main] DEBUG org.apache.http.headers  - >> POST /onco-auth/oapi/user-cred/remove-lead HTTP/1.1
2265727 [main] DEBUG org.apache.http.headers  - >> POST /onco-auth/oapi/user-cred/remove-lead HTTP/1.1
2265728 [main] DEBUG org.apache.http.headers  - >> :  
2265728 [main] DEBUG org.apache.http.headers  - >> :  
2265728 [main] DEBUG org.apache.http.headers  - >> :  
2265728 [main] DEBUG org.apache.http.headers  - >> :  
2265728 [main] DEBUG org.apache.http.headers  - >> :  
2265728 [main] DEBUG org.apache.http.headers  - >> :  
2265728 [main] DEBUG org.apache.http.headers  - >> :  
2265728 [main] DEBUG org.apache.http.headers  - >> :  
2265728 [main] DEBUG org.apache.http.headers  - >> :  
2265728 [main] DEBUG org.apache.http.headers  - >> Accept: */*
2265728 [main] DEBUG org.apache.http.headers  - >> Accept: */*
2265728 [main] DEBUG org.apache.http.headers  - >> Accept: */*
2265728 [main] DEBUG org.apache.http.headers  - >> Accept: */*
2265728 [main] DEBUG org.apache.http.headers  - >> Accept: */*
2265728 [main] DEBUG org.apache.http.headers  - >> Accept: */*
2265728 [main] DEBUG org.apache.http.headers  - >> Accept: */*
2265728 [main] DEBUG org.apache.http.headers  - >> Accept: */*
2265728 [main] DEBUG org.apache.http.headers  - >> Accept: */*
2265728 [main] DEBUG org.apache.http.headers  - >> Content-Type: application/json; charset=UTF-8
2265728 [main] DEBUG org.apache.http.headers  - >> Content-Type: application/json; charset=UTF-8
2265728 [main] DEBUG org.apache.http.headers  - >> Content-Type: application/json; charset=UTF-8
2265728 [main] DEBUG org.apache.http.headers  - >> Content-Type: application/json; charset=UTF-8
2265728 [main] DEBUG org.apache.http.headers  - >> Content-Type: application/json; charset=UTF-8
2265728 [main] DEBUG org.apache.http.headers  - >> Content-Type: application/json; charset=UTF-8
2265728 [main] DEBUG org.apache.http.headers  - >> Content-Type: application/json; charset=UTF-8
2265728 [main] DEBUG org.apache.http.headers  - >> Content-Type: application/json; charset=UTF-8
2265728 [main] DEBUG org.apache.http.headers  - >> Content-Type: application/json; charset=UTF-8
2265734 [main] DEBUG org.apache.http.headers  - >> Content-Length: 83
2265734 [main] DEBUG org.apache.http.headers  - >> Content-Length: 83
2265734 [main] DEBUG org.apache.http.headers  - >> Content-Length: 83
2265734 [main] DEBUG org.apache.http.headers  - >> Content-Length: 83
2265734 [main] DEBUG org.apache.http.headers  - >> Content-Length: 83
2265734 [main] DEBUG org.apache.http.headers  - >> Content-Length: 83
2265734 [main] DEBUG org.apache.http.headers  - >> Content-Length: 83
2265734 [main] DEBUG org.apache.http.headers  - >> Content-Length: 83
2265734 [main] DEBUG org.apache.http.headers  - >> Content-Length: 83
2265734 [main] DEBUG org.apache.http.headers  - >> Host: backstage.onco.com
2265734 [main] DEBUG org.apache.http.headers  - >> Host: backstage.onco.com
2265734 [main] DEBUG org.apache.http.headers  - >> Host: backstage.onco.com
2265734 [main] DEBUG org.apache.http.headers  - >> Host: backstage.onco.com
2265734 [main] DEBUG org.apache.http.headers  - >> Host: backstage.onco.com
2265734 [main] DEBUG org.apache.http.headers  - >> Host: backstage.onco.com
2265734 [main] DEBUG org.apache.http.headers  - >> Host: backstage.onco.com
2265734 [main] DEBUG org.apache.http.headers  - >> Host: backstage.onco.com
2265734 [main] DEBUG org.apache.http.headers  - >> Host: backstage.onco.com
2265734 [main] DEBUG org.apache.http.headers  - >> Connection: Keep-Alive
2265734 [main] DEBUG org.apache.http.headers  - >> Connection: Keep-Alive
2265734 [main] DEBUG org.apache.http.headers  - >> Connection: Keep-Alive
2265734 [main] DEBUG org.apache.http.headers  - >> Connection: Keep-Alive
2265734 [main] DEBUG org.apache.http.headers  - >> Connection: Keep-Alive
2265734 [main] DEBUG org.apache.http.headers  - >> Connection: Keep-Alive
2265734 [main] DEBUG org.apache.http.headers  - >> Connection: Keep-Alive
2265734 [main] DEBUG org.apache.http.headers  - >> Connection: Keep-Alive
2265734 [main] DEBUG org.apache.http.headers  - >> Connection: Keep-Alive
2265735 [main] DEBUG org.apache.http.headers  - >> User-Agent: Apache-HttpClient/4.5.5 (Java/1.8.0_231)
2265735 [main] DEBUG org.apache.http.headers  - >> User-Agent: Apache-HttpClient/4.5.5 (Java/1.8.0_231)
2265735 [main] DEBUG org.apache.http.headers  - >> User-Agent: Apache-HttpClient/4.5.5 (Java/1.8.0_231)
2265735 [main] DEBUG org.apache.http.headers  - >> User-Agent: Apache-HttpClient/4.5.5 (Java/1.8.0_231)
2265735 [main] DEBUG org.apache.http.headers  - >> User-Agent: Apache-HttpClient/4.5.5 (Java/1.8.0_231)
2265735 [main] DEBUG org.apache.http.headers  - >> User-Agent: Apache-HttpClient/4.5.5 (Java/1.8.0_231)
2265735 [main] DEBUG org.apache.http.headers  - >> User-Agent: Apache-HttpClient/4.5.5 (Java/1.8.0_231)
2265735 [main] DEBUG org.apache.http.headers  - >> User-Agent: Apache-HttpClient/4.5.5 (Java/1.8.0_231)
2265735 [main] DEBUG org.apache.http.headers  - >> User-Agent: Apache-HttpClient/4.5.5 (Java/1.8.0_231)
2265735 [main] DEBUG org.apache.http.headers  - >> Accept-Encoding: gzip,deflate
2265735 [main] DEBUG org.apache.http.headers  - >> Accept-Encoding: gzip,deflate
2265735 [main] DEBUG org.apache.http.headers  - >> Accept-Encoding: gzip,deflate
2265735 [main] DEBUG org.apache.http.headers  - >> Accept-Encoding: gzip,deflate
2265735 [main] DEBUG org.apache.http.headers  - >> Accept-Encoding: gzip,deflate
2265735 [main] DEBUG org.apache.http.headers  - >> Accept-Encoding: gzip,deflate
2265735 [main] DEBUG org.apache.http.headers  - >> Accept-Encoding: gzip,deflate
2265735 [main] DEBUG org.apache.http.headers  - >> Accept-Encoding: gzip,deflate
2265735 [main] DEBUG org.apache.http.headers  - >> Accept-Encoding: gzip,deflate
2265735 [main] DEBUG org.apache.http.wire  -  >> "{[\n]"
2265735 [main] DEBUG org.apache.http.wire  -  >> "{[\n]"
2265735 [main] DEBUG org.apache.http.wire  -  >> "{[\n]"
2265735 [main] DEBUG org.apache.http.wire  -  >> "{[\n]"
2265735 [main] DEBUG org.apache.http.wire  -  >> "{[\n]"
2265735 [main] DEBUG org.apache.http.wire  -  >> "{[\n]"
2265735 [main] DEBUG org.apache.http.wire  -  >> "{[\n]"
2265735 [main] DEBUG org.apache.http.wire  -  >> "{[\n]"
2265735 [main] DEBUG org.apache.http.wire  -  >> "{[\n]"
2265735 [main] DEBUG org.apache.http.wire  -  >> "    "phoneNumber": "+918310744975",[\n]"
2265735 [main] DEBUG org.apache.http.wire  -  >> "    "phoneNumber": "+918310744975",[\n]"
2265735 [main] DEBUG org.apache.http.wire  -  >> "    "phoneNumber": "+918310744975",[\n]"
2265735 [main] DEBUG org.apache.http.wire  -  >> "    "phoneNumber": "+918310744975",[\n]"
2265735 [main] DEBUG org.apache.http.wire  -  >> "    "phoneNumber": "+918310744975",[\n]"
2265735 [main] DEBUG org.apache.http.wire  -  >> "    "phoneNumber": "+918310744975",[\n]"
2265735 [main] DEBUG org.apache.http.wire  -  >> "    "phoneNumber": "+918310744975",[\n]"
2265735 [main] DEBUG org.apache.http.wire  -  >> "    "phoneNumber": "+918310744975",[\n]"
2265735 [main] DEBUG org.apache.http.wire  -  >> "    "phoneNumber": "+918310744975",[\n]"
2265736 [main] DEBUG org.apache.http.wire  -  >> "    "leadDelSecKey": "Eno0nduK!tthakaPPa@1"[\n]"
2265736 [main] DEBUG org.apache.http.wire  -  >> "    "leadDelSecKey": "Eno0nduK!tthakaPPa@1"[\n]"
2265736 [main] DEBUG org.apache.http.wire  -  >> "    "leadDelSecKey": "Eno0nduK!tthakaPPa@1"[\n]"
2265736 [main] DEBUG org.apache.http.wire  -  >> "    "leadDelSecKey": "Eno0nduK!tthakaPPa@1"[\n]"
2265736 [main] DEBUG org.apache.http.wire  -  >> "    "leadDelSecKey": "Eno0nduK!tthakaPPa@1"[\n]"
2265736 [main] DEBUG org.apache.http.wire  -  >> "    "leadDelSecKey": "Eno0nduK!tthakaPPa@1"[\n]"
2265736 [main] DEBUG org.apache.http.wire  -  >> "    "leadDelSecKey": "Eno0nduK!tthakaPPa@1"[\n]"
2265736 [main] DEBUG org.apache.http.wire  -  >> "    "leadDelSecKey": "Eno0nduK!tthakaPPa@1"[\n]"
2265736 [main] DEBUG org.apache.http.wire  -  >> "    "leadDelSecKey": "Eno0nduK!tthakaPPa@1"[\n]"
2265736 [main] DEBUG org.apache.http.wire  -  >> "}"
2265736 [main] DEBUG org.apache.http.wire  -  >> "}"
2265736 [main] DEBUG org.apache.http.wire  -  >> "}"
2265736 [main] DEBUG org.apache.http.wire  -  >> "}"
2265736 [main] DEBUG org.apache.http.wire  -  >> "}"
2265736 [main] DEBUG org.apache.http.wire  -  >> "}"
2265736 [main] DEBUG org.apache.http.wire  -  >> "}"
2265736 [main] DEBUG org.apache.http.wire  -  >> "}"
2265736 [main] DEBUG org.apache.http.wire  -  >> "}"
2265939 [main] DEBUG org.apache.http.wire  -  << "HTTP/1.1 200 OK[\r][\n]"
2265939 [main] DEBUG org.apache.http.wire  -  << "HTTP/1.1 200 OK[\r][\n]"
2265939 [main] DEBUG org.apache.http.wire  -  << "HTTP/1.1 200 OK[\r][\n]"
2265939 [main] DEBUG org.apache.http.wire  -  << "HTTP/1.1 200 OK[\r][\n]"
2265939 [main] DEBUG org.apache.http.wire  -  << "HTTP/1.1 200 OK[\r][\n]"
2265939 [main] DEBUG org.apache.http.wire  -  << "HTTP/1.1 200 OK[\r][\n]"
2265939 [main] DEBUG org.apache.http.wire  -  << "HTTP/1.1 200 OK[\r][\n]"
2265939 [main] DEBUG org.apache.http.wire  -  << "HTTP/1.1 200 OK[\r][\n]"
2265939 [main] DEBUG org.apache.http.wire  -  << "HTTP/1.1 200 OK[\r][\n]"
2265939 [main] DEBUG org.apache.http.wire  -  << "Server: nginx/1.14.0 (Ubuntu)[\r][\n]"
2265939 [main] DEBUG org.apache.http.wire  -  << "Server: nginx/1.14.0 (Ubuntu)[\r][\n]"
2265939 [main] DEBUG org.apache.http.wire  -  << "Server: nginx/1.14.0 (Ubuntu)[\r][\n]"
2265939 [main] DEBUG org.apache.http.wire  -  << "Server: nginx/1.14.0 (Ubuntu)[\r][\n]"
2265939 [main] DEBUG org.apache.http.wire  -  << "Server: nginx/1.14.0 (Ubuntu)[\r][\n]"
2265939 [main] DEBUG org.apache.http.wire  -  << "Server: nginx/1.14.0 (Ubuntu)[\r][\n]"
2265939 [main] DEBUG org.apache.http.wire  -  << "Server: nginx/1.14.0 (Ubuntu)[\r][\n]"
2265939 [main] DEBUG org.apache.http.wire  -  << "Server: nginx/1.14.0 (Ubuntu)[\r][\n]"
2265939 [main] DEBUG org.apache.http.wire  -  << "Server: nginx/1.14.0 (Ubuntu)[\r][\n]"
2265939 [main] DEBUG org.apache.http.wire  -  << "Date: Tue, 22 Sep 2020 09:31:36 GMT[\r][\n]"
2265939 [main] DEBUG org.apache.http.wire  -  << "Date: Tue, 22 Sep 2020 09:31:36 GMT[\r][\n]"
2265939 [main] DEBUG org.apache.http.wire  -  << "Date: Tue, 22 Sep 2020 09:31:36 GMT[\r][\n]"
2265939 [main] DEBUG org.apache.http.wire  -  << "Date: Tue, 22 Sep 2020 09:31:36 GMT[\r][\n]"
2265939 [main] DEBUG org.apache.http.wire  -  << "Date: Tue, 22 Sep 2020 09:31:36 GMT[\r][\n]"
2265939 [main] DEBUG org.apache.http.wire  -  << "Date: Tue, 22 Sep 2020 09:31:36 GMT[\r][\n]"
2265939 [main] DEBUG org.apache.http.wire  -  << "Date: Tue, 22 Sep 2020 09:31:36 GMT[\r][\n]"
2265939 [main] DEBUG org.apache.http.wire  -  << "Date: Tue, 22 Sep 2020 09:31:36 GMT[\r][\n]"
2265939 [main] DEBUG org.apache.http.wire  -  << "Date: Tue, 22 Sep 2020 09:31:36 GMT[\r][\n]"
2265940 [main] DEBUG org.apache.http.wire  -  << "Content-Type: application/json; charset=utf-8[\r][\n]"
2265940 [main] DEBUG org.apache.http.wire  -  << "Content-Type: application/json; charset=utf-8[\r][\n]"
2265940 [main] DEBUG org.apache.http.wire  -  << "Content-Type: application/json; charset=utf-8[\r][\n]"
2265940 [main] DEBUG org.apache.http.wire  -  << "Content-Type: application/json; charset=utf-8[\r][\n]"
2265940 [main] DEBUG org.apache.http.wire  -  << "Content-Type: application/json; charset=utf-8[\r][\n]"
2265940 [main] DEBUG org.apache.http.wire  -  << "Content-Type: application/json; charset=utf-8[\r][\n]"
2265940 [main] DEBUG org.apache.http.wire  -  << "Content-Type: application/json; charset=utf-8[\r][\n]"
2265940 [main] DEBUG org.apache.http.wire  -  << "Content-Type: application/json; charset=utf-8[\r][\n]"
2265940 [main] DEBUG org.apache.http.wire  -  << "Content-Type: application/json; charset=utf-8[\r][\n]"
2265940 [main] DEBUG org.apache.http.wire  -  << "Transfer-Encoding: chunked[\r][\n]"
2265940 [main] DEBUG org.apache.http.wire  -  << "Transfer-Encoding: chunked[\r][\n]"
2265940 [main] DEBUG org.apache.http.wire  -  << "Transfer-Encoding: chunked[\r][\n]"
2265940 [main] DEBUG org.apache.http.wire  -  << "Transfer-Encoding: chunked[\r][\n]"
2265940 [main] DEBUG org.apache.http.wire  -  << "Transfer-Encoding: chunked[\r][\n]"
2265940 [main] DEBUG org.apache.http.wire  -  << "Transfer-Encoding: chunked[\r][\n]"
2265940 [main] DEBUG org.apache.http.wire  -  << "Transfer-Encoding: chunked[\r][\n]"
2265940 [main] DEBUG org.apache.http.wire  -  << "Transfer-Encoding: chunked[\r][\n]"
2265940 [main] DEBUG org.apache.http.wire  -  << "Transfer-Encoding: chunked[\r][\n]"
2265940 [main] DEBUG org.apache.http.wire  -  << "Connection: keep-alive[\r][\n]"
2265940 [main] DEBUG org.apache.http.wire  -  << "Connection: keep-alive[\r][\n]"
2265940 [main] DEBUG org.apache.http.wire  -  << "Connection: keep-alive[\r][\n]"
2265940 [main] DEBUG org.apache.http.wire  -  << "Connection: keep-alive[\r][\n]"
2265940 [main] DEBUG org.apache.http.wire  -  << "Connection: keep-alive[\r][\n]"
2265940 [main] DEBUG org.apache.http.wire  -  << "Connection: keep-alive[\r][\n]"
2265940 [main] DEBUG org.apache.http.wire  -  << "Connection: keep-alive[\r][\n]"
2265940 [main] DEBUG org.apache.http.wire  -  << "Connection: keep-alive[\r][\n]"
2265940 [main] DEBUG org.apache.http.wire  -  << "Connection: keep-alive[\r][\n]"
2265940 [main] DEBUG org.apache.http.wire  -  << "Content-Security-Policy: default-src 'self';base-uri 'self';block-all-mixed-content;font-src 'self' https: data:;frame-ancestors 'self';img-src 'self' data:;object-src 'none';script-src 'self';script-src-attr 'none';style-src 'self' https: 'unsafe-inline';upgrade-insecure-requests[\r][\n]"
2265940 [main] DEBUG org.apache.http.wire  -  << "Content-Security-Policy: default-src 'self';base-uri 'self';block-all-mixed-content;font-src 'self' https: data:;frame-ancestors 'self';img-src 'self' data:;object-src 'none';script-src 'self';script-src-attr 'none';style-src 'self' https: 'unsafe-inline';upgrade-insecure-requests[\r][\n]"
2265940 [main] DEBUG org.apache.http.wire  -  << "Content-Security-Policy: default-src 'self';base-uri 'self';block-all-mixed-content;font-src 'self' https: data:;frame-ancestors 'self';img-src 'self' data:;object-src 'none';script-src 'self';script-src-attr 'none';style-src 'self' https: 'unsafe-inline';upgrade-insecure-requests[\r][\n]"
2265940 [main] DEBUG org.apache.http.wire  -  << "Content-Security-Policy: default-src 'self';base-uri 'self';block-all-mixed-content;font-src 'self' https: data:;frame-ancestors 'self';img-src 'self' data:;object-src 'none';script-src 'self';script-src-attr 'none';style-src 'self' https: 'unsafe-inline';upgrade-insecure-requests[\r][\n]"
2265940 [main] DEBUG org.apache.http.wire  -  << "Content-Security-Policy: default-src 'self';base-uri 'self';block-all-mixed-content;font-src 'self' https: data:;frame-ancestors 'self';img-src 'self' data:;object-src 'none';script-src 'self';script-src-attr 'none';style-src 'self' https: 'unsafe-inline';upgrade-insecure-requests[\r][\n]"
2265940 [main] DEBUG org.apache.http.wire  -  << "Content-Security-Policy: default-src 'self';base-uri 'self';block-all-mixed-content;font-src 'self' https: data:;frame-ancestors 'self';img-src 'self' data:;object-src 'none';script-src 'self';script-src-attr 'none';style-src 'self' https: 'unsafe-inline';upgrade-insecure-requests[\r][\n]"
2265940 [main] DEBUG org.apache.http.wire  -  << "Content-Security-Policy: default-src 'self';base-uri 'self';block-all-mixed-content;font-src 'self' https: data:;frame-ancestors 'self';img-src 'self' data:;object-src 'none';script-src 'self';script-src-attr 'none';style-src 'self' https: 'unsafe-inline';upgrade-insecure-requests[\r][\n]"
2265940 [main] DEBUG org.apache.http.wire  -  << "Content-Security-Policy: default-src 'self';base-uri 'self';block-all-mixed-content;font-src 'self' https: data:;frame-ancestors 'self';img-src 'self' data:;object-src 'none';script-src 'self';script-src-attr 'none';style-src 'self' https: 'unsafe-inline';upgrade-insecure-requests[\r][\n]"
2265940 [main] DEBUG org.apache.http.wire  -  << "Content-Security-Policy: default-src 'self';base-uri 'self';block-all-mixed-content;font-src 'self' https: data:;frame-ancestors 'self';img-src 'self' data:;object-src 'none';script-src 'self';script-src-attr 'none';style-src 'self' https: 'unsafe-inline';upgrade-insecure-requests[\r][\n]"
2265941 [main] DEBUG org.apache.http.wire  -  << "X-DNS-Prefetch-Control: off[\r][\n]"
2265941 [main] DEBUG org.apache.http.wire  -  << "X-DNS-Prefetch-Control: off[\r][\n]"
2265941 [main] DEBUG org.apache.http.wire  -  << "X-DNS-Prefetch-Control: off[\r][\n]"
2265941 [main] DEBUG org.apache.http.wire  -  << "X-DNS-Prefetch-Control: off[\r][\n]"
2265941 [main] DEBUG org.apache.http.wire  -  << "X-DNS-Prefetch-Control: off[\r][\n]"
2265941 [main] DEBUG org.apache.http.wire  -  << "X-DNS-Prefetch-Control: off[\r][\n]"
2265941 [main] DEBUG org.apache.http.wire  -  << "X-DNS-Prefetch-Control: off[\r][\n]"
2265941 [main] DEBUG org.apache.http.wire  -  << "X-DNS-Prefetch-Control: off[\r][\n]"
2265941 [main] DEBUG org.apache.http.wire  -  << "X-DNS-Prefetch-Control: off[\r][\n]"
2265941 [main] DEBUG org.apache.http.wire  -  << "Expect-CT: max-age=0[\r][\n]"
2265941 [main] DEBUG org.apache.http.wire  -  << "Expect-CT: max-age=0[\r][\n]"
2265941 [main] DEBUG org.apache.http.wire  -  << "Expect-CT: max-age=0[\r][\n]"
2265941 [main] DEBUG org.apache.http.wire  -  << "Expect-CT: max-age=0[\r][\n]"
2265941 [main] DEBUG org.apache.http.wire  -  << "Expect-CT: max-age=0[\r][\n]"
2265941 [main] DEBUG org.apache.http.wire  -  << "Expect-CT: max-age=0[\r][\n]"
2265941 [main] DEBUG org.apache.http.wire  -  << "Expect-CT: max-age=0[\r][\n]"
2265941 [main] DEBUG org.apache.http.wire  -  << "Expect-CT: max-age=0[\r][\n]"
2265941 [main] DEBUG org.apache.http.wire  -  << "Expect-CT: max-age=0[\r][\n]"
2265941 [main] DEBUG org.apache.http.wire  -  << "X-Frame-Options: SAMEORIGIN[\r][\n]"
2265941 [main] DEBUG org.apache.http.wire  -  << "X-Frame-Options: SAMEORIGIN[\r][\n]"
2265941 [main] DEBUG org.apache.http.wire  -  << "X-Frame-Options: SAMEORIGIN[\r][\n]"
2265941 [main] DEBUG org.apache.http.wire  -  << "X-Frame-Options: SAMEORIGIN[\r][\n]"
2265941 [main] DEBUG org.apache.http.wire  -  << "X-Frame-Options: SAMEORIGIN[\r][\n]"
2265941 [main] DEBUG org.apache.http.wire  -  << "X-Frame-Options: SAMEORIGIN[\r][\n]"
2265941 [main] DEBUG org.apache.http.wire  -  << "X-Frame-Options: SAMEORIGIN[\r][\n]"
2265941 [main] DEBUG org.apache.http.wire  -  << "X-Frame-Options: SAMEORIGIN[\r][\n]"
2265941 [main] DEBUG org.apache.http.wire  -  << "X-Frame-Options: SAMEORIGIN[\r][\n]"
2265941 [main] DEBUG org.apache.http.wire  -  << "X-Download-Options: noopen[\r][\n]"
2265941 [main] DEBUG org.apache.http.wire  -  << "X-Download-Options: noopen[\r][\n]"
2265941 [main] DEBUG org.apache.http.wire  -  << "X-Download-Options: noopen[\r][\n]"
2265941 [main] DEBUG org.apache.http.wire  -  << "X-Download-Options: noopen[\r][\n]"
2265941 [main] DEBUG org.apache.http.wire  -  << "X-Download-Options: noopen[\r][\n]"
2265941 [main] DEBUG org.apache.http.wire  -  << "X-Download-Options: noopen[\r][\n]"
2265941 [main] DEBUG org.apache.http.wire  -  << "X-Download-Options: noopen[\r][\n]"
2265941 [main] DEBUG org.apache.http.wire  -  << "X-Download-Options: noopen[\r][\n]"
2265941 [main] DEBUG org.apache.http.wire  -  << "X-Download-Options: noopen[\r][\n]"
2265942 [main] DEBUG org.apache.http.wire  -  << "X-Content-Type-Options: nosniff[\r][\n]"
2265942 [main] DEBUG org.apache.http.wire  -  << "X-Content-Type-Options: nosniff[\r][\n]"
2265942 [main] DEBUG org.apache.http.wire  -  << "X-Content-Type-Options: nosniff[\r][\n]"
2265942 [main] DEBUG org.apache.http.wire  -  << "X-Content-Type-Options: nosniff[\r][\n]"
2265942 [main] DEBUG org.apache.http.wire  -  << "X-Content-Type-Options: nosniff[\r][\n]"
2265942 [main] DEBUG org.apache.http.wire  -  << "X-Content-Type-Options: nosniff[\r][\n]"
2265942 [main] DEBUG org.apache.http.wire  -  << "X-Content-Type-Options: nosniff[\r][\n]"
2265942 [main] DEBUG org.apache.http.wire  -  << "X-Content-Type-Options: nosniff[\r][\n]"
2265942 [main] DEBUG org.apache.http.wire  -  << "X-Content-Type-Options: nosniff[\r][\n]"
2265942 [main] DEBUG org.apache.http.wire  -  << "X-Permitted-Cross-Domain-Policies: none[\r][\n]"
2265942 [main] DEBUG org.apache.http.wire  -  << "X-Permitted-Cross-Domain-Policies: none[\r][\n]"
2265942 [main] DEBUG org.apache.http.wire  -  << "X-Permitted-Cross-Domain-Policies: none[\r][\n]"
2265942 [main] DEBUG org.apache.http.wire  -  << "X-Permitted-Cross-Domain-Policies: none[\r][\n]"
2265942 [main] DEBUG org.apache.http.wire  -  << "X-Permitted-Cross-Domain-Policies: none[\r][\n]"
2265942 [main] DEBUG org.apache.http.wire  -  << "X-Permitted-Cross-Domain-Policies: none[\r][\n]"
2265942 [main] DEBUG org.apache.http.wire  -  << "X-Permitted-Cross-Domain-Policies: none[\r][\n]"
2265942 [main] DEBUG org.apache.http.wire  -  << "X-Permitted-Cross-Domain-Policies: none[\r][\n]"
2265942 [main] DEBUG org.apache.http.wire  -  << "X-Permitted-Cross-Domain-Policies: none[\r][\n]"
2265942 [main] DEBUG org.apache.http.wire  -  << "Referrer-Policy: no-referrer[\r][\n]"
2265942 [main] DEBUG org.apache.http.wire  -  << "Referrer-Policy: no-referrer[\r][\n]"
2265942 [main] DEBUG org.apache.http.wire  -  << "Referrer-Policy: no-referrer[\r][\n]"
2265942 [main] DEBUG org.apache.http.wire  -  << "Referrer-Policy: no-referrer[\r][\n]"
2265942 [main] DEBUG org.apache.http.wire  -  << "Referrer-Policy: no-referrer[\r][\n]"
2265942 [main] DEBUG org.apache.http.wire  -  << "Referrer-Policy: no-referrer[\r][\n]"
2265942 [main] DEBUG org.apache.http.wire  -  << "Referrer-Policy: no-referrer[\r][\n]"
2265942 [main] DEBUG org.apache.http.wire  -  << "Referrer-Policy: no-referrer[\r][\n]"
2265942 [main] DEBUG org.apache.http.wire  -  << "Referrer-Policy: no-referrer[\r][\n]"
2265942 [main] DEBUG org.apache.http.wire  -  << "X-XSS-Protection: 0[\r][\n]"
2265942 [main] DEBUG org.apache.http.wire  -  << "X-XSS-Protection: 0[\r][\n]"
2265942 [main] DEBUG org.apache.http.wire  -  << "X-XSS-Protection: 0[\r][\n]"
2265942 [main] DEBUG org.apache.http.wire  -  << "X-XSS-Protection: 0[\r][\n]"
2265942 [main] DEBUG org.apache.http.wire  -  << "X-XSS-Protection: 0[\r][\n]"
2265942 [main] DEBUG org.apache.http.wire  -  << "X-XSS-Protection: 0[\r][\n]"
2265942 [main] DEBUG org.apache.http.wire  -  << "X-XSS-Protection: 0[\r][\n]"
2265942 [main] DEBUG org.apache.http.wire  -  << "X-XSS-Protection: 0[\r][\n]"
2265942 [main] DEBUG org.apache.http.wire  -  << "X-XSS-Protection: 0[\r][\n]"
2265942 [main] DEBUG org.apache.http.wire  -  << "Vary: Origin, Accept-Encoding[\r][\n]"
2265942 [main] DEBUG org.apache.http.wire  -  << "Vary: Origin, Accept-Encoding[\r][\n]"
2265942 [main] DEBUG org.apache.http.wire  -  << "Vary: Origin, Accept-Encoding[\r][\n]"
2265942 [main] DEBUG org.apache.http.wire  -  << "Vary: Origin, Accept-Encoding[\r][\n]"
2265942 [main] DEBUG org.apache.http.wire  -  << "Vary: Origin, Accept-Encoding[\r][\n]"
2265942 [main] DEBUG org.apache.http.wire  -  << "Vary: Origin, Accept-Encoding[\r][\n]"
2265942 [main] DEBUG org.apache.http.wire  -  << "Vary: Origin, Accept-Encoding[\r][\n]"
2265942 [main] DEBUG org.apache.http.wire  -  << "Vary: Origin, Accept-Encoding[\r][\n]"
2265942 [main] DEBUG org.apache.http.wire  -  << "Vary: Origin, Accept-Encoding[\r][\n]"
2265943 [main] DEBUG org.apache.http.wire  -  << "Access-Control-Allow-Credentials: true[\r][\n]"
2265943 [main] DEBUG org.apache.http.wire  -  << "Access-Control-Allow-Credentials: true[\r][\n]"
2265943 [main] DEBUG org.apache.http.wire  -  << "Access-Control-Allow-Credentials: true[\r][\n]"
2265943 [main] DEBUG org.apache.http.wire  -  << "Access-Control-Allow-Credentials: true[\r][\n]"
2265943 [main] DEBUG org.apache.http.wire  -  << "Access-Control-Allow-Credentials: true[\r][\n]"
2265943 [main] DEBUG org.apache.http.wire  -  << "Access-Control-Allow-Credentials: true[\r][\n]"
2265943 [main] DEBUG org.apache.http.wire  -  << "Access-Control-Allow-Credentials: true[\r][\n]"
2265943 [main] DEBUG org.apache.http.wire  -  << "Access-Control-Allow-Credentials: true[\r][\n]"
2265943 [main] DEBUG org.apache.http.wire  -  << "Access-Control-Allow-Credentials: true[\r][\n]"
2265943 [main] DEBUG org.apache.http.wire  -  << "Retry-After: 10[\r][\n]"
2265943 [main] DEBUG org.apache.http.wire  -  << "Retry-After: 10[\r][\n]"
2265943 [main] DEBUG org.apache.http.wire  -  << "Retry-After: 10[\r][\n]"
2265943 [main] DEBUG org.apache.http.wire  -  << "Retry-After: 10[\r][\n]"
2265943 [main] DEBUG org.apache.http.wire  -  << "Retry-After: 10[\r][\n]"
2265943 [main] DEBUG org.apache.http.wire  -  << "Retry-After: 10[\r][\n]"
2265943 [main] DEBUG org.apache.http.wire  -  << "Retry-After: 10[\r][\n]"
2265943 [main] DEBUG org.apache.http.wire  -  << "Retry-After: 10[\r][\n]"
2265943 [main] DEBUG org.apache.http.wire  -  << "Retry-After: 10[\r][\n]"
2265944 [main] DEBUG org.apache.http.wire  -  << "X-RateLimit-Limit: 80[\r][\n]"
2265944 [main] DEBUG org.apache.http.wire  -  << "X-RateLimit-Limit: 80[\r][\n]"
2265944 [main] DEBUG org.apache.http.wire  -  << "X-RateLimit-Limit: 80[\r][\n]"
2265944 [main] DEBUG org.apache.http.wire  -  << "X-RateLimit-Limit: 80[\r][\n]"
2265944 [main] DEBUG org.apache.http.wire  -  << "X-RateLimit-Limit: 80[\r][\n]"
2265944 [main] DEBUG org.apache.http.wire  -  << "X-RateLimit-Limit: 80[\r][\n]"
2265944 [main] DEBUG org.apache.http.wire  -  << "X-RateLimit-Limit: 80[\r][\n]"
2265944 [main] DEBUG org.apache.http.wire  -  << "X-RateLimit-Limit: 80[\r][\n]"
2265944 [main] DEBUG org.apache.http.wire  -  << "X-RateLimit-Limit: 80[\r][\n]"
2265944 [main] DEBUG org.apache.http.wire  -  << "X-RateLimit-Remaining: 79[\r][\n]"
2265944 [main] DEBUG org.apache.http.wire  -  << "X-RateLimit-Remaining: 79[\r][\n]"
2265944 [main] DEBUG org.apache.http.wire  -  << "X-RateLimit-Remaining: 79[\r][\n]"
2265944 [main] DEBUG org.apache.http.wire  -  << "X-RateLimit-Remaining: 79[\r][\n]"
2265944 [main] DEBUG org.apache.http.wire  -  << "X-RateLimit-Remaining: 79[\r][\n]"
2265944 [main] DEBUG org.apache.http.wire  -  << "X-RateLimit-Remaining: 79[\r][\n]"
2265944 [main] DEBUG org.apache.http.wire  -  << "X-RateLimit-Remaining: 79[\r][\n]"
2265944 [main] DEBUG org.apache.http.wire  -  << "X-RateLimit-Remaining: 79[\r][\n]"
2265944 [main] DEBUG org.apache.http.wire  -  << "X-RateLimit-Remaining: 79[\r][\n]"
2265944 [main] DEBUG org.apache.http.wire  -  << "X-RateLimit-Reset: Tue Sep 22 2020 09:31:46 GMT+0000 (Coordinated Universal Time)[\r][\n]"
2265944 [main] DEBUG org.apache.http.wire  -  << "X-RateLimit-Reset: Tue Sep 22 2020 09:31:46 GMT+0000 (Coordinated Universal Time)[\r][\n]"
2265944 [main] DEBUG org.apache.http.wire  -  << "X-RateLimit-Reset: Tue Sep 22 2020 09:31:46 GMT+0000 (Coordinated Universal Time)[\r][\n]"
2265944 [main] DEBUG org.apache.http.wire  -  << "X-RateLimit-Reset: Tue Sep 22 2020 09:31:46 GMT+0000 (Coordinated Universal Time)[\r][\n]"
2265944 [main] DEBUG org.apache.http.wire  -  << "X-RateLimit-Reset: Tue Sep 22 2020 09:31:46 GMT+0000 (Coordinated Universal Time)[\r][\n]"
2265944 [main] DEBUG org.apache.http.wire  -  << "X-RateLimit-Reset: Tue Sep 22 2020 09:31:46 GMT+0000 (Coordinated Universal Time)[\r][\n]"
2265944 [main] DEBUG org.apache.http.wire  -  << "X-RateLimit-Reset: Tue Sep 22 2020 09:31:46 GMT+0000 (Coordinated Universal Time)[\r][\n]"
2265944 [main] DEBUG org.apache.http.wire  -  << "X-RateLimit-Reset: Tue Sep 22 2020 09:31:46 GMT+0000 (Coordinated Universal Time)[\r][\n]"
2265944 [main] DEBUG org.apache.http.wire  -  << "X-RateLimit-Reset: Tue Sep 22 2020 09:31:46 GMT+0000 (Coordinated Universal Time)[\r][\n]"
2265945 [main] DEBUG org.apache.http.wire  -  << "Access-Control-Allow-Methods: GET, POST, OPTIONS[\r][\n]"
2265945 [main] DEBUG org.apache.http.wire  -  << "Access-Control-Allow-Methods: GET, POST, OPTIONS[\r][\n]"
2265945 [main] DEBUG org.apache.http.wire  -  << "Access-Control-Allow-Methods: GET, POST, OPTIONS[\r][\n]"
2265945 [main] DEBUG org.apache.http.wire  -  << "Access-Control-Allow-Methods: GET, POST, OPTIONS[\r][\n]"
2265945 [main] DEBUG org.apache.http.wire  -  << "Access-Control-Allow-Methods: GET, POST, OPTIONS[\r][\n]"
2265945 [main] DEBUG org.apache.http.wire  -  << "Access-Control-Allow-Methods: GET, POST, OPTIONS[\r][\n]"
2265945 [main] DEBUG org.apache.http.wire  -  << "Access-Control-Allow-Methods: GET, POST, OPTIONS[\r][\n]"
2265945 [main] DEBUG org.apache.http.wire  -  << "Access-Control-Allow-Methods: GET, POST, OPTIONS[\r][\n]"
2265945 [main] DEBUG org.apache.http.wire  -  << "Access-Control-Allow-Methods: GET, POST, OPTIONS[\r][\n]"
2265945 [main] DEBUG org.apache.http.wire  -  << "Access-Control-Allow-Headers: DNT,X-CustomHeader,Keep-Alive,User-Agent,X-Requested-With,If-Modified-Since,Cache-Control,Content-Type,Content-Range,Range[\r][\n]"
2265945 [main] DEBUG org.apache.http.wire  -  << "Access-Control-Allow-Headers: DNT,X-CustomHeader,Keep-Alive,User-Agent,X-Requested-With,If-Modified-Since,Cache-Control,Content-Type,Content-Range,Range[\r][\n]"
2265945 [main] DEBUG org.apache.http.wire  -  << "Access-Control-Allow-Headers: DNT,X-CustomHeader,Keep-Alive,User-Agent,X-Requested-With,If-Modified-Since,Cache-Control,Content-Type,Content-Range,Range[\r][\n]"
2265945 [main] DEBUG org.apache.http.wire  -  << "Access-Control-Allow-Headers: DNT,X-CustomHeader,Keep-Alive,User-Agent,X-Requested-With,If-Modified-Since,Cache-Control,Content-Type,Content-Range,Range[\r][\n]"
2265945 [main] DEBUG org.apache.http.wire  -  << "Access-Control-Allow-Headers: DNT,X-CustomHeader,Keep-Alive,User-Agent,X-Requested-With,If-Modified-Since,Cache-Control,Content-Type,Content-Range,Range[\r][\n]"
2265945 [main] DEBUG org.apache.http.wire  -  << "Access-Control-Allow-Headers: DNT,X-CustomHeader,Keep-Alive,User-Agent,X-Requested-With,If-Modified-Since,Cache-Control,Content-Type,Content-Range,Range[\r][\n]"
2265945 [main] DEBUG org.apache.http.wire  -  << "Access-Control-Allow-Headers: DNT,X-CustomHeader,Keep-Alive,User-Agent,X-Requested-With,If-Modified-Since,Cache-Control,Content-Type,Content-Range,Range[\r][\n]"
2265945 [main] DEBUG org.apache.http.wire  -  << "Access-Control-Allow-Headers: DNT,X-CustomHeader,Keep-Alive,User-Agent,X-Requested-With,If-Modified-Since,Cache-Control,Content-Type,Content-Range,Range[\r][\n]"
2265945 [main] DEBUG org.apache.http.wire  -  << "Access-Control-Allow-Headers: DNT,X-CustomHeader,Keep-Alive,User-Agent,X-Requested-With,If-Modified-Since,Cache-Control,Content-Type,Content-Range,Range[\r][\n]"
2265945 [main] DEBUG org.apache.http.wire  -  << "Access-Control-Expose-Headers: DNT,X-CustomHeader,Keep-Alive,User-Agent,X-Requested-With,If-Modified-Since,Cache-Control,Content-Type,Content-Range,Range[\r][\n]"
2265945 [main] DEBUG org.apache.http.wire  -  << "Access-Control-Expose-Headers: DNT,X-CustomHeader,Keep-Alive,User-Agent,X-Requested-With,If-Modified-Since,Cache-Control,Content-Type,Content-Range,Range[\r][\n]"
2265945 [main] DEBUG org.apache.http.wire  -  << "Access-Control-Expose-Headers: DNT,X-CustomHeader,Keep-Alive,User-Agent,X-Requested-With,If-Modified-Since,Cache-Control,Content-Type,Content-Range,Range[\r][\n]"
2265945 [main] DEBUG org.apache.http.wire  -  << "Access-Control-Expose-Headers: DNT,X-CustomHeader,Keep-Alive,User-Agent,X-Requested-With,If-Modified-Since,Cache-Control,Content-Type,Content-Range,Range[\r][\n]"
2265945 [main] DEBUG org.apache.http.wire  -  << "Access-Control-Expose-Headers: DNT,X-CustomHeader,Keep-Alive,User-Agent,X-Requested-With,If-Modified-Since,Cache-Control,Content-Type,Content-Range,Range[\r][\n]"
2265945 [main] DEBUG org.apache.http.wire  -  << "Access-Control-Expose-Headers: DNT,X-CustomHeader,Keep-Alive,User-Agent,X-Requested-With,If-Modified-Since,Cache-Control,Content-Type,Content-Range,Range[\r][\n]"
2265945 [main] DEBUG org.apache.http.wire  -  << "Access-Control-Expose-Headers: DNT,X-CustomHeader,Keep-Alive,User-Agent,X-Requested-With,If-Modified-Since,Cache-Control,Content-Type,Content-Range,Range[\r][\n]"
2265945 [main] DEBUG org.apache.http.wire  -  << "Access-Control-Expose-Headers: DNT,X-CustomHeader,Keep-Alive,User-Agent,X-Requested-With,If-Modified-Since,Cache-Control,Content-Type,Content-Range,Range[\r][\n]"
2265945 [main] DEBUG org.apache.http.wire  -  << "Access-Control-Expose-Headers: DNT,X-CustomHeader,Keep-Alive,User-Agent,X-Requested-With,If-Modified-Since,Cache-Control,Content-Type,Content-Range,Range[\r][\n]"
2265946 [main] DEBUG org.apache.http.wire  -  << "Content-Encoding: gzip[\r][\n]"
2265946 [main] DEBUG org.apache.http.wire  -  << "Content-Encoding: gzip[\r][\n]"
2265946 [main] DEBUG org.apache.http.wire  -  << "Content-Encoding: gzip[\r][\n]"
2265946 [main] DEBUG org.apache.http.wire  -  << "Content-Encoding: gzip[\r][\n]"
2265946 [main] DEBUG org.apache.http.wire  -  << "Content-Encoding: gzip[\r][\n]"
2265946 [main] DEBUG org.apache.http.wire  -  << "Content-Encoding: gzip[\r][\n]"
2265946 [main] DEBUG org.apache.http.wire  -  << "Content-Encoding: gzip[\r][\n]"
2265946 [main] DEBUG org.apache.http.wire  -  << "Content-Encoding: gzip[\r][\n]"
2265946 [main] DEBUG org.apache.http.wire  -  << "Content-Encoding: gzip[\r][\n]"
2265946 [main] DEBUG org.apache.http.wire  -  << "[\r][\n]"
2265946 [main] DEBUG org.apache.http.wire  -  << "[\r][\n]"
2265946 [main] DEBUG org.apache.http.wire  -  << "[\r][\n]"
2265946 [main] DEBUG org.apache.http.wire  -  << "[\r][\n]"
2265946 [main] DEBUG org.apache.http.wire  -  << "[\r][\n]"
2265946 [main] DEBUG org.apache.http.wire  -  << "[\r][\n]"
2265946 [main] DEBUG org.apache.http.wire  -  << "[\r][\n]"
2265946 [main] DEBUG org.apache.http.wire  -  << "[\r][\n]"
2265946 [main] DEBUG org.apache.http.wire  -  << "[\r][\n]"
2265946 [main] DEBUG org.apache.http.impl.conn.DefaultClientConnection  - Receiving response: HTTP/1.1 200 OK
2265946 [main] DEBUG org.apache.http.impl.conn.DefaultClientConnection  - Receiving response: HTTP/1.1 200 OK
2265946 [main] DEBUG org.apache.http.impl.conn.DefaultClientConnection  - Receiving response: HTTP/1.1 200 OK
2265946 [main] DEBUG org.apache.http.impl.conn.DefaultClientConnection  - Receiving response: HTTP/1.1 200 OK
2265946 [main] DEBUG org.apache.http.impl.conn.DefaultClientConnection  - Receiving response: HTTP/1.1 200 OK
2265946 [main] DEBUG org.apache.http.impl.conn.DefaultClientConnection  - Receiving response: HTTP/1.1 200 OK
2265946 [main] DEBUG org.apache.http.impl.conn.DefaultClientConnection  - Receiving response: HTTP/1.1 200 OK
2265946 [main] DEBUG org.apache.http.impl.conn.DefaultClientConnection  - Receiving response: HTTP/1.1 200 OK
2265946 [main] DEBUG org.apache.http.impl.conn.DefaultClientConnection  - Receiving response: HTTP/1.1 200 OK
2265946 [main] DEBUG org.apache.http.headers  - << HTTP/1.1 200 OK
2265946 [main] DEBUG org.apache.http.headers  - << HTTP/1.1 200 OK
2265946 [main] DEBUG org.apache.http.headers  - << HTTP/1.1 200 OK
2265946 [main] DEBUG org.apache.http.headers  - << HTTP/1.1 200 OK
2265946 [main] DEBUG org.apache.http.headers  - << HTTP/1.1 200 OK
2265946 [main] DEBUG org.apache.http.headers  - << HTTP/1.1 200 OK
2265946 [main] DEBUG org.apache.http.headers  - << HTTP/1.1 200 OK
2265946 [main] DEBUG org.apache.http.headers  - << HTTP/1.1 200 OK
2265946 [main] DEBUG org.apache.http.headers  - << HTTP/1.1 200 OK
2265947 [main] DEBUG org.apache.http.headers  - << Server: nginx/1.14.0 (Ubuntu)
2265947 [main] DEBUG org.apache.http.headers  - << Server: nginx/1.14.0 (Ubuntu)
2265947 [main] DEBUG org.apache.http.headers  - << Server: nginx/1.14.0 (Ubuntu)
2265947 [main] DEBUG org.apache.http.headers  - << Server: nginx/1.14.0 (Ubuntu)
2265947 [main] DEBUG org.apache.http.headers  - << Server: nginx/1.14.0 (Ubuntu)
2265947 [main] DEBUG org.apache.http.headers  - << Server: nginx/1.14.0 (Ubuntu)
2265947 [main] DEBUG org.apache.http.headers  - << Server: nginx/1.14.0 (Ubuntu)
2265947 [main] DEBUG org.apache.http.headers  - << Server: nginx/1.14.0 (Ubuntu)
2265947 [main] DEBUG org.apache.http.headers  - << Server: nginx/1.14.0 (Ubuntu)
2265947 [main] DEBUG org.apache.http.headers  - << Date: Tue, 22 Sep 2020 09:31:36 GMT
2265947 [main] DEBUG org.apache.http.headers  - << Date: Tue, 22 Sep 2020 09:31:36 GMT
2265947 [main] DEBUG org.apache.http.headers  - << Date: Tue, 22 Sep 2020 09:31:36 GMT
2265947 [main] DEBUG org.apache.http.headers  - << Date: Tue, 22 Sep 2020 09:31:36 GMT
2265947 [main] DEBUG org.apache.http.headers  - << Date: Tue, 22 Sep 2020 09:31:36 GMT
2265947 [main] DEBUG org.apache.http.headers  - << Date: Tue, 22 Sep 2020 09:31:36 GMT
2265947 [main] DEBUG org.apache.http.headers  - << Date: Tue, 22 Sep 2020 09:31:36 GMT
2265947 [main] DEBUG org.apache.http.headers  - << Date: Tue, 22 Sep 2020 09:31:36 GMT
2265947 [main] DEBUG org.apache.http.headers  - << Date: Tue, 22 Sep 2020 09:31:36 GMT
2265947 [main] DEBUG org.apache.http.headers  - << Content-Type: application/json; charset=utf-8
2265947 [main] DEBUG org.apache.http.headers  - << Content-Type: application/json; charset=utf-8
2265947 [main] DEBUG org.apache.http.headers  - << Content-Type: application/json; charset=utf-8
2265947 [main] DEBUG org.apache.http.headers  - << Content-Type: application/json; charset=utf-8
2265947 [main] DEBUG org.apache.http.headers  - << Content-Type: application/json; charset=utf-8
2265947 [main] DEBUG org.apache.http.headers  - << Content-Type: application/json; charset=utf-8
2265947 [main] DEBUG org.apache.http.headers  - << Content-Type: application/json; charset=utf-8
2265947 [main] DEBUG org.apache.http.headers  - << Content-Type: application/json; charset=utf-8
2265947 [main] DEBUG org.apache.http.headers  - << Content-Type: application/json; charset=utf-8
2265947 [main] DEBUG org.apache.http.headers  - << Transfer-Encoding: chunked
2265947 [main] DEBUG org.apache.http.headers  - << Transfer-Encoding: chunked
2265947 [main] DEBUG org.apache.http.headers  - << Transfer-Encoding: chunked
2265947 [main] DEBUG org.apache.http.headers  - << Transfer-Encoding: chunked
2265947 [main] DEBUG org.apache.http.headers  - << Transfer-Encoding: chunked
2265947 [main] DEBUG org.apache.http.headers  - << Transfer-Encoding: chunked
2265947 [main] DEBUG org.apache.http.headers  - << Transfer-Encoding: chunked
2265947 [main] DEBUG org.apache.http.headers  - << Transfer-Encoding: chunked
2265947 [main] DEBUG org.apache.http.headers  - << Transfer-Encoding: chunked
2265948 [main] DEBUG org.apache.http.headers  - << Connection: keep-alive
2265948 [main] DEBUG org.apache.http.headers  - << Connection: keep-alive
2265948 [main] DEBUG org.apache.http.headers  - << Connection: keep-alive
2265948 [main] DEBUG org.apache.http.headers  - << Connection: keep-alive
2265948 [main] DEBUG org.apache.http.headers  - << Connection: keep-alive
2265948 [main] DEBUG org.apache.http.headers  - << Connection: keep-alive
2265948 [main] DEBUG org.apache.http.headers  - << Connection: keep-alive
2265948 [main] DEBUG org.apache.http.headers  - << Connection: keep-alive
2265948 [main] DEBUG org.apache.http.headers  - << Connection: keep-alive
2265948 [main] DEBUG org.apache.http.headers  - << Content-Security-Policy: default-src 'self';base-uri 'self';block-all-mixed-content;font-src 'self' https: data:;frame-ancestors 'self';img-src 'self' data:;object-src 'none';script-src 'self';script-src-attr 'none';style-src 'self' https: 'unsafe-inline';upgrade-insecure-requests
2265948 [main] DEBUG org.apache.http.headers  - << Content-Security-Policy: default-src 'self';base-uri 'self';block-all-mixed-content;font-src 'self' https: data:;frame-ancestors 'self';img-src 'self' data:;object-src 'none';script-src 'self';script-src-attr 'none';style-src 'self' https: 'unsafe-inline';upgrade-insecure-requests
2265948 [main] DEBUG org.apache.http.headers  - << Content-Security-Policy: default-src 'self';base-uri 'self';block-all-mixed-content;font-src 'self' https: data:;frame-ancestors 'self';img-src 'self' data:;object-src 'none';script-src 'self';script-src-attr 'none';style-src 'self' https: 'unsafe-inline';upgrade-insecure-requests
2265948 [main] DEBUG org.apache.http.headers  - << Content-Security-Policy: default-src 'self';base-uri 'self';block-all-mixed-content;font-src 'self' https: data:;frame-ancestors 'self';img-src 'self' data:;object-src 'none';script-src 'self';script-src-attr 'none';style-src 'self' https: 'unsafe-inline';upgrade-insecure-requests
2265948 [main] DEBUG org.apache.http.headers  - << Content-Security-Policy: default-src 'self';base-uri 'self';block-all-mixed-content;font-src 'self' https: data:;frame-ancestors 'self';img-src 'self' data:;object-src 'none';script-src 'self';script-src-attr 'none';style-src 'self' https: 'unsafe-inline';upgrade-insecure-requests
2265948 [main] DEBUG org.apache.http.headers  - << Content-Security-Policy: default-src 'self';base-uri 'self';block-all-mixed-content;font-src 'self' https: data:;frame-ancestors 'self';img-src 'self' data:;object-src 'none';script-src 'self';script-src-attr 'none';style-src 'self' https: 'unsafe-inline';upgrade-insecure-requests
2265948 [main] DEBUG org.apache.http.headers  - << Content-Security-Policy: default-src 'self';base-uri 'self';block-all-mixed-content;font-src 'self' https: data:;frame-ancestors 'self';img-src 'self' data:;object-src 'none';script-src 'self';script-src-attr 'none';style-src 'self' https: 'unsafe-inline';upgrade-insecure-requests
2265948 [main] DEBUG org.apache.http.headers  - << Content-Security-Policy: default-src 'self';base-uri 'self';block-all-mixed-content;font-src 'self' https: data:;frame-ancestors 'self';img-src 'self' data:;object-src 'none';script-src 'self';script-src-attr 'none';style-src 'self' https: 'unsafe-inline';upgrade-insecure-requests
2265948 [main] DEBUG org.apache.http.headers  - << Content-Security-Policy: default-src 'self';base-uri 'self';block-all-mixed-content;font-src 'self' https: data:;frame-ancestors 'self';img-src 'self' data:;object-src 'none';script-src 'self';script-src-attr 'none';style-src 'self' https: 'unsafe-inline';upgrade-insecure-requests
2265948 [main] DEBUG org.apache.http.headers  - << X-DNS-Prefetch-Control: off
2265948 [main] DEBUG org.apache.http.headers  - << X-DNS-Prefetch-Control: off
2265948 [main] DEBUG org.apache.http.headers  - << X-DNS-Prefetch-Control: off
2265948 [main] DEBUG org.apache.http.headers  - << X-DNS-Prefetch-Control: off
2265948 [main] DEBUG org.apache.http.headers  - << X-DNS-Prefetch-Control: off
2265948 [main] DEBUG org.apache.http.headers  - << X-DNS-Prefetch-Control: off
2265948 [main] DEBUG org.apache.http.headers  - << X-DNS-Prefetch-Control: off
2265948 [main] DEBUG org.apache.http.headers  - << X-DNS-Prefetch-Control: off
2265948 [main] DEBUG org.apache.http.headers  - << X-DNS-Prefetch-Control: off
2265949 [main] DEBUG org.apache.http.headers  - << Expect-CT: max-age=0
2265949 [main] DEBUG org.apache.http.headers  - << Expect-CT: max-age=0
2265949 [main] DEBUG org.apache.http.headers  - << Expect-CT: max-age=0
2265949 [main] DEBUG org.apache.http.headers  - << Expect-CT: max-age=0
2265949 [main] DEBUG org.apache.http.headers  - << Expect-CT: max-age=0
2265949 [main] DEBUG org.apache.http.headers  - << Expect-CT: max-age=0
2265949 [main] DEBUG org.apache.http.headers  - << Expect-CT: max-age=0
2265949 [main] DEBUG org.apache.http.headers  - << Expect-CT: max-age=0
2265949 [main] DEBUG org.apache.http.headers  - << Expect-CT: max-age=0
2265949 [main] DEBUG org.apache.http.headers  - << X-Frame-Options: SAMEORIGIN
2265949 [main] DEBUG org.apache.http.headers  - << X-Frame-Options: SAMEORIGIN
2265949 [main] DEBUG org.apache.http.headers  - << X-Frame-Options: SAMEORIGIN
2265949 [main] DEBUG org.apache.http.headers  - << X-Frame-Options: SAMEORIGIN
2265949 [main] DEBUG org.apache.http.headers  - << X-Frame-Options: SAMEORIGIN
2265949 [main] DEBUG org.apache.http.headers  - << X-Frame-Options: SAMEORIGIN
2265949 [main] DEBUG org.apache.http.headers  - << X-Frame-Options: SAMEORIGIN
2265949 [main] DEBUG org.apache.http.headers  - << X-Frame-Options: SAMEORIGIN
2265949 [main] DEBUG org.apache.http.headers  - << X-Frame-Options: SAMEORIGIN
2265949 [main] DEBUG org.apache.http.headers  - << X-Download-Options: noopen
2265949 [main] DEBUG org.apache.http.headers  - << X-Download-Options: noopen
2265949 [main] DEBUG org.apache.http.headers  - << X-Download-Options: noopen
2265949 [main] DEBUG org.apache.http.headers  - << X-Download-Options: noopen
2265949 [main] DEBUG org.apache.http.headers  - << X-Download-Options: noopen
2265949 [main] DEBUG org.apache.http.headers  - << X-Download-Options: noopen
2265949 [main] DEBUG org.apache.http.headers  - << X-Download-Options: noopen
2265949 [main] DEBUG org.apache.http.headers  - << X-Download-Options: noopen
2265949 [main] DEBUG org.apache.http.headers  - << X-Download-Options: noopen
2265950 [main] DEBUG org.apache.http.headers  - << X-Content-Type-Options: nosniff
2265950 [main] DEBUG org.apache.http.headers  - << X-Content-Type-Options: nosniff
2265950 [main] DEBUG org.apache.http.headers  - << X-Content-Type-Options: nosniff
2265950 [main] DEBUG org.apache.http.headers  - << X-Content-Type-Options: nosniff
2265950 [main] DEBUG org.apache.http.headers  - << X-Content-Type-Options: nosniff
2265950 [main] DEBUG org.apache.http.headers  - << X-Content-Type-Options: nosniff
2265950 [main] DEBUG org.apache.http.headers  - << X-Content-Type-Options: nosniff
2265950 [main] DEBUG org.apache.http.headers  - << X-Content-Type-Options: nosniff
2265950 [main] DEBUG org.apache.http.headers  - << X-Content-Type-Options: nosniff
2265950 [main] DEBUG org.apache.http.headers  - << X-Permitted-Cross-Domain-Policies: none
2265950 [main] DEBUG org.apache.http.headers  - << X-Permitted-Cross-Domain-Policies: none
2265950 [main] DEBUG org.apache.http.headers  - << X-Permitted-Cross-Domain-Policies: none
2265950 [main] DEBUG org.apache.http.headers  - << X-Permitted-Cross-Domain-Policies: none
2265950 [main] DEBUG org.apache.http.headers  - << X-Permitted-Cross-Domain-Policies: none
2265950 [main] DEBUG org.apache.http.headers  - << X-Permitted-Cross-Domain-Policies: none
2265950 [main] DEBUG org.apache.http.headers  - << X-Permitted-Cross-Domain-Policies: none
2265950 [main] DEBUG org.apache.http.headers  - << X-Permitted-Cross-Domain-Policies: none
2265950 [main] DEBUG org.apache.http.headers  - << X-Permitted-Cross-Domain-Policies: none
2265950 [main] DEBUG org.apache.http.headers  - << Referrer-Policy: no-referrer
2265950 [main] DEBUG org.apache.http.headers  - << Referrer-Policy: no-referrer
2265950 [main] DEBUG org.apache.http.headers  - << Referrer-Policy: no-referrer
2265950 [main] DEBUG org.apache.http.headers  - << Referrer-Policy: no-referrer
2265950 [main] DEBUG org.apache.http.headers  - << Referrer-Policy: no-referrer
2265950 [main] DEBUG org.apache.http.headers  - << Referrer-Policy: no-referrer
2265950 [main] DEBUG org.apache.http.headers  - << Referrer-Policy: no-referrer
2265950 [main] DEBUG org.apache.http.headers  - << Referrer-Policy: no-referrer
2265950 [main] DEBUG org.apache.http.headers  - << Referrer-Policy: no-referrer
2265950 [main] DEBUG org.apache.http.headers  - << X-XSS-Protection: 0
2265950 [main] DEBUG org.apache.http.headers  - << X-XSS-Protection: 0
2265950 [main] DEBUG org.apache.http.headers  - << X-XSS-Protection: 0
2265950 [main] DEBUG org.apache.http.headers  - << X-XSS-Protection: 0
2265950 [main] DEBUG org.apache.http.headers  - << X-XSS-Protection: 0
2265950 [main] DEBUG org.apache.http.headers  - << X-XSS-Protection: 0
2265950 [main] DEBUG org.apache.http.headers  - << X-XSS-Protection: 0
2265950 [main] DEBUG org.apache.http.headers  - << X-XSS-Protection: 0
2265950 [main] DEBUG org.apache.http.headers  - << X-XSS-Protection: 0
2265951 [main] DEBUG org.apache.http.headers  - << Vary: Origin, Accept-Encoding
2265951 [main] DEBUG org.apache.http.headers  - << Vary: Origin, Accept-Encoding
2265951 [main] DEBUG org.apache.http.headers  - << Vary: Origin, Accept-Encoding
2265951 [main] DEBUG org.apache.http.headers  - << Vary: Origin, Accept-Encoding
2265951 [main] DEBUG org.apache.http.headers  - << Vary: Origin, Accept-Encoding
2265951 [main] DEBUG org.apache.http.headers  - << Vary: Origin, Accept-Encoding
2265951 [main] DEBUG org.apache.http.headers  - << Vary: Origin, Accept-Encoding
2265951 [main] DEBUG org.apache.http.headers  - << Vary: Origin, Accept-Encoding
2265951 [main] DEBUG org.apache.http.headers  - << Vary: Origin, Accept-Encoding
2265951 [main] DEBUG org.apache.http.headers  - << Access-Control-Allow-Credentials: true
2265951 [main] DEBUG org.apache.http.headers  - << Access-Control-Allow-Credentials: true
2265951 [main] DEBUG org.apache.http.headers  - << Access-Control-Allow-Credentials: true
2265951 [main] DEBUG org.apache.http.headers  - << Access-Control-Allow-Credentials: true
2265951 [main] DEBUG org.apache.http.headers  - << Access-Control-Allow-Credentials: true
2265951 [main] DEBUG org.apache.http.headers  - << Access-Control-Allow-Credentials: true
2265951 [main] DEBUG org.apache.http.headers  - << Access-Control-Allow-Credentials: true
2265951 [main] DEBUG org.apache.http.headers  - << Access-Control-Allow-Credentials: true
2265951 [main] DEBUG org.apache.http.headers  - << Access-Control-Allow-Credentials: true
2265951 [main] DEBUG org.apache.http.headers  - << Retry-After: 10
2265951 [main] DEBUG org.apache.http.headers  - << Retry-After: 10
2265951 [main] DEBUG org.apache.http.headers  - << Retry-After: 10
2265951 [main] DEBUG org.apache.http.headers  - << Retry-After: 10
2265951 [main] DEBUG org.apache.http.headers  - << Retry-After: 10
2265951 [main] DEBUG org.apache.http.headers  - << Retry-After: 10
2265951 [main] DEBUG org.apache.http.headers  - << Retry-After: 10
2265951 [main] DEBUG org.apache.http.headers  - << Retry-After: 10
2265951 [main] DEBUG org.apache.http.headers  - << Retry-After: 10
2265952 [main] DEBUG org.apache.http.headers  - << X-RateLimit-Limit: 80
2265952 [main] DEBUG org.apache.http.headers  - << X-RateLimit-Limit: 80
2265952 [main] DEBUG org.apache.http.headers  - << X-RateLimit-Limit: 80
2265952 [main] DEBUG org.apache.http.headers  - << X-RateLimit-Limit: 80
2265952 [main] DEBUG org.apache.http.headers  - << X-RateLimit-Limit: 80
2265952 [main] DEBUG org.apache.http.headers  - << X-RateLimit-Limit: 80
2265952 [main] DEBUG org.apache.http.headers  - << X-RateLimit-Limit: 80
2265952 [main] DEBUG org.apache.http.headers  - << X-RateLimit-Limit: 80
2265952 [main] DEBUG org.apache.http.headers  - << X-RateLimit-Limit: 80
2265952 [main] DEBUG org.apache.http.headers  - << X-RateLimit-Remaining: 79
2265952 [main] DEBUG org.apache.http.headers  - << X-RateLimit-Remaining: 79
2265952 [main] DEBUG org.apache.http.headers  - << X-RateLimit-Remaining: 79
2265952 [main] DEBUG org.apache.http.headers  - << X-RateLimit-Remaining: 79
2265952 [main] DEBUG org.apache.http.headers  - << X-RateLimit-Remaining: 79
2265952 [main] DEBUG org.apache.http.headers  - << X-RateLimit-Remaining: 79
2265952 [main] DEBUG org.apache.http.headers  - << X-RateLimit-Remaining: 79
2265952 [main] DEBUG org.apache.http.headers  - << X-RateLimit-Remaining: 79
2265952 [main] DEBUG org.apache.http.headers  - << X-RateLimit-Remaining: 79
2265953 [main] DEBUG org.apache.http.headers  - << X-RateLimit-Reset: Tue Sep 22 2020 09:31:46 GMT+0000 (Coordinated Universal Time)
2265953 [main] DEBUG org.apache.http.headers  - << X-RateLimit-Reset: Tue Sep 22 2020 09:31:46 GMT+0000 (Coordinated Universal Time)
2265953 [main] DEBUG org.apache.http.headers  - << X-RateLimit-Reset: Tue Sep 22 2020 09:31:46 GMT+0000 (Coordinated Universal Time)
2265953 [main] DEBUG org.apache.http.headers  - << X-RateLimit-Reset: Tue Sep 22 2020 09:31:46 GMT+0000 (Coordinated Universal Time)
2265953 [main] DEBUG org.apache.http.headers  - << X-RateLimit-Reset: Tue Sep 22 2020 09:31:46 GMT+0000 (Coordinated Universal Time)
2265953 [main] DEBUG org.apache.http.headers  - << X-RateLimit-Reset: Tue Sep 22 2020 09:31:46 GMT+0000 (Coordinated Universal Time)
2265953 [main] DEBUG org.apache.http.headers  - << X-RateLimit-Reset: Tue Sep 22 2020 09:31:46 GMT+0000 (Coordinated Universal Time)
2265953 [main] DEBUG org.apache.http.headers  - << X-RateLimit-Reset: Tue Sep 22 2020 09:31:46 GMT+0000 (Coordinated Universal Time)
2265953 [main] DEBUG org.apache.http.headers  - << X-RateLimit-Reset: Tue Sep 22 2020 09:31:46 GMT+0000 (Coordinated Universal Time)
2265953 [main] DEBUG org.apache.http.headers  - << Access-Control-Allow-Methods: GET, POST, OPTIONS
2265953 [main] DEBUG org.apache.http.headers  - << Access-Control-Allow-Methods: GET, POST, OPTIONS
2265953 [main] DEBUG org.apache.http.headers  - << Access-Control-Allow-Methods: GET, POST, OPTIONS
2265953 [main] DEBUG org.apache.http.headers  - << Access-Control-Allow-Methods: GET, POST, OPTIONS
2265953 [main] DEBUG org.apache.http.headers  - << Access-Control-Allow-Methods: GET, POST, OPTIONS
2265953 [main] DEBUG org.apache.http.headers  - << Access-Control-Allow-Methods: GET, POST, OPTIONS
2265953 [main] DEBUG org.apache.http.headers  - << Access-Control-Allow-Methods: GET, POST, OPTIONS
2265953 [main] DEBUG org.apache.http.headers  - << Access-Control-Allow-Methods: GET, POST, OPTIONS
2265953 [main] DEBUG org.apache.http.headers  - << Access-Control-Allow-Methods: GET, POST, OPTIONS
2265953 [main] DEBUG org.apache.http.headers  - << Access-Control-Allow-Headers: DNT,X-CustomHeader,Keep-Alive,User-Agent,X-Requested-With,If-Modified-Since,Cache-Control,Content-Type,Content-Range,Range
2265953 [main] DEBUG org.apache.http.headers  - << Access-Control-Allow-Headers: DNT,X-CustomHeader,Keep-Alive,User-Agent,X-Requested-With,If-Modified-Since,Cache-Control,Content-Type,Content-Range,Range
2265953 [main] DEBUG org.apache.http.headers  - << Access-Control-Allow-Headers: DNT,X-CustomHeader,Keep-Alive,User-Agent,X-Requested-With,If-Modified-Since,Cache-Control,Content-Type,Content-Range,Range
2265953 [main] DEBUG org.apache.http.headers  - << Access-Control-Allow-Headers: DNT,X-CustomHeader,Keep-Alive,User-Agent,X-Requested-With,If-Modified-Since,Cache-Control,Content-Type,Content-Range,Range
2265953 [main] DEBUG org.apache.http.headers  - << Access-Control-Allow-Headers: DNT,X-CustomHeader,Keep-Alive,User-Agent,X-Requested-With,If-Modified-Since,Cache-Control,Content-Type,Content-Range,Range
2265953 [main] DEBUG org.apache.http.headers  - << Access-Control-Allow-Headers: DNT,X-CustomHeader,Keep-Alive,User-Agent,X-Requested-With,If-Modified-Since,Cache-Control,Content-Type,Content-Range,Range
2265953 [main] DEBUG org.apache.http.headers  - << Access-Control-Allow-Headers: DNT,X-CustomHeader,Keep-Alive,User-Agent,X-Requested-With,If-Modified-Since,Cache-Control,Content-Type,Content-Range,Range
2265953 [main] DEBUG org.apache.http.headers  - << Access-Control-Allow-Headers: DNT,X-CustomHeader,Keep-Alive,User-Agent,X-Requested-With,If-Modified-Since,Cache-Control,Content-Type,Content-Range,Range
2265953 [main] DEBUG org.apache.http.headers  - << Access-Control-Allow-Headers: DNT,X-CustomHeader,Keep-Alive,User-Agent,X-Requested-With,If-Modified-Since,Cache-Control,Content-Type,Content-Range,Range
2265953 [main] DEBUG org.apache.http.headers  - << Access-Control-Expose-Headers: DNT,X-CustomHeader,Keep-Alive,User-Agent,X-Requested-With,If-Modified-Since,Cache-Control,Content-Type,Content-Range,Range
2265953 [main] DEBUG org.apache.http.headers  - << Access-Control-Expose-Headers: DNT,X-CustomHeader,Keep-Alive,User-Agent,X-Requested-With,If-Modified-Since,Cache-Control,Content-Type,Content-Range,Range
2265953 [main] DEBUG org.apache.http.headers  - << Access-Control-Expose-Headers: DNT,X-CustomHeader,Keep-Alive,User-Agent,X-Requested-With,If-Modified-Since,Cache-Control,Content-Type,Content-Range,Range
2265953 [main] DEBUG org.apache.http.headers  - << Access-Control-Expose-Headers: DNT,X-CustomHeader,Keep-Alive,User-Agent,X-Requested-With,If-Modified-Since,Cache-Control,Content-Type,Content-Range,Range
2265953 [main] DEBUG org.apache.http.headers  - << Access-Control-Expose-Headers: DNT,X-CustomHeader,Keep-Alive,User-Agent,X-Requested-With,If-Modified-Since,Cache-Control,Content-Type,Content-Range,Range
2265953 [main] DEBUG org.apache.http.headers  - << Access-Control-Expose-Headers: DNT,X-CustomHeader,Keep-Alive,User-Agent,X-Requested-With,If-Modified-Since,Cache-Control,Content-Type,Content-Range,Range
2265953 [main] DEBUG org.apache.http.headers  - << Access-Control-Expose-Headers: DNT,X-CustomHeader,Keep-Alive,User-Agent,X-Requested-With,If-Modified-Since,Cache-Control,Content-Type,Content-Range,Range
2265953 [main] DEBUG org.apache.http.headers  - << Access-Control-Expose-Headers: DNT,X-CustomHeader,Keep-Alive,User-Agent,X-Requested-With,If-Modified-Since,Cache-Control,Content-Type,Content-Range,Range
2265953 [main] DEBUG org.apache.http.headers  - << Access-Control-Expose-Headers: DNT,X-CustomHeader,Keep-Alive,User-Agent,X-Requested-With,If-Modified-Since,Cache-Control,Content-Type,Content-Range,Range
2265954 [main] DEBUG org.apache.http.headers  - << Content-Encoding: gzip
2265954 [main] DEBUG org.apache.http.headers  - << Content-Encoding: gzip
2265954 [main] DEBUG org.apache.http.headers  - << Content-Encoding: gzip
2265954 [main] DEBUG org.apache.http.headers  - << Content-Encoding: gzip
2265954 [main] DEBUG org.apache.http.headers  - << Content-Encoding: gzip
2265954 [main] DEBUG org.apache.http.headers  - << Content-Encoding: gzip
2265954 [main] DEBUG org.apache.http.headers  - << Content-Encoding: gzip
2265954 [main] DEBUG org.apache.http.headers  - << Content-Encoding: gzip
2265954 [main] DEBUG org.apache.http.headers  - << Content-Encoding: gzip
2265954 [main] DEBUG org.apache.http.impl.client.DefaultHttpClient  - Connection can be kept alive indefinitely
2265954 [main] DEBUG org.apache.http.impl.client.DefaultHttpClient  - Connection can be kept alive indefinitely
2265954 [main] DEBUG org.apache.http.impl.client.DefaultHttpClient  - Connection can be kept alive indefinitely
2265954 [main] DEBUG org.apache.http.impl.client.DefaultHttpClient  - Connection can be kept alive indefinitely
2265954 [main] DEBUG org.apache.http.impl.client.DefaultHttpClient  - Connection can be kept alive indefinitely
2265954 [main] DEBUG org.apache.http.impl.client.DefaultHttpClient  - Connection can be kept alive indefinitely
2265954 [main] DEBUG org.apache.http.impl.client.DefaultHttpClient  - Connection can be kept alive indefinitely
2265954 [main] DEBUG org.apache.http.impl.client.DefaultHttpClient  - Connection can be kept alive indefinitely
2265954 [main] DEBUG org.apache.http.impl.client.DefaultHttpClient  - Connection can be kept alive indefinitely
2265955 [main] DEBUG io.restassured.internal.RequestSpecificationImpl$RestAssuredHttpBuilder  - Parsing response as: application/json; charset=utf-8
2265955 [main] DEBUG io.restassured.internal.RequestSpecificationImpl$RestAssuredHttpBuilder  - Parsing response as: application/json; charset=utf-8
2265955 [main] DEBUG io.restassured.internal.RequestSpecificationImpl$RestAssuredHttpBuilder  - Parsing response as: application/json; charset=utf-8
2265955 [main] DEBUG io.restassured.internal.RequestSpecificationImpl$RestAssuredHttpBuilder  - Parsing response as: application/json; charset=utf-8
2265955 [main] DEBUG io.restassured.internal.RequestSpecificationImpl$RestAssuredHttpBuilder  - Parsing response as: application/json; charset=utf-8
2265955 [main] DEBUG io.restassured.internal.RequestSpecificationImpl$RestAssuredHttpBuilder  - Parsing response as: application/json; charset=utf-8
2265955 [main] DEBUG io.restassured.internal.RequestSpecificationImpl$RestAssuredHttpBuilder  - Parsing response as: application/json; charset=utf-8
2265955 [main] DEBUG io.restassured.internal.RequestSpecificationImpl$RestAssuredHttpBuilder  - Parsing response as: application/json; charset=utf-8
2265955 [main] DEBUG io.restassured.internal.RequestSpecificationImpl$RestAssuredHttpBuilder  - Parsing response as: application/json; charset=utf-8
2265955 [main] DEBUG org.apache.http.wire  -  << "5d[\r][\n]"
2265955 [main] DEBUG org.apache.http.wire  -  << "5d[\r][\n]"
2265955 [main] DEBUG org.apache.http.wire  -  << "5d[\r][\n]"
2265955 [main] DEBUG org.apache.http.wire  -  << "5d[\r][\n]"
2265955 [main] DEBUG org.apache.http.wire  -  << "5d[\r][\n]"
2265955 [main] DEBUG org.apache.http.wire  -  << "5d[\r][\n]"
2265955 [main] DEBUG org.apache.http.wire  -  << "5d[\r][\n]"
2265955 [main] DEBUG org.apache.http.wire  -  << "5d[\r][\n]"
2265955 [main] DEBUG org.apache.http.wire  -  << "5d[\r][\n]"
2265956 [main] DEBUG org.apache.http.wire  -  << "[0x1f][0x8b][0x8][0x0][0x0][0x0][0x0][0x0][0x0][0x3][0xab]V[0xca]M-.NLOU[0xb2]R[0xf2]IMLQ([0xcf],[0xc9]P([0xc8][0xc8][0xcf]KU[0xc8]+[0xcd]MJ-RP[0xd7][0xb6]4[0xb4]064071[0xb1]47UWHI[0xcd]I-IMQ(.MN[0x6][0xea]M+[0xcd][0xc9][0xa9][0xd4]S[0xaa][0x5][0x0][0x15]{w[0x82]J[0x0][0x0][0x0]"
2265956 [main] DEBUG org.apache.http.wire  -  << "[0x1f][0x8b][0x8][0x0][0x0][0x0][0x0][0x0][0x0][0x3][0xab]V[0xca]M-.NLOU[0xb2]R[0xf2]IMLQ([0xcf],[0xc9]P([0xc8][0xc8][0xcf]KU[0xc8]+[0xcd]MJ-RP[0xd7][0xb6]4[0xb4]064071[0xb1]47UWHI[0xcd]I-IMQ(.MN[0x6][0xea]M+[0xcd][0xc9][0xa9][0xd4]S[0xaa][0x5][0x0][0x15]{w[0x82]J[0x0][0x0][0x0]"
2265956 [main] DEBUG org.apache.http.wire  -  << "[0x1f][0x8b][0x8][0x0][0x0][0x0][0x0][0x0][0x0][0x3][0xab]V[0xca]M-.NLOU[0xb2]R[0xf2]IMLQ([0xcf],[0xc9]P([0xc8][0xc8][0xcf]KU[0xc8]+[0xcd]MJ-RP[0xd7][0xb6]4[0xb4]064071[0xb1]47UWHI[0xcd]I-IMQ(.MN[0x6][0xea]M+[0xcd][0xc9][0xa9][0xd4]S[0xaa][0x5][0x0][0x15]{w[0x82]J[0x0][0x0][0x0]"
2265956 [main] DEBUG org.apache.http.wire  -  << "[0x1f][0x8b][0x8][0x0][0x0][0x0][0x0][0x0][0x0][0x3][0xab]V[0xca]M-.NLOU[0xb2]R[0xf2]IMLQ([0xcf],[0xc9]P([0xc8][0xc8][0xcf]KU[0xc8]+[0xcd]MJ-RP[0xd7][0xb6]4[0xb4]064071[0xb1]47UWHI[0xcd]I-IMQ(.MN[0x6][0xea]M+[0xcd][0xc9][0xa9][0xd4]S[0xaa][0x5][0x0][0x15]{w[0x82]J[0x0][0x0][0x0]"
2265956 [main] DEBUG org.apache.http.wire  -  << "[0x1f][0x8b][0x8][0x0][0x0][0x0][0x0][0x0][0x0][0x3][0xab]V[0xca]M-.NLOU[0xb2]R[0xf2]IMLQ([0xcf],[0xc9]P([0xc8][0xc8][0xcf]KU[0xc8]+[0xcd]MJ-RP[0xd7][0xb6]4[0xb4]064071[0xb1]47UWHI[0xcd]I-IMQ(.MN[0x6][0xea]M+[0xcd][0xc9][0xa9][0xd4]S[0xaa][0x5][0x0][0x15]{w[0x82]J[0x0][0x0][0x0]"
2265956 [main] DEBUG org.apache.http.wire  -  << "[0x1f][0x8b][0x8][0x0][0x0][0x0][0x0][0x0][0x0][0x3][0xab]V[0xca]M-.NLOU[0xb2]R[0xf2]IMLQ([0xcf],[0xc9]P([0xc8][0xc8][0xcf]KU[0xc8]+[0xcd]MJ-RP[0xd7][0xb6]4[0xb4]064071[0xb1]47UWHI[0xcd]I-IMQ(.MN[0x6][0xea]M+[0xcd][0xc9][0xa9][0xd4]S[0xaa][0x5][0x0][0x15]{w[0x82]J[0x0][0x0][0x0]"
2265956 [main] DEBUG org.apache.http.wire  -  << "[0x1f][0x8b][0x8][0x0][0x0][0x0][0x0][0x0][0x0][0x3][0xab]V[0xca]M-.NLOU[0xb2]R[0xf2]IMLQ([0xcf],[0xc9]P([0xc8][0xc8][0xcf]KU[0xc8]+[0xcd]MJ-RP[0xd7][0xb6]4[0xb4]064071[0xb1]47UWHI[0xcd]I-IMQ(.MN[0x6][0xea]M+[0xcd][0xc9][0xa9][0xd4]S[0xaa][0x5][0x0][0x15]{w[0x82]J[0x0][0x0][0x0]"
2265956 [main] DEBUG org.apache.http.wire  -  << "[0x1f][0x8b][0x8][0x0][0x0][0x0][0x0][0x0][0x0][0x3][0xab]V[0xca]M-.NLOU[0xb2]R[0xf2]IMLQ([0xcf],[0xc9]P([0xc8][0xc8][0xcf]KU[0xc8]+[0xcd]MJ-RP[0xd7][0xb6]4[0xb4]064071[0xb1]47UWHI[0xcd]I-IMQ(.MN[0x6][0xea]M+[0xcd][0xc9][0xa9][0xd4]S[0xaa][0x5][0x0][0x15]{w[0x82]J[0x0][0x0][0x0]"
2265956 [main] DEBUG org.apache.http.wire  -  << "[0x1f][0x8b][0x8][0x0][0x0][0x0][0x0][0x0][0x0][0x3][0xab]V[0xca]M-.NLOU[0xb2]R[0xf2]IMLQ([0xcf],[0xc9]P([0xc8][0xc8][0xcf]KU[0xc8]+[0xcd]MJ-RP[0xd7][0xb6]4[0xb4]064071[0xb1]47UWHI[0xcd]I-IMQ(.MN[0x6][0xea]M+[0xcd][0xc9][0xa9][0xd4]S[0xaa][0x5][0x0][0x15]{w[0x82]J[0x0][0x0][0x0]"
2265956 [main] DEBUG org.apache.http.wire  -  << "[\r][\n]"
2265956 [main] DEBUG org.apache.http.wire  -  << "[\r][\n]"
2265956 [main] DEBUG org.apache.http.wire  -  << "[\r][\n]"
2265956 [main] DEBUG org.apache.http.wire  -  << "[\r][\n]"
2265956 [main] DEBUG org.apache.http.wire  -  << "[\r][\n]"
2265956 [main] DEBUG org.apache.http.wire  -  << "[\r][\n]"
2265956 [main] DEBUG org.apache.http.wire  -  << "[\r][\n]"
2265956 [main] DEBUG org.apache.http.wire  -  << "[\r][\n]"
2265956 [main] DEBUG org.apache.http.wire  -  << "[\r][\n]"
2265956 [main] DEBUG org.apache.http.wire  -  << "0[\r][\n]"
2265956 [main] DEBUG org.apache.http.wire  -  << "0[\r][\n]"
2265956 [main] DEBUG org.apache.http.wire  -  << "0[\r][\n]"
2265956 [main] DEBUG org.apache.http.wire  -  << "0[\r][\n]"
2265956 [main] DEBUG org.apache.http.wire  -  << "0[\r][\n]"
2265956 [main] DEBUG org.apache.http.wire  -  << "0[\r][\n]"
2265956 [main] DEBUG org.apache.http.wire  -  << "0[\r][\n]"
2265956 [main] DEBUG org.apache.http.wire  -  << "0[\r][\n]"
2265956 [main] DEBUG org.apache.http.wire  -  << "0[\r][\n]"
2265957 [main] DEBUG org.apache.http.wire  -  << "[\r][\n]"
2265957 [main] DEBUG org.apache.http.wire  -  << "[\r][\n]"
2265957 [main] DEBUG org.apache.http.wire  -  << "[\r][\n]"
2265957 [main] DEBUG org.apache.http.wire  -  << "[\r][\n]"
2265957 [main] DEBUG org.apache.http.wire  -  << "[\r][\n]"
2265957 [main] DEBUG org.apache.http.wire  -  << "[\r][\n]"
2265957 [main] DEBUG org.apache.http.wire  -  << "[\r][\n]"
2265957 [main] DEBUG org.apache.http.wire  -  << "[\r][\n]"
2265957 [main] DEBUG org.apache.http.wire  -  << "[\r][\n]"
2265957 [main] DEBUG io.restassured.internal.RequestSpecificationImpl$RestAssuredHttpBuilder  - Parsed data to instance of: class org.apache.http.conn.EofSensorInputStream
2265957 [main] DEBUG io.restassured.internal.RequestSpecificationImpl$RestAssuredHttpBuilder  - Parsed data to instance of: class org.apache.http.conn.EofSensorInputStream
2265957 [main] DEBUG io.restassured.internal.RequestSpecificationImpl$RestAssuredHttpBuilder  - Parsed data to instance of: class org.apache.http.conn.EofSensorInputStream
2265957 [main] DEBUG io.restassured.internal.RequestSpecificationImpl$RestAssuredHttpBuilder  - Parsed data to instance of: class org.apache.http.conn.EofSensorInputStream
2265957 [main] DEBUG io.restassured.internal.RequestSpecificationImpl$RestAssuredHttpBuilder  - Parsed data to instance of: class org.apache.http.conn.EofSensorInputStream
2265957 [main] DEBUG io.restassured.internal.RequestSpecificationImpl$RestAssuredHttpBuilder  - Parsed data to instance of: class org.apache.http.conn.EofSensorInputStream
2265957 [main] DEBUG io.restassured.internal.RequestSpecificationImpl$RestAssuredHttpBuilder  - Parsed data to instance of: class org.apache.http.conn.EofSensorInputStream
2265957 [main] DEBUG io.restassured.internal.RequestSpecificationImpl$RestAssuredHttpBuilder  - Parsed data to instance of: class org.apache.http.conn.EofSensorInputStream
2265957 [main] DEBUG io.restassured.internal.RequestSpecificationImpl$RestAssuredHttpBuilder  - Parsed data to instance of: class org.apache.http.conn.EofSensorInputStream
2265958 [main] DEBUG org.apache.http.impl.conn.BasicClientConnectionManager  - Releasing connection org.apache.http.impl.conn.ManagedClientConnectionImpl@2cc61b3b
2265958 [main] DEBUG org.apache.http.impl.conn.BasicClientConnectionManager  - Releasing connection org.apache.http.impl.conn.ManagedClientConnectionImpl@2cc61b3b
2265958 [main] DEBUG org.apache.http.impl.conn.BasicClientConnectionManager  - Releasing connection org.apache.http.impl.conn.ManagedClientConnectionImpl@2cc61b3b
2265958 [main] DEBUG org.apache.http.impl.conn.BasicClientConnectionManager  - Releasing connection org.apache.http.impl.conn.ManagedClientConnectionImpl@2cc61b3b
2265958 [main] DEBUG org.apache.http.impl.conn.BasicClientConnectionManager  - Releasing connection org.apache.http.impl.conn.ManagedClientConnectionImpl@2cc61b3b
2265958 [main] DEBUG org.apache.http.impl.conn.BasicClientConnectionManager  - Releasing connection org.apache.http.impl.conn.ManagedClientConnectionImpl@2cc61b3b
2265958 [main] DEBUG org.apache.http.impl.conn.BasicClientConnectionManager  - Releasing connection org.apache.http.impl.conn.ManagedClientConnectionImpl@2cc61b3b
2265958 [main] DEBUG org.apache.http.impl.conn.BasicClientConnectionManager  - Releasing connection org.apache.http.impl.conn.ManagedClientConnectionImpl@2cc61b3b
2265958 [main] DEBUG org.apache.http.impl.conn.BasicClientConnectionManager  - Releasing connection org.apache.http.impl.conn.ManagedClientConnectionImpl@2cc61b3b
2265958 [main] DEBUG org.apache.http.impl.conn.BasicClientConnectionManager  - Connection can be kept alive indefinitely
2265958 [main] DEBUG org.apache.http.impl.conn.BasicClientConnectionManager  - Connection can be kept alive indefinitely
2265958 [main] DEBUG org.apache.http.impl.conn.BasicClientConnectionManager  - Connection can be kept alive indefinitely
2265958 [main] DEBUG org.apache.http.impl.conn.BasicClientConnectionManager  - Connection can be kept alive indefinitely
2265958 [main] DEBUG org.apache.http.impl.conn.BasicClientConnectionManager  - Connection can be kept alive indefinitely
2265958 [main] DEBUG org.apache.http.impl.conn.BasicClientConnectionManager  - Connection can be kept alive indefinitely
2265958 [main] DEBUG org.apache.http.impl.conn.BasicClientConnectionManager  - Connection can be kept alive indefinitely
2265958 [main] DEBUG org.apache.http.impl.conn.BasicClientConnectionManager  - Connection can be kept alive indefinitely
2265958 [main] DEBUG org.apache.http.impl.conn.BasicClientConnectionManager  - Connection can be kept alive indefinitely
{
    "message": "Lead with phone number '+918310744975' deleted successfully."
}
{
    "message": "Lead with phone number '+918310744975' deleted successfully."
}]]></system-out>
  </testcase>
  <testcase name="NewUserSignupbookanpayatHospitalAppointmentWithFreeOpinion" classname="com.onco.webtests.NewUserSignupPaytmBookOnPriorityAppointment" time="117.627">
    <failure message="no such element: Unable to locate element: {&quot;method&quot;:&quot;xpath&quot;,&quot;selector&quot;:&quot;/html[1]/body[1]/app-root[1]/select-service[1]/div[1]/div[2]/div[1]/div[2]/div[3]/div[1]&quot;}&#10;  (Session info: chrome=85.0.4183.102)&#10;For documentation on this error, please visit: https://www.seleniumhq.org/exceptions/no_such_element.html&#10;Build info: version: &apos;3.141.59&apos;, revision: &apos;e82be7d358&apos;, time: &apos;2018-11-14T08:17:03&apos;&#10;System info: host: &apos;Manjunaths-MBP&apos;, ip: &apos;2409:4071:2089:d6a2:b5af:7b07:a08d:9046%en0&apos;, os.name: &apos;Mac OS X&apos;, os.arch: &apos;x86_64&apos;, os.version: &apos;10.15.6&apos;, java.version: &apos;1.8.0_231&apos;&#10;Driver info: org.openqa.selenium.chrome.ChromeDriver&#10;Capabilities {acceptInsecureCerts: false, browserName: chrome, browserVersion: 85.0.4183.102, chrome: {chromedriverVersion: 85.0.4183.87 (cd6713ebf92fa..., userDataDir: /var/folders/p6/cbrrv70s47j...}, goog:chromeOptions: {debuggerAddress: localhost:50243}, javascriptEnabled: true, networkConnectionEnabled: false, pageLoadStrategy: none, platform: MAC, platformName: MAC, proxy: Proxy(), setWindowRect: true, strictFileInteractability: false, timeouts: {implicit: 0, pageLoad: 300000, script: 30000}, unhandledPromptBehavior: dismiss and notify, webauthn:virtualAuthenticators: true}&#10;Session ID: 92df5781f7b39948b4ff225cabbb0000&#10;*** Element info: {Using=xpath, value=/html[1]/body[1]/app-root[1]/select-service[1]/div[1]/div[2]/div[1]/div[2]/div[3]/div[1]}" type="org.openqa.selenium.NoSuchElementException"><![CDATA[org.openqa.selenium.NoSuchElementException: 
no such element: Unable to locate element: {"method":"xpath","selector":"/html[1]/body[1]/app-root[1]/select-service[1]/div[1]/div[2]/div[1]/div[2]/div[3]/div[1]"}
  (Session info: chrome=85.0.4183.102)
For documentation on this error, please visit: https://www.seleniumhq.org/exceptions/no_such_element.html
Build info: version: '3.141.59', revision: 'e82be7d358', time: '2018-11-14T08:17:03'
System info: host: 'Manjunaths-MBP', ip: '2409:4071:2089:d6a2:b5af:7b07:a08d:9046%en0', os.name: 'Mac OS X', os.arch: 'x86_64', os.version: '10.15.6', java.version: '1.8.0_231'
Driver info: org.openqa.selenium.chrome.ChromeDriver
Capabilities {acceptInsecureCerts: false, browserName: chrome, browserVersion: 85.0.4183.102, chrome: {chromedriverVersion: 85.0.4183.87 (cd6713ebf92fa..., userDataDir: /var/folders/p6/cbrrv70s47j...}, goog:chromeOptions: {debuggerAddress: localhost:50243}, javascriptEnabled: true, networkConnectionEnabled: false, pageLoadStrategy: none, platform: MAC, platformName: MAC, proxy: Proxy(), setWindowRect: true, strictFileInteractability: false, timeouts: {implicit: 0, pageLoad: 300000, script: 30000}, unhandledPromptBehavior: dismiss and notify, webauthn:virtualAuthenticators: true}
Session ID: 92df5781f7b39948b4ff225cabbb0000
*** Element info: {Using=xpath, value=/html[1]/body[1]/app-root[1]/select-service[1]/div[1]/div[2]/div[1]/div[2]/div[3]/div[1]}
	at com.onco.webtests.NewUserSignupPaytmBookOnPriorityAppointment.NewUserSignupbookanpayatHospitalAppointmentWithFreeOpinion(NewUserSignupPaytmBookOnPriorityAppointment.java:37)
]]></failure>
    <system-out><![CDATA[2273268 [main] INFO com.onco.pages.SignUp  - Successfully clicked on Signup icon
2273268 [main] INFO com.onco.pages.SignUp  - Successfully clicked on Signup icon
2273268 [main] INFO com.onco.pages.SignUp  - Successfully clicked on Signup icon
2273268 [main] INFO com.onco.pages.SignUp  - Successfully clicked on Signup icon
2273268 [main] INFO com.onco.pages.SignUp  - Successfully clicked on Signup icon
2273268 [main] INFO com.onco.pages.SignUp  - Successfully clicked on Signup icon
2273268 [main] INFO com.onco.pages.SignUp  - Successfully clicked on Signup icon
2273268 [main] INFO com.onco.pages.SignUp  - Successfully clicked on Signup icon
2273268 [main] INFO com.onco.pages.SignUp  - Successfully clicked on Signup icon
2273268 [main] INFO com.onco.pages.SignUp  - Successfully clicked on Signup icon
2293320 [main] INFO com.onco.pages.SignUp  - Successfully clicked on Signup link icon
2293320 [main] INFO com.onco.pages.SignUp  - Successfully clicked on Signup link icon
2293320 [main] INFO com.onco.pages.SignUp  - Successfully clicked on Signup link icon
2293320 [main] INFO com.onco.pages.SignUp  - Successfully clicked on Signup link icon
2293320 [main] INFO com.onco.pages.SignUp  - Successfully clicked on Signup link icon
2293320 [main] INFO com.onco.pages.SignUp  - Successfully clicked on Signup link icon
2293320 [main] INFO com.onco.pages.SignUp  - Successfully clicked on Signup link icon
2293320 [main] INFO com.onco.pages.SignUp  - Successfully clicked on Signup link icon
2293320 [main] INFO com.onco.pages.SignUp  - Successfully clicked on Signup link icon
2293320 [main] INFO com.onco.pages.SignUp  - Successfully clicked on Signup link icon
2353408 [main] INFO com.onco.pages.Login  - Successfully clicked on OTP 
2353408 [main] INFO com.onco.pages.Login  - Successfully clicked on OTP 
2353408 [main] INFO com.onco.pages.Login  - Successfully clicked on OTP 
2353408 [main] INFO com.onco.pages.Login  - Successfully clicked on OTP 
2353408 [main] INFO com.onco.pages.Login  - Successfully clicked on OTP 
2353408 [main] INFO com.onco.pages.Login  - Successfully clicked on OTP 
2353408 [main] INFO com.onco.pages.Login  - Successfully clicked on OTP 
2353408 [main] INFO com.onco.pages.Login  - Successfully clicked on OTP 
2353408 [main] INFO com.onco.pages.Login  - Successfully clicked on OTP 
2353408 [main] INFO com.onco.pages.Login  - Successfully clicked on OTP 
2353557 [main] INFO com.onco.pages.Login  - Successfully entered OTP 
2353557 [main] INFO com.onco.pages.Login  - Successfully entered OTP 
2353557 [main] INFO com.onco.pages.Login  - Successfully entered OTP 
2353557 [main] INFO com.onco.pages.Login  - Successfully entered OTP 
2353557 [main] INFO com.onco.pages.Login  - Successfully entered OTP 
2353557 [main] INFO com.onco.pages.Login  - Successfully entered OTP 
2353557 [main] INFO com.onco.pages.Login  - Successfully entered OTP 
2353557 [main] INFO com.onco.pages.Login  - Successfully entered OTP 
2353557 [main] INFO com.onco.pages.Login  - Successfully entered OTP 
2353557 [main] INFO com.onco.pages.Login  - Successfully entered OTP 
2353592 [main] INFO com.onco.pages.Login  - Successfully clicked on proceed Button
2353592 [main] INFO com.onco.pages.Login  - Successfully clicked on proceed Button
2353592 [main] INFO com.onco.pages.Login  - Successfully clicked on proceed Button
2353592 [main] INFO com.onco.pages.Login  - Successfully clicked on proceed Button
2353592 [main] INFO com.onco.pages.Login  - Successfully clicked on proceed Button
2353592 [main] INFO com.onco.pages.Login  - Successfully clicked on proceed Button
2353592 [main] INFO com.onco.pages.Login  - Successfully clicked on proceed Button
2353592 [main] INFO com.onco.pages.Login  - Successfully clicked on proceed Button
2353592 [main] INFO com.onco.pages.Login  - Successfully clicked on proceed Button
2353592 [main] INFO com.onco.pages.Login  - Successfully clicked on proceed Button
]]></system-out>
    <system-err><![CDATA[Starting ChromeDriver 85.0.4183.87 (cd6713ebf92fa1cacc0f1a598df280093af0c5d7-refs/branch-heads/4183@{#1689}) on port 40115
Only local connections are allowed.
Please see https://chromedriver.chromium.org/security-considerations for suggestions on keeping ChromeDriver safe.
ChromeDriver was started successfully.
Sep 22, 2020 3:01:38 PM org.openqa.selenium.remote.ProtocolHandshake createSession
INFO: Detected dialect: W3C
org.openqa.selenium.NoSuchElementException: no such element: Unable to locate element: {"method":"xpath","selector":"//input[@placeholder='Name']"}
  (Session info: chrome=85.0.4183.102)
For documentation on this error, please visit: https://www.seleniumhq.org/exceptions/no_such_element.html
Build info: version: '3.141.59', revision: 'e82be7d358', time: '2018-11-14T08:17:03'
System info: host: 'Manjunaths-MBP', ip: '2409:4071:2089:d6a2:b5af:7b07:a08d:9046%en0', os.name: 'Mac OS X', os.arch: 'x86_64', os.version: '10.15.6', java.version: '1.8.0_231'
Driver info: org.openqa.selenium.chrome.ChromeDriver
Capabilities {acceptInsecureCerts: false, browserName: chrome, browserVersion: 85.0.4183.102, chrome: {chromedriverVersion: 85.0.4183.87 (cd6713ebf92fa..., userDataDir: /var/folders/p6/cbrrv70s47j...}, goog:chromeOptions: {debuggerAddress: localhost:50243}, javascriptEnabled: true, networkConnectionEnabled: false, pageLoadStrategy: none, platform: MAC, platformName: MAC, proxy: Proxy(), setWindowRect: true, strictFileInteractability: false, timeouts: {implicit: 0, pageLoad: 300000, script: 30000}, unhandledPromptBehavior: dismiss and notify, webauthn:virtualAuthenticators: true}
Session ID: 92df5781f7b39948b4ff225cabbb0000
*** Element info: {Using=xpath, value=//input[@placeholder='Name']}
	at sun.reflect.NativeConstructorAccessorImpl.newInstance0(Native Method)
	at sun.reflect.NativeConstructorAccessorImpl.newInstance(NativeConstructorAccessorImpl.java:62)
	at sun.reflect.DelegatingConstructorAccessorImpl.newInstance(DelegatingConstructorAccessorImpl.java:45)
	at java.lang.reflect.Constructor.newInstance(Constructor.java:423)
	at org.openqa.selenium.remote.http.W3CHttpResponseCodec.createException(W3CHttpResponseCodec.java:187)
	at org.openqa.selenium.remote.http.W3CHttpResponseCodec.decode(W3CHttpResponseCodec.java:122)
	at org.openqa.selenium.remote.http.W3CHttpResponseCodec.decode(W3CHttpResponseCodec.java:49)
	at org.openqa.selenium.remote.HttpCommandExecutor.execute(HttpCommandExecutor.java:158)
	at org.openqa.selenium.remote.service.DriverCommandExecutor.execute(DriverCommandExecutor.java:83)
	at org.openqa.selenium.remote.RemoteWebDriver.execute(RemoteWebDriver.java:552)
	at org.openqa.selenium.remote.RemoteWebDriver.findElement(RemoteWebDriver.java:323)
	at org.openqa.selenium.remote.RemoteWebDriver.findElementByXPath(RemoteWebDriver.java:428)
	at org.openqa.selenium.By$ByXPath.findElement(By.java:353)
	at org.openqa.selenium.remote.RemoteWebDriver.findElement(RemoteWebDriver.java:315)
	at org.openqa.selenium.support.pagefactory.DefaultElementLocator.findElement(DefaultElementLocator.java:69)
	at org.openqa.selenium.support.pagefactory.internal.LocatingElementHandler.invoke(LocatingElementHandler.java:38)
	at com.sun.proxy.$Proxy9.sendKeys(Unknown Source)
	at com.onco.pages.SignUp.signuppage(SignUp.java:82)
	at com.onco.webtests.NewUserSignupPaytmBookOnPriorityAppointment.NewUserSignupbookanpayatHospitalAppointmentWithFreeOpinion(NewUserSignupPaytmBookOnPriorityAppointment.java:30)
	at sun.reflect.NativeMethodAccessorImpl.invoke0(Native Method)
	at sun.reflect.NativeMethodAccessorImpl.invoke(NativeMethodAccessorImpl.java:62)
	at sun.reflect.DelegatingMethodAccessorImpl.invoke(DelegatingMethodAccessorImpl.java:43)
	at java.lang.reflect.Method.invoke(Method.java:498)
	at org.testng.internal.MethodInvocationHelper.invokeMethod(MethodInvocationHelper.java:124)
	at org.testng.internal.Invoker.invokeMethod(Invoker.java:583)
	at org.testng.internal.Invoker.invokeTestMethod(Invoker.java:719)
	at org.testng.internal.Invoker.invokeTestMethods(Invoker.java:989)
	at org.testng.internal.TestMethodWorker.invokeTestMethods(TestMethodWorker.java:125)
	at org.testng.internal.TestMethodWorker.run(TestMethodWorker.java:109)
	at org.testng.TestRunner.privateRun(TestRunner.java:648)
	at org.testng.TestRunner.run(TestRunner.java:505)
	at org.testng.SuiteRunner.runTest(SuiteRunner.java:455)
	at org.testng.SuiteRunner.runSequentially(SuiteRunner.java:450)
	at org.testng.SuiteRunner.privateRun(SuiteRunner.java:415)
	at org.testng.SuiteRunner.run(SuiteRunner.java:364)
	at org.testng.SuiteRunnerWorker.runSuite(SuiteRunnerWorker.java:52)
	at org.testng.SuiteRunnerWorker.run(SuiteRunnerWorker.java:84)
	at org.testng.TestNG.runSuitesSequentially(TestNG.java:1208)
	at org.testng.TestNG.runSuitesLocally(TestNG.java:1137)
	at org.testng.TestNG.runSuites(TestNG.java:1049)
	at org.testng.TestNG.run(TestNG.java:1017)
	at org.apache.maven.surefire.testng.TestNGExecutor.run(TestNGExecutor.java:283)
	at org.apache.maven.surefire.testng.TestNGXmlTestSuite.execute(TestNGXmlTestSuite.java:75)
	at org.apache.maven.surefire.testng.TestNGProvider.invoke(TestNGProvider.java:120)
	at org.apache.maven.surefire.booter.ForkedBooter.runSuitesInProcess(ForkedBooter.java:377)
	at org.apache.maven.surefire.booter.ForkedBooter.execute(ForkedBooter.java:138)
	at org.apache.maven.surefire.booter.ForkedBooter.run(ForkedBooter.java:465)
	at org.apache.maven.surefire.booter.ForkedBooter.main(ForkedBooter.java:451)
org.openqa.selenium.NoSuchElementException: no such element: Unable to locate element: {"method":"css selector","selector":"*[name='patientQueryId']"}
  (Session info: chrome=85.0.4183.102)
For documentation on this error, please visit: https://www.seleniumhq.org/exceptions/no_such_element.html
Build info: version: '3.141.59', revision: 'e82be7d358', time: '2018-11-14T08:17:03'
System info: host: 'Manjunaths-MBP', ip: '2409:4071:2089:d6a2:b5af:7b07:a08d:9046%en0', os.name: 'Mac OS X', os.arch: 'x86_64', os.version: '10.15.6', java.version: '1.8.0_231'
Driver info: org.openqa.selenium.chrome.ChromeDriver
Capabilities {acceptInsecureCerts: false, browserName: chrome, browserVersion: 85.0.4183.102, chrome: {chromedriverVersion: 85.0.4183.87 (cd6713ebf92fa..., userDataDir: /var/folders/p6/cbrrv70s47j...}, goog:chromeOptions: {debuggerAddress: localhost:50243}, javascriptEnabled: true, networkConnectionEnabled: false, pageLoadStrategy: none, platform: MAC, platformName: MAC, proxy: Proxy(), setWindowRect: true, strictFileInteractability: false, timeouts: {implicit: 0, pageLoad: 300000, script: 30000}, unhandledPromptBehavior: dismiss and notify, webauthn:virtualAuthenticators: true}
Session ID: 92df5781f7b39948b4ff225cabbb0000
*** Element info: {Using=name, value=patientQueryId}
	at sun.reflect.NativeConstructorAccessorImpl.newInstance0(Native Method)
	at sun.reflect.NativeConstructorAccessorImpl.newInstance(NativeConstructorAccessorImpl.java:62)
	at sun.reflect.DelegatingConstructorAccessorImpl.newInstance(DelegatingConstructorAccessorImpl.java:45)
	at java.lang.reflect.Constructor.newInstance(Constructor.java:423)
	at org.openqa.selenium.remote.http.W3CHttpResponseCodec.createException(W3CHttpResponseCodec.java:187)
	at org.openqa.selenium.remote.http.W3CHttpResponseCodec.decode(W3CHttpResponseCodec.java:122)
	at org.openqa.selenium.remote.http.W3CHttpResponseCodec.decode(W3CHttpResponseCodec.java:49)
	at org.openqa.selenium.remote.HttpCommandExecutor.execute(HttpCommandExecutor.java:158)
	at org.openqa.selenium.remote.service.DriverCommandExecutor.execute(DriverCommandExecutor.java:83)
	at org.openqa.selenium.remote.RemoteWebDriver.execute(RemoteWebDriver.java:552)
	at org.openqa.selenium.remote.RemoteWebDriver.findElement(RemoteWebDriver.java:323)
	at org.openqa.selenium.remote.RemoteWebDriver.findElementByName(RemoteWebDriver.java:404)
	at org.openqa.selenium.By$ByName.findElement(By.java:284)
	at org.openqa.selenium.remote.RemoteWebDriver.findElement(RemoteWebDriver.java:315)
	at com.onco.pages.SignUp.patientQuery(SignUp.java:116)
	at com.onco.webtests.NewUserSignupPaytmBookOnPriorityAppointment.NewUserSignupbookanpayatHospitalAppointmentWithFreeOpinion(NewUserSignupPaytmBookOnPriorityAppointment.java:31)
	at sun.reflect.NativeMethodAccessorImpl.invoke0(Native Method)
	at sun.reflect.NativeMethodAccessorImpl.invoke(NativeMethodAccessorImpl.java:62)
	at sun.reflect.DelegatingMethodAccessorImpl.invoke(DelegatingMethodAccessorImpl.java:43)
	at java.lang.reflect.Method.invoke(Method.java:498)
	at org.testng.internal.MethodInvocationHelper.invokeMethod(MethodInvocationHelper.java:124)
	at org.testng.internal.Invoker.invokeMethod(Invoker.java:583)
	at org.testng.internal.Invoker.invokeTestMethod(Invoker.java:719)
	at org.testng.internal.Invoker.invokeTestMethods(Invoker.java:989)
	at org.testng.internal.TestMethodWorker.invokeTestMethods(TestMethodWorker.java:125)
	at org.testng.internal.TestMethodWorker.run(TestMethodWorker.java:109)
	at org.testng.TestRunner.privateRun(TestRunner.java:648)
	at org.testng.TestRunner.run(TestRunner.java:505)
	at org.testng.SuiteRunner.runTest(SuiteRunner.java:455)
	at org.testng.SuiteRunner.runSequentially(SuiteRunner.java:450)
	at org.testng.SuiteRunner.privateRun(SuiteRunner.java:415)
	at org.testng.SuiteRunner.run(SuiteRunner.java:364)
	at org.testng.SuiteRunnerWorker.runSuite(SuiteRunnerWorker.java:52)
	at org.testng.SuiteRunnerWorker.run(SuiteRunnerWorker.java:84)
	at org.testng.TestNG.runSuitesSequentially(TestNG.java:1208)
	at org.testng.TestNG.runSuitesLocally(TestNG.java:1137)
	at org.testng.TestNG.runSuites(TestNG.java:1049)
	at org.testng.TestNG.run(TestNG.java:1017)
	at org.apache.maven.surefire.testng.TestNGExecutor.run(TestNGExecutor.java:283)
	at org.apache.maven.surefire.testng.TestNGXmlTestSuite.execute(TestNGXmlTestSuite.java:75)
	at org.apache.maven.surefire.testng.TestNGProvider.invoke(TestNGProvider.java:120)
	at org.apache.maven.surefire.booter.ForkedBooter.runSuitesInProcess(ForkedBooter.java:377)
	at org.apache.maven.surefire.booter.ForkedBooter.execute(ForkedBooter.java:138)
	at org.apache.maven.surefire.booter.ForkedBooter.run(ForkedBooter.java:465)
	at org.apache.maven.surefire.booter.ForkedBooter.main(ForkedBooter.java:451)
]]></system-err>
  </testcase>
  <testcase name="addResultForTestCase" classname="com.onco.webtests.NewUserSignupPaytmBookOnPriorityAppointment" time="120.096">
    <failure message="&#10;Can inject only one of &lt;ITestContext, XmlTest&gt; into a @AfterClass annotated addResultForTestCase.&#10;For more information on native dependency injection please refer to http://testng.org/doc/documentation-main.html#native-dependency-injection" type="org.testng.TestNGException"><![CDATA[org.testng.TestNGException: 

Can inject only one of <ITestContext, XmlTest> into a @AfterClass annotated addResultForTestCase.
For more information on native dependency injection please refer to http://testng.org/doc/documentation-main.html#native-dependency-injection
]]></failure>
    <system-out><![CDATA[2386755 [main] DEBUG org.apache.http.impl.conn.BasicClientConnectionManager  - Get connection for route {s}->https://backstage.onco.com:443
2386755 [main] DEBUG org.apache.http.impl.conn.BasicClientConnectionManager  - Get connection for route {s}->https://backstage.onco.com:443
2386755 [main] DEBUG org.apache.http.impl.conn.BasicClientConnectionManager  - Get connection for route {s}->https://backstage.onco.com:443
2386755 [main] DEBUG org.apache.http.impl.conn.BasicClientConnectionManager  - Get connection for route {s}->https://backstage.onco.com:443
2386755 [main] DEBUG org.apache.http.impl.conn.BasicClientConnectionManager  - Get connection for route {s}->https://backstage.onco.com:443
2386755 [main] DEBUG org.apache.http.impl.conn.BasicClientConnectionManager  - Get connection for route {s}->https://backstage.onco.com:443
2386755 [main] DEBUG org.apache.http.impl.conn.BasicClientConnectionManager  - Get connection for route {s}->https://backstage.onco.com:443
2386755 [main] DEBUG org.apache.http.impl.conn.BasicClientConnectionManager  - Get connection for route {s}->https://backstage.onco.com:443
2386755 [main] DEBUG org.apache.http.impl.conn.BasicClientConnectionManager  - Get connection for route {s}->https://backstage.onco.com:443
2386755 [main] DEBUG org.apache.http.impl.conn.BasicClientConnectionManager  - Get connection for route {s}->https://backstage.onco.com:443
2386757 [main] DEBUG org.apache.http.impl.conn.DefaultClientConnectionOperator  - Connecting to backstage.onco.com:443
2386757 [main] DEBUG org.apache.http.impl.conn.DefaultClientConnectionOperator  - Connecting to backstage.onco.com:443
2386757 [main] DEBUG org.apache.http.impl.conn.DefaultClientConnectionOperator  - Connecting to backstage.onco.com:443
2386757 [main] DEBUG org.apache.http.impl.conn.DefaultClientConnectionOperator  - Connecting to backstage.onco.com:443
2386757 [main] DEBUG org.apache.http.impl.conn.DefaultClientConnectionOperator  - Connecting to backstage.onco.com:443
2386757 [main] DEBUG org.apache.http.impl.conn.DefaultClientConnectionOperator  - Connecting to backstage.onco.com:443
2386757 [main] DEBUG org.apache.http.impl.conn.DefaultClientConnectionOperator  - Connecting to backstage.onco.com:443
2386757 [main] DEBUG org.apache.http.impl.conn.DefaultClientConnectionOperator  - Connecting to backstage.onco.com:443
2386757 [main] DEBUG org.apache.http.impl.conn.DefaultClientConnectionOperator  - Connecting to backstage.onco.com:443
2386757 [main] DEBUG org.apache.http.impl.conn.DefaultClientConnectionOperator  - Connecting to backstage.onco.com:443
2388875 [main] DEBUG org.apache.http.client.protocol.RequestAddCookies  - CookieSpec selected: ignoreCookies
2388875 [main] DEBUG org.apache.http.client.protocol.RequestAddCookies  - CookieSpec selected: ignoreCookies
2388875 [main] DEBUG org.apache.http.client.protocol.RequestAddCookies  - CookieSpec selected: ignoreCookies
2388875 [main] DEBUG org.apache.http.client.protocol.RequestAddCookies  - CookieSpec selected: ignoreCookies
2388875 [main] DEBUG org.apache.http.client.protocol.RequestAddCookies  - CookieSpec selected: ignoreCookies
2388875 [main] DEBUG org.apache.http.client.protocol.RequestAddCookies  - CookieSpec selected: ignoreCookies
2388875 [main] DEBUG org.apache.http.client.protocol.RequestAddCookies  - CookieSpec selected: ignoreCookies
2388875 [main] DEBUG org.apache.http.client.protocol.RequestAddCookies  - CookieSpec selected: ignoreCookies
2388875 [main] DEBUG org.apache.http.client.protocol.RequestAddCookies  - CookieSpec selected: ignoreCookies
2388875 [main] DEBUG org.apache.http.client.protocol.RequestAddCookies  - CookieSpec selected: ignoreCookies
2388876 [main] DEBUG org.apache.http.client.protocol.RequestAuthCache  - Auth cache not set in the context
2388876 [main] DEBUG org.apache.http.client.protocol.RequestAuthCache  - Auth cache not set in the context
2388876 [main] DEBUG org.apache.http.client.protocol.RequestAuthCache  - Auth cache not set in the context
2388876 [main] DEBUG org.apache.http.client.protocol.RequestAuthCache  - Auth cache not set in the context
2388876 [main] DEBUG org.apache.http.client.protocol.RequestAuthCache  - Auth cache not set in the context
2388876 [main] DEBUG org.apache.http.client.protocol.RequestAuthCache  - Auth cache not set in the context
2388876 [main] DEBUG org.apache.http.client.protocol.RequestAuthCache  - Auth cache not set in the context
2388876 [main] DEBUG org.apache.http.client.protocol.RequestAuthCache  - Auth cache not set in the context
2388876 [main] DEBUG org.apache.http.client.protocol.RequestAuthCache  - Auth cache not set in the context
2388876 [main] DEBUG org.apache.http.client.protocol.RequestAuthCache  - Auth cache not set in the context
2388876 [main] DEBUG org.apache.http.client.protocol.RequestTargetAuthentication  - Target auth state: UNCHALLENGED
2388876 [main] DEBUG org.apache.http.client.protocol.RequestTargetAuthentication  - Target auth state: UNCHALLENGED
2388876 [main] DEBUG org.apache.http.client.protocol.RequestTargetAuthentication  - Target auth state: UNCHALLENGED
2388876 [main] DEBUG org.apache.http.client.protocol.RequestTargetAuthentication  - Target auth state: UNCHALLENGED
2388876 [main] DEBUG org.apache.http.client.protocol.RequestTargetAuthentication  - Target auth state: UNCHALLENGED
2388876 [main] DEBUG org.apache.http.client.protocol.RequestTargetAuthentication  - Target auth state: UNCHALLENGED
2388876 [main] DEBUG org.apache.http.client.protocol.RequestTargetAuthentication  - Target auth state: UNCHALLENGED
2388876 [main] DEBUG org.apache.http.client.protocol.RequestTargetAuthentication  - Target auth state: UNCHALLENGED
2388876 [main] DEBUG org.apache.http.client.protocol.RequestTargetAuthentication  - Target auth state: UNCHALLENGED
2388876 [main] DEBUG org.apache.http.client.protocol.RequestTargetAuthentication  - Target auth state: UNCHALLENGED
2388877 [main] DEBUG org.apache.http.client.protocol.RequestProxyAuthentication  - Proxy auth state: UNCHALLENGED
2388877 [main] DEBUG org.apache.http.client.protocol.RequestProxyAuthentication  - Proxy auth state: UNCHALLENGED
2388877 [main] DEBUG org.apache.http.client.protocol.RequestProxyAuthentication  - Proxy auth state: UNCHALLENGED
2388877 [main] DEBUG org.apache.http.client.protocol.RequestProxyAuthentication  - Proxy auth state: UNCHALLENGED
2388877 [main] DEBUG org.apache.http.client.protocol.RequestProxyAuthentication  - Proxy auth state: UNCHALLENGED
2388877 [main] DEBUG org.apache.http.client.protocol.RequestProxyAuthentication  - Proxy auth state: UNCHALLENGED
2388877 [main] DEBUG org.apache.http.client.protocol.RequestProxyAuthentication  - Proxy auth state: UNCHALLENGED
2388877 [main] DEBUG org.apache.http.client.protocol.RequestProxyAuthentication  - Proxy auth state: UNCHALLENGED
2388877 [main] DEBUG org.apache.http.client.protocol.RequestProxyAuthentication  - Proxy auth state: UNCHALLENGED
2388877 [main] DEBUG org.apache.http.client.protocol.RequestProxyAuthentication  - Proxy auth state: UNCHALLENGED
2388878 [main] DEBUG org.apache.http.impl.client.DefaultHttpClient  - Attempt 1 to execute request
2388878 [main] DEBUG org.apache.http.impl.client.DefaultHttpClient  - Attempt 1 to execute request
2388878 [main] DEBUG org.apache.http.impl.client.DefaultHttpClient  - Attempt 1 to execute request
2388878 [main] DEBUG org.apache.http.impl.client.DefaultHttpClient  - Attempt 1 to execute request
2388878 [main] DEBUG org.apache.http.impl.client.DefaultHttpClient  - Attempt 1 to execute request
2388878 [main] DEBUG org.apache.http.impl.client.DefaultHttpClient  - Attempt 1 to execute request
2388878 [main] DEBUG org.apache.http.impl.client.DefaultHttpClient  - Attempt 1 to execute request
2388878 [main] DEBUG org.apache.http.impl.client.DefaultHttpClient  - Attempt 1 to execute request
2388878 [main] DEBUG org.apache.http.impl.client.DefaultHttpClient  - Attempt 1 to execute request
2388878 [main] DEBUG org.apache.http.impl.client.DefaultHttpClient  - Attempt 1 to execute request
2388878 [main] DEBUG org.apache.http.impl.conn.DefaultClientConnection  - Sending request: POST /onco-auth/oapi/user-cred/remove-lead HTTP/1.1
2388878 [main] DEBUG org.apache.http.impl.conn.DefaultClientConnection  - Sending request: POST /onco-auth/oapi/user-cred/remove-lead HTTP/1.1
2388878 [main] DEBUG org.apache.http.impl.conn.DefaultClientConnection  - Sending request: POST /onco-auth/oapi/user-cred/remove-lead HTTP/1.1
2388878 [main] DEBUG org.apache.http.impl.conn.DefaultClientConnection  - Sending request: POST /onco-auth/oapi/user-cred/remove-lead HTTP/1.1
2388878 [main] DEBUG org.apache.http.impl.conn.DefaultClientConnection  - Sending request: POST /onco-auth/oapi/user-cred/remove-lead HTTP/1.1
2388878 [main] DEBUG org.apache.http.impl.conn.DefaultClientConnection  - Sending request: POST /onco-auth/oapi/user-cred/remove-lead HTTP/1.1
2388878 [main] DEBUG org.apache.http.impl.conn.DefaultClientConnection  - Sending request: POST /onco-auth/oapi/user-cred/remove-lead HTTP/1.1
2388878 [main] DEBUG org.apache.http.impl.conn.DefaultClientConnection  - Sending request: POST /onco-auth/oapi/user-cred/remove-lead HTTP/1.1
2388878 [main] DEBUG org.apache.http.impl.conn.DefaultClientConnection  - Sending request: POST /onco-auth/oapi/user-cred/remove-lead HTTP/1.1
2388878 [main] DEBUG org.apache.http.impl.conn.DefaultClientConnection  - Sending request: POST /onco-auth/oapi/user-cred/remove-lead HTTP/1.1
2388879 [main] DEBUG org.apache.http.wire  -  >> "POST /onco-auth/oapi/user-cred/remove-lead HTTP/1.1[\r][\n]"
2388879 [main] DEBUG org.apache.http.wire  -  >> "POST /onco-auth/oapi/user-cred/remove-lead HTTP/1.1[\r][\n]"
2388879 [main] DEBUG org.apache.http.wire  -  >> "POST /onco-auth/oapi/user-cred/remove-lead HTTP/1.1[\r][\n]"
2388879 [main] DEBUG org.apache.http.wire  -  >> "POST /onco-auth/oapi/user-cred/remove-lead HTTP/1.1[\r][\n]"
2388879 [main] DEBUG org.apache.http.wire  -  >> "POST /onco-auth/oapi/user-cred/remove-lead HTTP/1.1[\r][\n]"
2388879 [main] DEBUG org.apache.http.wire  -  >> "POST /onco-auth/oapi/user-cred/remove-lead HTTP/1.1[\r][\n]"
2388879 [main] DEBUG org.apache.http.wire  -  >> "POST /onco-auth/oapi/user-cred/remove-lead HTTP/1.1[\r][\n]"
2388879 [main] DEBUG org.apache.http.wire  -  >> "POST /onco-auth/oapi/user-cred/remove-lead HTTP/1.1[\r][\n]"
2388879 [main] DEBUG org.apache.http.wire  -  >> "POST /onco-auth/oapi/user-cred/remove-lead HTTP/1.1[\r][\n]"
2388879 [main] DEBUG org.apache.http.wire  -  >> "POST /onco-auth/oapi/user-cred/remove-lead HTTP/1.1[\r][\n]"
2388879 [main] DEBUG org.apache.http.wire  -  >> ":  [\r][\n]"
2388879 [main] DEBUG org.apache.http.wire  -  >> ":  [\r][\n]"
2388879 [main] DEBUG org.apache.http.wire  -  >> ":  [\r][\n]"
2388879 [main] DEBUG org.apache.http.wire  -  >> ":  [\r][\n]"
2388879 [main] DEBUG org.apache.http.wire  -  >> ":  [\r][\n]"
2388879 [main] DEBUG org.apache.http.wire  -  >> ":  [\r][\n]"
2388879 [main] DEBUG org.apache.http.wire  -  >> ":  [\r][\n]"
2388879 [main] DEBUG org.apache.http.wire  -  >> ":  [\r][\n]"
2388879 [main] DEBUG org.apache.http.wire  -  >> ":  [\r][\n]"
2388879 [main] DEBUG org.apache.http.wire  -  >> ":  [\r][\n]"
2388880 [main] DEBUG org.apache.http.wire  -  >> "Accept: */*[\r][\n]"
2388880 [main] DEBUG org.apache.http.wire  -  >> "Accept: */*[\r][\n]"
2388880 [main] DEBUG org.apache.http.wire  -  >> "Accept: */*[\r][\n]"
2388880 [main] DEBUG org.apache.http.wire  -  >> "Accept: */*[\r][\n]"
2388880 [main] DEBUG org.apache.http.wire  -  >> "Accept: */*[\r][\n]"
2388880 [main] DEBUG org.apache.http.wire  -  >> "Accept: */*[\r][\n]"
2388880 [main] DEBUG org.apache.http.wire  -  >> "Accept: */*[\r][\n]"
2388880 [main] DEBUG org.apache.http.wire  -  >> "Accept: */*[\r][\n]"
2388880 [main] DEBUG org.apache.http.wire  -  >> "Accept: */*[\r][\n]"
2388880 [main] DEBUG org.apache.http.wire  -  >> "Accept: */*[\r][\n]"
2388880 [main] DEBUG org.apache.http.wire  -  >> "Content-Type: application/json; charset=UTF-8[\r][\n]"
2388880 [main] DEBUG org.apache.http.wire  -  >> "Content-Type: application/json; charset=UTF-8[\r][\n]"
2388880 [main] DEBUG org.apache.http.wire  -  >> "Content-Type: application/json; charset=UTF-8[\r][\n]"
2388880 [main] DEBUG org.apache.http.wire  -  >> "Content-Type: application/json; charset=UTF-8[\r][\n]"
2388880 [main] DEBUG org.apache.http.wire  -  >> "Content-Type: application/json; charset=UTF-8[\r][\n]"
2388880 [main] DEBUG org.apache.http.wire  -  >> "Content-Type: application/json; charset=UTF-8[\r][\n]"
2388880 [main] DEBUG org.apache.http.wire  -  >> "Content-Type: application/json; charset=UTF-8[\r][\n]"
2388880 [main] DEBUG org.apache.http.wire  -  >> "Content-Type: application/json; charset=UTF-8[\r][\n]"
2388880 [main] DEBUG org.apache.http.wire  -  >> "Content-Type: application/json; charset=UTF-8[\r][\n]"
2388880 [main] DEBUG org.apache.http.wire  -  >> "Content-Type: application/json; charset=UTF-8[\r][\n]"
2388880 [main] DEBUG org.apache.http.wire  -  >> "Content-Length: 83[\r][\n]"
2388880 [main] DEBUG org.apache.http.wire  -  >> "Content-Length: 83[\r][\n]"
2388880 [main] DEBUG org.apache.http.wire  -  >> "Content-Length: 83[\r][\n]"
2388880 [main] DEBUG org.apache.http.wire  -  >> "Content-Length: 83[\r][\n]"
2388880 [main] DEBUG org.apache.http.wire  -  >> "Content-Length: 83[\r][\n]"
2388880 [main] DEBUG org.apache.http.wire  -  >> "Content-Length: 83[\r][\n]"
2388880 [main] DEBUG org.apache.http.wire  -  >> "Content-Length: 83[\r][\n]"
2388880 [main] DEBUG org.apache.http.wire  -  >> "Content-Length: 83[\r][\n]"
2388880 [main] DEBUG org.apache.http.wire  -  >> "Content-Length: 83[\r][\n]"
2388880 [main] DEBUG org.apache.http.wire  -  >> "Content-Length: 83[\r][\n]"
2388881 [main] DEBUG org.apache.http.wire  -  >> "Host: backstage.onco.com[\r][\n]"
2388881 [main] DEBUG org.apache.http.wire  -  >> "Host: backstage.onco.com[\r][\n]"
2388881 [main] DEBUG org.apache.http.wire  -  >> "Host: backstage.onco.com[\r][\n]"
2388881 [main] DEBUG org.apache.http.wire  -  >> "Host: backstage.onco.com[\r][\n]"
2388881 [main] DEBUG org.apache.http.wire  -  >> "Host: backstage.onco.com[\r][\n]"
2388881 [main] DEBUG org.apache.http.wire  -  >> "Host: backstage.onco.com[\r][\n]"
2388881 [main] DEBUG org.apache.http.wire  -  >> "Host: backstage.onco.com[\r][\n]"
2388881 [main] DEBUG org.apache.http.wire  -  >> "Host: backstage.onco.com[\r][\n]"
2388881 [main] DEBUG org.apache.http.wire  -  >> "Host: backstage.onco.com[\r][\n]"
2388881 [main] DEBUG org.apache.http.wire  -  >> "Host: backstage.onco.com[\r][\n]"
2388881 [main] DEBUG org.apache.http.wire  -  >> "Connection: Keep-Alive[\r][\n]"
2388881 [main] DEBUG org.apache.http.wire  -  >> "Connection: Keep-Alive[\r][\n]"
2388881 [main] DEBUG org.apache.http.wire  -  >> "Connection: Keep-Alive[\r][\n]"
2388881 [main] DEBUG org.apache.http.wire  -  >> "Connection: Keep-Alive[\r][\n]"
2388881 [main] DEBUG org.apache.http.wire  -  >> "Connection: Keep-Alive[\r][\n]"
2388881 [main] DEBUG org.apache.http.wire  -  >> "Connection: Keep-Alive[\r][\n]"
2388881 [main] DEBUG org.apache.http.wire  -  >> "Connection: Keep-Alive[\r][\n]"
2388881 [main] DEBUG org.apache.http.wire  -  >> "Connection: Keep-Alive[\r][\n]"
2388881 [main] DEBUG org.apache.http.wire  -  >> "Connection: Keep-Alive[\r][\n]"
2388881 [main] DEBUG org.apache.http.wire  -  >> "Connection: Keep-Alive[\r][\n]"
2388882 [main] DEBUG org.apache.http.wire  -  >> "User-Agent: Apache-HttpClient/4.5.5 (Java/1.8.0_231)[\r][\n]"
2388882 [main] DEBUG org.apache.http.wire  -  >> "User-Agent: Apache-HttpClient/4.5.5 (Java/1.8.0_231)[\r][\n]"
2388882 [main] DEBUG org.apache.http.wire  -  >> "User-Agent: Apache-HttpClient/4.5.5 (Java/1.8.0_231)[\r][\n]"
2388882 [main] DEBUG org.apache.http.wire  -  >> "User-Agent: Apache-HttpClient/4.5.5 (Java/1.8.0_231)[\r][\n]"
2388882 [main] DEBUG org.apache.http.wire  -  >> "User-Agent: Apache-HttpClient/4.5.5 (Java/1.8.0_231)[\r][\n]"
2388882 [main] DEBUG org.apache.http.wire  -  >> "User-Agent: Apache-HttpClient/4.5.5 (Java/1.8.0_231)[\r][\n]"
2388882 [main] DEBUG org.apache.http.wire  -  >> "User-Agent: Apache-HttpClient/4.5.5 (Java/1.8.0_231)[\r][\n]"
2388882 [main] DEBUG org.apache.http.wire  -  >> "User-Agent: Apache-HttpClient/4.5.5 (Java/1.8.0_231)[\r][\n]"
2388882 [main] DEBUG org.apache.http.wire  -  >> "User-Agent: Apache-HttpClient/4.5.5 (Java/1.8.0_231)[\r][\n]"
2388882 [main] DEBUG org.apache.http.wire  -  >> "User-Agent: Apache-HttpClient/4.5.5 (Java/1.8.0_231)[\r][\n]"
2388882 [main] DEBUG org.apache.http.wire  -  >> "Accept-Encoding: gzip,deflate[\r][\n]"
2388882 [main] DEBUG org.apache.http.wire  -  >> "Accept-Encoding: gzip,deflate[\r][\n]"
2388882 [main] DEBUG org.apache.http.wire  -  >> "Accept-Encoding: gzip,deflate[\r][\n]"
2388882 [main] DEBUG org.apache.http.wire  -  >> "Accept-Encoding: gzip,deflate[\r][\n]"
2388882 [main] DEBUG org.apache.http.wire  -  >> "Accept-Encoding: gzip,deflate[\r][\n]"
2388882 [main] DEBUG org.apache.http.wire  -  >> "Accept-Encoding: gzip,deflate[\r][\n]"
2388882 [main] DEBUG org.apache.http.wire  -  >> "Accept-Encoding: gzip,deflate[\r][\n]"
2388882 [main] DEBUG org.apache.http.wire  -  >> "Accept-Encoding: gzip,deflate[\r][\n]"
2388882 [main] DEBUG org.apache.http.wire  -  >> "Accept-Encoding: gzip,deflate[\r][\n]"
2388882 [main] DEBUG org.apache.http.wire  -  >> "Accept-Encoding: gzip,deflate[\r][\n]"
2388882 [main] DEBUG org.apache.http.wire  -  >> "[\r][\n]"
2388882 [main] DEBUG org.apache.http.wire  -  >> "[\r][\n]"
2388882 [main] DEBUG org.apache.http.wire  -  >> "[\r][\n]"
2388882 [main] DEBUG org.apache.http.wire  -  >> "[\r][\n]"
2388882 [main] DEBUG org.apache.http.wire  -  >> "[\r][\n]"
2388882 [main] DEBUG org.apache.http.wire  -  >> "[\r][\n]"
2388882 [main] DEBUG org.apache.http.wire  -  >> "[\r][\n]"
2388882 [main] DEBUG org.apache.http.wire  -  >> "[\r][\n]"
2388882 [main] DEBUG org.apache.http.wire  -  >> "[\r][\n]"
2388882 [main] DEBUG org.apache.http.wire  -  >> "[\r][\n]"
2388883 [main] DEBUG org.apache.http.headers  - >> POST /onco-auth/oapi/user-cred/remove-lead HTTP/1.1
2388883 [main] DEBUG org.apache.http.headers  - >> POST /onco-auth/oapi/user-cred/remove-lead HTTP/1.1
2388883 [main] DEBUG org.apache.http.headers  - >> POST /onco-auth/oapi/user-cred/remove-lead HTTP/1.1
2388883 [main] DEBUG org.apache.http.headers  - >> POST /onco-auth/oapi/user-cred/remove-lead HTTP/1.1
2388883 [main] DEBUG org.apache.http.headers  - >> POST /onco-auth/oapi/user-cred/remove-lead HTTP/1.1
2388883 [main] DEBUG org.apache.http.headers  - >> POST /onco-auth/oapi/user-cred/remove-lead HTTP/1.1
2388883 [main] DEBUG org.apache.http.headers  - >> POST /onco-auth/oapi/user-cred/remove-lead HTTP/1.1
2388883 [main] DEBUG org.apache.http.headers  - >> POST /onco-auth/oapi/user-cred/remove-lead HTTP/1.1
2388883 [main] DEBUG org.apache.http.headers  - >> POST /onco-auth/oapi/user-cred/remove-lead HTTP/1.1
2388883 [main] DEBUG org.apache.http.headers  - >> POST /onco-auth/oapi/user-cred/remove-lead HTTP/1.1
2388883 [main] DEBUG org.apache.http.headers  - >> :  
2388883 [main] DEBUG org.apache.http.headers  - >> :  
2388883 [main] DEBUG org.apache.http.headers  - >> :  
2388883 [main] DEBUG org.apache.http.headers  - >> :  
2388883 [main] DEBUG org.apache.http.headers  - >> :  
2388883 [main] DEBUG org.apache.http.headers  - >> :  
2388883 [main] DEBUG org.apache.http.headers  - >> :  
2388883 [main] DEBUG org.apache.http.headers  - >> :  
2388883 [main] DEBUG org.apache.http.headers  - >> :  
2388883 [main] DEBUG org.apache.http.headers  - >> :  
2388883 [main] DEBUG org.apache.http.headers  - >> Accept: */*
2388883 [main] DEBUG org.apache.http.headers  - >> Accept: */*
2388883 [main] DEBUG org.apache.http.headers  - >> Accept: */*
2388883 [main] DEBUG org.apache.http.headers  - >> Accept: */*
2388883 [main] DEBUG org.apache.http.headers  - >> Accept: */*
2388883 [main] DEBUG org.apache.http.headers  - >> Accept: */*
2388883 [main] DEBUG org.apache.http.headers  - >> Accept: */*
2388883 [main] DEBUG org.apache.http.headers  - >> Accept: */*
2388883 [main] DEBUG org.apache.http.headers  - >> Accept: */*
2388883 [main] DEBUG org.apache.http.headers  - >> Accept: */*
2388884 [main] DEBUG org.apache.http.headers  - >> Content-Type: application/json; charset=UTF-8
2388884 [main] DEBUG org.apache.http.headers  - >> Content-Type: application/json; charset=UTF-8
2388884 [main] DEBUG org.apache.http.headers  - >> Content-Type: application/json; charset=UTF-8
2388884 [main] DEBUG org.apache.http.headers  - >> Content-Type: application/json; charset=UTF-8
2388884 [main] DEBUG org.apache.http.headers  - >> Content-Type: application/json; charset=UTF-8
2388884 [main] DEBUG org.apache.http.headers  - >> Content-Type: application/json; charset=UTF-8
2388884 [main] DEBUG org.apache.http.headers  - >> Content-Type: application/json; charset=UTF-8
2388884 [main] DEBUG org.apache.http.headers  - >> Content-Type: application/json; charset=UTF-8
2388884 [main] DEBUG org.apache.http.headers  - >> Content-Type: application/json; charset=UTF-8
2388884 [main] DEBUG org.apache.http.headers  - >> Content-Type: application/json; charset=UTF-8
2388884 [main] DEBUG org.apache.http.headers  - >> Content-Length: 83
2388884 [main] DEBUG org.apache.http.headers  - >> Content-Length: 83
2388884 [main] DEBUG org.apache.http.headers  - >> Content-Length: 83
2388884 [main] DEBUG org.apache.http.headers  - >> Content-Length: 83
2388884 [main] DEBUG org.apache.http.headers  - >> Content-Length: 83
2388884 [main] DEBUG org.apache.http.headers  - >> Content-Length: 83
2388884 [main] DEBUG org.apache.http.headers  - >> Content-Length: 83
2388884 [main] DEBUG org.apache.http.headers  - >> Content-Length: 83
2388884 [main] DEBUG org.apache.http.headers  - >> Content-Length: 83
2388884 [main] DEBUG org.apache.http.headers  - >> Content-Length: 83
2388884 [main] DEBUG org.apache.http.headers  - >> Host: backstage.onco.com
2388884 [main] DEBUG org.apache.http.headers  - >> Host: backstage.onco.com
2388884 [main] DEBUG org.apache.http.headers  - >> Host: backstage.onco.com
2388884 [main] DEBUG org.apache.http.headers  - >> Host: backstage.onco.com
2388884 [main] DEBUG org.apache.http.headers  - >> Host: backstage.onco.com
2388884 [main] DEBUG org.apache.http.headers  - >> Host: backstage.onco.com
2388884 [main] DEBUG org.apache.http.headers  - >> Host: backstage.onco.com
2388884 [main] DEBUG org.apache.http.headers  - >> Host: backstage.onco.com
2388884 [main] DEBUG org.apache.http.headers  - >> Host: backstage.onco.com
2388884 [main] DEBUG org.apache.http.headers  - >> Host: backstage.onco.com
2388884 [main] DEBUG org.apache.http.headers  - >> Connection: Keep-Alive
2388884 [main] DEBUG org.apache.http.headers  - >> Connection: Keep-Alive
2388884 [main] DEBUG org.apache.http.headers  - >> Connection: Keep-Alive
2388884 [main] DEBUG org.apache.http.headers  - >> Connection: Keep-Alive
2388884 [main] DEBUG org.apache.http.headers  - >> Connection: Keep-Alive
2388884 [main] DEBUG org.apache.http.headers  - >> Connection: Keep-Alive
2388884 [main] DEBUG org.apache.http.headers  - >> Connection: Keep-Alive
2388884 [main] DEBUG org.apache.http.headers  - >> Connection: Keep-Alive
2388884 [main] DEBUG org.apache.http.headers  - >> Connection: Keep-Alive
2388884 [main] DEBUG org.apache.http.headers  - >> Connection: Keep-Alive
2388885 [main] DEBUG org.apache.http.headers  - >> User-Agent: Apache-HttpClient/4.5.5 (Java/1.8.0_231)
2388885 [main] DEBUG org.apache.http.headers  - >> User-Agent: Apache-HttpClient/4.5.5 (Java/1.8.0_231)
2388885 [main] DEBUG org.apache.http.headers  - >> User-Agent: Apache-HttpClient/4.5.5 (Java/1.8.0_231)
2388885 [main] DEBUG org.apache.http.headers  - >> User-Agent: Apache-HttpClient/4.5.5 (Java/1.8.0_231)
2388885 [main] DEBUG org.apache.http.headers  - >> User-Agent: Apache-HttpClient/4.5.5 (Java/1.8.0_231)
2388885 [main] DEBUG org.apache.http.headers  - >> User-Agent: Apache-HttpClient/4.5.5 (Java/1.8.0_231)
2388885 [main] DEBUG org.apache.http.headers  - >> User-Agent: Apache-HttpClient/4.5.5 (Java/1.8.0_231)
2388885 [main] DEBUG org.apache.http.headers  - >> User-Agent: Apache-HttpClient/4.5.5 (Java/1.8.0_231)
2388885 [main] DEBUG org.apache.http.headers  - >> User-Agent: Apache-HttpClient/4.5.5 (Java/1.8.0_231)
2388885 [main] DEBUG org.apache.http.headers  - >> User-Agent: Apache-HttpClient/4.5.5 (Java/1.8.0_231)
2388885 [main] DEBUG org.apache.http.headers  - >> Accept-Encoding: gzip,deflate
2388885 [main] DEBUG org.apache.http.headers  - >> Accept-Encoding: gzip,deflate
2388885 [main] DEBUG org.apache.http.headers  - >> Accept-Encoding: gzip,deflate
2388885 [main] DEBUG org.apache.http.headers  - >> Accept-Encoding: gzip,deflate
2388885 [main] DEBUG org.apache.http.headers  - >> Accept-Encoding: gzip,deflate
2388885 [main] DEBUG org.apache.http.headers  - >> Accept-Encoding: gzip,deflate
2388885 [main] DEBUG org.apache.http.headers  - >> Accept-Encoding: gzip,deflate
2388885 [main] DEBUG org.apache.http.headers  - >> Accept-Encoding: gzip,deflate
2388885 [main] DEBUG org.apache.http.headers  - >> Accept-Encoding: gzip,deflate
2388885 [main] DEBUG org.apache.http.headers  - >> Accept-Encoding: gzip,deflate
2388885 [main] DEBUG org.apache.http.wire  -  >> "{[\n]"
2388885 [main] DEBUG org.apache.http.wire  -  >> "{[\n]"
2388885 [main] DEBUG org.apache.http.wire  -  >> "{[\n]"
2388885 [main] DEBUG org.apache.http.wire  -  >> "{[\n]"
2388885 [main] DEBUG org.apache.http.wire  -  >> "{[\n]"
2388885 [main] DEBUG org.apache.http.wire  -  >> "{[\n]"
2388885 [main] DEBUG org.apache.http.wire  -  >> "{[\n]"
2388885 [main] DEBUG org.apache.http.wire  -  >> "{[\n]"
2388885 [main] DEBUG org.apache.http.wire  -  >> "{[\n]"
2388885 [main] DEBUG org.apache.http.wire  -  >> "{[\n]"
2388886 [main] DEBUG org.apache.http.wire  -  >> "    "phoneNumber": "+918310744975",[\n]"
2388886 [main] DEBUG org.apache.http.wire  -  >> "    "phoneNumber": "+918310744975",[\n]"
2388886 [main] DEBUG org.apache.http.wire  -  >> "    "phoneNumber": "+918310744975",[\n]"
2388886 [main] DEBUG org.apache.http.wire  -  >> "    "phoneNumber": "+918310744975",[\n]"
2388886 [main] DEBUG org.apache.http.wire  -  >> "    "phoneNumber": "+918310744975",[\n]"
2388886 [main] DEBUG org.apache.http.wire  -  >> "    "phoneNumber": "+918310744975",[\n]"
2388886 [main] DEBUG org.apache.http.wire  -  >> "    "phoneNumber": "+918310744975",[\n]"
2388886 [main] DEBUG org.apache.http.wire  -  >> "    "phoneNumber": "+918310744975",[\n]"
2388886 [main] DEBUG org.apache.http.wire  -  >> "    "phoneNumber": "+918310744975",[\n]"
2388886 [main] DEBUG org.apache.http.wire  -  >> "    "phoneNumber": "+918310744975",[\n]"
2388886 [main] DEBUG org.apache.http.wire  -  >> "    "leadDelSecKey": "Eno0nduK!tthakaPPa@1"[\n]"
2388886 [main] DEBUG org.apache.http.wire  -  >> "    "leadDelSecKey": "Eno0nduK!tthakaPPa@1"[\n]"
2388886 [main] DEBUG org.apache.http.wire  -  >> "    "leadDelSecKey": "Eno0nduK!tthakaPPa@1"[\n]"
2388886 [main] DEBUG org.apache.http.wire  -  >> "    "leadDelSecKey": "Eno0nduK!tthakaPPa@1"[\n]"
2388886 [main] DEBUG org.apache.http.wire  -  >> "    "leadDelSecKey": "Eno0nduK!tthakaPPa@1"[\n]"
2388886 [main] DEBUG org.apache.http.wire  -  >> "    "leadDelSecKey": "Eno0nduK!tthakaPPa@1"[\n]"
2388886 [main] DEBUG org.apache.http.wire  -  >> "    "leadDelSecKey": "Eno0nduK!tthakaPPa@1"[\n]"
2388886 [main] DEBUG org.apache.http.wire  -  >> "    "leadDelSecKey": "Eno0nduK!tthakaPPa@1"[\n]"
2388886 [main] DEBUG org.apache.http.wire  -  >> "    "leadDelSecKey": "Eno0nduK!tthakaPPa@1"[\n]"
2388886 [main] DEBUG org.apache.http.wire  -  >> "    "leadDelSecKey": "Eno0nduK!tthakaPPa@1"[\n]"
2388886 [main] DEBUG org.apache.http.wire  -  >> "}"
2388886 [main] DEBUG org.apache.http.wire  -  >> "}"
2388886 [main] DEBUG org.apache.http.wire  -  >> "}"
2388886 [main] DEBUG org.apache.http.wire  -  >> "}"
2388886 [main] DEBUG org.apache.http.wire  -  >> "}"
2388886 [main] DEBUG org.apache.http.wire  -  >> "}"
2388886 [main] DEBUG org.apache.http.wire  -  >> "}"
2388886 [main] DEBUG org.apache.http.wire  -  >> "}"
2388886 [main] DEBUG org.apache.http.wire  -  >> "}"
2388886 [main] DEBUG org.apache.http.wire  -  >> "}"
2389072 [main] DEBUG org.apache.http.wire  -  << "HTTP/1.1 200 OK[\r][\n]"
2389072 [main] DEBUG org.apache.http.wire  -  << "HTTP/1.1 200 OK[\r][\n]"
2389072 [main] DEBUG org.apache.http.wire  -  << "HTTP/1.1 200 OK[\r][\n]"
2389072 [main] DEBUG org.apache.http.wire  -  << "HTTP/1.1 200 OK[\r][\n]"
2389072 [main] DEBUG org.apache.http.wire  -  << "HTTP/1.1 200 OK[\r][\n]"
2389072 [main] DEBUG org.apache.http.wire  -  << "HTTP/1.1 200 OK[\r][\n]"
2389072 [main] DEBUG org.apache.http.wire  -  << "HTTP/1.1 200 OK[\r][\n]"
2389072 [main] DEBUG org.apache.http.wire  -  << "HTTP/1.1 200 OK[\r][\n]"
2389072 [main] DEBUG org.apache.http.wire  -  << "HTTP/1.1 200 OK[\r][\n]"
2389072 [main] DEBUG org.apache.http.wire  -  << "HTTP/1.1 200 OK[\r][\n]"
2389072 [main] DEBUG org.apache.http.wire  -  << "Server: nginx/1.14.0 (Ubuntu)[\r][\n]"
2389072 [main] DEBUG org.apache.http.wire  -  << "Server: nginx/1.14.0 (Ubuntu)[\r][\n]"
2389072 [main] DEBUG org.apache.http.wire  -  << "Server: nginx/1.14.0 (Ubuntu)[\r][\n]"
2389072 [main] DEBUG org.apache.http.wire  -  << "Server: nginx/1.14.0 (Ubuntu)[\r][\n]"
2389072 [main] DEBUG org.apache.http.wire  -  << "Server: nginx/1.14.0 (Ubuntu)[\r][\n]"
2389072 [main] DEBUG org.apache.http.wire  -  << "Server: nginx/1.14.0 (Ubuntu)[\r][\n]"
2389072 [main] DEBUG org.apache.http.wire  -  << "Server: nginx/1.14.0 (Ubuntu)[\r][\n]"
2389072 [main] DEBUG org.apache.http.wire  -  << "Server: nginx/1.14.0 (Ubuntu)[\r][\n]"
2389072 [main] DEBUG org.apache.http.wire  -  << "Server: nginx/1.14.0 (Ubuntu)[\r][\n]"
2389072 [main] DEBUG org.apache.http.wire  -  << "Server: nginx/1.14.0 (Ubuntu)[\r][\n]"
2389073 [main] DEBUG org.apache.http.wire  -  << "Date: Tue, 22 Sep 2020 09:33:39 GMT[\r][\n]"
2389073 [main] DEBUG org.apache.http.wire  -  << "Date: Tue, 22 Sep 2020 09:33:39 GMT[\r][\n]"
2389073 [main] DEBUG org.apache.http.wire  -  << "Date: Tue, 22 Sep 2020 09:33:39 GMT[\r][\n]"
2389073 [main] DEBUG org.apache.http.wire  -  << "Date: Tue, 22 Sep 2020 09:33:39 GMT[\r][\n]"
2389073 [main] DEBUG org.apache.http.wire  -  << "Date: Tue, 22 Sep 2020 09:33:39 GMT[\r][\n]"
2389073 [main] DEBUG org.apache.http.wire  -  << "Date: Tue, 22 Sep 2020 09:33:39 GMT[\r][\n]"
2389073 [main] DEBUG org.apache.http.wire  -  << "Date: Tue, 22 Sep 2020 09:33:39 GMT[\r][\n]"
2389073 [main] DEBUG org.apache.http.wire  -  << "Date: Tue, 22 Sep 2020 09:33:39 GMT[\r][\n]"
2389073 [main] DEBUG org.apache.http.wire  -  << "Date: Tue, 22 Sep 2020 09:33:39 GMT[\r][\n]"
2389073 [main] DEBUG org.apache.http.wire  -  << "Date: Tue, 22 Sep 2020 09:33:39 GMT[\r][\n]"
2389074 [main] DEBUG org.apache.http.wire  -  << "Content-Type: application/json; charset=utf-8[\r][\n]"
2389074 [main] DEBUG org.apache.http.wire  -  << "Content-Type: application/json; charset=utf-8[\r][\n]"
2389074 [main] DEBUG org.apache.http.wire  -  << "Content-Type: application/json; charset=utf-8[\r][\n]"
2389074 [main] DEBUG org.apache.http.wire  -  << "Content-Type: application/json; charset=utf-8[\r][\n]"
2389074 [main] DEBUG org.apache.http.wire  -  << "Content-Type: application/json; charset=utf-8[\r][\n]"
2389074 [main] DEBUG org.apache.http.wire  -  << "Content-Type: application/json; charset=utf-8[\r][\n]"
2389074 [main] DEBUG org.apache.http.wire  -  << "Content-Type: application/json; charset=utf-8[\r][\n]"
2389074 [main] DEBUG org.apache.http.wire  -  << "Content-Type: application/json; charset=utf-8[\r][\n]"
2389074 [main] DEBUG org.apache.http.wire  -  << "Content-Type: application/json; charset=utf-8[\r][\n]"
2389074 [main] DEBUG org.apache.http.wire  -  << "Content-Type: application/json; charset=utf-8[\r][\n]"
2389074 [main] DEBUG org.apache.http.wire  -  << "Transfer-Encoding: chunked[\r][\n]"
2389074 [main] DEBUG org.apache.http.wire  -  << "Transfer-Encoding: chunked[\r][\n]"
2389074 [main] DEBUG org.apache.http.wire  -  << "Transfer-Encoding: chunked[\r][\n]"
2389074 [main] DEBUG org.apache.http.wire  -  << "Transfer-Encoding: chunked[\r][\n]"
2389074 [main] DEBUG org.apache.http.wire  -  << "Transfer-Encoding: chunked[\r][\n]"
2389074 [main] DEBUG org.apache.http.wire  -  << "Transfer-Encoding: chunked[\r][\n]"
2389074 [main] DEBUG org.apache.http.wire  -  << "Transfer-Encoding: chunked[\r][\n]"
2389074 [main] DEBUG org.apache.http.wire  -  << "Transfer-Encoding: chunked[\r][\n]"
2389074 [main] DEBUG org.apache.http.wire  -  << "Transfer-Encoding: chunked[\r][\n]"
2389074 [main] DEBUG org.apache.http.wire  -  << "Transfer-Encoding: chunked[\r][\n]"
2389074 [main] DEBUG org.apache.http.wire  -  << "Connection: keep-alive[\r][\n]"
2389074 [main] DEBUG org.apache.http.wire  -  << "Connection: keep-alive[\r][\n]"
2389074 [main] DEBUG org.apache.http.wire  -  << "Connection: keep-alive[\r][\n]"
2389074 [main] DEBUG org.apache.http.wire  -  << "Connection: keep-alive[\r][\n]"
2389074 [main] DEBUG org.apache.http.wire  -  << "Connection: keep-alive[\r][\n]"
2389074 [main] DEBUG org.apache.http.wire  -  << "Connection: keep-alive[\r][\n]"
2389074 [main] DEBUG org.apache.http.wire  -  << "Connection: keep-alive[\r][\n]"
2389074 [main] DEBUG org.apache.http.wire  -  << "Connection: keep-alive[\r][\n]"
2389074 [main] DEBUG org.apache.http.wire  -  << "Connection: keep-alive[\r][\n]"
2389074 [main] DEBUG org.apache.http.wire  -  << "Connection: keep-alive[\r][\n]"
2389075 [main] DEBUG org.apache.http.wire  -  << "Content-Security-Policy: default-src 'self';base-uri 'self';block-all-mixed-content;font-src 'self' https: data:;frame-ancestors 'self';img-src 'self' data:;object-src 'none';script-src 'self';script-src-attr 'none';style-src 'self' https: 'unsafe-inline';upgrade-insecure-requests[\r][\n]"
2389075 [main] DEBUG org.apache.http.wire  -  << "Content-Security-Policy: default-src 'self';base-uri 'self';block-all-mixed-content;font-src 'self' https: data:;frame-ancestors 'self';img-src 'self' data:;object-src 'none';script-src 'self';script-src-attr 'none';style-src 'self' https: 'unsafe-inline';upgrade-insecure-requests[\r][\n]"
2389075 [main] DEBUG org.apache.http.wire  -  << "Content-Security-Policy: default-src 'self';base-uri 'self';block-all-mixed-content;font-src 'self' https: data:;frame-ancestors 'self';img-src 'self' data:;object-src 'none';script-src 'self';script-src-attr 'none';style-src 'self' https: 'unsafe-inline';upgrade-insecure-requests[\r][\n]"
2389075 [main] DEBUG org.apache.http.wire  -  << "Content-Security-Policy: default-src 'self';base-uri 'self';block-all-mixed-content;font-src 'self' https: data:;frame-ancestors 'self';img-src 'self' data:;object-src 'none';script-src 'self';script-src-attr 'none';style-src 'self' https: 'unsafe-inline';upgrade-insecure-requests[\r][\n]"
2389075 [main] DEBUG org.apache.http.wire  -  << "Content-Security-Policy: default-src 'self';base-uri 'self';block-all-mixed-content;font-src 'self' https: data:;frame-ancestors 'self';img-src 'self' data:;object-src 'none';script-src 'self';script-src-attr 'none';style-src 'self' https: 'unsafe-inline';upgrade-insecure-requests[\r][\n]"
2389075 [main] DEBUG org.apache.http.wire  -  << "Content-Security-Policy: default-src 'self';base-uri 'self';block-all-mixed-content;font-src 'self' https: data:;frame-ancestors 'self';img-src 'self' data:;object-src 'none';script-src 'self';script-src-attr 'none';style-src 'self' https: 'unsafe-inline';upgrade-insecure-requests[\r][\n]"
2389075 [main] DEBUG org.apache.http.wire  -  << "Content-Security-Policy: default-src 'self';base-uri 'self';block-all-mixed-content;font-src 'self' https: data:;frame-ancestors 'self';img-src 'self' data:;object-src 'none';script-src 'self';script-src-attr 'none';style-src 'self' https: 'unsafe-inline';upgrade-insecure-requests[\r][\n]"
2389075 [main] DEBUG org.apache.http.wire  -  << "Content-Security-Policy: default-src 'self';base-uri 'self';block-all-mixed-content;font-src 'self' https: data:;frame-ancestors 'self';img-src 'self' data:;object-src 'none';script-src 'self';script-src-attr 'none';style-src 'self' https: 'unsafe-inline';upgrade-insecure-requests[\r][\n]"
2389075 [main] DEBUG org.apache.http.wire  -  << "Content-Security-Policy: default-src 'self';base-uri 'self';block-all-mixed-content;font-src 'self' https: data:;frame-ancestors 'self';img-src 'self' data:;object-src 'none';script-src 'self';script-src-attr 'none';style-src 'self' https: 'unsafe-inline';upgrade-insecure-requests[\r][\n]"
2389075 [main] DEBUG org.apache.http.wire  -  << "Content-Security-Policy: default-src 'self';base-uri 'self';block-all-mixed-content;font-src 'self' https: data:;frame-ancestors 'self';img-src 'self' data:;object-src 'none';script-src 'self';script-src-attr 'none';style-src 'self' https: 'unsafe-inline';upgrade-insecure-requests[\r][\n]"
2389076 [main] DEBUG org.apache.http.wire  -  << "X-DNS-Prefetch-Control: off[\r][\n]"
2389076 [main] DEBUG org.apache.http.wire  -  << "X-DNS-Prefetch-Control: off[\r][\n]"
2389076 [main] DEBUG org.apache.http.wire  -  << "X-DNS-Prefetch-Control: off[\r][\n]"
2389076 [main] DEBUG org.apache.http.wire  -  << "X-DNS-Prefetch-Control: off[\r][\n]"
2389076 [main] DEBUG org.apache.http.wire  -  << "X-DNS-Prefetch-Control: off[\r][\n]"
2389076 [main] DEBUG org.apache.http.wire  -  << "X-DNS-Prefetch-Control: off[\r][\n]"
2389076 [main] DEBUG org.apache.http.wire  -  << "X-DNS-Prefetch-Control: off[\r][\n]"
2389076 [main] DEBUG org.apache.http.wire  -  << "X-DNS-Prefetch-Control: off[\r][\n]"
2389076 [main] DEBUG org.apache.http.wire  -  << "X-DNS-Prefetch-Control: off[\r][\n]"
2389076 [main] DEBUG org.apache.http.wire  -  << "X-DNS-Prefetch-Control: off[\r][\n]"
2389076 [main] DEBUG org.apache.http.wire  -  << "Expect-CT: max-age=0[\r][\n]"
2389076 [main] DEBUG org.apache.http.wire  -  << "Expect-CT: max-age=0[\r][\n]"
2389076 [main] DEBUG org.apache.http.wire  -  << "Expect-CT: max-age=0[\r][\n]"
2389076 [main] DEBUG org.apache.http.wire  -  << "Expect-CT: max-age=0[\r][\n]"
2389076 [main] DEBUG org.apache.http.wire  -  << "Expect-CT: max-age=0[\r][\n]"
2389076 [main] DEBUG org.apache.http.wire  -  << "Expect-CT: max-age=0[\r][\n]"
2389076 [main] DEBUG org.apache.http.wire  -  << "Expect-CT: max-age=0[\r][\n]"
2389076 [main] DEBUG org.apache.http.wire  -  << "Expect-CT: max-age=0[\r][\n]"
2389076 [main] DEBUG org.apache.http.wire  -  << "Expect-CT: max-age=0[\r][\n]"
2389076 [main] DEBUG org.apache.http.wire  -  << "Expect-CT: max-age=0[\r][\n]"
2389076 [main] DEBUG org.apache.http.wire  -  << "X-Frame-Options: SAMEORIGIN[\r][\n]"
2389076 [main] DEBUG org.apache.http.wire  -  << "X-Frame-Options: SAMEORIGIN[\r][\n]"
2389076 [main] DEBUG org.apache.http.wire  -  << "X-Frame-Options: SAMEORIGIN[\r][\n]"
2389076 [main] DEBUG org.apache.http.wire  -  << "X-Frame-Options: SAMEORIGIN[\r][\n]"
2389076 [main] DEBUG org.apache.http.wire  -  << "X-Frame-Options: SAMEORIGIN[\r][\n]"
2389076 [main] DEBUG org.apache.http.wire  -  << "X-Frame-Options: SAMEORIGIN[\r][\n]"
2389076 [main] DEBUG org.apache.http.wire  -  << "X-Frame-Options: SAMEORIGIN[\r][\n]"
2389076 [main] DEBUG org.apache.http.wire  -  << "X-Frame-Options: SAMEORIGIN[\r][\n]"
2389076 [main] DEBUG org.apache.http.wire  -  << "X-Frame-Options: SAMEORIGIN[\r][\n]"
2389076 [main] DEBUG org.apache.http.wire  -  << "X-Frame-Options: SAMEORIGIN[\r][\n]"
2389076 [main] DEBUG org.apache.http.wire  -  << "X-Download-Options: noopen[\r][\n]"
2389076 [main] DEBUG org.apache.http.wire  -  << "X-Download-Options: noopen[\r][\n]"
2389076 [main] DEBUG org.apache.http.wire  -  << "X-Download-Options: noopen[\r][\n]"
2389076 [main] DEBUG org.apache.http.wire  -  << "X-Download-Options: noopen[\r][\n]"
2389076 [main] DEBUG org.apache.http.wire  -  << "X-Download-Options: noopen[\r][\n]"
2389076 [main] DEBUG org.apache.http.wire  -  << "X-Download-Options: noopen[\r][\n]"
2389076 [main] DEBUG org.apache.http.wire  -  << "X-Download-Options: noopen[\r][\n]"
2389076 [main] DEBUG org.apache.http.wire  -  << "X-Download-Options: noopen[\r][\n]"
2389076 [main] DEBUG org.apache.http.wire  -  << "X-Download-Options: noopen[\r][\n]"
2389076 [main] DEBUG org.apache.http.wire  -  << "X-Download-Options: noopen[\r][\n]"
2389077 [main] DEBUG org.apache.http.wire  -  << "X-Content-Type-Options: nosniff[\r][\n]"
2389077 [main] DEBUG org.apache.http.wire  -  << "X-Content-Type-Options: nosniff[\r][\n]"
2389077 [main] DEBUG org.apache.http.wire  -  << "X-Content-Type-Options: nosniff[\r][\n]"
2389077 [main] DEBUG org.apache.http.wire  -  << "X-Content-Type-Options: nosniff[\r][\n]"
2389077 [main] DEBUG org.apache.http.wire  -  << "X-Content-Type-Options: nosniff[\r][\n]"
2389077 [main] DEBUG org.apache.http.wire  -  << "X-Content-Type-Options: nosniff[\r][\n]"
2389077 [main] DEBUG org.apache.http.wire  -  << "X-Content-Type-Options: nosniff[\r][\n]"
2389077 [main] DEBUG org.apache.http.wire  -  << "X-Content-Type-Options: nosniff[\r][\n]"
2389077 [main] DEBUG org.apache.http.wire  -  << "X-Content-Type-Options: nosniff[\r][\n]"
2389077 [main] DEBUG org.apache.http.wire  -  << "X-Content-Type-Options: nosniff[\r][\n]"
2389078 [main] DEBUG org.apache.http.wire  -  << "X-Permitted-Cross-Domain-Policies: none[\r][\n]"
2389078 [main] DEBUG org.apache.http.wire  -  << "X-Permitted-Cross-Domain-Policies: none[\r][\n]"
2389078 [main] DEBUG org.apache.http.wire  -  << "X-Permitted-Cross-Domain-Policies: none[\r][\n]"
2389078 [main] DEBUG org.apache.http.wire  -  << "X-Permitted-Cross-Domain-Policies: none[\r][\n]"
2389078 [main] DEBUG org.apache.http.wire  -  << "X-Permitted-Cross-Domain-Policies: none[\r][\n]"
2389078 [main] DEBUG org.apache.http.wire  -  << "X-Permitted-Cross-Domain-Policies: none[\r][\n]"
2389078 [main] DEBUG org.apache.http.wire  -  << "X-Permitted-Cross-Domain-Policies: none[\r][\n]"
2389078 [main] DEBUG org.apache.http.wire  -  << "X-Permitted-Cross-Domain-Policies: none[\r][\n]"
2389078 [main] DEBUG org.apache.http.wire  -  << "X-Permitted-Cross-Domain-Policies: none[\r][\n]"
2389078 [main] DEBUG org.apache.http.wire  -  << "X-Permitted-Cross-Domain-Policies: none[\r][\n]"
2389079 [main] DEBUG org.apache.http.wire  -  << "Referrer-Policy: no-referrer[\r][\n]"
2389079 [main] DEBUG org.apache.http.wire  -  << "Referrer-Policy: no-referrer[\r][\n]"
2389079 [main] DEBUG org.apache.http.wire  -  << "Referrer-Policy: no-referrer[\r][\n]"
2389079 [main] DEBUG org.apache.http.wire  -  << "Referrer-Policy: no-referrer[\r][\n]"
2389079 [main] DEBUG org.apache.http.wire  -  << "Referrer-Policy: no-referrer[\r][\n]"
2389079 [main] DEBUG org.apache.http.wire  -  << "Referrer-Policy: no-referrer[\r][\n]"
2389079 [main] DEBUG org.apache.http.wire  -  << "Referrer-Policy: no-referrer[\r][\n]"
2389079 [main] DEBUG org.apache.http.wire  -  << "Referrer-Policy: no-referrer[\r][\n]"
2389079 [main] DEBUG org.apache.http.wire  -  << "Referrer-Policy: no-referrer[\r][\n]"
2389079 [main] DEBUG org.apache.http.wire  -  << "Referrer-Policy: no-referrer[\r][\n]"
2389079 [main] DEBUG org.apache.http.wire  -  << "X-XSS-Protection: 0[\r][\n]"
2389079 [main] DEBUG org.apache.http.wire  -  << "X-XSS-Protection: 0[\r][\n]"
2389079 [main] DEBUG org.apache.http.wire  -  << "X-XSS-Protection: 0[\r][\n]"
2389079 [main] DEBUG org.apache.http.wire  -  << "X-XSS-Protection: 0[\r][\n]"
2389079 [main] DEBUG org.apache.http.wire  -  << "X-XSS-Protection: 0[\r][\n]"
2389079 [main] DEBUG org.apache.http.wire  -  << "X-XSS-Protection: 0[\r][\n]"
2389079 [main] DEBUG org.apache.http.wire  -  << "X-XSS-Protection: 0[\r][\n]"
2389079 [main] DEBUG org.apache.http.wire  -  << "X-XSS-Protection: 0[\r][\n]"
2389079 [main] DEBUG org.apache.http.wire  -  << "X-XSS-Protection: 0[\r][\n]"
2389079 [main] DEBUG org.apache.http.wire  -  << "X-XSS-Protection: 0[\r][\n]"
2389079 [main] DEBUG org.apache.http.wire  -  << "Vary: Origin, Accept-Encoding[\r][\n]"
2389079 [main] DEBUG org.apache.http.wire  -  << "Vary: Origin, Accept-Encoding[\r][\n]"
2389079 [main] DEBUG org.apache.http.wire  -  << "Vary: Origin, Accept-Encoding[\r][\n]"
2389079 [main] DEBUG org.apache.http.wire  -  << "Vary: Origin, Accept-Encoding[\r][\n]"
2389079 [main] DEBUG org.apache.http.wire  -  << "Vary: Origin, Accept-Encoding[\r][\n]"
2389079 [main] DEBUG org.apache.http.wire  -  << "Vary: Origin, Accept-Encoding[\r][\n]"
2389079 [main] DEBUG org.apache.http.wire  -  << "Vary: Origin, Accept-Encoding[\r][\n]"
2389079 [main] DEBUG org.apache.http.wire  -  << "Vary: Origin, Accept-Encoding[\r][\n]"
2389079 [main] DEBUG org.apache.http.wire  -  << "Vary: Origin, Accept-Encoding[\r][\n]"
2389079 [main] DEBUG org.apache.http.wire  -  << "Vary: Origin, Accept-Encoding[\r][\n]"
2389080 [main] DEBUG org.apache.http.wire  -  << "Access-Control-Allow-Credentials: true[\r][\n]"
2389080 [main] DEBUG org.apache.http.wire  -  << "Access-Control-Allow-Credentials: true[\r][\n]"
2389080 [main] DEBUG org.apache.http.wire  -  << "Access-Control-Allow-Credentials: true[\r][\n]"
2389080 [main] DEBUG org.apache.http.wire  -  << "Access-Control-Allow-Credentials: true[\r][\n]"
2389080 [main] DEBUG org.apache.http.wire  -  << "Access-Control-Allow-Credentials: true[\r][\n]"
2389080 [main] DEBUG org.apache.http.wire  -  << "Access-Control-Allow-Credentials: true[\r][\n]"
2389080 [main] DEBUG org.apache.http.wire  -  << "Access-Control-Allow-Credentials: true[\r][\n]"
2389080 [main] DEBUG org.apache.http.wire  -  << "Access-Control-Allow-Credentials: true[\r][\n]"
2389080 [main] DEBUG org.apache.http.wire  -  << "Access-Control-Allow-Credentials: true[\r][\n]"
2389080 [main] DEBUG org.apache.http.wire  -  << "Access-Control-Allow-Credentials: true[\r][\n]"
2389080 [main] DEBUG org.apache.http.wire  -  << "Retry-After: 10[\r][\n]"
2389080 [main] DEBUG org.apache.http.wire  -  << "Retry-After: 10[\r][\n]"
2389080 [main] DEBUG org.apache.http.wire  -  << "Retry-After: 10[\r][\n]"
2389080 [main] DEBUG org.apache.http.wire  -  << "Retry-After: 10[\r][\n]"
2389080 [main] DEBUG org.apache.http.wire  -  << "Retry-After: 10[\r][\n]"
2389080 [main] DEBUG org.apache.http.wire  -  << "Retry-After: 10[\r][\n]"
2389080 [main] DEBUG org.apache.http.wire  -  << "Retry-After: 10[\r][\n]"
2389080 [main] DEBUG org.apache.http.wire  -  << "Retry-After: 10[\r][\n]"
2389080 [main] DEBUG org.apache.http.wire  -  << "Retry-After: 10[\r][\n]"
2389080 [main] DEBUG org.apache.http.wire  -  << "Retry-After: 10[\r][\n]"
2389080 [main] DEBUG org.apache.http.wire  -  << "X-RateLimit-Limit: 80[\r][\n]"
2389080 [main] DEBUG org.apache.http.wire  -  << "X-RateLimit-Limit: 80[\r][\n]"
2389080 [main] DEBUG org.apache.http.wire  -  << "X-RateLimit-Limit: 80[\r][\n]"
2389080 [main] DEBUG org.apache.http.wire  -  << "X-RateLimit-Limit: 80[\r][\n]"
2389080 [main] DEBUG org.apache.http.wire  -  << "X-RateLimit-Limit: 80[\r][\n]"
2389080 [main] DEBUG org.apache.http.wire  -  << "X-RateLimit-Limit: 80[\r][\n]"
2389080 [main] DEBUG org.apache.http.wire  -  << "X-RateLimit-Limit: 80[\r][\n]"
2389080 [main] DEBUG org.apache.http.wire  -  << "X-RateLimit-Limit: 80[\r][\n]"
2389080 [main] DEBUG org.apache.http.wire  -  << "X-RateLimit-Limit: 80[\r][\n]"
2389080 [main] DEBUG org.apache.http.wire  -  << "X-RateLimit-Limit: 80[\r][\n]"
2389081 [main] DEBUG org.apache.http.wire  -  << "X-RateLimit-Remaining: 79[\r][\n]"
2389081 [main] DEBUG org.apache.http.wire  -  << "X-RateLimit-Remaining: 79[\r][\n]"
2389081 [main] DEBUG org.apache.http.wire  -  << "X-RateLimit-Remaining: 79[\r][\n]"
2389081 [main] DEBUG org.apache.http.wire  -  << "X-RateLimit-Remaining: 79[\r][\n]"
2389081 [main] DEBUG org.apache.http.wire  -  << "X-RateLimit-Remaining: 79[\r][\n]"
2389081 [main] DEBUG org.apache.http.wire  -  << "X-RateLimit-Remaining: 79[\r][\n]"
2389081 [main] DEBUG org.apache.http.wire  -  << "X-RateLimit-Remaining: 79[\r][\n]"
2389081 [main] DEBUG org.apache.http.wire  -  << "X-RateLimit-Remaining: 79[\r][\n]"
2389081 [main] DEBUG org.apache.http.wire  -  << "X-RateLimit-Remaining: 79[\r][\n]"
2389081 [main] DEBUG org.apache.http.wire  -  << "X-RateLimit-Remaining: 79[\r][\n]"
2389081 [main] DEBUG org.apache.http.wire  -  << "X-RateLimit-Reset: Tue Sep 22 2020 09:33:49 GMT+0000 (Coordinated Universal Time)[\r][\n]"
2389081 [main] DEBUG org.apache.http.wire  -  << "X-RateLimit-Reset: Tue Sep 22 2020 09:33:49 GMT+0000 (Coordinated Universal Time)[\r][\n]"
2389081 [main] DEBUG org.apache.http.wire  -  << "X-RateLimit-Reset: Tue Sep 22 2020 09:33:49 GMT+0000 (Coordinated Universal Time)[\r][\n]"
2389081 [main] DEBUG org.apache.http.wire  -  << "X-RateLimit-Reset: Tue Sep 22 2020 09:33:49 GMT+0000 (Coordinated Universal Time)[\r][\n]"
2389081 [main] DEBUG org.apache.http.wire  -  << "X-RateLimit-Reset: Tue Sep 22 2020 09:33:49 GMT+0000 (Coordinated Universal Time)[\r][\n]"
2389081 [main] DEBUG org.apache.http.wire  -  << "X-RateLimit-Reset: Tue Sep 22 2020 09:33:49 GMT+0000 (Coordinated Universal Time)[\r][\n]"
2389081 [main] DEBUG org.apache.http.wire  -  << "X-RateLimit-Reset: Tue Sep 22 2020 09:33:49 GMT+0000 (Coordinated Universal Time)[\r][\n]"
2389081 [main] DEBUG org.apache.http.wire  -  << "X-RateLimit-Reset: Tue Sep 22 2020 09:33:49 GMT+0000 (Coordinated Universal Time)[\r][\n]"
2389081 [main] DEBUG org.apache.http.wire  -  << "X-RateLimit-Reset: Tue Sep 22 2020 09:33:49 GMT+0000 (Coordinated Universal Time)[\r][\n]"
2389081 [main] DEBUG org.apache.http.wire  -  << "X-RateLimit-Reset: Tue Sep 22 2020 09:33:49 GMT+0000 (Coordinated Universal Time)[\r][\n]"
2389081 [main] DEBUG org.apache.http.wire  -  << "Access-Control-Allow-Methods: GET, POST, OPTIONS[\r][\n]"
2389081 [main] DEBUG org.apache.http.wire  -  << "Access-Control-Allow-Methods: GET, POST, OPTIONS[\r][\n]"
2389081 [main] DEBUG org.apache.http.wire  -  << "Access-Control-Allow-Methods: GET, POST, OPTIONS[\r][\n]"
2389081 [main] DEBUG org.apache.http.wire  -  << "Access-Control-Allow-Methods: GET, POST, OPTIONS[\r][\n]"
2389081 [main] DEBUG org.apache.http.wire  -  << "Access-Control-Allow-Methods: GET, POST, OPTIONS[\r][\n]"
2389081 [main] DEBUG org.apache.http.wire  -  << "Access-Control-Allow-Methods: GET, POST, OPTIONS[\r][\n]"
2389081 [main] DEBUG org.apache.http.wire  -  << "Access-Control-Allow-Methods: GET, POST, OPTIONS[\r][\n]"
2389081 [main] DEBUG org.apache.http.wire  -  << "Access-Control-Allow-Methods: GET, POST, OPTIONS[\r][\n]"
2389081 [main] DEBUG org.apache.http.wire  -  << "Access-Control-Allow-Methods: GET, POST, OPTIONS[\r][\n]"
2389081 [main] DEBUG org.apache.http.wire  -  << "Access-Control-Allow-Methods: GET, POST, OPTIONS[\r][\n]"
2389082 [main] DEBUG org.apache.http.wire  -  << "Access-Control-Allow-Headers: DNT,X-CustomHeader,Keep-Alive,User-Agent,X-Requested-With,If-Modified-Since,Cache-Control,Content-Type,Content-Range,Range[\r][\n]"
2389082 [main] DEBUG org.apache.http.wire  -  << "Access-Control-Allow-Headers: DNT,X-CustomHeader,Keep-Alive,User-Agent,X-Requested-With,If-Modified-Since,Cache-Control,Content-Type,Content-Range,Range[\r][\n]"
2389082 [main] DEBUG org.apache.http.wire  -  << "Access-Control-Allow-Headers: DNT,X-CustomHeader,Keep-Alive,User-Agent,X-Requested-With,If-Modified-Since,Cache-Control,Content-Type,Content-Range,Range[\r][\n]"
2389082 [main] DEBUG org.apache.http.wire  -  << "Access-Control-Allow-Headers: DNT,X-CustomHeader,Keep-Alive,User-Agent,X-Requested-With,If-Modified-Since,Cache-Control,Content-Type,Content-Range,Range[\r][\n]"
2389082 [main] DEBUG org.apache.http.wire  -  << "Access-Control-Allow-Headers: DNT,X-CustomHeader,Keep-Alive,User-Agent,X-Requested-With,If-Modified-Since,Cache-Control,Content-Type,Content-Range,Range[\r][\n]"
2389082 [main] DEBUG org.apache.http.wire  -  << "Access-Control-Allow-Headers: DNT,X-CustomHeader,Keep-Alive,User-Agent,X-Requested-With,If-Modified-Since,Cache-Control,Content-Type,Content-Range,Range[\r][\n]"
2389082 [main] DEBUG org.apache.http.wire  -  << "Access-Control-Allow-Headers: DNT,X-CustomHeader,Keep-Alive,User-Agent,X-Requested-With,If-Modified-Since,Cache-Control,Content-Type,Content-Range,Range[\r][\n]"
2389082 [main] DEBUG org.apache.http.wire  -  << "Access-Control-Allow-Headers: DNT,X-CustomHeader,Keep-Alive,User-Agent,X-Requested-With,If-Modified-Since,Cache-Control,Content-Type,Content-Range,Range[\r][\n]"
2389082 [main] DEBUG org.apache.http.wire  -  << "Access-Control-Allow-Headers: DNT,X-CustomHeader,Keep-Alive,User-Agent,X-Requested-With,If-Modified-Since,Cache-Control,Content-Type,Content-Range,Range[\r][\n]"
2389082 [main] DEBUG org.apache.http.wire  -  << "Access-Control-Allow-Headers: DNT,X-CustomHeader,Keep-Alive,User-Agent,X-Requested-With,If-Modified-Since,Cache-Control,Content-Type,Content-Range,Range[\r][\n]"
2389082 [main] DEBUG org.apache.http.wire  -  << "Access-Control-Expose-Headers: DNT,X-CustomHeader,Keep-Alive,User-Agent,X-Requested-With,If-Modified-Since,Cache-Control,Content-Type,Content-Range,Range[\r][\n]"
2389082 [main] DEBUG org.apache.http.wire  -  << "Access-Control-Expose-Headers: DNT,X-CustomHeader,Keep-Alive,User-Agent,X-Requested-With,If-Modified-Since,Cache-Control,Content-Type,Content-Range,Range[\r][\n]"
2389082 [main] DEBUG org.apache.http.wire  -  << "Access-Control-Expose-Headers: DNT,X-CustomHeader,Keep-Alive,User-Agent,X-Requested-With,If-Modified-Since,Cache-Control,Content-Type,Content-Range,Range[\r][\n]"
2389082 [main] DEBUG org.apache.http.wire  -  << "Access-Control-Expose-Headers: DNT,X-CustomHeader,Keep-Alive,User-Agent,X-Requested-With,If-Modified-Since,Cache-Control,Content-Type,Content-Range,Range[\r][\n]"
2389082 [main] DEBUG org.apache.http.wire  -  << "Access-Control-Expose-Headers: DNT,X-CustomHeader,Keep-Alive,User-Agent,X-Requested-With,If-Modified-Since,Cache-Control,Content-Type,Content-Range,Range[\r][\n]"
2389082 [main] DEBUG org.apache.http.wire  -  << "Access-Control-Expose-Headers: DNT,X-CustomHeader,Keep-Alive,User-Agent,X-Requested-With,If-Modified-Since,Cache-Control,Content-Type,Content-Range,Range[\r][\n]"
2389082 [main] DEBUG org.apache.http.wire  -  << "Access-Control-Expose-Headers: DNT,X-CustomHeader,Keep-Alive,User-Agent,X-Requested-With,If-Modified-Since,Cache-Control,Content-Type,Content-Range,Range[\r][\n]"
2389082 [main] DEBUG org.apache.http.wire  -  << "Access-Control-Expose-Headers: DNT,X-CustomHeader,Keep-Alive,User-Agent,X-Requested-With,If-Modified-Since,Cache-Control,Content-Type,Content-Range,Range[\r][\n]"
2389082 [main] DEBUG org.apache.http.wire  -  << "Access-Control-Expose-Headers: DNT,X-CustomHeader,Keep-Alive,User-Agent,X-Requested-With,If-Modified-Since,Cache-Control,Content-Type,Content-Range,Range[\r][\n]"
2389082 [main] DEBUG org.apache.http.wire  -  << "Access-Control-Expose-Headers: DNT,X-CustomHeader,Keep-Alive,User-Agent,X-Requested-With,If-Modified-Since,Cache-Control,Content-Type,Content-Range,Range[\r][\n]"
2389082 [main] DEBUG org.apache.http.wire  -  << "Content-Encoding: gzip[\r][\n]"
2389082 [main] DEBUG org.apache.http.wire  -  << "Content-Encoding: gzip[\r][\n]"
2389082 [main] DEBUG org.apache.http.wire  -  << "Content-Encoding: gzip[\r][\n]"
2389082 [main] DEBUG org.apache.http.wire  -  << "Content-Encoding: gzip[\r][\n]"
2389082 [main] DEBUG org.apache.http.wire  -  << "Content-Encoding: gzip[\r][\n]"
2389082 [main] DEBUG org.apache.http.wire  -  << "Content-Encoding: gzip[\r][\n]"
2389082 [main] DEBUG org.apache.http.wire  -  << "Content-Encoding: gzip[\r][\n]"
2389082 [main] DEBUG org.apache.http.wire  -  << "Content-Encoding: gzip[\r][\n]"
2389082 [main] DEBUG org.apache.http.wire  -  << "Content-Encoding: gzip[\r][\n]"
2389082 [main] DEBUG org.apache.http.wire  -  << "Content-Encoding: gzip[\r][\n]"
2389083 [main] DEBUG org.apache.http.wire  -  << "[\r][\n]"
2389083 [main] DEBUG org.apache.http.wire  -  << "[\r][\n]"
2389083 [main] DEBUG org.apache.http.wire  -  << "[\r][\n]"
2389083 [main] DEBUG org.apache.http.wire  -  << "[\r][\n]"
2389083 [main] DEBUG org.apache.http.wire  -  << "[\r][\n]"
2389083 [main] DEBUG org.apache.http.wire  -  << "[\r][\n]"
2389083 [main] DEBUG org.apache.http.wire  -  << "[\r][\n]"
2389083 [main] DEBUG org.apache.http.wire  -  << "[\r][\n]"
2389083 [main] DEBUG org.apache.http.wire  -  << "[\r][\n]"
2389083 [main] DEBUG org.apache.http.wire  -  << "[\r][\n]"
2389083 [main] DEBUG org.apache.http.impl.conn.DefaultClientConnection  - Receiving response: HTTP/1.1 200 OK
2389083 [main] DEBUG org.apache.http.impl.conn.DefaultClientConnection  - Receiving response: HTTP/1.1 200 OK
2389083 [main] DEBUG org.apache.http.impl.conn.DefaultClientConnection  - Receiving response: HTTP/1.1 200 OK
2389083 [main] DEBUG org.apache.http.impl.conn.DefaultClientConnection  - Receiving response: HTTP/1.1 200 OK
2389083 [main] DEBUG org.apache.http.impl.conn.DefaultClientConnection  - Receiving response: HTTP/1.1 200 OK
2389083 [main] DEBUG org.apache.http.impl.conn.DefaultClientConnection  - Receiving response: HTTP/1.1 200 OK
2389083 [main] DEBUG org.apache.http.impl.conn.DefaultClientConnection  - Receiving response: HTTP/1.1 200 OK
2389083 [main] DEBUG org.apache.http.impl.conn.DefaultClientConnection  - Receiving response: HTTP/1.1 200 OK
2389083 [main] DEBUG org.apache.http.impl.conn.DefaultClientConnection  - Receiving response: HTTP/1.1 200 OK
2389083 [main] DEBUG org.apache.http.impl.conn.DefaultClientConnection  - Receiving response: HTTP/1.1 200 OK
2389084 [main] DEBUG org.apache.http.headers  - << HTTP/1.1 200 OK
2389084 [main] DEBUG org.apache.http.headers  - << HTTP/1.1 200 OK
2389084 [main] DEBUG org.apache.http.headers  - << HTTP/1.1 200 OK
2389084 [main] DEBUG org.apache.http.headers  - << HTTP/1.1 200 OK
2389084 [main] DEBUG org.apache.http.headers  - << HTTP/1.1 200 OK
2389084 [main] DEBUG org.apache.http.headers  - << HTTP/1.1 200 OK
2389084 [main] DEBUG org.apache.http.headers  - << HTTP/1.1 200 OK
2389084 [main] DEBUG org.apache.http.headers  - << HTTP/1.1 200 OK
2389084 [main] DEBUG org.apache.http.headers  - << HTTP/1.1 200 OK
2389084 [main] DEBUG org.apache.http.headers  - << HTTP/1.1 200 OK
2389084 [main] DEBUG org.apache.http.headers  - << Server: nginx/1.14.0 (Ubuntu)
2389084 [main] DEBUG org.apache.http.headers  - << Server: nginx/1.14.0 (Ubuntu)
2389084 [main] DEBUG org.apache.http.headers  - << Server: nginx/1.14.0 (Ubuntu)
2389084 [main] DEBUG org.apache.http.headers  - << Server: nginx/1.14.0 (Ubuntu)
2389084 [main] DEBUG org.apache.http.headers  - << Server: nginx/1.14.0 (Ubuntu)
2389084 [main] DEBUG org.apache.http.headers  - << Server: nginx/1.14.0 (Ubuntu)
2389084 [main] DEBUG org.apache.http.headers  - << Server: nginx/1.14.0 (Ubuntu)
2389084 [main] DEBUG org.apache.http.headers  - << Server: nginx/1.14.0 (Ubuntu)
2389084 [main] DEBUG org.apache.http.headers  - << Server: nginx/1.14.0 (Ubuntu)
2389084 [main] DEBUG org.apache.http.headers  - << Server: nginx/1.14.0 (Ubuntu)
2389084 [main] DEBUG org.apache.http.headers  - << Date: Tue, 22 Sep 2020 09:33:39 GMT
2389084 [main] DEBUG org.apache.http.headers  - << Date: Tue, 22 Sep 2020 09:33:39 GMT
2389084 [main] DEBUG org.apache.http.headers  - << Date: Tue, 22 Sep 2020 09:33:39 GMT
2389084 [main] DEBUG org.apache.http.headers  - << Date: Tue, 22 Sep 2020 09:33:39 GMT
2389084 [main] DEBUG org.apache.http.headers  - << Date: Tue, 22 Sep 2020 09:33:39 GMT
2389084 [main] DEBUG org.apache.http.headers  - << Date: Tue, 22 Sep 2020 09:33:39 GMT
2389084 [main] DEBUG org.apache.http.headers  - << Date: Tue, 22 Sep 2020 09:33:39 GMT
2389084 [main] DEBUG org.apache.http.headers  - << Date: Tue, 22 Sep 2020 09:33:39 GMT
2389084 [main] DEBUG org.apache.http.headers  - << Date: Tue, 22 Sep 2020 09:33:39 GMT
2389084 [main] DEBUG org.apache.http.headers  - << Date: Tue, 22 Sep 2020 09:33:39 GMT
2389084 [main] DEBUG org.apache.http.headers  - << Content-Type: application/json; charset=utf-8
2389084 [main] DEBUG org.apache.http.headers  - << Content-Type: application/json; charset=utf-8
2389084 [main] DEBUG org.apache.http.headers  - << Content-Type: application/json; charset=utf-8
2389084 [main] DEBUG org.apache.http.headers  - << Content-Type: application/json; charset=utf-8
2389084 [main] DEBUG org.apache.http.headers  - << Content-Type: application/json; charset=utf-8
2389084 [main] DEBUG org.apache.http.headers  - << Content-Type: application/json; charset=utf-8
2389084 [main] DEBUG org.apache.http.headers  - << Content-Type: application/json; charset=utf-8
2389084 [main] DEBUG org.apache.http.headers  - << Content-Type: application/json; charset=utf-8
2389084 [main] DEBUG org.apache.http.headers  - << Content-Type: application/json; charset=utf-8
2389084 [main] DEBUG org.apache.http.headers  - << Content-Type: application/json; charset=utf-8
2389085 [main] DEBUG org.apache.http.headers  - << Transfer-Encoding: chunked
2389085 [main] DEBUG org.apache.http.headers  - << Transfer-Encoding: chunked
2389085 [main] DEBUG org.apache.http.headers  - << Transfer-Encoding: chunked
2389085 [main] DEBUG org.apache.http.headers  - << Transfer-Encoding: chunked
2389085 [main] DEBUG org.apache.http.headers  - << Transfer-Encoding: chunked
2389085 [main] DEBUG org.apache.http.headers  - << Transfer-Encoding: chunked
2389085 [main] DEBUG org.apache.http.headers  - << Transfer-Encoding: chunked
2389085 [main] DEBUG org.apache.http.headers  - << Transfer-Encoding: chunked
2389085 [main] DEBUG org.apache.http.headers  - << Transfer-Encoding: chunked
2389085 [main] DEBUG org.apache.http.headers  - << Transfer-Encoding: chunked
2389085 [main] DEBUG org.apache.http.headers  - << Connection: keep-alive
2389085 [main] DEBUG org.apache.http.headers  - << Connection: keep-alive
2389085 [main] DEBUG org.apache.http.headers  - << Connection: keep-alive
2389085 [main] DEBUG org.apache.http.headers  - << Connection: keep-alive
2389085 [main] DEBUG org.apache.http.headers  - << Connection: keep-alive
2389085 [main] DEBUG org.apache.http.headers  - << Connection: keep-alive
2389085 [main] DEBUG org.apache.http.headers  - << Connection: keep-alive
2389085 [main] DEBUG org.apache.http.headers  - << Connection: keep-alive
2389085 [main] DEBUG org.apache.http.headers  - << Connection: keep-alive
2389085 [main] DEBUG org.apache.http.headers  - << Connection: keep-alive
2389085 [main] DEBUG org.apache.http.headers  - << Content-Security-Policy: default-src 'self';base-uri 'self';block-all-mixed-content;font-src 'self' https: data:;frame-ancestors 'self';img-src 'self' data:;object-src 'none';script-src 'self';script-src-attr 'none';style-src 'self' https: 'unsafe-inline';upgrade-insecure-requests
2389085 [main] DEBUG org.apache.http.headers  - << Content-Security-Policy: default-src 'self';base-uri 'self';block-all-mixed-content;font-src 'self' https: data:;frame-ancestors 'self';img-src 'self' data:;object-src 'none';script-src 'self';script-src-attr 'none';style-src 'self' https: 'unsafe-inline';upgrade-insecure-requests
2389085 [main] DEBUG org.apache.http.headers  - << Content-Security-Policy: default-src 'self';base-uri 'self';block-all-mixed-content;font-src 'self' https: data:;frame-ancestors 'self';img-src 'self' data:;object-src 'none';script-src 'self';script-src-attr 'none';style-src 'self' https: 'unsafe-inline';upgrade-insecure-requests
2389085 [main] DEBUG org.apache.http.headers  - << Content-Security-Policy: default-src 'self';base-uri 'self';block-all-mixed-content;font-src 'self' https: data:;frame-ancestors 'self';img-src 'self' data:;object-src 'none';script-src 'self';script-src-attr 'none';style-src 'self' https: 'unsafe-inline';upgrade-insecure-requests
2389085 [main] DEBUG org.apache.http.headers  - << Content-Security-Policy: default-src 'self';base-uri 'self';block-all-mixed-content;font-src 'self' https: data:;frame-ancestors 'self';img-src 'self' data:;object-src 'none';script-src 'self';script-src-attr 'none';style-src 'self' https: 'unsafe-inline';upgrade-insecure-requests
2389085 [main] DEBUG org.apache.http.headers  - << Content-Security-Policy: default-src 'self';base-uri 'self';block-all-mixed-content;font-src 'self' https: data:;frame-ancestors 'self';img-src 'self' data:;object-src 'none';script-src 'self';script-src-attr 'none';style-src 'self' https: 'unsafe-inline';upgrade-insecure-requests
2389085 [main] DEBUG org.apache.http.headers  - << Content-Security-Policy: default-src 'self';base-uri 'self';block-all-mixed-content;font-src 'self' https: data:;frame-ancestors 'self';img-src 'self' data:;object-src 'none';script-src 'self';script-src-attr 'none';style-src 'self' https: 'unsafe-inline';upgrade-insecure-requests
2389085 [main] DEBUG org.apache.http.headers  - << Content-Security-Policy: default-src 'self';base-uri 'self';block-all-mixed-content;font-src 'self' https: data:;frame-ancestors 'self';img-src 'self' data:;object-src 'none';script-src 'self';script-src-attr 'none';style-src 'self' https: 'unsafe-inline';upgrade-insecure-requests
2389085 [main] DEBUG org.apache.http.headers  - << Content-Security-Policy: default-src 'self';base-uri 'self';block-all-mixed-content;font-src 'self' https: data:;frame-ancestors 'self';img-src 'self' data:;object-src 'none';script-src 'self';script-src-attr 'none';style-src 'self' https: 'unsafe-inline';upgrade-insecure-requests
2389085 [main] DEBUG org.apache.http.headers  - << Content-Security-Policy: default-src 'self';base-uri 'self';block-all-mixed-content;font-src 'self' https: data:;frame-ancestors 'self';img-src 'self' data:;object-src 'none';script-src 'self';script-src-attr 'none';style-src 'self' https: 'unsafe-inline';upgrade-insecure-requests
2389086 [main] DEBUG org.apache.http.headers  - << X-DNS-Prefetch-Control: off
2389086 [main] DEBUG org.apache.http.headers  - << X-DNS-Prefetch-Control: off
2389086 [main] DEBUG org.apache.http.headers  - << X-DNS-Prefetch-Control: off
2389086 [main] DEBUG org.apache.http.headers  - << X-DNS-Prefetch-Control: off
2389086 [main] DEBUG org.apache.http.headers  - << X-DNS-Prefetch-Control: off
2389086 [main] DEBUG org.apache.http.headers  - << X-DNS-Prefetch-Control: off
2389086 [main] DEBUG org.apache.http.headers  - << X-DNS-Prefetch-Control: off
2389086 [main] DEBUG org.apache.http.headers  - << X-DNS-Prefetch-Control: off
2389086 [main] DEBUG org.apache.http.headers  - << X-DNS-Prefetch-Control: off
2389086 [main] DEBUG org.apache.http.headers  - << X-DNS-Prefetch-Control: off
2389086 [main] DEBUG org.apache.http.headers  - << Expect-CT: max-age=0
2389086 [main] DEBUG org.apache.http.headers  - << Expect-CT: max-age=0
2389086 [main] DEBUG org.apache.http.headers  - << Expect-CT: max-age=0
2389086 [main] DEBUG org.apache.http.headers  - << Expect-CT: max-age=0
2389086 [main] DEBUG org.apache.http.headers  - << Expect-CT: max-age=0
2389086 [main] DEBUG org.apache.http.headers  - << Expect-CT: max-age=0
2389086 [main] DEBUG org.apache.http.headers  - << Expect-CT: max-age=0
2389086 [main] DEBUG org.apache.http.headers  - << Expect-CT: max-age=0
2389086 [main] DEBUG org.apache.http.headers  - << Expect-CT: max-age=0
2389086 [main] DEBUG org.apache.http.headers  - << Expect-CT: max-age=0
2389086 [main] DEBUG org.apache.http.headers  - << X-Frame-Options: SAMEORIGIN
2389086 [main] DEBUG org.apache.http.headers  - << X-Frame-Options: SAMEORIGIN
2389086 [main] DEBUG org.apache.http.headers  - << X-Frame-Options: SAMEORIGIN
2389086 [main] DEBUG org.apache.http.headers  - << X-Frame-Options: SAMEORIGIN
2389086 [main] DEBUG org.apache.http.headers  - << X-Frame-Options: SAMEORIGIN
2389086 [main] DEBUG org.apache.http.headers  - << X-Frame-Options: SAMEORIGIN
2389086 [main] DEBUG org.apache.http.headers  - << X-Frame-Options: SAMEORIGIN
2389086 [main] DEBUG org.apache.http.headers  - << X-Frame-Options: SAMEORIGIN
2389086 [main] DEBUG org.apache.http.headers  - << X-Frame-Options: SAMEORIGIN
2389086 [main] DEBUG org.apache.http.headers  - << X-Frame-Options: SAMEORIGIN
2389086 [main] DEBUG org.apache.http.headers  - << X-Download-Options: noopen
2389086 [main] DEBUG org.apache.http.headers  - << X-Download-Options: noopen
2389086 [main] DEBUG org.apache.http.headers  - << X-Download-Options: noopen
2389086 [main] DEBUG org.apache.http.headers  - << X-Download-Options: noopen
2389086 [main] DEBUG org.apache.http.headers  - << X-Download-Options: noopen
2389086 [main] DEBUG org.apache.http.headers  - << X-Download-Options: noopen
2389086 [main] DEBUG org.apache.http.headers  - << X-Download-Options: noopen
2389086 [main] DEBUG org.apache.http.headers  - << X-Download-Options: noopen
2389086 [main] DEBUG org.apache.http.headers  - << X-Download-Options: noopen
2389086 [main] DEBUG org.apache.http.headers  - << X-Download-Options: noopen
2389087 [main] DEBUG org.apache.http.headers  - << X-Content-Type-Options: nosniff
2389087 [main] DEBUG org.apache.http.headers  - << X-Content-Type-Options: nosniff
2389087 [main] DEBUG org.apache.http.headers  - << X-Content-Type-Options: nosniff
2389087 [main] DEBUG org.apache.http.headers  - << X-Content-Type-Options: nosniff
2389087 [main] DEBUG org.apache.http.headers  - << X-Content-Type-Options: nosniff
2389087 [main] DEBUG org.apache.http.headers  - << X-Content-Type-Options: nosniff
2389087 [main] DEBUG org.apache.http.headers  - << X-Content-Type-Options: nosniff
2389087 [main] DEBUG org.apache.http.headers  - << X-Content-Type-Options: nosniff
2389087 [main] DEBUG org.apache.http.headers  - << X-Content-Type-Options: nosniff
2389087 [main] DEBUG org.apache.http.headers  - << X-Content-Type-Options: nosniff
2389087 [main] DEBUG org.apache.http.headers  - << X-Permitted-Cross-Domain-Policies: none
2389087 [main] DEBUG org.apache.http.headers  - << X-Permitted-Cross-Domain-Policies: none
2389087 [main] DEBUG org.apache.http.headers  - << X-Permitted-Cross-Domain-Policies: none
2389087 [main] DEBUG org.apache.http.headers  - << X-Permitted-Cross-Domain-Policies: none
2389087 [main] DEBUG org.apache.http.headers  - << X-Permitted-Cross-Domain-Policies: none
2389087 [main] DEBUG org.apache.http.headers  - << X-Permitted-Cross-Domain-Policies: none
2389087 [main] DEBUG org.apache.http.headers  - << X-Permitted-Cross-Domain-Policies: none
2389087 [main] DEBUG org.apache.http.headers  - << X-Permitted-Cross-Domain-Policies: none
2389087 [main] DEBUG org.apache.http.headers  - << X-Permitted-Cross-Domain-Policies: none
2389087 [main] DEBUG org.apache.http.headers  - << X-Permitted-Cross-Domain-Policies: none
2389087 [main] DEBUG org.apache.http.headers  - << Referrer-Policy: no-referrer
2389087 [main] DEBUG org.apache.http.headers  - << Referrer-Policy: no-referrer
2389087 [main] DEBUG org.apache.http.headers  - << Referrer-Policy: no-referrer
2389087 [main] DEBUG org.apache.http.headers  - << Referrer-Policy: no-referrer
2389087 [main] DEBUG org.apache.http.headers  - << Referrer-Policy: no-referrer
2389087 [main] DEBUG org.apache.http.headers  - << Referrer-Policy: no-referrer
2389087 [main] DEBUG org.apache.http.headers  - << Referrer-Policy: no-referrer
2389087 [main] DEBUG org.apache.http.headers  - << Referrer-Policy: no-referrer
2389087 [main] DEBUG org.apache.http.headers  - << Referrer-Policy: no-referrer
2389087 [main] DEBUG org.apache.http.headers  - << Referrer-Policy: no-referrer
2389088 [main] DEBUG org.apache.http.headers  - << X-XSS-Protection: 0
2389088 [main] DEBUG org.apache.http.headers  - << X-XSS-Protection: 0
2389088 [main] DEBUG org.apache.http.headers  - << X-XSS-Protection: 0
2389088 [main] DEBUG org.apache.http.headers  - << X-XSS-Protection: 0
2389088 [main] DEBUG org.apache.http.headers  - << X-XSS-Protection: 0
2389088 [main] DEBUG org.apache.http.headers  - << X-XSS-Protection: 0
2389088 [main] DEBUG org.apache.http.headers  - << X-XSS-Protection: 0
2389088 [main] DEBUG org.apache.http.headers  - << X-XSS-Protection: 0
2389088 [main] DEBUG org.apache.http.headers  - << X-XSS-Protection: 0
2389088 [main] DEBUG org.apache.http.headers  - << X-XSS-Protection: 0
2389088 [main] DEBUG org.apache.http.headers  - << Vary: Origin, Accept-Encoding
2389088 [main] DEBUG org.apache.http.headers  - << Vary: Origin, Accept-Encoding
2389088 [main] DEBUG org.apache.http.headers  - << Vary: Origin, Accept-Encoding
2389088 [main] DEBUG org.apache.http.headers  - << Vary: Origin, Accept-Encoding
2389088 [main] DEBUG org.apache.http.headers  - << Vary: Origin, Accept-Encoding
2389088 [main] DEBUG org.apache.http.headers  - << Vary: Origin, Accept-Encoding
2389088 [main] DEBUG org.apache.http.headers  - << Vary: Origin, Accept-Encoding
2389088 [main] DEBUG org.apache.http.headers  - << Vary: Origin, Accept-Encoding
2389088 [main] DEBUG org.apache.http.headers  - << Vary: Origin, Accept-Encoding
2389088 [main] DEBUG org.apache.http.headers  - << Vary: Origin, Accept-Encoding
2389088 [main] DEBUG org.apache.http.headers  - << Access-Control-Allow-Credentials: true
2389088 [main] DEBUG org.apache.http.headers  - << Access-Control-Allow-Credentials: true
2389088 [main] DEBUG org.apache.http.headers  - << Access-Control-Allow-Credentials: true
2389088 [main] DEBUG org.apache.http.headers  - << Access-Control-Allow-Credentials: true
2389088 [main] DEBUG org.apache.http.headers  - << Access-Control-Allow-Credentials: true
2389088 [main] DEBUG org.apache.http.headers  - << Access-Control-Allow-Credentials: true
2389088 [main] DEBUG org.apache.http.headers  - << Access-Control-Allow-Credentials: true
2389088 [main] DEBUG org.apache.http.headers  - << Access-Control-Allow-Credentials: true
2389088 [main] DEBUG org.apache.http.headers  - << Access-Control-Allow-Credentials: true
2389088 [main] DEBUG org.apache.http.headers  - << Access-Control-Allow-Credentials: true
2389088 [main] DEBUG org.apache.http.headers  - << Retry-After: 10
2389088 [main] DEBUG org.apache.http.headers  - << Retry-After: 10
2389088 [main] DEBUG org.apache.http.headers  - << Retry-After: 10
2389088 [main] DEBUG org.apache.http.headers  - << Retry-After: 10
2389088 [main] DEBUG org.apache.http.headers  - << Retry-After: 10
2389088 [main] DEBUG org.apache.http.headers  - << Retry-After: 10
2389088 [main] DEBUG org.apache.http.headers  - << Retry-After: 10
2389088 [main] DEBUG org.apache.http.headers  - << Retry-After: 10
2389088 [main] DEBUG org.apache.http.headers  - << Retry-After: 10
2389088 [main] DEBUG org.apache.http.headers  - << Retry-After: 10
2389088 [main] DEBUG org.apache.http.headers  - << X-RateLimit-Limit: 80
2389088 [main] DEBUG org.apache.http.headers  - << X-RateLimit-Limit: 80
2389088 [main] DEBUG org.apache.http.headers  - << X-RateLimit-Limit: 80
2389088 [main] DEBUG org.apache.http.headers  - << X-RateLimit-Limit: 80
2389088 [main] DEBUG org.apache.http.headers  - << X-RateLimit-Limit: 80
2389088 [main] DEBUG org.apache.http.headers  - << X-RateLimit-Limit: 80
2389088 [main] DEBUG org.apache.http.headers  - << X-RateLimit-Limit: 80
2389088 [main] DEBUG org.apache.http.headers  - << X-RateLimit-Limit: 80
2389088 [main] DEBUG org.apache.http.headers  - << X-RateLimit-Limit: 80
2389088 [main] DEBUG org.apache.http.headers  - << X-RateLimit-Limit: 80
2389088 [main] DEBUG org.apache.http.headers  - << X-RateLimit-Remaining: 79
2389088 [main] DEBUG org.apache.http.headers  - << X-RateLimit-Remaining: 79
2389088 [main] DEBUG org.apache.http.headers  - << X-RateLimit-Remaining: 79
2389088 [main] DEBUG org.apache.http.headers  - << X-RateLimit-Remaining: 79
2389088 [main] DEBUG org.apache.http.headers  - << X-RateLimit-Remaining: 79
2389088 [main] DEBUG org.apache.http.headers  - << X-RateLimit-Remaining: 79
2389088 [main] DEBUG org.apache.http.headers  - << X-RateLimit-Remaining: 79
2389088 [main] DEBUG org.apache.http.headers  - << X-RateLimit-Remaining: 79
2389088 [main] DEBUG org.apache.http.headers  - << X-RateLimit-Remaining: 79
2389088 [main] DEBUG org.apache.http.headers  - << X-RateLimit-Remaining: 79
2389089 [main] DEBUG org.apache.http.headers  - << X-RateLimit-Reset: Tue Sep 22 2020 09:33:49 GMT+0000 (Coordinated Universal Time)
2389089 [main] DEBUG org.apache.http.headers  - << X-RateLimit-Reset: Tue Sep 22 2020 09:33:49 GMT+0000 (Coordinated Universal Time)
2389089 [main] DEBUG org.apache.http.headers  - << X-RateLimit-Reset: Tue Sep 22 2020 09:33:49 GMT+0000 (Coordinated Universal Time)
2389089 [main] DEBUG org.apache.http.headers  - << X-RateLimit-Reset: Tue Sep 22 2020 09:33:49 GMT+0000 (Coordinated Universal Time)
2389089 [main] DEBUG org.apache.http.headers  - << X-RateLimit-Reset: Tue Sep 22 2020 09:33:49 GMT+0000 (Coordinated Universal Time)
2389089 [main] DEBUG org.apache.http.headers  - << X-RateLimit-Reset: Tue Sep 22 2020 09:33:49 GMT+0000 (Coordinated Universal Time)
2389089 [main] DEBUG org.apache.http.headers  - << X-RateLimit-Reset: Tue Sep 22 2020 09:33:49 GMT+0000 (Coordinated Universal Time)
2389089 [main] DEBUG org.apache.http.headers  - << X-RateLimit-Reset: Tue Sep 22 2020 09:33:49 GMT+0000 (Coordinated Universal Time)
2389089 [main] DEBUG org.apache.http.headers  - << X-RateLimit-Reset: Tue Sep 22 2020 09:33:49 GMT+0000 (Coordinated Universal Time)
2389089 [main] DEBUG org.apache.http.headers  - << X-RateLimit-Reset: Tue Sep 22 2020 09:33:49 GMT+0000 (Coordinated Universal Time)
2389089 [main] DEBUG org.apache.http.headers  - << Access-Control-Allow-Methods: GET, POST, OPTIONS
2389089 [main] DEBUG org.apache.http.headers  - << Access-Control-Allow-Methods: GET, POST, OPTIONS
2389089 [main] DEBUG org.apache.http.headers  - << Access-Control-Allow-Methods: GET, POST, OPTIONS
2389089 [main] DEBUG org.apache.http.headers  - << Access-Control-Allow-Methods: GET, POST, OPTIONS
2389089 [main] DEBUG org.apache.http.headers  - << Access-Control-Allow-Methods: GET, POST, OPTIONS
2389089 [main] DEBUG org.apache.http.headers  - << Access-Control-Allow-Methods: GET, POST, OPTIONS
2389089 [main] DEBUG org.apache.http.headers  - << Access-Control-Allow-Methods: GET, POST, OPTIONS
2389089 [main] DEBUG org.apache.http.headers  - << Access-Control-Allow-Methods: GET, POST, OPTIONS
2389089 [main] DEBUG org.apache.http.headers  - << Access-Control-Allow-Methods: GET, POST, OPTIONS
2389089 [main] DEBUG org.apache.http.headers  - << Access-Control-Allow-Methods: GET, POST, OPTIONS
2389089 [main] DEBUG org.apache.http.headers  - << Access-Control-Allow-Headers: DNT,X-CustomHeader,Keep-Alive,User-Agent,X-Requested-With,If-Modified-Since,Cache-Control,Content-Type,Content-Range,Range
2389089 [main] DEBUG org.apache.http.headers  - << Access-Control-Allow-Headers: DNT,X-CustomHeader,Keep-Alive,User-Agent,X-Requested-With,If-Modified-Since,Cache-Control,Content-Type,Content-Range,Range
2389089 [main] DEBUG org.apache.http.headers  - << Access-Control-Allow-Headers: DNT,X-CustomHeader,Keep-Alive,User-Agent,X-Requested-With,If-Modified-Since,Cache-Control,Content-Type,Content-Range,Range
2389089 [main] DEBUG org.apache.http.headers  - << Access-Control-Allow-Headers: DNT,X-CustomHeader,Keep-Alive,User-Agent,X-Requested-With,If-Modified-Since,Cache-Control,Content-Type,Content-Range,Range
2389089 [main] DEBUG org.apache.http.headers  - << Access-Control-Allow-Headers: DNT,X-CustomHeader,Keep-Alive,User-Agent,X-Requested-With,If-Modified-Since,Cache-Control,Content-Type,Content-Range,Range
2389089 [main] DEBUG org.apache.http.headers  - << Access-Control-Allow-Headers: DNT,X-CustomHeader,Keep-Alive,User-Agent,X-Requested-With,If-Modified-Since,Cache-Control,Content-Type,Content-Range,Range
2389089 [main] DEBUG org.apache.http.headers  - << Access-Control-Allow-Headers: DNT,X-CustomHeader,Keep-Alive,User-Agent,X-Requested-With,If-Modified-Since,Cache-Control,Content-Type,Content-Range,Range
2389089 [main] DEBUG org.apache.http.headers  - << Access-Control-Allow-Headers: DNT,X-CustomHeader,Keep-Alive,User-Agent,X-Requested-With,If-Modified-Since,Cache-Control,Content-Type,Content-Range,Range
2389089 [main] DEBUG org.apache.http.headers  - << Access-Control-Allow-Headers: DNT,X-CustomHeader,Keep-Alive,User-Agent,X-Requested-With,If-Modified-Since,Cache-Control,Content-Type,Content-Range,Range
2389089 [main] DEBUG org.apache.http.headers  - << Access-Control-Allow-Headers: DNT,X-CustomHeader,Keep-Alive,User-Agent,X-Requested-With,If-Modified-Since,Cache-Control,Content-Type,Content-Range,Range
2389089 [main] DEBUG org.apache.http.headers  - << Access-Control-Expose-Headers: DNT,X-CustomHeader,Keep-Alive,User-Agent,X-Requested-With,If-Modified-Since,Cache-Control,Content-Type,Content-Range,Range
2389089 [main] DEBUG org.apache.http.headers  - << Access-Control-Expose-Headers: DNT,X-CustomHeader,Keep-Alive,User-Agent,X-Requested-With,If-Modified-Since,Cache-Control,Content-Type,Content-Range,Range
2389089 [main] DEBUG org.apache.http.headers  - << Access-Control-Expose-Headers: DNT,X-CustomHeader,Keep-Alive,User-Agent,X-Requested-With,If-Modified-Since,Cache-Control,Content-Type,Content-Range,Range
2389089 [main] DEBUG org.apache.http.headers  - << Access-Control-Expose-Headers: DNT,X-CustomHeader,Keep-Alive,User-Agent,X-Requested-With,If-Modified-Since,Cache-Control,Content-Type,Content-Range,Range
2389089 [main] DEBUG org.apache.http.headers  - << Access-Control-Expose-Headers: DNT,X-CustomHeader,Keep-Alive,User-Agent,X-Requested-With,If-Modified-Since,Cache-Control,Content-Type,Content-Range,Range
2389089 [main] DEBUG org.apache.http.headers  - << Access-Control-Expose-Headers: DNT,X-CustomHeader,Keep-Alive,User-Agent,X-Requested-With,If-Modified-Since,Cache-Control,Content-Type,Content-Range,Range
2389089 [main] DEBUG org.apache.http.headers  - << Access-Control-Expose-Headers: DNT,X-CustomHeader,Keep-Alive,User-Agent,X-Requested-With,If-Modified-Since,Cache-Control,Content-Type,Content-Range,Range
2389089 [main] DEBUG org.apache.http.headers  - << Access-Control-Expose-Headers: DNT,X-CustomHeader,Keep-Alive,User-Agent,X-Requested-With,If-Modified-Since,Cache-Control,Content-Type,Content-Range,Range
2389089 [main] DEBUG org.apache.http.headers  - << Access-Control-Expose-Headers: DNT,X-CustomHeader,Keep-Alive,User-Agent,X-Requested-With,If-Modified-Since,Cache-Control,Content-Type,Content-Range,Range
2389089 [main] DEBUG org.apache.http.headers  - << Access-Control-Expose-Headers: DNT,X-CustomHeader,Keep-Alive,User-Agent,X-Requested-With,If-Modified-Since,Cache-Control,Content-Type,Content-Range,Range
2389089 [main] DEBUG org.apache.http.headers  - << Content-Encoding: gzip
2389089 [main] DEBUG org.apache.http.headers  - << Content-Encoding: gzip
2389089 [main] DEBUG org.apache.http.headers  - << Content-Encoding: gzip
2389089 [main] DEBUG org.apache.http.headers  - << Content-Encoding: gzip
2389089 [main] DEBUG org.apache.http.headers  - << Content-Encoding: gzip
2389089 [main] DEBUG org.apache.http.headers  - << Content-Encoding: gzip
2389089 [main] DEBUG org.apache.http.headers  - << Content-Encoding: gzip
2389089 [main] DEBUG org.apache.http.headers  - << Content-Encoding: gzip
2389089 [main] DEBUG org.apache.http.headers  - << Content-Encoding: gzip
2389089 [main] DEBUG org.apache.http.headers  - << Content-Encoding: gzip
2389089 [main] DEBUG org.apache.http.impl.client.DefaultHttpClient  - Connection can be kept alive indefinitely
2389089 [main] DEBUG org.apache.http.impl.client.DefaultHttpClient  - Connection can be kept alive indefinitely
2389089 [main] DEBUG org.apache.http.impl.client.DefaultHttpClient  - Connection can be kept alive indefinitely
2389089 [main] DEBUG org.apache.http.impl.client.DefaultHttpClient  - Connection can be kept alive indefinitely
2389089 [main] DEBUG org.apache.http.impl.client.DefaultHttpClient  - Connection can be kept alive indefinitely
2389089 [main] DEBUG org.apache.http.impl.client.DefaultHttpClient  - Connection can be kept alive indefinitely
2389089 [main] DEBUG org.apache.http.impl.client.DefaultHttpClient  - Connection can be kept alive indefinitely
2389089 [main] DEBUG org.apache.http.impl.client.DefaultHttpClient  - Connection can be kept alive indefinitely
2389089 [main] DEBUG org.apache.http.impl.client.DefaultHttpClient  - Connection can be kept alive indefinitely
2389089 [main] DEBUG org.apache.http.impl.client.DefaultHttpClient  - Connection can be kept alive indefinitely
2389090 [main] DEBUG io.restassured.internal.RequestSpecificationImpl$RestAssuredHttpBuilder  - Parsing response as: application/json; charset=utf-8
2389090 [main] DEBUG io.restassured.internal.RequestSpecificationImpl$RestAssuredHttpBuilder  - Parsing response as: application/json; charset=utf-8
2389090 [main] DEBUG io.restassured.internal.RequestSpecificationImpl$RestAssuredHttpBuilder  - Parsing response as: application/json; charset=utf-8
2389090 [main] DEBUG io.restassured.internal.RequestSpecificationImpl$RestAssuredHttpBuilder  - Parsing response as: application/json; charset=utf-8
2389090 [main] DEBUG io.restassured.internal.RequestSpecificationImpl$RestAssuredHttpBuilder  - Parsing response as: application/json; charset=utf-8
2389090 [main] DEBUG io.restassured.internal.RequestSpecificationImpl$RestAssuredHttpBuilder  - Parsing response as: application/json; charset=utf-8
2389090 [main] DEBUG io.restassured.internal.RequestSpecificationImpl$RestAssuredHttpBuilder  - Parsing response as: application/json; charset=utf-8
2389090 [main] DEBUG io.restassured.internal.RequestSpecificationImpl$RestAssuredHttpBuilder  - Parsing response as: application/json; charset=utf-8
2389090 [main] DEBUG io.restassured.internal.RequestSpecificationImpl$RestAssuredHttpBuilder  - Parsing response as: application/json; charset=utf-8
2389090 [main] DEBUG io.restassured.internal.RequestSpecificationImpl$RestAssuredHttpBuilder  - Parsing response as: application/json; charset=utf-8
2389090 [main] DEBUG org.apache.http.wire  -  << "53[\r][\n]"
2389090 [main] DEBUG org.apache.http.wire  -  << "53[\r][\n]"
2389090 [main] DEBUG org.apache.http.wire  -  << "53[\r][\n]"
2389090 [main] DEBUG org.apache.http.wire  -  << "53[\r][\n]"
2389090 [main] DEBUG org.apache.http.wire  -  << "53[\r][\n]"
2389090 [main] DEBUG org.apache.http.wire  -  << "53[\r][\n]"
2389090 [main] DEBUG org.apache.http.wire  -  << "53[\r][\n]"
2389090 [main] DEBUG org.apache.http.wire  -  << "53[\r][\n]"
2389090 [main] DEBUG org.apache.http.wire  -  << "53[\r][\n]"
2389090 [main] DEBUG org.apache.http.wire  -  << "53[\r][\n]"
2389090 [main] DEBUG org.apache.http.wire  -  << "[0x1f][0x8b][0x8][0x0][0x0][0x0][0x0][0x0][0x0][0x3][0xab]V[0xca]M-.NLOU[0xb2]R[0xf2]IMLQ([0xcf],[0xc9]P([0xc8][0xc8][0xcf]KU[0xc8]+[0xcd]MJ-RP[0xd7][0xb6]4[0xb4]064071[0xb1]47UW[0xc8][0xcb]/QH[0xcb]/[0xcd]K[0xd1]S[0xaa][0x5][0x0]L[0xda][0x5]}?[0x0][0x0][0x0]"
2389090 [main] DEBUG org.apache.http.wire  -  << "[0x1f][0x8b][0x8][0x0][0x0][0x0][0x0][0x0][0x0][0x3][0xab]V[0xca]M-.NLOU[0xb2]R[0xf2]IMLQ([0xcf],[0xc9]P([0xc8][0xc8][0xcf]KU[0xc8]+[0xcd]MJ-RP[0xd7][0xb6]4[0xb4]064071[0xb1]47UW[0xc8][0xcb]/QH[0xcb]/[0xcd]K[0xd1]S[0xaa][0x5][0x0]L[0xda][0x5]}?[0x0][0x0][0x0]"
2389090 [main] DEBUG org.apache.http.wire  -  << "[0x1f][0x8b][0x8][0x0][0x0][0x0][0x0][0x0][0x0][0x3][0xab]V[0xca]M-.NLOU[0xb2]R[0xf2]IMLQ([0xcf],[0xc9]P([0xc8][0xc8][0xcf]KU[0xc8]+[0xcd]MJ-RP[0xd7][0xb6]4[0xb4]064071[0xb1]47UW[0xc8][0xcb]/QH[0xcb]/[0xcd]K[0xd1]S[0xaa][0x5][0x0]L[0xda][0x5]}?[0x0][0x0][0x0]"
2389090 [main] DEBUG org.apache.http.wire  -  << "[0x1f][0x8b][0x8][0x0][0x0][0x0][0x0][0x0][0x0][0x3][0xab]V[0xca]M-.NLOU[0xb2]R[0xf2]IMLQ([0xcf],[0xc9]P([0xc8][0xc8][0xcf]KU[0xc8]+[0xcd]MJ-RP[0xd7][0xb6]4[0xb4]064071[0xb1]47UW[0xc8][0xcb]/QH[0xcb]/[0xcd]K[0xd1]S[0xaa][0x5][0x0]L[0xda][0x5]}?[0x0][0x0][0x0]"
2389090 [main] DEBUG org.apache.http.wire  -  << "[0x1f][0x8b][0x8][0x0][0x0][0x0][0x0][0x0][0x0][0x3][0xab]V[0xca]M-.NLOU[0xb2]R[0xf2]IMLQ([0xcf],[0xc9]P([0xc8][0xc8][0xcf]KU[0xc8]+[0xcd]MJ-RP[0xd7][0xb6]4[0xb4]064071[0xb1]47UW[0xc8][0xcb]/QH[0xcb]/[0xcd]K[0xd1]S[0xaa][0x5][0x0]L[0xda][0x5]}?[0x0][0x0][0x0]"
2389090 [main] DEBUG org.apache.http.wire  -  << "[0x1f][0x8b][0x8][0x0][0x0][0x0][0x0][0x0][0x0][0x3][0xab]V[0xca]M-.NLOU[0xb2]R[0xf2]IMLQ([0xcf],[0xc9]P([0xc8][0xc8][0xcf]KU[0xc8]+[0xcd]MJ-RP[0xd7][0xb6]4[0xb4]064071[0xb1]47UW[0xc8][0xcb]/QH[0xcb]/[0xcd]K[0xd1]S[0xaa][0x5][0x0]L[0xda][0x5]}?[0x0][0x0][0x0]"
2389090 [main] DEBUG org.apache.http.wire  -  << "[0x1f][0x8b][0x8][0x0][0x0][0x0][0x0][0x0][0x0][0x3][0xab]V[0xca]M-.NLOU[0xb2]R[0xf2]IMLQ([0xcf],[0xc9]P([0xc8][0xc8][0xcf]KU[0xc8]+[0xcd]MJ-RP[0xd7][0xb6]4[0xb4]064071[0xb1]47UW[0xc8][0xcb]/QH[0xcb]/[0xcd]K[0xd1]S[0xaa][0x5][0x0]L[0xda][0x5]}?[0x0][0x0][0x0]"
2389090 [main] DEBUG org.apache.http.wire  -  << "[0x1f][0x8b][0x8][0x0][0x0][0x0][0x0][0x0][0x0][0x3][0xab]V[0xca]M-.NLOU[0xb2]R[0xf2]IMLQ([0xcf],[0xc9]P([0xc8][0xc8][0xcf]KU[0xc8]+[0xcd]MJ-RP[0xd7][0xb6]4[0xb4]064071[0xb1]47UW[0xc8][0xcb]/QH[0xcb]/[0xcd]K[0xd1]S[0xaa][0x5][0x0]L[0xda][0x5]}?[0x0][0x0][0x0]"
2389090 [main] DEBUG org.apache.http.wire  -  << "[0x1f][0x8b][0x8][0x0][0x0][0x0][0x0][0x0][0x0][0x3][0xab]V[0xca]M-.NLOU[0xb2]R[0xf2]IMLQ([0xcf],[0xc9]P([0xc8][0xc8][0xcf]KU[0xc8]+[0xcd]MJ-RP[0xd7][0xb6]4[0xb4]064071[0xb1]47UW[0xc8][0xcb]/QH[0xcb]/[0xcd]K[0xd1]S[0xaa][0x5][0x0]L[0xda][0x5]}?[0x0][0x0][0x0]"
2389090 [main] DEBUG org.apache.http.wire  -  << "[0x1f][0x8b][0x8][0x0][0x0][0x0][0x0][0x0][0x0][0x3][0xab]V[0xca]M-.NLOU[0xb2]R[0xf2]IMLQ([0xcf],[0xc9]P([0xc8][0xc8][0xcf]KU[0xc8]+[0xcd]MJ-RP[0xd7][0xb6]4[0xb4]064071[0xb1]47UW[0xc8][0xcb]/QH[0xcb]/[0xcd]K[0xd1]S[0xaa][0x5][0x0]L[0xda][0x5]}?[0x0][0x0][0x0]"
2389090 [main] DEBUG org.apache.http.wire  -  << "[\r][\n]"
2389090 [main] DEBUG org.apache.http.wire  -  << "[\r][\n]"
2389090 [main] DEBUG org.apache.http.wire  -  << "[\r][\n]"
2389090 [main] DEBUG org.apache.http.wire  -  << "[\r][\n]"
2389090 [main] DEBUG org.apache.http.wire  -  << "[\r][\n]"
2389090 [main] DEBUG org.apache.http.wire  -  << "[\r][\n]"
2389090 [main] DEBUG org.apache.http.wire  -  << "[\r][\n]"
2389090 [main] DEBUG org.apache.http.wire  -  << "[\r][\n]"
2389090 [main] DEBUG org.apache.http.wire  -  << "[\r][\n]"
2389090 [main] DEBUG org.apache.http.wire  -  << "[\r][\n]"
2389090 [main] DEBUG org.apache.http.wire  -  << "0[\r][\n]"
2389090 [main] DEBUG org.apache.http.wire  -  << "0[\r][\n]"
2389090 [main] DEBUG org.apache.http.wire  -  << "0[\r][\n]"
2389090 [main] DEBUG org.apache.http.wire  -  << "0[\r][\n]"
2389090 [main] DEBUG org.apache.http.wire  -  << "0[\r][\n]"
2389090 [main] DEBUG org.apache.http.wire  -  << "0[\r][\n]"
2389090 [main] DEBUG org.apache.http.wire  -  << "0[\r][\n]"
2389090 [main] DEBUG org.apache.http.wire  -  << "0[\r][\n]"
2389090 [main] DEBUG org.apache.http.wire  -  << "0[\r][\n]"
2389090 [main] DEBUG org.apache.http.wire  -  << "0[\r][\n]"
2389090 [main] DEBUG org.apache.http.wire  -  << "[\r][\n]"
2389090 [main] DEBUG org.apache.http.wire  -  << "[\r][\n]"
2389090 [main] DEBUG org.apache.http.wire  -  << "[\r][\n]"
2389090 [main] DEBUG org.apache.http.wire  -  << "[\r][\n]"
2389090 [main] DEBUG org.apache.http.wire  -  << "[\r][\n]"
2389090 [main] DEBUG org.apache.http.wire  -  << "[\r][\n]"
2389090 [main] DEBUG org.apache.http.wire  -  << "[\r][\n]"
2389090 [main] DEBUG org.apache.http.wire  -  << "[\r][\n]"
2389090 [main] DEBUG org.apache.http.wire  -  << "[\r][\n]"
2389090 [main] DEBUG org.apache.http.wire  -  << "[\r][\n]"
2389090 [main] DEBUG io.restassured.internal.RequestSpecificationImpl$RestAssuredHttpBuilder  - Parsed data to instance of: class org.apache.http.conn.EofSensorInputStream
2389090 [main] DEBUG io.restassured.internal.RequestSpecificationImpl$RestAssuredHttpBuilder  - Parsed data to instance of: class org.apache.http.conn.EofSensorInputStream
2389090 [main] DEBUG io.restassured.internal.RequestSpecificationImpl$RestAssuredHttpBuilder  - Parsed data to instance of: class org.apache.http.conn.EofSensorInputStream
2389090 [main] DEBUG io.restassured.internal.RequestSpecificationImpl$RestAssuredHttpBuilder  - Parsed data to instance of: class org.apache.http.conn.EofSensorInputStream
2389090 [main] DEBUG io.restassured.internal.RequestSpecificationImpl$RestAssuredHttpBuilder  - Parsed data to instance of: class org.apache.http.conn.EofSensorInputStream
2389090 [main] DEBUG io.restassured.internal.RequestSpecificationImpl$RestAssuredHttpBuilder  - Parsed data to instance of: class org.apache.http.conn.EofSensorInputStream
2389090 [main] DEBUG io.restassured.internal.RequestSpecificationImpl$RestAssuredHttpBuilder  - Parsed data to instance of: class org.apache.http.conn.EofSensorInputStream
2389090 [main] DEBUG io.restassured.internal.RequestSpecificationImpl$RestAssuredHttpBuilder  - Parsed data to instance of: class org.apache.http.conn.EofSensorInputStream
2389090 [main] DEBUG io.restassured.internal.RequestSpecificationImpl$RestAssuredHttpBuilder  - Parsed data to instance of: class org.apache.http.conn.EofSensorInputStream
2389090 [main] DEBUG io.restassured.internal.RequestSpecificationImpl$RestAssuredHttpBuilder  - Parsed data to instance of: class org.apache.http.conn.EofSensorInputStream
2389091 [main] DEBUG org.apache.http.impl.conn.BasicClientConnectionManager  - Releasing connection org.apache.http.impl.conn.ManagedClientConnectionImpl@58b3eb1
2389091 [main] DEBUG org.apache.http.impl.conn.BasicClientConnectionManager  - Releasing connection org.apache.http.impl.conn.ManagedClientConnectionImpl@58b3eb1
2389091 [main] DEBUG org.apache.http.impl.conn.BasicClientConnectionManager  - Releasing connection org.apache.http.impl.conn.ManagedClientConnectionImpl@58b3eb1
2389091 [main] DEBUG org.apache.http.impl.conn.BasicClientConnectionManager  - Releasing connection org.apache.http.impl.conn.ManagedClientConnectionImpl@58b3eb1
2389091 [main] DEBUG org.apache.http.impl.conn.BasicClientConnectionManager  - Releasing connection org.apache.http.impl.conn.ManagedClientConnectionImpl@58b3eb1
2389091 [main] DEBUG org.apache.http.impl.conn.BasicClientConnectionManager  - Releasing connection org.apache.http.impl.conn.ManagedClientConnectionImpl@58b3eb1
2389091 [main] DEBUG org.apache.http.impl.conn.BasicClientConnectionManager  - Releasing connection org.apache.http.impl.conn.ManagedClientConnectionImpl@58b3eb1
2389091 [main] DEBUG org.apache.http.impl.conn.BasicClientConnectionManager  - Releasing connection org.apache.http.impl.conn.ManagedClientConnectionImpl@58b3eb1
2389091 [main] DEBUG org.apache.http.impl.conn.BasicClientConnectionManager  - Releasing connection org.apache.http.impl.conn.ManagedClientConnectionImpl@58b3eb1
2389091 [main] DEBUG org.apache.http.impl.conn.BasicClientConnectionManager  - Releasing connection org.apache.http.impl.conn.ManagedClientConnectionImpl@58b3eb1
2389091 [main] DEBUG org.apache.http.impl.conn.BasicClientConnectionManager  - Connection can be kept alive indefinitely
2389091 [main] DEBUG org.apache.http.impl.conn.BasicClientConnectionManager  - Connection can be kept alive indefinitely
2389091 [main] DEBUG org.apache.http.impl.conn.BasicClientConnectionManager  - Connection can be kept alive indefinitely
2389091 [main] DEBUG org.apache.http.impl.conn.BasicClientConnectionManager  - Connection can be kept alive indefinitely
2389091 [main] DEBUG org.apache.http.impl.conn.BasicClientConnectionManager  - Connection can be kept alive indefinitely
2389091 [main] DEBUG org.apache.http.impl.conn.BasicClientConnectionManager  - Connection can be kept alive indefinitely
2389091 [main] DEBUG org.apache.http.impl.conn.BasicClientConnectionManager  - Connection can be kept alive indefinitely
2389091 [main] DEBUG org.apache.http.impl.conn.BasicClientConnectionManager  - Connection can be kept alive indefinitely
2389091 [main] DEBUG org.apache.http.impl.conn.BasicClientConnectionManager  - Connection can be kept alive indefinitely
2389091 [main] DEBUG org.apache.http.impl.conn.BasicClientConnectionManager  - Connection can be kept alive indefinitely
{
    "message": "Lead with phone number '+918310744975' not found."
}
{
    "message": "Lead with phone number '+918310744975' not found."
}]]></system-out>
  </testcase>
  <testcase name="NewUserSignupbookanpayatHospitalAppointmentWithFreeOpinion" classname="com.onco.webtests.NewUserUPIpaymentIWantToTalkToOncologist" time="161.314"/>
  <testcase name="addResultForTestCase" classname="com.onco.webtests.NewUserUPIpaymentIWantToTalkToOncologist" time="161.479">
    <failure message="&#10;Can inject only one of &lt;ITestContext, XmlTest&gt; into a @AfterClass annotated addResultForTestCase.&#10;For more information on native dependency injection please refer to http://testng.org/doc/documentation-main.html#native-dependency-injection" type="org.testng.TestNGException"><![CDATA[org.testng.TestNGException: 

Can inject only one of <ITestContext, XmlTest> into a @AfterClass annotated addResultForTestCase.
For more information on native dependency injection please refer to http://testng.org/doc/documentation-main.html#native-dependency-injection
]]></failure>
  </testcase>
  <testcase name="NewUserSignupbookanpayatHospitalAppointmentWithFreeOpinion" classname="com.onco.webtests.ExistinguserFlowBookAppointment" time="261.199"/>
  <testcase name="addResultForTestCase" classname="com.onco.webtests.ExistinguserFlowBookAppointment" time="261.378">
    <failure message="&#10;Can inject only one of &lt;ITestContext, XmlTest&gt; into a @AfterClass annotated addResultForTestCase.&#10;For more information on native dependency injection please refer to http://testng.org/doc/documentation-main.html#native-dependency-injection" type="org.testng.TestNGException"><![CDATA[org.testng.TestNGException: 

Can inject only one of <ITestContext, XmlTest> into a @AfterClass annotated addResultForTestCase.
For more information on native dependency injection please refer to http://testng.org/doc/documentation-main.html#native-dependency-injection
]]></failure>
  </testcase>
  <testcase name="NewUserSignupbookanpayatHospitalAppointmentWithFreeOpinion" classname="com.onco.webtests.ExistinguserFlowBookLabDiagnostic" time="299.073"/>
  <testcase name="addResultForTestCase" classname="com.onco.webtests.ExistinguserFlowBookLabDiagnostic" time="299.198">
    <failure message="&#10;Can inject only one of &lt;ITestContext, XmlTest&gt; into a @AfterClass annotated addResultForTestCase.&#10;For more information on native dependency injection please refer to http://testng.org/doc/documentation-main.html#native-dependency-injection" type="org.testng.TestNGException"><![CDATA[org.testng.TestNGException: 

Can inject only one of <ITestContext, XmlTest> into a @AfterClass annotated addResultForTestCase.
For more information on native dependency injection please refer to http://testng.org/doc/documentation-main.html#native-dependency-injection
]]></failure>
  </testcase>
  <testcase name="NewUserSignupbookanpayatHospitalAppointmentWithFreeOpinion" classname="com.onco.webtests.ExistinguserFlowIamconfusedineedhelpingettingstartedNoiamExperiencingsymptoms" time="105.498"/>
  <testcase name="addResultForTestCase" classname="com.onco.webtests.ExistinguserFlowIamconfusedineedhelpingettingstartedNoiamExperiencingsymptoms" time="105.615">
    <failure message="&#10;Can inject only one of &lt;ITestContext, XmlTest&gt; into a @AfterClass annotated addResultForTestCase.&#10;For more information on native dependency injection please refer to http://testng.org/doc/documentation-main.html#native-dependency-injection" type="org.testng.TestNGException"><![CDATA[org.testng.TestNGException: 

Can inject only one of <ITestContext, XmlTest> into a @AfterClass annotated addResultForTestCase.
For more information on native dependency injection please refer to http://testng.org/doc/documentation-main.html#native-dependency-injection
]]></failure>
  </testcase>
  <testcase name="NewUserSignupbookanpayatHospitalAppointmentWithFreeOpinion" classname="com.onco.webtests.ExistinguserFlowIamconfusedineedhelpingettingstartedYesiamdiagnoisedwithcancer" time="494.783"/>
  <testcase name="addResultForTestCase" classname="com.onco.webtests.ExistinguserFlowIamconfusedineedhelpingettingstartedYesiamdiagnoisedwithcancer" time="495.756">
    <failure message="&#10;Can inject only one of &lt;ITestContext, XmlTest&gt; into a @AfterClass annotated addResultForTestCase.&#10;For more information on native dependency injection please refer to http://testng.org/doc/documentation-main.html#native-dependency-injection" type="org.testng.TestNGException"><![CDATA[org.testng.TestNGException: 

Can inject only one of <ITestContext, XmlTest> into a @AfterClass annotated addResultForTestCase.
For more information on native dependency injection please refer to http://testng.org/doc/documentation-main.html#native-dependency-injection
]]></failure>
    <system-out><![CDATA[3733632 [main] DEBUG org.apache.http.impl.conn.BasicClientConnectionManager  - Get connection for route {s}->https://backstage.onco.com:443
3733632 [main] DEBUG org.apache.http.impl.conn.BasicClientConnectionManager  - Get connection for route {s}->https://backstage.onco.com:443
3733632 [main] DEBUG org.apache.http.impl.conn.BasicClientConnectionManager  - Get connection for route {s}->https://backstage.onco.com:443
3733632 [main] DEBUG org.apache.http.impl.conn.BasicClientConnectionManager  - Get connection for route {s}->https://backstage.onco.com:443
3733632 [main] DEBUG org.apache.http.impl.conn.BasicClientConnectionManager  - Get connection for route {s}->https://backstage.onco.com:443
3733632 [main] DEBUG org.apache.http.impl.conn.BasicClientConnectionManager  - Get connection for route {s}->https://backstage.onco.com:443
3733632 [main] DEBUG org.apache.http.impl.conn.BasicClientConnectionManager  - Get connection for route {s}->https://backstage.onco.com:443
3733632 [main] DEBUG org.apache.http.impl.conn.BasicClientConnectionManager  - Get connection for route {s}->https://backstage.onco.com:443
3733632 [main] DEBUG org.apache.http.impl.conn.BasicClientConnectionManager  - Get connection for route {s}->https://backstage.onco.com:443
3733632 [main] DEBUG org.apache.http.impl.conn.BasicClientConnectionManager  - Get connection for route {s}->https://backstage.onco.com:443
3733632 [main] DEBUG org.apache.http.impl.conn.BasicClientConnectionManager  - Get connection for route {s}->https://backstage.onco.com:443
3733632 [main] DEBUG org.apache.http.impl.conn.BasicClientConnectionManager  - Get connection for route {s}->https://backstage.onco.com:443
3733632 [main] DEBUG org.apache.http.impl.conn.BasicClientConnectionManager  - Get connection for route {s}->https://backstage.onco.com:443
3733632 [main] DEBUG org.apache.http.impl.conn.BasicClientConnectionManager  - Get connection for route {s}->https://backstage.onco.com:443
3733632 [main] DEBUG org.apache.http.impl.conn.BasicClientConnectionManager  - Get connection for route {s}->https://backstage.onco.com:443
3733757 [main] DEBUG org.apache.http.impl.conn.DefaultClientConnectionOperator  - Connecting to backstage.onco.com:443
3733757 [main] DEBUG org.apache.http.impl.conn.DefaultClientConnectionOperator  - Connecting to backstage.onco.com:443
3733757 [main] DEBUG org.apache.http.impl.conn.DefaultClientConnectionOperator  - Connecting to backstage.onco.com:443
3733757 [main] DEBUG org.apache.http.impl.conn.DefaultClientConnectionOperator  - Connecting to backstage.onco.com:443
3733757 [main] DEBUG org.apache.http.impl.conn.DefaultClientConnectionOperator  - Connecting to backstage.onco.com:443
3733757 [main] DEBUG org.apache.http.impl.conn.DefaultClientConnectionOperator  - Connecting to backstage.onco.com:443
3733757 [main] DEBUG org.apache.http.impl.conn.DefaultClientConnectionOperator  - Connecting to backstage.onco.com:443
3733757 [main] DEBUG org.apache.http.impl.conn.DefaultClientConnectionOperator  - Connecting to backstage.onco.com:443
3733757 [main] DEBUG org.apache.http.impl.conn.DefaultClientConnectionOperator  - Connecting to backstage.onco.com:443
3733757 [main] DEBUG org.apache.http.impl.conn.DefaultClientConnectionOperator  - Connecting to backstage.onco.com:443
3733757 [main] DEBUG org.apache.http.impl.conn.DefaultClientConnectionOperator  - Connecting to backstage.onco.com:443
3733757 [main] DEBUG org.apache.http.impl.conn.DefaultClientConnectionOperator  - Connecting to backstage.onco.com:443
3733757 [main] DEBUG org.apache.http.impl.conn.DefaultClientConnectionOperator  - Connecting to backstage.onco.com:443
3733757 [main] DEBUG org.apache.http.impl.conn.DefaultClientConnectionOperator  - Connecting to backstage.onco.com:443
3733757 [main] DEBUG org.apache.http.impl.conn.DefaultClientConnectionOperator  - Connecting to backstage.onco.com:443
3734193 [main] DEBUG org.apache.http.client.protocol.RequestAddCookies  - CookieSpec selected: ignoreCookies
3734193 [main] DEBUG org.apache.http.client.protocol.RequestAddCookies  - CookieSpec selected: ignoreCookies
3734193 [main] DEBUG org.apache.http.client.protocol.RequestAddCookies  - CookieSpec selected: ignoreCookies
3734193 [main] DEBUG org.apache.http.client.protocol.RequestAddCookies  - CookieSpec selected: ignoreCookies
3734193 [main] DEBUG org.apache.http.client.protocol.RequestAddCookies  - CookieSpec selected: ignoreCookies
3734193 [main] DEBUG org.apache.http.client.protocol.RequestAddCookies  - CookieSpec selected: ignoreCookies
3734193 [main] DEBUG org.apache.http.client.protocol.RequestAddCookies  - CookieSpec selected: ignoreCookies
3734193 [main] DEBUG org.apache.http.client.protocol.RequestAddCookies  - CookieSpec selected: ignoreCookies
3734193 [main] DEBUG org.apache.http.client.protocol.RequestAddCookies  - CookieSpec selected: ignoreCookies
3734193 [main] DEBUG org.apache.http.client.protocol.RequestAddCookies  - CookieSpec selected: ignoreCookies
3734193 [main] DEBUG org.apache.http.client.protocol.RequestAddCookies  - CookieSpec selected: ignoreCookies
3734193 [main] DEBUG org.apache.http.client.protocol.RequestAddCookies  - CookieSpec selected: ignoreCookies
3734193 [main] DEBUG org.apache.http.client.protocol.RequestAddCookies  - CookieSpec selected: ignoreCookies
3734193 [main] DEBUG org.apache.http.client.protocol.RequestAddCookies  - CookieSpec selected: ignoreCookies
3734193 [main] DEBUG org.apache.http.client.protocol.RequestAddCookies  - CookieSpec selected: ignoreCookies
3734193 [main] DEBUG org.apache.http.client.protocol.RequestAuthCache  - Auth cache not set in the context
3734193 [main] DEBUG org.apache.http.client.protocol.RequestAuthCache  - Auth cache not set in the context
3734193 [main] DEBUG org.apache.http.client.protocol.RequestAuthCache  - Auth cache not set in the context
3734193 [main] DEBUG org.apache.http.client.protocol.RequestAuthCache  - Auth cache not set in the context
3734193 [main] DEBUG org.apache.http.client.protocol.RequestAuthCache  - Auth cache not set in the context
3734193 [main] DEBUG org.apache.http.client.protocol.RequestAuthCache  - Auth cache not set in the context
3734193 [main] DEBUG org.apache.http.client.protocol.RequestAuthCache  - Auth cache not set in the context
3734193 [main] DEBUG org.apache.http.client.protocol.RequestAuthCache  - Auth cache not set in the context
3734193 [main] DEBUG org.apache.http.client.protocol.RequestAuthCache  - Auth cache not set in the context
3734193 [main] DEBUG org.apache.http.client.protocol.RequestAuthCache  - Auth cache not set in the context
3734193 [main] DEBUG org.apache.http.client.protocol.RequestAuthCache  - Auth cache not set in the context
3734193 [main] DEBUG org.apache.http.client.protocol.RequestAuthCache  - Auth cache not set in the context
3734193 [main] DEBUG org.apache.http.client.protocol.RequestAuthCache  - Auth cache not set in the context
3734193 [main] DEBUG org.apache.http.client.protocol.RequestAuthCache  - Auth cache not set in the context
3734193 [main] DEBUG org.apache.http.client.protocol.RequestAuthCache  - Auth cache not set in the context
3734194 [main] DEBUG org.apache.http.client.protocol.RequestTargetAuthentication  - Target auth state: UNCHALLENGED
3734194 [main] DEBUG org.apache.http.client.protocol.RequestTargetAuthentication  - Target auth state: UNCHALLENGED
3734194 [main] DEBUG org.apache.http.client.protocol.RequestTargetAuthentication  - Target auth state: UNCHALLENGED
3734194 [main] DEBUG org.apache.http.client.protocol.RequestTargetAuthentication  - Target auth state: UNCHALLENGED
3734194 [main] DEBUG org.apache.http.client.protocol.RequestTargetAuthentication  - Target auth state: UNCHALLENGED
3734194 [main] DEBUG org.apache.http.client.protocol.RequestTargetAuthentication  - Target auth state: UNCHALLENGED
3734194 [main] DEBUG org.apache.http.client.protocol.RequestTargetAuthentication  - Target auth state: UNCHALLENGED
3734194 [main] DEBUG org.apache.http.client.protocol.RequestTargetAuthentication  - Target auth state: UNCHALLENGED
3734194 [main] DEBUG org.apache.http.client.protocol.RequestTargetAuthentication  - Target auth state: UNCHALLENGED
3734194 [main] DEBUG org.apache.http.client.protocol.RequestTargetAuthentication  - Target auth state: UNCHALLENGED
3734194 [main] DEBUG org.apache.http.client.protocol.RequestTargetAuthentication  - Target auth state: UNCHALLENGED
3734194 [main] DEBUG org.apache.http.client.protocol.RequestTargetAuthentication  - Target auth state: UNCHALLENGED
3734194 [main] DEBUG org.apache.http.client.protocol.RequestTargetAuthentication  - Target auth state: UNCHALLENGED
3734194 [main] DEBUG org.apache.http.client.protocol.RequestTargetAuthentication  - Target auth state: UNCHALLENGED
3734194 [main] DEBUG org.apache.http.client.protocol.RequestTargetAuthentication  - Target auth state: UNCHALLENGED
3734194 [main] DEBUG org.apache.http.client.protocol.RequestProxyAuthentication  - Proxy auth state: UNCHALLENGED
3734194 [main] DEBUG org.apache.http.client.protocol.RequestProxyAuthentication  - Proxy auth state: UNCHALLENGED
3734194 [main] DEBUG org.apache.http.client.protocol.RequestProxyAuthentication  - Proxy auth state: UNCHALLENGED
3734194 [main] DEBUG org.apache.http.client.protocol.RequestProxyAuthentication  - Proxy auth state: UNCHALLENGED
3734194 [main] DEBUG org.apache.http.client.protocol.RequestProxyAuthentication  - Proxy auth state: UNCHALLENGED
3734194 [main] DEBUG org.apache.http.client.protocol.RequestProxyAuthentication  - Proxy auth state: UNCHALLENGED
3734194 [main] DEBUG org.apache.http.client.protocol.RequestProxyAuthentication  - Proxy auth state: UNCHALLENGED
3734194 [main] DEBUG org.apache.http.client.protocol.RequestProxyAuthentication  - Proxy auth state: UNCHALLENGED
3734194 [main] DEBUG org.apache.http.client.protocol.RequestProxyAuthentication  - Proxy auth state: UNCHALLENGED
3734194 [main] DEBUG org.apache.http.client.protocol.RequestProxyAuthentication  - Proxy auth state: UNCHALLENGED
3734194 [main] DEBUG org.apache.http.client.protocol.RequestProxyAuthentication  - Proxy auth state: UNCHALLENGED
3734194 [main] DEBUG org.apache.http.client.protocol.RequestProxyAuthentication  - Proxy auth state: UNCHALLENGED
3734194 [main] DEBUG org.apache.http.client.protocol.RequestProxyAuthentication  - Proxy auth state: UNCHALLENGED
3734194 [main] DEBUG org.apache.http.client.protocol.RequestProxyAuthentication  - Proxy auth state: UNCHALLENGED
3734194 [main] DEBUG org.apache.http.client.protocol.RequestProxyAuthentication  - Proxy auth state: UNCHALLENGED
3734194 [main] DEBUG org.apache.http.impl.client.DefaultHttpClient  - Attempt 1 to execute request
3734194 [main] DEBUG org.apache.http.impl.client.DefaultHttpClient  - Attempt 1 to execute request
3734194 [main] DEBUG org.apache.http.impl.client.DefaultHttpClient  - Attempt 1 to execute request
3734194 [main] DEBUG org.apache.http.impl.client.DefaultHttpClient  - Attempt 1 to execute request
3734194 [main] DEBUG org.apache.http.impl.client.DefaultHttpClient  - Attempt 1 to execute request
3734194 [main] DEBUG org.apache.http.impl.client.DefaultHttpClient  - Attempt 1 to execute request
3734194 [main] DEBUG org.apache.http.impl.client.DefaultHttpClient  - Attempt 1 to execute request
3734194 [main] DEBUG org.apache.http.impl.client.DefaultHttpClient  - Attempt 1 to execute request
3734194 [main] DEBUG org.apache.http.impl.client.DefaultHttpClient  - Attempt 1 to execute request
3734194 [main] DEBUG org.apache.http.impl.client.DefaultHttpClient  - Attempt 1 to execute request
3734194 [main] DEBUG org.apache.http.impl.client.DefaultHttpClient  - Attempt 1 to execute request
3734194 [main] DEBUG org.apache.http.impl.client.DefaultHttpClient  - Attempt 1 to execute request
3734194 [main] DEBUG org.apache.http.impl.client.DefaultHttpClient  - Attempt 1 to execute request
3734194 [main] DEBUG org.apache.http.impl.client.DefaultHttpClient  - Attempt 1 to execute request
3734194 [main] DEBUG org.apache.http.impl.client.DefaultHttpClient  - Attempt 1 to execute request
3734195 [main] DEBUG org.apache.http.impl.conn.DefaultClientConnection  - Sending request: POST /onco-auth/oapi/user-cred/remove-lead HTTP/1.1
3734195 [main] DEBUG org.apache.http.impl.conn.DefaultClientConnection  - Sending request: POST /onco-auth/oapi/user-cred/remove-lead HTTP/1.1
3734195 [main] DEBUG org.apache.http.impl.conn.DefaultClientConnection  - Sending request: POST /onco-auth/oapi/user-cred/remove-lead HTTP/1.1
3734195 [main] DEBUG org.apache.http.impl.conn.DefaultClientConnection  - Sending request: POST /onco-auth/oapi/user-cred/remove-lead HTTP/1.1
3734195 [main] DEBUG org.apache.http.impl.conn.DefaultClientConnection  - Sending request: POST /onco-auth/oapi/user-cred/remove-lead HTTP/1.1
3734195 [main] DEBUG org.apache.http.impl.conn.DefaultClientConnection  - Sending request: POST /onco-auth/oapi/user-cred/remove-lead HTTP/1.1
3734195 [main] DEBUG org.apache.http.impl.conn.DefaultClientConnection  - Sending request: POST /onco-auth/oapi/user-cred/remove-lead HTTP/1.1
3734195 [main] DEBUG org.apache.http.impl.conn.DefaultClientConnection  - Sending request: POST /onco-auth/oapi/user-cred/remove-lead HTTP/1.1
3734195 [main] DEBUG org.apache.http.impl.conn.DefaultClientConnection  - Sending request: POST /onco-auth/oapi/user-cred/remove-lead HTTP/1.1
3734195 [main] DEBUG org.apache.http.impl.conn.DefaultClientConnection  - Sending request: POST /onco-auth/oapi/user-cred/remove-lead HTTP/1.1
3734195 [main] DEBUG org.apache.http.impl.conn.DefaultClientConnection  - Sending request: POST /onco-auth/oapi/user-cred/remove-lead HTTP/1.1
3734195 [main] DEBUG org.apache.http.impl.conn.DefaultClientConnection  - Sending request: POST /onco-auth/oapi/user-cred/remove-lead HTTP/1.1
3734195 [main] DEBUG org.apache.http.impl.conn.DefaultClientConnection  - Sending request: POST /onco-auth/oapi/user-cred/remove-lead HTTP/1.1
3734195 [main] DEBUG org.apache.http.impl.conn.DefaultClientConnection  - Sending request: POST /onco-auth/oapi/user-cred/remove-lead HTTP/1.1
3734195 [main] DEBUG org.apache.http.impl.conn.DefaultClientConnection  - Sending request: POST /onco-auth/oapi/user-cred/remove-lead HTTP/1.1
3734195 [main] DEBUG org.apache.http.wire  -  >> "POST /onco-auth/oapi/user-cred/remove-lead HTTP/1.1[\r][\n]"
3734195 [main] DEBUG org.apache.http.wire  -  >> "POST /onco-auth/oapi/user-cred/remove-lead HTTP/1.1[\r][\n]"
3734195 [main] DEBUG org.apache.http.wire  -  >> "POST /onco-auth/oapi/user-cred/remove-lead HTTP/1.1[\r][\n]"
3734195 [main] DEBUG org.apache.http.wire  -  >> "POST /onco-auth/oapi/user-cred/remove-lead HTTP/1.1[\r][\n]"
3734195 [main] DEBUG org.apache.http.wire  -  >> "POST /onco-auth/oapi/user-cred/remove-lead HTTP/1.1[\r][\n]"
3734195 [main] DEBUG org.apache.http.wire  -  >> "POST /onco-auth/oapi/user-cred/remove-lead HTTP/1.1[\r][\n]"
3734195 [main] DEBUG org.apache.http.wire  -  >> "POST /onco-auth/oapi/user-cred/remove-lead HTTP/1.1[\r][\n]"
3734195 [main] DEBUG org.apache.http.wire  -  >> "POST /onco-auth/oapi/user-cred/remove-lead HTTP/1.1[\r][\n]"
3734195 [main] DEBUG org.apache.http.wire  -  >> "POST /onco-auth/oapi/user-cred/remove-lead HTTP/1.1[\r][\n]"
3734195 [main] DEBUG org.apache.http.wire  -  >> "POST /onco-auth/oapi/user-cred/remove-lead HTTP/1.1[\r][\n]"
3734195 [main] DEBUG org.apache.http.wire  -  >> "POST /onco-auth/oapi/user-cred/remove-lead HTTP/1.1[\r][\n]"
3734195 [main] DEBUG org.apache.http.wire  -  >> "POST /onco-auth/oapi/user-cred/remove-lead HTTP/1.1[\r][\n]"
3734195 [main] DEBUG org.apache.http.wire  -  >> "POST /onco-auth/oapi/user-cred/remove-lead HTTP/1.1[\r][\n]"
3734195 [main] DEBUG org.apache.http.wire  -  >> "POST /onco-auth/oapi/user-cred/remove-lead HTTP/1.1[\r][\n]"
3734195 [main] DEBUG org.apache.http.wire  -  >> "POST /onco-auth/oapi/user-cred/remove-lead HTTP/1.1[\r][\n]"
3734195 [main] DEBUG org.apache.http.wire  -  >> ":  [\r][\n]"
3734195 [main] DEBUG org.apache.http.wire  -  >> ":  [\r][\n]"
3734195 [main] DEBUG org.apache.http.wire  -  >> ":  [\r][\n]"
3734195 [main] DEBUG org.apache.http.wire  -  >> ":  [\r][\n]"
3734195 [main] DEBUG org.apache.http.wire  -  >> ":  [\r][\n]"
3734195 [main] DEBUG org.apache.http.wire  -  >> ":  [\r][\n]"
3734195 [main] DEBUG org.apache.http.wire  -  >> ":  [\r][\n]"
3734195 [main] DEBUG org.apache.http.wire  -  >> ":  [\r][\n]"
3734195 [main] DEBUG org.apache.http.wire  -  >> ":  [\r][\n]"
3734195 [main] DEBUG org.apache.http.wire  -  >> ":  [\r][\n]"
3734195 [main] DEBUG org.apache.http.wire  -  >> ":  [\r][\n]"
3734195 [main] DEBUG org.apache.http.wire  -  >> ":  [\r][\n]"
3734195 [main] DEBUG org.apache.http.wire  -  >> ":  [\r][\n]"
3734195 [main] DEBUG org.apache.http.wire  -  >> ":  [\r][\n]"
3734195 [main] DEBUG org.apache.http.wire  -  >> ":  [\r][\n]"
3734196 [main] DEBUG org.apache.http.wire  -  >> "Accept: */*[\r][\n]"
3734196 [main] DEBUG org.apache.http.wire  -  >> "Accept: */*[\r][\n]"
3734196 [main] DEBUG org.apache.http.wire  -  >> "Accept: */*[\r][\n]"
3734196 [main] DEBUG org.apache.http.wire  -  >> "Accept: */*[\r][\n]"
3734196 [main] DEBUG org.apache.http.wire  -  >> "Accept: */*[\r][\n]"
3734196 [main] DEBUG org.apache.http.wire  -  >> "Accept: */*[\r][\n]"
3734196 [main] DEBUG org.apache.http.wire  -  >> "Accept: */*[\r][\n]"
3734196 [main] DEBUG org.apache.http.wire  -  >> "Accept: */*[\r][\n]"
3734196 [main] DEBUG org.apache.http.wire  -  >> "Accept: */*[\r][\n]"
3734196 [main] DEBUG org.apache.http.wire  -  >> "Accept: */*[\r][\n]"
3734196 [main] DEBUG org.apache.http.wire  -  >> "Accept: */*[\r][\n]"
3734196 [main] DEBUG org.apache.http.wire  -  >> "Accept: */*[\r][\n]"
3734196 [main] DEBUG org.apache.http.wire  -  >> "Accept: */*[\r][\n]"
3734196 [main] DEBUG org.apache.http.wire  -  >> "Accept: */*[\r][\n]"
3734196 [main] DEBUG org.apache.http.wire  -  >> "Accept: */*[\r][\n]"
3734196 [main] DEBUG org.apache.http.wire  -  >> "Content-Type: application/json; charset=UTF-8[\r][\n]"
3734196 [main] DEBUG org.apache.http.wire  -  >> "Content-Type: application/json; charset=UTF-8[\r][\n]"
3734196 [main] DEBUG org.apache.http.wire  -  >> "Content-Type: application/json; charset=UTF-8[\r][\n]"
3734196 [main] DEBUG org.apache.http.wire  -  >> "Content-Type: application/json; charset=UTF-8[\r][\n]"
3734196 [main] DEBUG org.apache.http.wire  -  >> "Content-Type: application/json; charset=UTF-8[\r][\n]"
3734196 [main] DEBUG org.apache.http.wire  -  >> "Content-Type: application/json; charset=UTF-8[\r][\n]"
3734196 [main] DEBUG org.apache.http.wire  -  >> "Content-Type: application/json; charset=UTF-8[\r][\n]"
3734196 [main] DEBUG org.apache.http.wire  -  >> "Content-Type: application/json; charset=UTF-8[\r][\n]"
3734196 [main] DEBUG org.apache.http.wire  -  >> "Content-Type: application/json; charset=UTF-8[\r][\n]"
3734196 [main] DEBUG org.apache.http.wire  -  >> "Content-Type: application/json; charset=UTF-8[\r][\n]"
3734196 [main] DEBUG org.apache.http.wire  -  >> "Content-Type: application/json; charset=UTF-8[\r][\n]"
3734196 [main] DEBUG org.apache.http.wire  -  >> "Content-Type: application/json; charset=UTF-8[\r][\n]"
3734196 [main] DEBUG org.apache.http.wire  -  >> "Content-Type: application/json; charset=UTF-8[\r][\n]"
3734196 [main] DEBUG org.apache.http.wire  -  >> "Content-Type: application/json; charset=UTF-8[\r][\n]"
3734196 [main] DEBUG org.apache.http.wire  -  >> "Content-Type: application/json; charset=UTF-8[\r][\n]"
3734196 [main] DEBUG org.apache.http.wire  -  >> "Content-Length: 83[\r][\n]"
3734196 [main] DEBUG org.apache.http.wire  -  >> "Content-Length: 83[\r][\n]"
3734196 [main] DEBUG org.apache.http.wire  -  >> "Content-Length: 83[\r][\n]"
3734196 [main] DEBUG org.apache.http.wire  -  >> "Content-Length: 83[\r][\n]"
3734196 [main] DEBUG org.apache.http.wire  -  >> "Content-Length: 83[\r][\n]"
3734196 [main] DEBUG org.apache.http.wire  -  >> "Content-Length: 83[\r][\n]"
3734196 [main] DEBUG org.apache.http.wire  -  >> "Content-Length: 83[\r][\n]"
3734196 [main] DEBUG org.apache.http.wire  -  >> "Content-Length: 83[\r][\n]"
3734196 [main] DEBUG org.apache.http.wire  -  >> "Content-Length: 83[\r][\n]"
3734196 [main] DEBUG org.apache.http.wire  -  >> "Content-Length: 83[\r][\n]"
3734196 [main] DEBUG org.apache.http.wire  -  >> "Content-Length: 83[\r][\n]"
3734196 [main] DEBUG org.apache.http.wire  -  >> "Content-Length: 83[\r][\n]"
3734196 [main] DEBUG org.apache.http.wire  -  >> "Content-Length: 83[\r][\n]"
3734196 [main] DEBUG org.apache.http.wire  -  >> "Content-Length: 83[\r][\n]"
3734196 [main] DEBUG org.apache.http.wire  -  >> "Content-Length: 83[\r][\n]"
3734197 [main] DEBUG org.apache.http.wire  -  >> "Host: backstage.onco.com[\r][\n]"
3734197 [main] DEBUG org.apache.http.wire  -  >> "Host: backstage.onco.com[\r][\n]"
3734197 [main] DEBUG org.apache.http.wire  -  >> "Host: backstage.onco.com[\r][\n]"
3734197 [main] DEBUG org.apache.http.wire  -  >> "Host: backstage.onco.com[\r][\n]"
3734197 [main] DEBUG org.apache.http.wire  -  >> "Host: backstage.onco.com[\r][\n]"
3734197 [main] DEBUG org.apache.http.wire  -  >> "Host: backstage.onco.com[\r][\n]"
3734197 [main] DEBUG org.apache.http.wire  -  >> "Host: backstage.onco.com[\r][\n]"
3734197 [main] DEBUG org.apache.http.wire  -  >> "Host: backstage.onco.com[\r][\n]"
3734197 [main] DEBUG org.apache.http.wire  -  >> "Host: backstage.onco.com[\r][\n]"
3734197 [main] DEBUG org.apache.http.wire  -  >> "Host: backstage.onco.com[\r][\n]"
3734197 [main] DEBUG org.apache.http.wire  -  >> "Host: backstage.onco.com[\r][\n]"
3734197 [main] DEBUG org.apache.http.wire  -  >> "Host: backstage.onco.com[\r][\n]"
3734197 [main] DEBUG org.apache.http.wire  -  >> "Host: backstage.onco.com[\r][\n]"
3734197 [main] DEBUG org.apache.http.wire  -  >> "Host: backstage.onco.com[\r][\n]"
3734197 [main] DEBUG org.apache.http.wire  -  >> "Host: backstage.onco.com[\r][\n]"
3734197 [main] DEBUG org.apache.http.wire  -  >> "Connection: Keep-Alive[\r][\n]"
3734197 [main] DEBUG org.apache.http.wire  -  >> "Connection: Keep-Alive[\r][\n]"
3734197 [main] DEBUG org.apache.http.wire  -  >> "Connection: Keep-Alive[\r][\n]"
3734197 [main] DEBUG org.apache.http.wire  -  >> "Connection: Keep-Alive[\r][\n]"
3734197 [main] DEBUG org.apache.http.wire  -  >> "Connection: Keep-Alive[\r][\n]"
3734197 [main] DEBUG org.apache.http.wire  -  >> "Connection: Keep-Alive[\r][\n]"
3734197 [main] DEBUG org.apache.http.wire  -  >> "Connection: Keep-Alive[\r][\n]"
3734197 [main] DEBUG org.apache.http.wire  -  >> "Connection: Keep-Alive[\r][\n]"
3734197 [main] DEBUG org.apache.http.wire  -  >> "Connection: Keep-Alive[\r][\n]"
3734197 [main] DEBUG org.apache.http.wire  -  >> "Connection: Keep-Alive[\r][\n]"
3734197 [main] DEBUG org.apache.http.wire  -  >> "Connection: Keep-Alive[\r][\n]"
3734197 [main] DEBUG org.apache.http.wire  -  >> "Connection: Keep-Alive[\r][\n]"
3734197 [main] DEBUG org.apache.http.wire  -  >> "Connection: Keep-Alive[\r][\n]"
3734197 [main] DEBUG org.apache.http.wire  -  >> "Connection: Keep-Alive[\r][\n]"
3734197 [main] DEBUG org.apache.http.wire  -  >> "Connection: Keep-Alive[\r][\n]"
3734197 [main] DEBUG org.apache.http.wire  -  >> "User-Agent: Apache-HttpClient/4.5.5 (Java/1.8.0_231)[\r][\n]"
3734197 [main] DEBUG org.apache.http.wire  -  >> "User-Agent: Apache-HttpClient/4.5.5 (Java/1.8.0_231)[\r][\n]"
3734197 [main] DEBUG org.apache.http.wire  -  >> "User-Agent: Apache-HttpClient/4.5.5 (Java/1.8.0_231)[\r][\n]"
3734197 [main] DEBUG org.apache.http.wire  -  >> "User-Agent: Apache-HttpClient/4.5.5 (Java/1.8.0_231)[\r][\n]"
3734197 [main] DEBUG org.apache.http.wire  -  >> "User-Agent: Apache-HttpClient/4.5.5 (Java/1.8.0_231)[\r][\n]"
3734197 [main] DEBUG org.apache.http.wire  -  >> "User-Agent: Apache-HttpClient/4.5.5 (Java/1.8.0_231)[\r][\n]"
3734197 [main] DEBUG org.apache.http.wire  -  >> "User-Agent: Apache-HttpClient/4.5.5 (Java/1.8.0_231)[\r][\n]"
3734197 [main] DEBUG org.apache.http.wire  -  >> "User-Agent: Apache-HttpClient/4.5.5 (Java/1.8.0_231)[\r][\n]"
3734197 [main] DEBUG org.apache.http.wire  -  >> "User-Agent: Apache-HttpClient/4.5.5 (Java/1.8.0_231)[\r][\n]"
3734197 [main] DEBUG org.apache.http.wire  -  >> "User-Agent: Apache-HttpClient/4.5.5 (Java/1.8.0_231)[\r][\n]"
3734197 [main] DEBUG org.apache.http.wire  -  >> "User-Agent: Apache-HttpClient/4.5.5 (Java/1.8.0_231)[\r][\n]"
3734197 [main] DEBUG org.apache.http.wire  -  >> "User-Agent: Apache-HttpClient/4.5.5 (Java/1.8.0_231)[\r][\n]"
3734197 [main] DEBUG org.apache.http.wire  -  >> "User-Agent: Apache-HttpClient/4.5.5 (Java/1.8.0_231)[\r][\n]"
3734197 [main] DEBUG org.apache.http.wire  -  >> "User-Agent: Apache-HttpClient/4.5.5 (Java/1.8.0_231)[\r][\n]"
3734197 [main] DEBUG org.apache.http.wire  -  >> "User-Agent: Apache-HttpClient/4.5.5 (Java/1.8.0_231)[\r][\n]"
3734198 [main] DEBUG org.apache.http.wire  -  >> "Accept-Encoding: gzip,deflate[\r][\n]"
3734198 [main] DEBUG org.apache.http.wire  -  >> "Accept-Encoding: gzip,deflate[\r][\n]"
3734198 [main] DEBUG org.apache.http.wire  -  >> "Accept-Encoding: gzip,deflate[\r][\n]"
3734198 [main] DEBUG org.apache.http.wire  -  >> "Accept-Encoding: gzip,deflate[\r][\n]"
3734198 [main] DEBUG org.apache.http.wire  -  >> "Accept-Encoding: gzip,deflate[\r][\n]"
3734198 [main] DEBUG org.apache.http.wire  -  >> "Accept-Encoding: gzip,deflate[\r][\n]"
3734198 [main] DEBUG org.apache.http.wire  -  >> "Accept-Encoding: gzip,deflate[\r][\n]"
3734198 [main] DEBUG org.apache.http.wire  -  >> "Accept-Encoding: gzip,deflate[\r][\n]"
3734198 [main] DEBUG org.apache.http.wire  -  >> "Accept-Encoding: gzip,deflate[\r][\n]"
3734198 [main] DEBUG org.apache.http.wire  -  >> "Accept-Encoding: gzip,deflate[\r][\n]"
3734198 [main] DEBUG org.apache.http.wire  -  >> "Accept-Encoding: gzip,deflate[\r][\n]"
3734198 [main] DEBUG org.apache.http.wire  -  >> "Accept-Encoding: gzip,deflate[\r][\n]"
3734198 [main] DEBUG org.apache.http.wire  -  >> "Accept-Encoding: gzip,deflate[\r][\n]"
3734198 [main] DEBUG org.apache.http.wire  -  >> "Accept-Encoding: gzip,deflate[\r][\n]"
3734198 [main] DEBUG org.apache.http.wire  -  >> "Accept-Encoding: gzip,deflate[\r][\n]"
3734210 [main] DEBUG org.apache.http.wire  -  >> "[\r][\n]"
3734210 [main] DEBUG org.apache.http.wire  -  >> "[\r][\n]"
3734210 [main] DEBUG org.apache.http.wire  -  >> "[\r][\n]"
3734210 [main] DEBUG org.apache.http.wire  -  >> "[\r][\n]"
3734210 [main] DEBUG org.apache.http.wire  -  >> "[\r][\n]"
3734210 [main] DEBUG org.apache.http.wire  -  >> "[\r][\n]"
3734210 [main] DEBUG org.apache.http.wire  -  >> "[\r][\n]"
3734210 [main] DEBUG org.apache.http.wire  -  >> "[\r][\n]"
3734210 [main] DEBUG org.apache.http.wire  -  >> "[\r][\n]"
3734210 [main] DEBUG org.apache.http.wire  -  >> "[\r][\n]"
3734210 [main] DEBUG org.apache.http.wire  -  >> "[\r][\n]"
3734210 [main] DEBUG org.apache.http.wire  -  >> "[\r][\n]"
3734210 [main] DEBUG org.apache.http.wire  -  >> "[\r][\n]"
3734210 [main] DEBUG org.apache.http.wire  -  >> "[\r][\n]"
3734210 [main] DEBUG org.apache.http.wire  -  >> "[\r][\n]"
3734210 [Finalizer] DEBUG org.apache.http.impl.conn.PoolingHttpClientConnectionManager  - Connection manager is shutting down
3734210 [Finalizer] DEBUG org.apache.http.impl.conn.PoolingHttpClientConnectionManager  - Connection manager is shutting down
3734210 [Finalizer] DEBUG org.apache.http.impl.conn.PoolingHttpClientConnectionManager  - Connection manager is shutting down
3734210 [Finalizer] DEBUG org.apache.http.impl.conn.PoolingHttpClientConnectionManager  - Connection manager is shutting down
3734210 [Finalizer] DEBUG org.apache.http.impl.conn.PoolingHttpClientConnectionManager  - Connection manager is shutting down
3734210 [Finalizer] DEBUG org.apache.http.impl.conn.PoolingHttpClientConnectionManager  - Connection manager is shutting down
3734210 [Finalizer] DEBUG org.apache.http.impl.conn.PoolingHttpClientConnectionManager  - Connection manager is shutting down
3734210 [Finalizer] DEBUG org.apache.http.impl.conn.PoolingHttpClientConnectionManager  - Connection manager is shutting down
3734210 [Finalizer] DEBUG org.apache.http.impl.conn.PoolingHttpClientConnectionManager  - Connection manager is shutting down
3734210 [Finalizer] DEBUG org.apache.http.impl.conn.PoolingHttpClientConnectionManager  - Connection manager is shutting down
3734210 [Finalizer] DEBUG org.apache.http.impl.conn.PoolingHttpClientConnectionManager  - Connection manager is shutting down
3734210 [Finalizer] DEBUG org.apache.http.impl.conn.PoolingHttpClientConnectionManager  - Connection manager is shutting down
3734210 [Finalizer] DEBUG org.apache.http.impl.conn.PoolingHttpClientConnectionManager  - Connection manager is shutting down
3734210 [Finalizer] DEBUG org.apache.http.impl.conn.PoolingHttpClientConnectionManager  - Connection manager is shutting down
3734210 [Finalizer] DEBUG org.apache.http.impl.conn.PoolingHttpClientConnectionManager  - Connection manager is shutting down
3734210 [main] DEBUG org.apache.http.headers  - >> POST /onco-auth/oapi/user-cred/remove-lead HTTP/1.1
3734210 [main] DEBUG org.apache.http.headers  - >> POST /onco-auth/oapi/user-cred/remove-lead HTTP/1.1
3734210 [main] DEBUG org.apache.http.headers  - >> POST /onco-auth/oapi/user-cred/remove-lead HTTP/1.1
3734210 [main] DEBUG org.apache.http.headers  - >> POST /onco-auth/oapi/user-cred/remove-lead HTTP/1.1
3734210 [main] DEBUG org.apache.http.headers  - >> POST /onco-auth/oapi/user-cred/remove-lead HTTP/1.1
3734210 [main] DEBUG org.apache.http.headers  - >> POST /onco-auth/oapi/user-cred/remove-lead HTTP/1.1
3734210 [main] DEBUG org.apache.http.headers  - >> POST /onco-auth/oapi/user-cred/remove-lead HTTP/1.1
3734210 [main] DEBUG org.apache.http.headers  - >> POST /onco-auth/oapi/user-cred/remove-lead HTTP/1.1
3734210 [main] DEBUG org.apache.http.headers  - >> POST /onco-auth/oapi/user-cred/remove-lead HTTP/1.1
3734210 [main] DEBUG org.apache.http.headers  - >> POST /onco-auth/oapi/user-cred/remove-lead HTTP/1.1
3734210 [main] DEBUG org.apache.http.headers  - >> POST /onco-auth/oapi/user-cred/remove-lead HTTP/1.1
3734210 [main] DEBUG org.apache.http.headers  - >> POST /onco-auth/oapi/user-cred/remove-lead HTTP/1.1
3734210 [main] DEBUG org.apache.http.headers  - >> POST /onco-auth/oapi/user-cred/remove-lead HTTP/1.1
3734210 [main] DEBUG org.apache.http.headers  - >> POST /onco-auth/oapi/user-cred/remove-lead HTTP/1.1
3734210 [main] DEBUG org.apache.http.headers  - >> POST /onco-auth/oapi/user-cred/remove-lead HTTP/1.1
3734211 [main] DEBUG org.apache.http.headers  - >> :  
3734211 [main] DEBUG org.apache.http.headers  - >> :  
3734211 [main] DEBUG org.apache.http.headers  - >> :  
3734211 [main] DEBUG org.apache.http.headers  - >> :  
3734211 [main] DEBUG org.apache.http.headers  - >> :  
3734211 [main] DEBUG org.apache.http.headers  - >> :  
3734211 [main] DEBUG org.apache.http.headers  - >> :  
3734211 [main] DEBUG org.apache.http.headers  - >> :  
3734211 [main] DEBUG org.apache.http.headers  - >> :  
3734211 [main] DEBUG org.apache.http.headers  - >> :  
3734211 [main] DEBUG org.apache.http.headers  - >> :  
3734211 [main] DEBUG org.apache.http.headers  - >> :  
3734211 [main] DEBUG org.apache.http.headers  - >> :  
3734211 [main] DEBUG org.apache.http.headers  - >> :  
3734211 [main] DEBUG org.apache.http.headers  - >> :  
3734211 [Finalizer] DEBUG org.apache.http.impl.conn.PoolingHttpClientConnectionManager  - Connection manager shut down
3734211 [Finalizer] DEBUG org.apache.http.impl.conn.PoolingHttpClientConnectionManager  - Connection manager shut down
3734211 [Finalizer] DEBUG org.apache.http.impl.conn.PoolingHttpClientConnectionManager  - Connection manager shut down
3734211 [Finalizer] DEBUG org.apache.http.impl.conn.PoolingHttpClientConnectionManager  - Connection manager shut down
3734211 [Finalizer] DEBUG org.apache.http.impl.conn.PoolingHttpClientConnectionManager  - Connection manager shut down
3734211 [Finalizer] DEBUG org.apache.http.impl.conn.PoolingHttpClientConnectionManager  - Connection manager shut down
3734211 [Finalizer] DEBUG org.apache.http.impl.conn.PoolingHttpClientConnectionManager  - Connection manager shut down
3734211 [Finalizer] DEBUG org.apache.http.impl.conn.PoolingHttpClientConnectionManager  - Connection manager shut down
3734211 [Finalizer] DEBUG org.apache.http.impl.conn.PoolingHttpClientConnectionManager  - Connection manager shut down
3734211 [Finalizer] DEBUG org.apache.http.impl.conn.PoolingHttpClientConnectionManager  - Connection manager shut down
3734211 [Finalizer] DEBUG org.apache.http.impl.conn.PoolingHttpClientConnectionManager  - Connection manager shut down
3734211 [Finalizer] DEBUG org.apache.http.impl.conn.PoolingHttpClientConnectionManager  - Connection manager shut down
3734211 [Finalizer] DEBUG org.apache.http.impl.conn.PoolingHttpClientConnectionManager  - Connection manager shut down
3734211 [Finalizer] DEBUG org.apache.http.impl.conn.PoolingHttpClientConnectionManager  - Connection manager shut down
3734211 [Finalizer] DEBUG org.apache.http.impl.conn.PoolingHttpClientConnectionManager  - Connection manager shut down
3734212 [main] DEBUG org.apache.http.headers  - >> Accept: */*
3734212 [main] DEBUG org.apache.http.headers  - >> Accept: */*
3734212 [main] DEBUG org.apache.http.headers  - >> Accept: */*
3734212 [main] DEBUG org.apache.http.headers  - >> Accept: */*
3734212 [main] DEBUG org.apache.http.headers  - >> Accept: */*
3734212 [main] DEBUG org.apache.http.headers  - >> Accept: */*
3734212 [main] DEBUG org.apache.http.headers  - >> Accept: */*
3734212 [main] DEBUG org.apache.http.headers  - >> Accept: */*
3734212 [main] DEBUG org.apache.http.headers  - >> Accept: */*
3734212 [main] DEBUG org.apache.http.headers  - >> Accept: */*
3734212 [main] DEBUG org.apache.http.headers  - >> Accept: */*
3734212 [main] DEBUG org.apache.http.headers  - >> Accept: */*
3734212 [main] DEBUG org.apache.http.headers  - >> Accept: */*
3734212 [main] DEBUG org.apache.http.headers  - >> Accept: */*
3734212 [main] DEBUG org.apache.http.headers  - >> Accept: */*
3734213 [main] DEBUG org.apache.http.headers  - >> Content-Type: application/json; charset=UTF-8
3734213 [main] DEBUG org.apache.http.headers  - >> Content-Type: application/json; charset=UTF-8
3734213 [main] DEBUG org.apache.http.headers  - >> Content-Type: application/json; charset=UTF-8
3734213 [main] DEBUG org.apache.http.headers  - >> Content-Type: application/json; charset=UTF-8
3734213 [main] DEBUG org.apache.http.headers  - >> Content-Type: application/json; charset=UTF-8
3734213 [main] DEBUG org.apache.http.headers  - >> Content-Type: application/json; charset=UTF-8
3734213 [main] DEBUG org.apache.http.headers  - >> Content-Type: application/json; charset=UTF-8
3734213 [main] DEBUG org.apache.http.headers  - >> Content-Type: application/json; charset=UTF-8
3734213 [main] DEBUG org.apache.http.headers  - >> Content-Type: application/json; charset=UTF-8
3734213 [main] DEBUG org.apache.http.headers  - >> Content-Type: application/json; charset=UTF-8
3734213 [main] DEBUG org.apache.http.headers  - >> Content-Type: application/json; charset=UTF-8
3734213 [main] DEBUG org.apache.http.headers  - >> Content-Type: application/json; charset=UTF-8
3734213 [main] DEBUG org.apache.http.headers  - >> Content-Type: application/json; charset=UTF-8
3734213 [main] DEBUG org.apache.http.headers  - >> Content-Type: application/json; charset=UTF-8
3734213 [main] DEBUG org.apache.http.headers  - >> Content-Type: application/json; charset=UTF-8
3734214 [main] DEBUG org.apache.http.headers  - >> Content-Length: 83
3734214 [main] DEBUG org.apache.http.headers  - >> Content-Length: 83
3734214 [main] DEBUG org.apache.http.headers  - >> Content-Length: 83
3734214 [main] DEBUG org.apache.http.headers  - >> Content-Length: 83
3734214 [main] DEBUG org.apache.http.headers  - >> Content-Length: 83
3734214 [main] DEBUG org.apache.http.headers  - >> Content-Length: 83
3734214 [main] DEBUG org.apache.http.headers  - >> Content-Length: 83
3734214 [main] DEBUG org.apache.http.headers  - >> Content-Length: 83
3734214 [main] DEBUG org.apache.http.headers  - >> Content-Length: 83
3734214 [main] DEBUG org.apache.http.headers  - >> Content-Length: 83
3734214 [main] DEBUG org.apache.http.headers  - >> Content-Length: 83
3734214 [main] DEBUG org.apache.http.headers  - >> Content-Length: 83
3734214 [main] DEBUG org.apache.http.headers  - >> Content-Length: 83
3734214 [main] DEBUG org.apache.http.headers  - >> Content-Length: 83
3734214 [main] DEBUG org.apache.http.headers  - >> Content-Length: 83
3734214 [main] DEBUG org.apache.http.headers  - >> Host: backstage.onco.com
3734214 [main] DEBUG org.apache.http.headers  - >> Host: backstage.onco.com
3734214 [main] DEBUG org.apache.http.headers  - >> Host: backstage.onco.com
3734214 [main] DEBUG org.apache.http.headers  - >> Host: backstage.onco.com
3734214 [main] DEBUG org.apache.http.headers  - >> Host: backstage.onco.com
3734214 [main] DEBUG org.apache.http.headers  - >> Host: backstage.onco.com
3734214 [main] DEBUG org.apache.http.headers  - >> Host: backstage.onco.com
3734214 [main] DEBUG org.apache.http.headers  - >> Host: backstage.onco.com
3734214 [main] DEBUG org.apache.http.headers  - >> Host: backstage.onco.com
3734214 [main] DEBUG org.apache.http.headers  - >> Host: backstage.onco.com
3734214 [main] DEBUG org.apache.http.headers  - >> Host: backstage.onco.com
3734214 [main] DEBUG org.apache.http.headers  - >> Host: backstage.onco.com
3734214 [main] DEBUG org.apache.http.headers  - >> Host: backstage.onco.com
3734214 [main] DEBUG org.apache.http.headers  - >> Host: backstage.onco.com
3734214 [main] DEBUG org.apache.http.headers  - >> Host: backstage.onco.com
3734215 [main] DEBUG org.apache.http.headers  - >> Connection: Keep-Alive
3734215 [main] DEBUG org.apache.http.headers  - >> Connection: Keep-Alive
3734215 [main] DEBUG org.apache.http.headers  - >> Connection: Keep-Alive
3734215 [main] DEBUG org.apache.http.headers  - >> Connection: Keep-Alive
3734215 [main] DEBUG org.apache.http.headers  - >> Connection: Keep-Alive
3734215 [main] DEBUG org.apache.http.headers  - >> Connection: Keep-Alive
3734215 [main] DEBUG org.apache.http.headers  - >> Connection: Keep-Alive
3734215 [main] DEBUG org.apache.http.headers  - >> Connection: Keep-Alive
3734215 [main] DEBUG org.apache.http.headers  - >> Connection: Keep-Alive
3734215 [main] DEBUG org.apache.http.headers  - >> Connection: Keep-Alive
3734215 [main] DEBUG org.apache.http.headers  - >> Connection: Keep-Alive
3734215 [main] DEBUG org.apache.http.headers  - >> Connection: Keep-Alive
3734215 [main] DEBUG org.apache.http.headers  - >> Connection: Keep-Alive
3734215 [main] DEBUG org.apache.http.headers  - >> Connection: Keep-Alive
3734215 [main] DEBUG org.apache.http.headers  - >> Connection: Keep-Alive
3734215 [main] DEBUG org.apache.http.headers  - >> User-Agent: Apache-HttpClient/4.5.5 (Java/1.8.0_231)
3734215 [main] DEBUG org.apache.http.headers  - >> User-Agent: Apache-HttpClient/4.5.5 (Java/1.8.0_231)
3734215 [main] DEBUG org.apache.http.headers  - >> User-Agent: Apache-HttpClient/4.5.5 (Java/1.8.0_231)
3734215 [main] DEBUG org.apache.http.headers  - >> User-Agent: Apache-HttpClient/4.5.5 (Java/1.8.0_231)
3734215 [main] DEBUG org.apache.http.headers  - >> User-Agent: Apache-HttpClient/4.5.5 (Java/1.8.0_231)
3734215 [main] DEBUG org.apache.http.headers  - >> User-Agent: Apache-HttpClient/4.5.5 (Java/1.8.0_231)
3734215 [main] DEBUG org.apache.http.headers  - >> User-Agent: Apache-HttpClient/4.5.5 (Java/1.8.0_231)
3734215 [main] DEBUG org.apache.http.headers  - >> User-Agent: Apache-HttpClient/4.5.5 (Java/1.8.0_231)
3734215 [main] DEBUG org.apache.http.headers  - >> User-Agent: Apache-HttpClient/4.5.5 (Java/1.8.0_231)
3734215 [main] DEBUG org.apache.http.headers  - >> User-Agent: Apache-HttpClient/4.5.5 (Java/1.8.0_231)
3734215 [main] DEBUG org.apache.http.headers  - >> User-Agent: Apache-HttpClient/4.5.5 (Java/1.8.0_231)
3734215 [main] DEBUG org.apache.http.headers  - >> User-Agent: Apache-HttpClient/4.5.5 (Java/1.8.0_231)
3734215 [main] DEBUG org.apache.http.headers  - >> User-Agent: Apache-HttpClient/4.5.5 (Java/1.8.0_231)
3734215 [main] DEBUG org.apache.http.headers  - >> User-Agent: Apache-HttpClient/4.5.5 (Java/1.8.0_231)
3734215 [main] DEBUG org.apache.http.headers  - >> User-Agent: Apache-HttpClient/4.5.5 (Java/1.8.0_231)
3734216 [main] DEBUG org.apache.http.headers  - >> Accept-Encoding: gzip,deflate
3734216 [main] DEBUG org.apache.http.headers  - >> Accept-Encoding: gzip,deflate
3734216 [main] DEBUG org.apache.http.headers  - >> Accept-Encoding: gzip,deflate
3734216 [main] DEBUG org.apache.http.headers  - >> Accept-Encoding: gzip,deflate
3734216 [main] DEBUG org.apache.http.headers  - >> Accept-Encoding: gzip,deflate
3734216 [main] DEBUG org.apache.http.headers  - >> Accept-Encoding: gzip,deflate
3734216 [main] DEBUG org.apache.http.headers  - >> Accept-Encoding: gzip,deflate
3734216 [main] DEBUG org.apache.http.headers  - >> Accept-Encoding: gzip,deflate
3734216 [main] DEBUG org.apache.http.headers  - >> Accept-Encoding: gzip,deflate
3734216 [main] DEBUG org.apache.http.headers  - >> Accept-Encoding: gzip,deflate
3734216 [main] DEBUG org.apache.http.headers  - >> Accept-Encoding: gzip,deflate
3734216 [main] DEBUG org.apache.http.headers  - >> Accept-Encoding: gzip,deflate
3734216 [main] DEBUG org.apache.http.headers  - >> Accept-Encoding: gzip,deflate
3734216 [main] DEBUG org.apache.http.headers  - >> Accept-Encoding: gzip,deflate
3734216 [main] DEBUG org.apache.http.headers  - >> Accept-Encoding: gzip,deflate
3734216 [main] DEBUG org.apache.http.wire  -  >> "{[\n]"
3734216 [main] DEBUG org.apache.http.wire  -  >> "{[\n]"
3734216 [main] DEBUG org.apache.http.wire  -  >> "{[\n]"
3734216 [main] DEBUG org.apache.http.wire  -  >> "{[\n]"
3734216 [main] DEBUG org.apache.http.wire  -  >> "{[\n]"
3734216 [main] DEBUG org.apache.http.wire  -  >> "{[\n]"
3734216 [main] DEBUG org.apache.http.wire  -  >> "{[\n]"
3734216 [main] DEBUG org.apache.http.wire  -  >> "{[\n]"
3734216 [main] DEBUG org.apache.http.wire  -  >> "{[\n]"
3734216 [main] DEBUG org.apache.http.wire  -  >> "{[\n]"
3734216 [main] DEBUG org.apache.http.wire  -  >> "{[\n]"
3734216 [main] DEBUG org.apache.http.wire  -  >> "{[\n]"
3734216 [main] DEBUG org.apache.http.wire  -  >> "{[\n]"
3734216 [main] DEBUG org.apache.http.wire  -  >> "{[\n]"
3734216 [main] DEBUG org.apache.http.wire  -  >> "{[\n]"
3734216 [main] DEBUG org.apache.http.wire  -  >> "    "phoneNumber": "+918310744975",[\n]"
3734216 [main] DEBUG org.apache.http.wire  -  >> "    "phoneNumber": "+918310744975",[\n]"
3734216 [main] DEBUG org.apache.http.wire  -  >> "    "phoneNumber": "+918310744975",[\n]"
3734216 [main] DEBUG org.apache.http.wire  -  >> "    "phoneNumber": "+918310744975",[\n]"
3734216 [main] DEBUG org.apache.http.wire  -  >> "    "phoneNumber": "+918310744975",[\n]"
3734216 [main] DEBUG org.apache.http.wire  -  >> "    "phoneNumber": "+918310744975",[\n]"
3734216 [main] DEBUG org.apache.http.wire  -  >> "    "phoneNumber": "+918310744975",[\n]"
3734216 [main] DEBUG org.apache.http.wire  -  >> "    "phoneNumber": "+918310744975",[\n]"
3734216 [main] DEBUG org.apache.http.wire  -  >> "    "phoneNumber": "+918310744975",[\n]"
3734216 [main] DEBUG org.apache.http.wire  -  >> "    "phoneNumber": "+918310744975",[\n]"
3734216 [main] DEBUG org.apache.http.wire  -  >> "    "phoneNumber": "+918310744975",[\n]"
3734216 [main] DEBUG org.apache.http.wire  -  >> "    "phoneNumber": "+918310744975",[\n]"
3734216 [main] DEBUG org.apache.http.wire  -  >> "    "phoneNumber": "+918310744975",[\n]"
3734216 [main] DEBUG org.apache.http.wire  -  >> "    "phoneNumber": "+918310744975",[\n]"
3734216 [main] DEBUG org.apache.http.wire  -  >> "    "phoneNumber": "+918310744975",[\n]"
3734215 [Finalizer] DEBUG org.apache.http.impl.conn.PoolingHttpClientConnectionManager  - Connection manager is shutting down
3734215 [Finalizer] DEBUG org.apache.http.impl.conn.PoolingHttpClientConnectionManager  - Connection manager is shutting down
3734215 [Finalizer] DEBUG org.apache.http.impl.conn.PoolingHttpClientConnectionManager  - Connection manager is shutting down
3734215 [Finalizer] DEBUG org.apache.http.impl.conn.PoolingHttpClientConnectionManager  - Connection manager is shutting down
3734215 [Finalizer] DEBUG org.apache.http.impl.conn.PoolingHttpClientConnectionManager  - Connection manager is shutting down
3734215 [Finalizer] DEBUG org.apache.http.impl.conn.PoolingHttpClientConnectionManager  - Connection manager is shutting down
3734215 [Finalizer] DEBUG org.apache.http.impl.conn.PoolingHttpClientConnectionManager  - Connection manager is shutting down
3734215 [Finalizer] DEBUG org.apache.http.impl.conn.PoolingHttpClientConnectionManager  - Connection manager is shutting down
3734215 [Finalizer] DEBUG org.apache.http.impl.conn.PoolingHttpClientConnectionManager  - Connection manager is shutting down
3734215 [Finalizer] DEBUG org.apache.http.impl.conn.PoolingHttpClientConnectionManager  - Connection manager is shutting down
3734215 [Finalizer] DEBUG org.apache.http.impl.conn.PoolingHttpClientConnectionManager  - Connection manager is shutting down
3734215 [Finalizer] DEBUG org.apache.http.impl.conn.PoolingHttpClientConnectionManager  - Connection manager is shutting down
3734215 [Finalizer] DEBUG org.apache.http.impl.conn.PoolingHttpClientConnectionManager  - Connection manager is shutting down
3734215 [Finalizer] DEBUG org.apache.http.impl.conn.PoolingHttpClientConnectionManager  - Connection manager is shutting down
3734215 [Finalizer] DEBUG org.apache.http.impl.conn.PoolingHttpClientConnectionManager  - Connection manager is shutting down
3734217 [Finalizer] DEBUG org.apache.http.impl.conn.PoolingHttpClientConnectionManager  - Connection manager shut down
3734217 [Finalizer] DEBUG org.apache.http.impl.conn.PoolingHttpClientConnectionManager  - Connection manager shut down
3734217 [Finalizer] DEBUG org.apache.http.impl.conn.PoolingHttpClientConnectionManager  - Connection manager shut down
3734217 [Finalizer] DEBUG org.apache.http.impl.conn.PoolingHttpClientConnectionManager  - Connection manager shut down
3734217 [Finalizer] DEBUG org.apache.http.impl.conn.PoolingHttpClientConnectionManager  - Connection manager shut down
3734217 [Finalizer] DEBUG org.apache.http.impl.conn.PoolingHttpClientConnectionManager  - Connection manager shut down
3734217 [Finalizer] DEBUG org.apache.http.impl.conn.PoolingHttpClientConnectionManager  - Connection manager shut down
3734217 [Finalizer] DEBUG org.apache.http.impl.conn.PoolingHttpClientConnectionManager  - Connection manager shut down
3734217 [Finalizer] DEBUG org.apache.http.impl.conn.PoolingHttpClientConnectionManager  - Connection manager shut down
3734217 [Finalizer] DEBUG org.apache.http.impl.conn.PoolingHttpClientConnectionManager  - Connection manager shut down
3734217 [Finalizer] DEBUG org.apache.http.impl.conn.PoolingHttpClientConnectionManager  - Connection manager shut down
3734217 [Finalizer] DEBUG org.apache.http.impl.conn.PoolingHttpClientConnectionManager  - Connection manager shut down
3734217 [Finalizer] DEBUG org.apache.http.impl.conn.PoolingHttpClientConnectionManager  - Connection manager shut down
3734217 [Finalizer] DEBUG org.apache.http.impl.conn.PoolingHttpClientConnectionManager  - Connection manager shut down
3734217 [Finalizer] DEBUG org.apache.http.impl.conn.PoolingHttpClientConnectionManager  - Connection manager shut down
3734217 [main] DEBUG org.apache.http.wire  -  >> "    "leadDelSecKey": "Eno0nduK!tthakaPPa@1"[\n]"
3734217 [main] DEBUG org.apache.http.wire  -  >> "    "leadDelSecKey": "Eno0nduK!tthakaPPa@1"[\n]"
3734217 [main] DEBUG org.apache.http.wire  -  >> "    "leadDelSecKey": "Eno0nduK!tthakaPPa@1"[\n]"
3734217 [main] DEBUG org.apache.http.wire  -  >> "    "leadDelSecKey": "Eno0nduK!tthakaPPa@1"[\n]"
3734217 [main] DEBUG org.apache.http.wire  -  >> "    "leadDelSecKey": "Eno0nduK!tthakaPPa@1"[\n]"
3734217 [main] DEBUG org.apache.http.wire  -  >> "    "leadDelSecKey": "Eno0nduK!tthakaPPa@1"[\n]"
3734217 [main] DEBUG org.apache.http.wire  -  >> "    "leadDelSecKey": "Eno0nduK!tthakaPPa@1"[\n]"
3734217 [main] DEBUG org.apache.http.wire  -  >> "    "leadDelSecKey": "Eno0nduK!tthakaPPa@1"[\n]"
3734217 [main] DEBUG org.apache.http.wire  -  >> "    "leadDelSecKey": "Eno0nduK!tthakaPPa@1"[\n]"
3734217 [main] DEBUG org.apache.http.wire  -  >> "    "leadDelSecKey": "Eno0nduK!tthakaPPa@1"[\n]"
3734217 [main] DEBUG org.apache.http.wire  -  >> "    "leadDelSecKey": "Eno0nduK!tthakaPPa@1"[\n]"
3734217 [main] DEBUG org.apache.http.wire  -  >> "    "leadDelSecKey": "Eno0nduK!tthakaPPa@1"[\n]"
3734217 [main] DEBUG org.apache.http.wire  -  >> "    "leadDelSecKey": "Eno0nduK!tthakaPPa@1"[\n]"
3734217 [main] DEBUG org.apache.http.wire  -  >> "    "leadDelSecKey": "Eno0nduK!tthakaPPa@1"[\n]"
3734217 [main] DEBUG org.apache.http.wire  -  >> "    "leadDelSecKey": "Eno0nduK!tthakaPPa@1"[\n]"
3734218 [main] DEBUG org.apache.http.wire  -  >> "}"
3734218 [main] DEBUG org.apache.http.wire  -  >> "}"
3734218 [main] DEBUG org.apache.http.wire  -  >> "}"
3734218 [main] DEBUG org.apache.http.wire  -  >> "}"
3734218 [main] DEBUG org.apache.http.wire  -  >> "}"
3734218 [main] DEBUG org.apache.http.wire  -  >> "}"
3734218 [main] DEBUG org.apache.http.wire  -  >> "}"
3734218 [main] DEBUG org.apache.http.wire  -  >> "}"
3734218 [main] DEBUG org.apache.http.wire  -  >> "}"
3734218 [main] DEBUG org.apache.http.wire  -  >> "}"
3734218 [main] DEBUG org.apache.http.wire  -  >> "}"
3734218 [main] DEBUG org.apache.http.wire  -  >> "}"
3734218 [main] DEBUG org.apache.http.wire  -  >> "}"
3734218 [main] DEBUG org.apache.http.wire  -  >> "}"
3734218 [main] DEBUG org.apache.http.wire  -  >> "}"
3734217 [Finalizer] DEBUG org.apache.http.impl.conn.PoolingHttpClientConnectionManager  - Connection manager is shutting down
3734217 [Finalizer] DEBUG org.apache.http.impl.conn.PoolingHttpClientConnectionManager  - Connection manager is shutting down
3734217 [Finalizer] DEBUG org.apache.http.impl.conn.PoolingHttpClientConnectionManager  - Connection manager is shutting down
3734217 [Finalizer] DEBUG org.apache.http.impl.conn.PoolingHttpClientConnectionManager  - Connection manager is shutting down
3734217 [Finalizer] DEBUG org.apache.http.impl.conn.PoolingHttpClientConnectionManager  - Connection manager is shutting down
3734217 [Finalizer] DEBUG org.apache.http.impl.conn.PoolingHttpClientConnectionManager  - Connection manager is shutting down
3734217 [Finalizer] DEBUG org.apache.http.impl.conn.PoolingHttpClientConnectionManager  - Connection manager is shutting down
3734217 [Finalizer] DEBUG org.apache.http.impl.conn.PoolingHttpClientConnectionManager  - Connection manager is shutting down
3734217 [Finalizer] DEBUG org.apache.http.impl.conn.PoolingHttpClientConnectionManager  - Connection manager is shutting down
3734217 [Finalizer] DEBUG org.apache.http.impl.conn.PoolingHttpClientConnectionManager  - Connection manager is shutting down
3734217 [Finalizer] DEBUG org.apache.http.impl.conn.PoolingHttpClientConnectionManager  - Connection manager is shutting down
3734217 [Finalizer] DEBUG org.apache.http.impl.conn.PoolingHttpClientConnectionManager  - Connection manager is shutting down
3734217 [Finalizer] DEBUG org.apache.http.impl.conn.PoolingHttpClientConnectionManager  - Connection manager is shutting down
3734217 [Finalizer] DEBUG org.apache.http.impl.conn.PoolingHttpClientConnectionManager  - Connection manager is shutting down
3734217 [Finalizer] DEBUG org.apache.http.impl.conn.PoolingHttpClientConnectionManager  - Connection manager is shutting down
3734218 [Finalizer] DEBUG org.apache.http.impl.conn.PoolingHttpClientConnectionManager  - Connection manager shut down
3734218 [Finalizer] DEBUG org.apache.http.impl.conn.PoolingHttpClientConnectionManager  - Connection manager shut down
3734218 [Finalizer] DEBUG org.apache.http.impl.conn.PoolingHttpClientConnectionManager  - Connection manager shut down
3734218 [Finalizer] DEBUG org.apache.http.impl.conn.PoolingHttpClientConnectionManager  - Connection manager shut down
3734218 [Finalizer] DEBUG org.apache.http.impl.conn.PoolingHttpClientConnectionManager  - Connection manager shut down
3734218 [Finalizer] DEBUG org.apache.http.impl.conn.PoolingHttpClientConnectionManager  - Connection manager shut down
3734218 [Finalizer] DEBUG org.apache.http.impl.conn.PoolingHttpClientConnectionManager  - Connection manager shut down
3734218 [Finalizer] DEBUG org.apache.http.impl.conn.PoolingHttpClientConnectionManager  - Connection manager shut down
3734218 [Finalizer] DEBUG org.apache.http.impl.conn.PoolingHttpClientConnectionManager  - Connection manager shut down
3734218 [Finalizer] DEBUG org.apache.http.impl.conn.PoolingHttpClientConnectionManager  - Connection manager shut down
3734218 [Finalizer] DEBUG org.apache.http.impl.conn.PoolingHttpClientConnectionManager  - Connection manager shut down
3734218 [Finalizer] DEBUG org.apache.http.impl.conn.PoolingHttpClientConnectionManager  - Connection manager shut down
3734218 [Finalizer] DEBUG org.apache.http.impl.conn.PoolingHttpClientConnectionManager  - Connection manager shut down
3734218 [Finalizer] DEBUG org.apache.http.impl.conn.PoolingHttpClientConnectionManager  - Connection manager shut down
3734218 [Finalizer] DEBUG org.apache.http.impl.conn.PoolingHttpClientConnectionManager  - Connection manager shut down
3734442 [main] DEBUG org.apache.http.wire  -  << "HTTP/1.1 200 OK[\r][\n]"
3734442 [main] DEBUG org.apache.http.wire  -  << "HTTP/1.1 200 OK[\r][\n]"
3734442 [main] DEBUG org.apache.http.wire  -  << "HTTP/1.1 200 OK[\r][\n]"
3734442 [main] DEBUG org.apache.http.wire  -  << "HTTP/1.1 200 OK[\r][\n]"
3734442 [main] DEBUG org.apache.http.wire  -  << "HTTP/1.1 200 OK[\r][\n]"
3734442 [main] DEBUG org.apache.http.wire  -  << "HTTP/1.1 200 OK[\r][\n]"
3734442 [main] DEBUG org.apache.http.wire  -  << "HTTP/1.1 200 OK[\r][\n]"
3734442 [main] DEBUG org.apache.http.wire  -  << "HTTP/1.1 200 OK[\r][\n]"
3734442 [main] DEBUG org.apache.http.wire  -  << "HTTP/1.1 200 OK[\r][\n]"
3734442 [main] DEBUG org.apache.http.wire  -  << "HTTP/1.1 200 OK[\r][\n]"
3734442 [main] DEBUG org.apache.http.wire  -  << "HTTP/1.1 200 OK[\r][\n]"
3734442 [main] DEBUG org.apache.http.wire  -  << "HTTP/1.1 200 OK[\r][\n]"
3734442 [main] DEBUG org.apache.http.wire  -  << "HTTP/1.1 200 OK[\r][\n]"
3734442 [main] DEBUG org.apache.http.wire  -  << "HTTP/1.1 200 OK[\r][\n]"
3734442 [main] DEBUG org.apache.http.wire  -  << "HTTP/1.1 200 OK[\r][\n]"
3734443 [main] DEBUG org.apache.http.wire  -  << "Server: nginx/1.14.0 (Ubuntu)[\r][\n]"
3734443 [main] DEBUG org.apache.http.wire  -  << "Server: nginx/1.14.0 (Ubuntu)[\r][\n]"
3734443 [main] DEBUG org.apache.http.wire  -  << "Server: nginx/1.14.0 (Ubuntu)[\r][\n]"
3734443 [main] DEBUG org.apache.http.wire  -  << "Server: nginx/1.14.0 (Ubuntu)[\r][\n]"
3734443 [main] DEBUG org.apache.http.wire  -  << "Server: nginx/1.14.0 (Ubuntu)[\r][\n]"
3734443 [main] DEBUG org.apache.http.wire  -  << "Server: nginx/1.14.0 (Ubuntu)[\r][\n]"
3734443 [main] DEBUG org.apache.http.wire  -  << "Server: nginx/1.14.0 (Ubuntu)[\r][\n]"
3734443 [main] DEBUG org.apache.http.wire  -  << "Server: nginx/1.14.0 (Ubuntu)[\r][\n]"
3734443 [main] DEBUG org.apache.http.wire  -  << "Server: nginx/1.14.0 (Ubuntu)[\r][\n]"
3734443 [main] DEBUG org.apache.http.wire  -  << "Server: nginx/1.14.0 (Ubuntu)[\r][\n]"
3734443 [main] DEBUG org.apache.http.wire  -  << "Server: nginx/1.14.0 (Ubuntu)[\r][\n]"
3734443 [main] DEBUG org.apache.http.wire  -  << "Server: nginx/1.14.0 (Ubuntu)[\r][\n]"
3734443 [main] DEBUG org.apache.http.wire  -  << "Server: nginx/1.14.0 (Ubuntu)[\r][\n]"
3734443 [main] DEBUG org.apache.http.wire  -  << "Server: nginx/1.14.0 (Ubuntu)[\r][\n]"
3734443 [main] DEBUG org.apache.http.wire  -  << "Server: nginx/1.14.0 (Ubuntu)[\r][\n]"
3734443 [main] DEBUG org.apache.http.wire  -  << "Date: Tue, 22 Sep 2020 09:56:04 GMT[\r][\n]"
3734443 [main] DEBUG org.apache.http.wire  -  << "Date: Tue, 22 Sep 2020 09:56:04 GMT[\r][\n]"
3734443 [main] DEBUG org.apache.http.wire  -  << "Date: Tue, 22 Sep 2020 09:56:04 GMT[\r][\n]"
3734443 [main] DEBUG org.apache.http.wire  -  << "Date: Tue, 22 Sep 2020 09:56:04 GMT[\r][\n]"
3734443 [main] DEBUG org.apache.http.wire  -  << "Date: Tue, 22 Sep 2020 09:56:04 GMT[\r][\n]"
3734443 [main] DEBUG org.apache.http.wire  -  << "Date: Tue, 22 Sep 2020 09:56:04 GMT[\r][\n]"
3734443 [main] DEBUG org.apache.http.wire  -  << "Date: Tue, 22 Sep 2020 09:56:04 GMT[\r][\n]"
3734443 [main] DEBUG org.apache.http.wire  -  << "Date: Tue, 22 Sep 2020 09:56:04 GMT[\r][\n]"
3734443 [main] DEBUG org.apache.http.wire  -  << "Date: Tue, 22 Sep 2020 09:56:04 GMT[\r][\n]"
3734443 [main] DEBUG org.apache.http.wire  -  << "Date: Tue, 22 Sep 2020 09:56:04 GMT[\r][\n]"
3734443 [main] DEBUG org.apache.http.wire  -  << "Date: Tue, 22 Sep 2020 09:56:04 GMT[\r][\n]"
3734443 [main] DEBUG org.apache.http.wire  -  << "Date: Tue, 22 Sep 2020 09:56:04 GMT[\r][\n]"
3734443 [main] DEBUG org.apache.http.wire  -  << "Date: Tue, 22 Sep 2020 09:56:04 GMT[\r][\n]"
3734443 [main] DEBUG org.apache.http.wire  -  << "Date: Tue, 22 Sep 2020 09:56:04 GMT[\r][\n]"
3734443 [main] DEBUG org.apache.http.wire  -  << "Date: Tue, 22 Sep 2020 09:56:04 GMT[\r][\n]"
3734443 [main] DEBUG org.apache.http.wire  -  << "Content-Type: application/json; charset=utf-8[\r][\n]"
3734443 [main] DEBUG org.apache.http.wire  -  << "Content-Type: application/json; charset=utf-8[\r][\n]"
3734443 [main] DEBUG org.apache.http.wire  -  << "Content-Type: application/json; charset=utf-8[\r][\n]"
3734443 [main] DEBUG org.apache.http.wire  -  << "Content-Type: application/json; charset=utf-8[\r][\n]"
3734443 [main] DEBUG org.apache.http.wire  -  << "Content-Type: application/json; charset=utf-8[\r][\n]"
3734443 [main] DEBUG org.apache.http.wire  -  << "Content-Type: application/json; charset=utf-8[\r][\n]"
3734443 [main] DEBUG org.apache.http.wire  -  << "Content-Type: application/json; charset=utf-8[\r][\n]"
3734443 [main] DEBUG org.apache.http.wire  -  << "Content-Type: application/json; charset=utf-8[\r][\n]"
3734443 [main] DEBUG org.apache.http.wire  -  << "Content-Type: application/json; charset=utf-8[\r][\n]"
3734443 [main] DEBUG org.apache.http.wire  -  << "Content-Type: application/json; charset=utf-8[\r][\n]"
3734443 [main] DEBUG org.apache.http.wire  -  << "Content-Type: application/json; charset=utf-8[\r][\n]"
3734443 [main] DEBUG org.apache.http.wire  -  << "Content-Type: application/json; charset=utf-8[\r][\n]"
3734443 [main] DEBUG org.apache.http.wire  -  << "Content-Type: application/json; charset=utf-8[\r][\n]"
3734443 [main] DEBUG org.apache.http.wire  -  << "Content-Type: application/json; charset=utf-8[\r][\n]"
3734443 [main] DEBUG org.apache.http.wire  -  << "Content-Type: application/json; charset=utf-8[\r][\n]"
3734444 [main] DEBUG org.apache.http.wire  -  << "Transfer-Encoding: chunked[\r][\n]"
3734444 [main] DEBUG org.apache.http.wire  -  << "Transfer-Encoding: chunked[\r][\n]"
3734444 [main] DEBUG org.apache.http.wire  -  << "Transfer-Encoding: chunked[\r][\n]"
3734444 [main] DEBUG org.apache.http.wire  -  << "Transfer-Encoding: chunked[\r][\n]"
3734444 [main] DEBUG org.apache.http.wire  -  << "Transfer-Encoding: chunked[\r][\n]"
3734444 [main] DEBUG org.apache.http.wire  -  << "Transfer-Encoding: chunked[\r][\n]"
3734444 [main] DEBUG org.apache.http.wire  -  << "Transfer-Encoding: chunked[\r][\n]"
3734444 [main] DEBUG org.apache.http.wire  -  << "Transfer-Encoding: chunked[\r][\n]"
3734444 [main] DEBUG org.apache.http.wire  -  << "Transfer-Encoding: chunked[\r][\n]"
3734444 [main] DEBUG org.apache.http.wire  -  << "Transfer-Encoding: chunked[\r][\n]"
3734444 [main] DEBUG org.apache.http.wire  -  << "Transfer-Encoding: chunked[\r][\n]"
3734444 [main] DEBUG org.apache.http.wire  -  << "Transfer-Encoding: chunked[\r][\n]"
3734444 [main] DEBUG org.apache.http.wire  -  << "Transfer-Encoding: chunked[\r][\n]"
3734444 [main] DEBUG org.apache.http.wire  -  << "Transfer-Encoding: chunked[\r][\n]"
3734444 [main] DEBUG org.apache.http.wire  -  << "Transfer-Encoding: chunked[\r][\n]"
3734444 [main] DEBUG org.apache.http.wire  -  << "Connection: keep-alive[\r][\n]"
3734444 [main] DEBUG org.apache.http.wire  -  << "Connection: keep-alive[\r][\n]"
3734444 [main] DEBUG org.apache.http.wire  -  << "Connection: keep-alive[\r][\n]"
3734444 [main] DEBUG org.apache.http.wire  -  << "Connection: keep-alive[\r][\n]"
3734444 [main] DEBUG org.apache.http.wire  -  << "Connection: keep-alive[\r][\n]"
3734444 [main] DEBUG org.apache.http.wire  -  << "Connection: keep-alive[\r][\n]"
3734444 [main] DEBUG org.apache.http.wire  -  << "Connection: keep-alive[\r][\n]"
3734444 [main] DEBUG org.apache.http.wire  -  << "Connection: keep-alive[\r][\n]"
3734444 [main] DEBUG org.apache.http.wire  -  << "Connection: keep-alive[\r][\n]"
3734444 [main] DEBUG org.apache.http.wire  -  << "Connection: keep-alive[\r][\n]"
3734444 [main] DEBUG org.apache.http.wire  -  << "Connection: keep-alive[\r][\n]"
3734444 [main] DEBUG org.apache.http.wire  -  << "Connection: keep-alive[\r][\n]"
3734444 [main] DEBUG org.apache.http.wire  -  << "Connection: keep-alive[\r][\n]"
3734444 [main] DEBUG org.apache.http.wire  -  << "Connection: keep-alive[\r][\n]"
3734444 [main] DEBUG org.apache.http.wire  -  << "Connection: keep-alive[\r][\n]"
3734444 [main] DEBUG org.apache.http.wire  -  << "Content-Security-Policy: default-src 'self';base-uri 'self';block-all-mixed-content;font-src 'self' https: data:;frame-ancestors 'self';img-src 'self' data:;object-src 'none';script-src 'self';script-src-attr 'none';style-src 'self' https: 'unsafe-inline';upgrade-insecure-requests[\r][\n]"
3734444 [main] DEBUG org.apache.http.wire  -  << "Content-Security-Policy: default-src 'self';base-uri 'self';block-all-mixed-content;font-src 'self' https: data:;frame-ancestors 'self';img-src 'self' data:;object-src 'none';script-src 'self';script-src-attr 'none';style-src 'self' https: 'unsafe-inline';upgrade-insecure-requests[\r][\n]"
3734444 [main] DEBUG org.apache.http.wire  -  << "Content-Security-Policy: default-src 'self';base-uri 'self';block-all-mixed-content;font-src 'self' https: data:;frame-ancestors 'self';img-src 'self' data:;object-src 'none';script-src 'self';script-src-attr 'none';style-src 'self' https: 'unsafe-inline';upgrade-insecure-requests[\r][\n]"
3734444 [main] DEBUG org.apache.http.wire  -  << "Content-Security-Policy: default-src 'self';base-uri 'self';block-all-mixed-content;font-src 'self' https: data:;frame-ancestors 'self';img-src 'self' data:;object-src 'none';script-src 'self';script-src-attr 'none';style-src 'self' https: 'unsafe-inline';upgrade-insecure-requests[\r][\n]"
3734444 [main] DEBUG org.apache.http.wire  -  << "Content-Security-Policy: default-src 'self';base-uri 'self';block-all-mixed-content;font-src 'self' https: data:;frame-ancestors 'self';img-src 'self' data:;object-src 'none';script-src 'self';script-src-attr 'none';style-src 'self' https: 'unsafe-inline';upgrade-insecure-requests[\r][\n]"
3734444 [main] DEBUG org.apache.http.wire  -  << "Content-Security-Policy: default-src 'self';base-uri 'self';block-all-mixed-content;font-src 'self' https: data:;frame-ancestors 'self';img-src 'self' data:;object-src 'none';script-src 'self';script-src-attr 'none';style-src 'self' https: 'unsafe-inline';upgrade-insecure-requests[\r][\n]"
3734444 [main] DEBUG org.apache.http.wire  -  << "Content-Security-Policy: default-src 'self';base-uri 'self';block-all-mixed-content;font-src 'self' https: data:;frame-ancestors 'self';img-src 'self' data:;object-src 'none';script-src 'self';script-src-attr 'none';style-src 'self' https: 'unsafe-inline';upgrade-insecure-requests[\r][\n]"
3734444 [main] DEBUG org.apache.http.wire  -  << "Content-Security-Policy: default-src 'self';base-uri 'self';block-all-mixed-content;font-src 'self' https: data:;frame-ancestors 'self';img-src 'self' data:;object-src 'none';script-src 'self';script-src-attr 'none';style-src 'self' https: 'unsafe-inline';upgrade-insecure-requests[\r][\n]"
3734444 [main] DEBUG org.apache.http.wire  -  << "Content-Security-Policy: default-src 'self';base-uri 'self';block-all-mixed-content;font-src 'self' https: data:;frame-ancestors 'self';img-src 'self' data:;object-src 'none';script-src 'self';script-src-attr 'none';style-src 'self' https: 'unsafe-inline';upgrade-insecure-requests[\r][\n]"
3734444 [main] DEBUG org.apache.http.wire  -  << "Content-Security-Policy: default-src 'self';base-uri 'self';block-all-mixed-content;font-src 'self' https: data:;frame-ancestors 'self';img-src 'self' data:;object-src 'none';script-src 'self';script-src-attr 'none';style-src 'self' https: 'unsafe-inline';upgrade-insecure-requests[\r][\n]"
3734444 [main] DEBUG org.apache.http.wire  -  << "Content-Security-Policy: default-src 'self';base-uri 'self';block-all-mixed-content;font-src 'self' https: data:;frame-ancestors 'self';img-src 'self' data:;object-src 'none';script-src 'self';script-src-attr 'none';style-src 'self' https: 'unsafe-inline';upgrade-insecure-requests[\r][\n]"
3734444 [main] DEBUG org.apache.http.wire  -  << "Content-Security-Policy: default-src 'self';base-uri 'self';block-all-mixed-content;font-src 'self' https: data:;frame-ancestors 'self';img-src 'self' data:;object-src 'none';script-src 'self';script-src-attr 'none';style-src 'self' https: 'unsafe-inline';upgrade-insecure-requests[\r][\n]"
3734444 [main] DEBUG org.apache.http.wire  -  << "Content-Security-Policy: default-src 'self';base-uri 'self';block-all-mixed-content;font-src 'self' https: data:;frame-ancestors 'self';img-src 'self' data:;object-src 'none';script-src 'self';script-src-attr 'none';style-src 'self' https: 'unsafe-inline';upgrade-insecure-requests[\r][\n]"
3734444 [main] DEBUG org.apache.http.wire  -  << "Content-Security-Policy: default-src 'self';base-uri 'self';block-all-mixed-content;font-src 'self' https: data:;frame-ancestors 'self';img-src 'self' data:;object-src 'none';script-src 'self';script-src-attr 'none';style-src 'self' https: 'unsafe-inline';upgrade-insecure-requests[\r][\n]"
3734444 [main] DEBUG org.apache.http.wire  -  << "Content-Security-Policy: default-src 'self';base-uri 'self';block-all-mixed-content;font-src 'self' https: data:;frame-ancestors 'self';img-src 'self' data:;object-src 'none';script-src 'self';script-src-attr 'none';style-src 'self' https: 'unsafe-inline';upgrade-insecure-requests[\r][\n]"
3734444 [main] DEBUG org.apache.http.wire  -  << "X-DNS-Prefetch-Control: off[\r][\n]"
3734444 [main] DEBUG org.apache.http.wire  -  << "X-DNS-Prefetch-Control: off[\r][\n]"
3734444 [main] DEBUG org.apache.http.wire  -  << "X-DNS-Prefetch-Control: off[\r][\n]"
3734444 [main] DEBUG org.apache.http.wire  -  << "X-DNS-Prefetch-Control: off[\r][\n]"
3734444 [main] DEBUG org.apache.http.wire  -  << "X-DNS-Prefetch-Control: off[\r][\n]"
3734444 [main] DEBUG org.apache.http.wire  -  << "X-DNS-Prefetch-Control: off[\r][\n]"
3734444 [main] DEBUG org.apache.http.wire  -  << "X-DNS-Prefetch-Control: off[\r][\n]"
3734444 [main] DEBUG org.apache.http.wire  -  << "X-DNS-Prefetch-Control: off[\r][\n]"
3734444 [main] DEBUG org.apache.http.wire  -  << "X-DNS-Prefetch-Control: off[\r][\n]"
3734444 [main] DEBUG org.apache.http.wire  -  << "X-DNS-Prefetch-Control: off[\r][\n]"
3734444 [main] DEBUG org.apache.http.wire  -  << "X-DNS-Prefetch-Control: off[\r][\n]"
3734444 [main] DEBUG org.apache.http.wire  -  << "X-DNS-Prefetch-Control: off[\r][\n]"
3734444 [main] DEBUG org.apache.http.wire  -  << "X-DNS-Prefetch-Control: off[\r][\n]"
3734444 [main] DEBUG org.apache.http.wire  -  << "X-DNS-Prefetch-Control: off[\r][\n]"
3734444 [main] DEBUG org.apache.http.wire  -  << "X-DNS-Prefetch-Control: off[\r][\n]"
3734445 [main] DEBUG org.apache.http.wire  -  << "Expect-CT: max-age=0[\r][\n]"
3734445 [main] DEBUG org.apache.http.wire  -  << "Expect-CT: max-age=0[\r][\n]"
3734445 [main] DEBUG org.apache.http.wire  -  << "Expect-CT: max-age=0[\r][\n]"
3734445 [main] DEBUG org.apache.http.wire  -  << "Expect-CT: max-age=0[\r][\n]"
3734445 [main] DEBUG org.apache.http.wire  -  << "Expect-CT: max-age=0[\r][\n]"
3734445 [main] DEBUG org.apache.http.wire  -  << "Expect-CT: max-age=0[\r][\n]"
3734445 [main] DEBUG org.apache.http.wire  -  << "Expect-CT: max-age=0[\r][\n]"
3734445 [main] DEBUG org.apache.http.wire  -  << "Expect-CT: max-age=0[\r][\n]"
3734445 [main] DEBUG org.apache.http.wire  -  << "Expect-CT: max-age=0[\r][\n]"
3734445 [main] DEBUG org.apache.http.wire  -  << "Expect-CT: max-age=0[\r][\n]"
3734445 [main] DEBUG org.apache.http.wire  -  << "Expect-CT: max-age=0[\r][\n]"
3734445 [main] DEBUG org.apache.http.wire  -  << "Expect-CT: max-age=0[\r][\n]"
3734445 [main] DEBUG org.apache.http.wire  -  << "Expect-CT: max-age=0[\r][\n]"
3734445 [main] DEBUG org.apache.http.wire  -  << "Expect-CT: max-age=0[\r][\n]"
3734445 [main] DEBUG org.apache.http.wire  -  << "Expect-CT: max-age=0[\r][\n]"
3734445 [main] DEBUG org.apache.http.wire  -  << "X-Frame-Options: SAMEORIGIN[\r][\n]"
3734445 [main] DEBUG org.apache.http.wire  -  << "X-Frame-Options: SAMEORIGIN[\r][\n]"
3734445 [main] DEBUG org.apache.http.wire  -  << "X-Frame-Options: SAMEORIGIN[\r][\n]"
3734445 [main] DEBUG org.apache.http.wire  -  << "X-Frame-Options: SAMEORIGIN[\r][\n]"
3734445 [main] DEBUG org.apache.http.wire  -  << "X-Frame-Options: SAMEORIGIN[\r][\n]"
3734445 [main] DEBUG org.apache.http.wire  -  << "X-Frame-Options: SAMEORIGIN[\r][\n]"
3734445 [main] DEBUG org.apache.http.wire  -  << "X-Frame-Options: SAMEORIGIN[\r][\n]"
3734445 [main] DEBUG org.apache.http.wire  -  << "X-Frame-Options: SAMEORIGIN[\r][\n]"
3734445 [main] DEBUG org.apache.http.wire  -  << "X-Frame-Options: SAMEORIGIN[\r][\n]"
3734445 [main] DEBUG org.apache.http.wire  -  << "X-Frame-Options: SAMEORIGIN[\r][\n]"
3734445 [main] DEBUG org.apache.http.wire  -  << "X-Frame-Options: SAMEORIGIN[\r][\n]"
3734445 [main] DEBUG org.apache.http.wire  -  << "X-Frame-Options: SAMEORIGIN[\r][\n]"
3734445 [main] DEBUG org.apache.http.wire  -  << "X-Frame-Options: SAMEORIGIN[\r][\n]"
3734445 [main] DEBUG org.apache.http.wire  -  << "X-Frame-Options: SAMEORIGIN[\r][\n]"
3734445 [main] DEBUG org.apache.http.wire  -  << "X-Frame-Options: SAMEORIGIN[\r][\n]"
3734445 [main] DEBUG org.apache.http.wire  -  << "X-Download-Options: noopen[\r][\n]"
3734445 [main] DEBUG org.apache.http.wire  -  << "X-Download-Options: noopen[\r][\n]"
3734445 [main] DEBUG org.apache.http.wire  -  << "X-Download-Options: noopen[\r][\n]"
3734445 [main] DEBUG org.apache.http.wire  -  << "X-Download-Options: noopen[\r][\n]"
3734445 [main] DEBUG org.apache.http.wire  -  << "X-Download-Options: noopen[\r][\n]"
3734445 [main] DEBUG org.apache.http.wire  -  << "X-Download-Options: noopen[\r][\n]"
3734445 [main] DEBUG org.apache.http.wire  -  << "X-Download-Options: noopen[\r][\n]"
3734445 [main] DEBUG org.apache.http.wire  -  << "X-Download-Options: noopen[\r][\n]"
3734445 [main] DEBUG org.apache.http.wire  -  << "X-Download-Options: noopen[\r][\n]"
3734445 [main] DEBUG org.apache.http.wire  -  << "X-Download-Options: noopen[\r][\n]"
3734445 [main] DEBUG org.apache.http.wire  -  << "X-Download-Options: noopen[\r][\n]"
3734445 [main] DEBUG org.apache.http.wire  -  << "X-Download-Options: noopen[\r][\n]"
3734445 [main] DEBUG org.apache.http.wire  -  << "X-Download-Options: noopen[\r][\n]"
3734445 [main] DEBUG org.apache.http.wire  -  << "X-Download-Options: noopen[\r][\n]"
3734445 [main] DEBUG org.apache.http.wire  -  << "X-Download-Options: noopen[\r][\n]"
3734446 [main] DEBUG org.apache.http.wire  -  << "X-Content-Type-Options: nosniff[\r][\n]"
3734446 [main] DEBUG org.apache.http.wire  -  << "X-Content-Type-Options: nosniff[\r][\n]"
3734446 [main] DEBUG org.apache.http.wire  -  << "X-Content-Type-Options: nosniff[\r][\n]"
3734446 [main] DEBUG org.apache.http.wire  -  << "X-Content-Type-Options: nosniff[\r][\n]"
3734446 [main] DEBUG org.apache.http.wire  -  << "X-Content-Type-Options: nosniff[\r][\n]"
3734446 [main] DEBUG org.apache.http.wire  -  << "X-Content-Type-Options: nosniff[\r][\n]"
3734446 [main] DEBUG org.apache.http.wire  -  << "X-Content-Type-Options: nosniff[\r][\n]"
3734446 [main] DEBUG org.apache.http.wire  -  << "X-Content-Type-Options: nosniff[\r][\n]"
3734446 [main] DEBUG org.apache.http.wire  -  << "X-Content-Type-Options: nosniff[\r][\n]"
3734446 [main] DEBUG org.apache.http.wire  -  << "X-Content-Type-Options: nosniff[\r][\n]"
3734446 [main] DEBUG org.apache.http.wire  -  << "X-Content-Type-Options: nosniff[\r][\n]"
3734446 [main] DEBUG org.apache.http.wire  -  << "X-Content-Type-Options: nosniff[\r][\n]"
3734446 [main] DEBUG org.apache.http.wire  -  << "X-Content-Type-Options: nosniff[\r][\n]"
3734446 [main] DEBUG org.apache.http.wire  -  << "X-Content-Type-Options: nosniff[\r][\n]"
3734446 [main] DEBUG org.apache.http.wire  -  << "X-Content-Type-Options: nosniff[\r][\n]"
3734446 [main] DEBUG org.apache.http.wire  -  << "X-Permitted-Cross-Domain-Policies: none[\r][\n]"
3734446 [main] DEBUG org.apache.http.wire  -  << "X-Permitted-Cross-Domain-Policies: none[\r][\n]"
3734446 [main] DEBUG org.apache.http.wire  -  << "X-Permitted-Cross-Domain-Policies: none[\r][\n]"
3734446 [main] DEBUG org.apache.http.wire  -  << "X-Permitted-Cross-Domain-Policies: none[\r][\n]"
3734446 [main] DEBUG org.apache.http.wire  -  << "X-Permitted-Cross-Domain-Policies: none[\r][\n]"
3734446 [main] DEBUG org.apache.http.wire  -  << "X-Permitted-Cross-Domain-Policies: none[\r][\n]"
3734446 [main] DEBUG org.apache.http.wire  -  << "X-Permitted-Cross-Domain-Policies: none[\r][\n]"
3734446 [main] DEBUG org.apache.http.wire  -  << "X-Permitted-Cross-Domain-Policies: none[\r][\n]"
3734446 [main] DEBUG org.apache.http.wire  -  << "X-Permitted-Cross-Domain-Policies: none[\r][\n]"
3734446 [main] DEBUG org.apache.http.wire  -  << "X-Permitted-Cross-Domain-Policies: none[\r][\n]"
3734446 [main] DEBUG org.apache.http.wire  -  << "X-Permitted-Cross-Domain-Policies: none[\r][\n]"
3734446 [main] DEBUG org.apache.http.wire  -  << "X-Permitted-Cross-Domain-Policies: none[\r][\n]"
3734446 [main] DEBUG org.apache.http.wire  -  << "X-Permitted-Cross-Domain-Policies: none[\r][\n]"
3734446 [main] DEBUG org.apache.http.wire  -  << "X-Permitted-Cross-Domain-Policies: none[\r][\n]"
3734446 [main] DEBUG org.apache.http.wire  -  << "X-Permitted-Cross-Domain-Policies: none[\r][\n]"
3734446 [main] DEBUG org.apache.http.wire  -  << "Referrer-Policy: no-referrer[\r][\n]"
3734446 [main] DEBUG org.apache.http.wire  -  << "Referrer-Policy: no-referrer[\r][\n]"
3734446 [main] DEBUG org.apache.http.wire  -  << "Referrer-Policy: no-referrer[\r][\n]"
3734446 [main] DEBUG org.apache.http.wire  -  << "Referrer-Policy: no-referrer[\r][\n]"
3734446 [main] DEBUG org.apache.http.wire  -  << "Referrer-Policy: no-referrer[\r][\n]"
3734446 [main] DEBUG org.apache.http.wire  -  << "Referrer-Policy: no-referrer[\r][\n]"
3734446 [main] DEBUG org.apache.http.wire  -  << "Referrer-Policy: no-referrer[\r][\n]"
3734446 [main] DEBUG org.apache.http.wire  -  << "Referrer-Policy: no-referrer[\r][\n]"
3734446 [main] DEBUG org.apache.http.wire  -  << "Referrer-Policy: no-referrer[\r][\n]"
3734446 [main] DEBUG org.apache.http.wire  -  << "Referrer-Policy: no-referrer[\r][\n]"
3734446 [main] DEBUG org.apache.http.wire  -  << "Referrer-Policy: no-referrer[\r][\n]"
3734446 [main] DEBUG org.apache.http.wire  -  << "Referrer-Policy: no-referrer[\r][\n]"
3734446 [main] DEBUG org.apache.http.wire  -  << "Referrer-Policy: no-referrer[\r][\n]"
3734446 [main] DEBUG org.apache.http.wire  -  << "Referrer-Policy: no-referrer[\r][\n]"
3734446 [main] DEBUG org.apache.http.wire  -  << "Referrer-Policy: no-referrer[\r][\n]"
3734447 [main] DEBUG org.apache.http.wire  -  << "X-XSS-Protection: 0[\r][\n]"
3734447 [main] DEBUG org.apache.http.wire  -  << "X-XSS-Protection: 0[\r][\n]"
3734447 [main] DEBUG org.apache.http.wire  -  << "X-XSS-Protection: 0[\r][\n]"
3734447 [main] DEBUG org.apache.http.wire  -  << "X-XSS-Protection: 0[\r][\n]"
3734447 [main] DEBUG org.apache.http.wire  -  << "X-XSS-Protection: 0[\r][\n]"
3734447 [main] DEBUG org.apache.http.wire  -  << "X-XSS-Protection: 0[\r][\n]"
3734447 [main] DEBUG org.apache.http.wire  -  << "X-XSS-Protection: 0[\r][\n]"
3734447 [main] DEBUG org.apache.http.wire  -  << "X-XSS-Protection: 0[\r][\n]"
3734447 [main] DEBUG org.apache.http.wire  -  << "X-XSS-Protection: 0[\r][\n]"
3734447 [main] DEBUG org.apache.http.wire  -  << "X-XSS-Protection: 0[\r][\n]"
3734447 [main] DEBUG org.apache.http.wire  -  << "X-XSS-Protection: 0[\r][\n]"
3734447 [main] DEBUG org.apache.http.wire  -  << "X-XSS-Protection: 0[\r][\n]"
3734447 [main] DEBUG org.apache.http.wire  -  << "X-XSS-Protection: 0[\r][\n]"
3734447 [main] DEBUG org.apache.http.wire  -  << "X-XSS-Protection: 0[\r][\n]"
3734447 [main] DEBUG org.apache.http.wire  -  << "X-XSS-Protection: 0[\r][\n]"
3734447 [main] DEBUG org.apache.http.wire  -  << "Vary: Origin, Accept-Encoding[\r][\n]"
3734447 [main] DEBUG org.apache.http.wire  -  << "Vary: Origin, Accept-Encoding[\r][\n]"
3734447 [main] DEBUG org.apache.http.wire  -  << "Vary: Origin, Accept-Encoding[\r][\n]"
3734447 [main] DEBUG org.apache.http.wire  -  << "Vary: Origin, Accept-Encoding[\r][\n]"
3734447 [main] DEBUG org.apache.http.wire  -  << "Vary: Origin, Accept-Encoding[\r][\n]"
3734447 [main] DEBUG org.apache.http.wire  -  << "Vary: Origin, Accept-Encoding[\r][\n]"
3734447 [main] DEBUG org.apache.http.wire  -  << "Vary: Origin, Accept-Encoding[\r][\n]"
3734447 [main] DEBUG org.apache.http.wire  -  << "Vary: Origin, Accept-Encoding[\r][\n]"
3734447 [main] DEBUG org.apache.http.wire  -  << "Vary: Origin, Accept-Encoding[\r][\n]"
3734447 [main] DEBUG org.apache.http.wire  -  << "Vary: Origin, Accept-Encoding[\r][\n]"
3734447 [main] DEBUG org.apache.http.wire  -  << "Vary: Origin, Accept-Encoding[\r][\n]"
3734447 [main] DEBUG org.apache.http.wire  -  << "Vary: Origin, Accept-Encoding[\r][\n]"
3734447 [main] DEBUG org.apache.http.wire  -  << "Vary: Origin, Accept-Encoding[\r][\n]"
3734447 [main] DEBUG org.apache.http.wire  -  << "Vary: Origin, Accept-Encoding[\r][\n]"
3734447 [main] DEBUG org.apache.http.wire  -  << "Vary: Origin, Accept-Encoding[\r][\n]"
3734447 [main] DEBUG org.apache.http.wire  -  << "Access-Control-Allow-Credentials: true[\r][\n]"
3734447 [main] DEBUG org.apache.http.wire  -  << "Access-Control-Allow-Credentials: true[\r][\n]"
3734447 [main] DEBUG org.apache.http.wire  -  << "Access-Control-Allow-Credentials: true[\r][\n]"
3734447 [main] DEBUG org.apache.http.wire  -  << "Access-Control-Allow-Credentials: true[\r][\n]"
3734447 [main] DEBUG org.apache.http.wire  -  << "Access-Control-Allow-Credentials: true[\r][\n]"
3734447 [main] DEBUG org.apache.http.wire  -  << "Access-Control-Allow-Credentials: true[\r][\n]"
3734447 [main] DEBUG org.apache.http.wire  -  << "Access-Control-Allow-Credentials: true[\r][\n]"
3734447 [main] DEBUG org.apache.http.wire  -  << "Access-Control-Allow-Credentials: true[\r][\n]"
3734447 [main] DEBUG org.apache.http.wire  -  << "Access-Control-Allow-Credentials: true[\r][\n]"
3734447 [main] DEBUG org.apache.http.wire  -  << "Access-Control-Allow-Credentials: true[\r][\n]"
3734447 [main] DEBUG org.apache.http.wire  -  << "Access-Control-Allow-Credentials: true[\r][\n]"
3734447 [main] DEBUG org.apache.http.wire  -  << "Access-Control-Allow-Credentials: true[\r][\n]"
3734447 [main] DEBUG org.apache.http.wire  -  << "Access-Control-Allow-Credentials: true[\r][\n]"
3734447 [main] DEBUG org.apache.http.wire  -  << "Access-Control-Allow-Credentials: true[\r][\n]"
3734447 [main] DEBUG org.apache.http.wire  -  << "Access-Control-Allow-Credentials: true[\r][\n]"
3734448 [main] DEBUG org.apache.http.wire  -  << "Retry-After: 10[\r][\n]"
3734448 [main] DEBUG org.apache.http.wire  -  << "Retry-After: 10[\r][\n]"
3734448 [main] DEBUG org.apache.http.wire  -  << "Retry-After: 10[\r][\n]"
3734448 [main] DEBUG org.apache.http.wire  -  << "Retry-After: 10[\r][\n]"
3734448 [main] DEBUG org.apache.http.wire  -  << "Retry-After: 10[\r][\n]"
3734448 [main] DEBUG org.apache.http.wire  -  << "Retry-After: 10[\r][\n]"
3734448 [main] DEBUG org.apache.http.wire  -  << "Retry-After: 10[\r][\n]"
3734448 [main] DEBUG org.apache.http.wire  -  << "Retry-After: 10[\r][\n]"
3734448 [main] DEBUG org.apache.http.wire  -  << "Retry-After: 10[\r][\n]"
3734448 [main] DEBUG org.apache.http.wire  -  << "Retry-After: 10[\r][\n]"
3734448 [main] DEBUG org.apache.http.wire  -  << "Retry-After: 10[\r][\n]"
3734448 [main] DEBUG org.apache.http.wire  -  << "Retry-After: 10[\r][\n]"
3734448 [main] DEBUG org.apache.http.wire  -  << "Retry-After: 10[\r][\n]"
3734448 [main] DEBUG org.apache.http.wire  -  << "Retry-After: 10[\r][\n]"
3734448 [main] DEBUG org.apache.http.wire  -  << "Retry-After: 10[\r][\n]"
3734448 [main] DEBUG org.apache.http.wire  -  << "X-RateLimit-Limit: 80[\r][\n]"
3734448 [main] DEBUG org.apache.http.wire  -  << "X-RateLimit-Limit: 80[\r][\n]"
3734448 [main] DEBUG org.apache.http.wire  -  << "X-RateLimit-Limit: 80[\r][\n]"
3734448 [main] DEBUG org.apache.http.wire  -  << "X-RateLimit-Limit: 80[\r][\n]"
3734448 [main] DEBUG org.apache.http.wire  -  << "X-RateLimit-Limit: 80[\r][\n]"
3734448 [main] DEBUG org.apache.http.wire  -  << "X-RateLimit-Limit: 80[\r][\n]"
3734448 [main] DEBUG org.apache.http.wire  -  << "X-RateLimit-Limit: 80[\r][\n]"
3734448 [main] DEBUG org.apache.http.wire  -  << "X-RateLimit-Limit: 80[\r][\n]"
3734448 [main] DEBUG org.apache.http.wire  -  << "X-RateLimit-Limit: 80[\r][\n]"
3734448 [main] DEBUG org.apache.http.wire  -  << "X-RateLimit-Limit: 80[\r][\n]"
3734448 [main] DEBUG org.apache.http.wire  -  << "X-RateLimit-Limit: 80[\r][\n]"
3734448 [main] DEBUG org.apache.http.wire  -  << "X-RateLimit-Limit: 80[\r][\n]"
3734448 [main] DEBUG org.apache.http.wire  -  << "X-RateLimit-Limit: 80[\r][\n]"
3734448 [main] DEBUG org.apache.http.wire  -  << "X-RateLimit-Limit: 80[\r][\n]"
3734448 [main] DEBUG org.apache.http.wire  -  << "X-RateLimit-Limit: 80[\r][\n]"
3734448 [main] DEBUG org.apache.http.wire  -  << "X-RateLimit-Remaining: 79[\r][\n]"
3734448 [main] DEBUG org.apache.http.wire  -  << "X-RateLimit-Remaining: 79[\r][\n]"
3734448 [main] DEBUG org.apache.http.wire  -  << "X-RateLimit-Remaining: 79[\r][\n]"
3734448 [main] DEBUG org.apache.http.wire  -  << "X-RateLimit-Remaining: 79[\r][\n]"
3734448 [main] DEBUG org.apache.http.wire  -  << "X-RateLimit-Remaining: 79[\r][\n]"
3734448 [main] DEBUG org.apache.http.wire  -  << "X-RateLimit-Remaining: 79[\r][\n]"
3734448 [main] DEBUG org.apache.http.wire  -  << "X-RateLimit-Remaining: 79[\r][\n]"
3734448 [main] DEBUG org.apache.http.wire  -  << "X-RateLimit-Remaining: 79[\r][\n]"
3734448 [main] DEBUG org.apache.http.wire  -  << "X-RateLimit-Remaining: 79[\r][\n]"
3734448 [main] DEBUG org.apache.http.wire  -  << "X-RateLimit-Remaining: 79[\r][\n]"
3734448 [main] DEBUG org.apache.http.wire  -  << "X-RateLimit-Remaining: 79[\r][\n]"
3734448 [main] DEBUG org.apache.http.wire  -  << "X-RateLimit-Remaining: 79[\r][\n]"
3734448 [main] DEBUG org.apache.http.wire  -  << "X-RateLimit-Remaining: 79[\r][\n]"
3734448 [main] DEBUG org.apache.http.wire  -  << "X-RateLimit-Remaining: 79[\r][\n]"
3734448 [main] DEBUG org.apache.http.wire  -  << "X-RateLimit-Remaining: 79[\r][\n]"
3734449 [main] DEBUG org.apache.http.wire  -  << "X-RateLimit-Reset: Tue Sep 22 2020 09:56:14 GMT+0000 (Coordinated Universal Time)[\r][\n]"
3734449 [main] DEBUG org.apache.http.wire  -  << "X-RateLimit-Reset: Tue Sep 22 2020 09:56:14 GMT+0000 (Coordinated Universal Time)[\r][\n]"
3734449 [main] DEBUG org.apache.http.wire  -  << "X-RateLimit-Reset: Tue Sep 22 2020 09:56:14 GMT+0000 (Coordinated Universal Time)[\r][\n]"
3734449 [main] DEBUG org.apache.http.wire  -  << "X-RateLimit-Reset: Tue Sep 22 2020 09:56:14 GMT+0000 (Coordinated Universal Time)[\r][\n]"
3734449 [main] DEBUG org.apache.http.wire  -  << "X-RateLimit-Reset: Tue Sep 22 2020 09:56:14 GMT+0000 (Coordinated Universal Time)[\r][\n]"
3734449 [main] DEBUG org.apache.http.wire  -  << "X-RateLimit-Reset: Tue Sep 22 2020 09:56:14 GMT+0000 (Coordinated Universal Time)[\r][\n]"
3734449 [main] DEBUG org.apache.http.wire  -  << "X-RateLimit-Reset: Tue Sep 22 2020 09:56:14 GMT+0000 (Coordinated Universal Time)[\r][\n]"
3734449 [main] DEBUG org.apache.http.wire  -  << "X-RateLimit-Reset: Tue Sep 22 2020 09:56:14 GMT+0000 (Coordinated Universal Time)[\r][\n]"
3734449 [main] DEBUG org.apache.http.wire  -  << "X-RateLimit-Reset: Tue Sep 22 2020 09:56:14 GMT+0000 (Coordinated Universal Time)[\r][\n]"
3734449 [main] DEBUG org.apache.http.wire  -  << "X-RateLimit-Reset: Tue Sep 22 2020 09:56:14 GMT+0000 (Coordinated Universal Time)[\r][\n]"
3734449 [main] DEBUG org.apache.http.wire  -  << "X-RateLimit-Reset: Tue Sep 22 2020 09:56:14 GMT+0000 (Coordinated Universal Time)[\r][\n]"
3734449 [main] DEBUG org.apache.http.wire  -  << "X-RateLimit-Reset: Tue Sep 22 2020 09:56:14 GMT+0000 (Coordinated Universal Time)[\r][\n]"
3734449 [main] DEBUG org.apache.http.wire  -  << "X-RateLimit-Reset: Tue Sep 22 2020 09:56:14 GMT+0000 (Coordinated Universal Time)[\r][\n]"
3734449 [main] DEBUG org.apache.http.wire  -  << "X-RateLimit-Reset: Tue Sep 22 2020 09:56:14 GMT+0000 (Coordinated Universal Time)[\r][\n]"
3734449 [main] DEBUG org.apache.http.wire  -  << "X-RateLimit-Reset: Tue Sep 22 2020 09:56:14 GMT+0000 (Coordinated Universal Time)[\r][\n]"
3734449 [main] DEBUG org.apache.http.wire  -  << "Access-Control-Allow-Methods: GET, POST, OPTIONS[\r][\n]"
3734449 [main] DEBUG org.apache.http.wire  -  << "Access-Control-Allow-Methods: GET, POST, OPTIONS[\r][\n]"
3734449 [main] DEBUG org.apache.http.wire  -  << "Access-Control-Allow-Methods: GET, POST, OPTIONS[\r][\n]"
3734449 [main] DEBUG org.apache.http.wire  -  << "Access-Control-Allow-Methods: GET, POST, OPTIONS[\r][\n]"
3734449 [main] DEBUG org.apache.http.wire  -  << "Access-Control-Allow-Methods: GET, POST, OPTIONS[\r][\n]"
3734449 [main] DEBUG org.apache.http.wire  -  << "Access-Control-Allow-Methods: GET, POST, OPTIONS[\r][\n]"
3734449 [main] DEBUG org.apache.http.wire  -  << "Access-Control-Allow-Methods: GET, POST, OPTIONS[\r][\n]"
3734449 [main] DEBUG org.apache.http.wire  -  << "Access-Control-Allow-Methods: GET, POST, OPTIONS[\r][\n]"
3734449 [main] DEBUG org.apache.http.wire  -  << "Access-Control-Allow-Methods: GET, POST, OPTIONS[\r][\n]"
3734449 [main] DEBUG org.apache.http.wire  -  << "Access-Control-Allow-Methods: GET, POST, OPTIONS[\r][\n]"
3734449 [main] DEBUG org.apache.http.wire  -  << "Access-Control-Allow-Methods: GET, POST, OPTIONS[\r][\n]"
3734449 [main] DEBUG org.apache.http.wire  -  << "Access-Control-Allow-Methods: GET, POST, OPTIONS[\r][\n]"
3734449 [main] DEBUG org.apache.http.wire  -  << "Access-Control-Allow-Methods: GET, POST, OPTIONS[\r][\n]"
3734449 [main] DEBUG org.apache.http.wire  -  << "Access-Control-Allow-Methods: GET, POST, OPTIONS[\r][\n]"
3734449 [main] DEBUG org.apache.http.wire  -  << "Access-Control-Allow-Methods: GET, POST, OPTIONS[\r][\n]"
3734449 [main] DEBUG org.apache.http.wire  -  << "Access-Control-Allow-Headers: DNT,X-CustomHeader,Keep-Alive,User-Agent,X-Requested-With,If-Modified-Since,Cache-Control,Content-Type,Content-Range,Range[\r][\n]"
3734449 [main] DEBUG org.apache.http.wire  -  << "Access-Control-Allow-Headers: DNT,X-CustomHeader,Keep-Alive,User-Agent,X-Requested-With,If-Modified-Since,Cache-Control,Content-Type,Content-Range,Range[\r][\n]"
3734449 [main] DEBUG org.apache.http.wire  -  << "Access-Control-Allow-Headers: DNT,X-CustomHeader,Keep-Alive,User-Agent,X-Requested-With,If-Modified-Since,Cache-Control,Content-Type,Content-Range,Range[\r][\n]"
3734449 [main] DEBUG org.apache.http.wire  -  << "Access-Control-Allow-Headers: DNT,X-CustomHeader,Keep-Alive,User-Agent,X-Requested-With,If-Modified-Since,Cache-Control,Content-Type,Content-Range,Range[\r][\n]"
3734449 [main] DEBUG org.apache.http.wire  -  << "Access-Control-Allow-Headers: DNT,X-CustomHeader,Keep-Alive,User-Agent,X-Requested-With,If-Modified-Since,Cache-Control,Content-Type,Content-Range,Range[\r][\n]"
3734449 [main] DEBUG org.apache.http.wire  -  << "Access-Control-Allow-Headers: DNT,X-CustomHeader,Keep-Alive,User-Agent,X-Requested-With,If-Modified-Since,Cache-Control,Content-Type,Content-Range,Range[\r][\n]"
3734449 [main] DEBUG org.apache.http.wire  -  << "Access-Control-Allow-Headers: DNT,X-CustomHeader,Keep-Alive,User-Agent,X-Requested-With,If-Modified-Since,Cache-Control,Content-Type,Content-Range,Range[\r][\n]"
3734449 [main] DEBUG org.apache.http.wire  -  << "Access-Control-Allow-Headers: DNT,X-CustomHeader,Keep-Alive,User-Agent,X-Requested-With,If-Modified-Since,Cache-Control,Content-Type,Content-Range,Range[\r][\n]"
3734449 [main] DEBUG org.apache.http.wire  -  << "Access-Control-Allow-Headers: DNT,X-CustomHeader,Keep-Alive,User-Agent,X-Requested-With,If-Modified-Since,Cache-Control,Content-Type,Content-Range,Range[\r][\n]"
3734449 [main] DEBUG org.apache.http.wire  -  << "Access-Control-Allow-Headers: DNT,X-CustomHeader,Keep-Alive,User-Agent,X-Requested-With,If-Modified-Since,Cache-Control,Content-Type,Content-Range,Range[\r][\n]"
3734449 [main] DEBUG org.apache.http.wire  -  << "Access-Control-Allow-Headers: DNT,X-CustomHeader,Keep-Alive,User-Agent,X-Requested-With,If-Modified-Since,Cache-Control,Content-Type,Content-Range,Range[\r][\n]"
3734449 [main] DEBUG org.apache.http.wire  -  << "Access-Control-Allow-Headers: DNT,X-CustomHeader,Keep-Alive,User-Agent,X-Requested-With,If-Modified-Since,Cache-Control,Content-Type,Content-Range,Range[\r][\n]"
3734449 [main] DEBUG org.apache.http.wire  -  << "Access-Control-Allow-Headers: DNT,X-CustomHeader,Keep-Alive,User-Agent,X-Requested-With,If-Modified-Since,Cache-Control,Content-Type,Content-Range,Range[\r][\n]"
3734449 [main] DEBUG org.apache.http.wire  -  << "Access-Control-Allow-Headers: DNT,X-CustomHeader,Keep-Alive,User-Agent,X-Requested-With,If-Modified-Since,Cache-Control,Content-Type,Content-Range,Range[\r][\n]"
3734449 [main] DEBUG org.apache.http.wire  -  << "Access-Control-Allow-Headers: DNT,X-CustomHeader,Keep-Alive,User-Agent,X-Requested-With,If-Modified-Since,Cache-Control,Content-Type,Content-Range,Range[\r][\n]"
3734450 [main] DEBUG org.apache.http.wire  -  << "Access-Control-Expose-Headers: DNT,X-CustomHeader,Keep-Alive,User-Agent,X-Requested-With,If-Modified-Since,Cache-Control,Content-Type,Content-Range,Range[\r][\n]"
3734450 [main] DEBUG org.apache.http.wire  -  << "Access-Control-Expose-Headers: DNT,X-CustomHeader,Keep-Alive,User-Agent,X-Requested-With,If-Modified-Since,Cache-Control,Content-Type,Content-Range,Range[\r][\n]"
3734450 [main] DEBUG org.apache.http.wire  -  << "Access-Control-Expose-Headers: DNT,X-CustomHeader,Keep-Alive,User-Agent,X-Requested-With,If-Modified-Since,Cache-Control,Content-Type,Content-Range,Range[\r][\n]"
3734450 [main] DEBUG org.apache.http.wire  -  << "Access-Control-Expose-Headers: DNT,X-CustomHeader,Keep-Alive,User-Agent,X-Requested-With,If-Modified-Since,Cache-Control,Content-Type,Content-Range,Range[\r][\n]"
3734450 [main] DEBUG org.apache.http.wire  -  << "Access-Control-Expose-Headers: DNT,X-CustomHeader,Keep-Alive,User-Agent,X-Requested-With,If-Modified-Since,Cache-Control,Content-Type,Content-Range,Range[\r][\n]"
3734450 [main] DEBUG org.apache.http.wire  -  << "Access-Control-Expose-Headers: DNT,X-CustomHeader,Keep-Alive,User-Agent,X-Requested-With,If-Modified-Since,Cache-Control,Content-Type,Content-Range,Range[\r][\n]"
3734450 [main] DEBUG org.apache.http.wire  -  << "Access-Control-Expose-Headers: DNT,X-CustomHeader,Keep-Alive,User-Agent,X-Requested-With,If-Modified-Since,Cache-Control,Content-Type,Content-Range,Range[\r][\n]"
3734450 [main] DEBUG org.apache.http.wire  -  << "Access-Control-Expose-Headers: DNT,X-CustomHeader,Keep-Alive,User-Agent,X-Requested-With,If-Modified-Since,Cache-Control,Content-Type,Content-Range,Range[\r][\n]"
3734450 [main] DEBUG org.apache.http.wire  -  << "Access-Control-Expose-Headers: DNT,X-CustomHeader,Keep-Alive,User-Agent,X-Requested-With,If-Modified-Since,Cache-Control,Content-Type,Content-Range,Range[\r][\n]"
3734450 [main] DEBUG org.apache.http.wire  -  << "Access-Control-Expose-Headers: DNT,X-CustomHeader,Keep-Alive,User-Agent,X-Requested-With,If-Modified-Since,Cache-Control,Content-Type,Content-Range,Range[\r][\n]"
3734450 [main] DEBUG org.apache.http.wire  -  << "Access-Control-Expose-Headers: DNT,X-CustomHeader,Keep-Alive,User-Agent,X-Requested-With,If-Modified-Since,Cache-Control,Content-Type,Content-Range,Range[\r][\n]"
3734450 [main] DEBUG org.apache.http.wire  -  << "Access-Control-Expose-Headers: DNT,X-CustomHeader,Keep-Alive,User-Agent,X-Requested-With,If-Modified-Since,Cache-Control,Content-Type,Content-Range,Range[\r][\n]"
3734450 [main] DEBUG org.apache.http.wire  -  << "Access-Control-Expose-Headers: DNT,X-CustomHeader,Keep-Alive,User-Agent,X-Requested-With,If-Modified-Since,Cache-Control,Content-Type,Content-Range,Range[\r][\n]"
3734450 [main] DEBUG org.apache.http.wire  -  << "Access-Control-Expose-Headers: DNT,X-CustomHeader,Keep-Alive,User-Agent,X-Requested-With,If-Modified-Since,Cache-Control,Content-Type,Content-Range,Range[\r][\n]"
3734450 [main] DEBUG org.apache.http.wire  -  << "Access-Control-Expose-Headers: DNT,X-CustomHeader,Keep-Alive,User-Agent,X-Requested-With,If-Modified-Since,Cache-Control,Content-Type,Content-Range,Range[\r][\n]"
3734450 [main] DEBUG org.apache.http.wire  -  << "Content-Encoding: gzip[\r][\n]"
3734450 [main] DEBUG org.apache.http.wire  -  << "Content-Encoding: gzip[\r][\n]"
3734450 [main] DEBUG org.apache.http.wire  -  << "Content-Encoding: gzip[\r][\n]"
3734450 [main] DEBUG org.apache.http.wire  -  << "Content-Encoding: gzip[\r][\n]"
3734450 [main] DEBUG org.apache.http.wire  -  << "Content-Encoding: gzip[\r][\n]"
3734450 [main] DEBUG org.apache.http.wire  -  << "Content-Encoding: gzip[\r][\n]"
3734450 [main] DEBUG org.apache.http.wire  -  << "Content-Encoding: gzip[\r][\n]"
3734450 [main] DEBUG org.apache.http.wire  -  << "Content-Encoding: gzip[\r][\n]"
3734450 [main] DEBUG org.apache.http.wire  -  << "Content-Encoding: gzip[\r][\n]"
3734450 [main] DEBUG org.apache.http.wire  -  << "Content-Encoding: gzip[\r][\n]"
3734450 [main] DEBUG org.apache.http.wire  -  << "Content-Encoding: gzip[\r][\n]"
3734450 [main] DEBUG org.apache.http.wire  -  << "Content-Encoding: gzip[\r][\n]"
3734450 [main] DEBUG org.apache.http.wire  -  << "Content-Encoding: gzip[\r][\n]"
3734450 [main] DEBUG org.apache.http.wire  -  << "Content-Encoding: gzip[\r][\n]"
3734450 [main] DEBUG org.apache.http.wire  -  << "Content-Encoding: gzip[\r][\n]"
3734450 [main] DEBUG org.apache.http.wire  -  << "[\r][\n]"
3734450 [main] DEBUG org.apache.http.wire  -  << "[\r][\n]"
3734450 [main] DEBUG org.apache.http.wire  -  << "[\r][\n]"
3734450 [main] DEBUG org.apache.http.wire  -  << "[\r][\n]"
3734450 [main] DEBUG org.apache.http.wire  -  << "[\r][\n]"
3734450 [main] DEBUG org.apache.http.wire  -  << "[\r][\n]"
3734450 [main] DEBUG org.apache.http.wire  -  << "[\r][\n]"
3734450 [main] DEBUG org.apache.http.wire  -  << "[\r][\n]"
3734450 [main] DEBUG org.apache.http.wire  -  << "[\r][\n]"
3734450 [main] DEBUG org.apache.http.wire  -  << "[\r][\n]"
3734450 [main] DEBUG org.apache.http.wire  -  << "[\r][\n]"
3734450 [main] DEBUG org.apache.http.wire  -  << "[\r][\n]"
3734450 [main] DEBUG org.apache.http.wire  -  << "[\r][\n]"
3734450 [main] DEBUG org.apache.http.wire  -  << "[\r][\n]"
3734450 [main] DEBUG org.apache.http.wire  -  << "[\r][\n]"
3734451 [main] DEBUG org.apache.http.impl.conn.DefaultClientConnection  - Receiving response: HTTP/1.1 200 OK
3734451 [main] DEBUG org.apache.http.impl.conn.DefaultClientConnection  - Receiving response: HTTP/1.1 200 OK
3734451 [main] DEBUG org.apache.http.impl.conn.DefaultClientConnection  - Receiving response: HTTP/1.1 200 OK
3734451 [main] DEBUG org.apache.http.impl.conn.DefaultClientConnection  - Receiving response: HTTP/1.1 200 OK
3734451 [main] DEBUG org.apache.http.impl.conn.DefaultClientConnection  - Receiving response: HTTP/1.1 200 OK
3734451 [main] DEBUG org.apache.http.impl.conn.DefaultClientConnection  - Receiving response: HTTP/1.1 200 OK
3734451 [main] DEBUG org.apache.http.impl.conn.DefaultClientConnection  - Receiving response: HTTP/1.1 200 OK
3734451 [main] DEBUG org.apache.http.impl.conn.DefaultClientConnection  - Receiving response: HTTP/1.1 200 OK
3734451 [main] DEBUG org.apache.http.impl.conn.DefaultClientConnection  - Receiving response: HTTP/1.1 200 OK
3734451 [main] DEBUG org.apache.http.impl.conn.DefaultClientConnection  - Receiving response: HTTP/1.1 200 OK
3734451 [main] DEBUG org.apache.http.impl.conn.DefaultClientConnection  - Receiving response: HTTP/1.1 200 OK
3734451 [main] DEBUG org.apache.http.impl.conn.DefaultClientConnection  - Receiving response: HTTP/1.1 200 OK
3734451 [main] DEBUG org.apache.http.impl.conn.DefaultClientConnection  - Receiving response: HTTP/1.1 200 OK
3734451 [main] DEBUG org.apache.http.impl.conn.DefaultClientConnection  - Receiving response: HTTP/1.1 200 OK
3734451 [main] DEBUG org.apache.http.impl.conn.DefaultClientConnection  - Receiving response: HTTP/1.1 200 OK
3734451 [main] DEBUG org.apache.http.headers  - << HTTP/1.1 200 OK
3734451 [main] DEBUG org.apache.http.headers  - << HTTP/1.1 200 OK
3734451 [main] DEBUG org.apache.http.headers  - << HTTP/1.1 200 OK
3734451 [main] DEBUG org.apache.http.headers  - << HTTP/1.1 200 OK
3734451 [main] DEBUG org.apache.http.headers  - << HTTP/1.1 200 OK
3734451 [main] DEBUG org.apache.http.headers  - << HTTP/1.1 200 OK
3734451 [main] DEBUG org.apache.http.headers  - << HTTP/1.1 200 OK
3734451 [main] DEBUG org.apache.http.headers  - << HTTP/1.1 200 OK
3734451 [main] DEBUG org.apache.http.headers  - << HTTP/1.1 200 OK
3734451 [main] DEBUG org.apache.http.headers  - << HTTP/1.1 200 OK
3734451 [main] DEBUG org.apache.http.headers  - << HTTP/1.1 200 OK
3734451 [main] DEBUG org.apache.http.headers  - << HTTP/1.1 200 OK
3734451 [main] DEBUG org.apache.http.headers  - << HTTP/1.1 200 OK
3734451 [main] DEBUG org.apache.http.headers  - << HTTP/1.1 200 OK
3734451 [main] DEBUG org.apache.http.headers  - << HTTP/1.1 200 OK
3734451 [main] DEBUG org.apache.http.headers  - << Server: nginx/1.14.0 (Ubuntu)
3734451 [main] DEBUG org.apache.http.headers  - << Server: nginx/1.14.0 (Ubuntu)
3734451 [main] DEBUG org.apache.http.headers  - << Server: nginx/1.14.0 (Ubuntu)
3734451 [main] DEBUG org.apache.http.headers  - << Server: nginx/1.14.0 (Ubuntu)
3734451 [main] DEBUG org.apache.http.headers  - << Server: nginx/1.14.0 (Ubuntu)
3734451 [main] DEBUG org.apache.http.headers  - << Server: nginx/1.14.0 (Ubuntu)
3734451 [main] DEBUG org.apache.http.headers  - << Server: nginx/1.14.0 (Ubuntu)
3734451 [main] DEBUG org.apache.http.headers  - << Server: nginx/1.14.0 (Ubuntu)
3734451 [main] DEBUG org.apache.http.headers  - << Server: nginx/1.14.0 (Ubuntu)
3734451 [main] DEBUG org.apache.http.headers  - << Server: nginx/1.14.0 (Ubuntu)
3734451 [main] DEBUG org.apache.http.headers  - << Server: nginx/1.14.0 (Ubuntu)
3734451 [main] DEBUG org.apache.http.headers  - << Server: nginx/1.14.0 (Ubuntu)
3734451 [main] DEBUG org.apache.http.headers  - << Server: nginx/1.14.0 (Ubuntu)
3734451 [main] DEBUG org.apache.http.headers  - << Server: nginx/1.14.0 (Ubuntu)
3734451 [main] DEBUG org.apache.http.headers  - << Server: nginx/1.14.0 (Ubuntu)
3734452 [main] DEBUG org.apache.http.headers  - << Date: Tue, 22 Sep 2020 09:56:04 GMT
3734452 [main] DEBUG org.apache.http.headers  - << Date: Tue, 22 Sep 2020 09:56:04 GMT
3734452 [main] DEBUG org.apache.http.headers  - << Date: Tue, 22 Sep 2020 09:56:04 GMT
3734452 [main] DEBUG org.apache.http.headers  - << Date: Tue, 22 Sep 2020 09:56:04 GMT
3734452 [main] DEBUG org.apache.http.headers  - << Date: Tue, 22 Sep 2020 09:56:04 GMT
3734452 [main] DEBUG org.apache.http.headers  - << Date: Tue, 22 Sep 2020 09:56:04 GMT
3734452 [main] DEBUG org.apache.http.headers  - << Date: Tue, 22 Sep 2020 09:56:04 GMT
3734452 [main] DEBUG org.apache.http.headers  - << Date: Tue, 22 Sep 2020 09:56:04 GMT
3734452 [main] DEBUG org.apache.http.headers  - << Date: Tue, 22 Sep 2020 09:56:04 GMT
3734452 [main] DEBUG org.apache.http.headers  - << Date: Tue, 22 Sep 2020 09:56:04 GMT
3734452 [main] DEBUG org.apache.http.headers  - << Date: Tue, 22 Sep 2020 09:56:04 GMT
3734452 [main] DEBUG org.apache.http.headers  - << Date: Tue, 22 Sep 2020 09:56:04 GMT
3734452 [main] DEBUG org.apache.http.headers  - << Date: Tue, 22 Sep 2020 09:56:04 GMT
3734452 [main] DEBUG org.apache.http.headers  - << Date: Tue, 22 Sep 2020 09:56:04 GMT
3734452 [main] DEBUG org.apache.http.headers  - << Date: Tue, 22 Sep 2020 09:56:04 GMT
3734452 [main] DEBUG org.apache.http.headers  - << Content-Type: application/json; charset=utf-8
3734452 [main] DEBUG org.apache.http.headers  - << Content-Type: application/json; charset=utf-8
3734452 [main] DEBUG org.apache.http.headers  - << Content-Type: application/json; charset=utf-8
3734452 [main] DEBUG org.apache.http.headers  - << Content-Type: application/json; charset=utf-8
3734452 [main] DEBUG org.apache.http.headers  - << Content-Type: application/json; charset=utf-8
3734452 [main] DEBUG org.apache.http.headers  - << Content-Type: application/json; charset=utf-8
3734452 [main] DEBUG org.apache.http.headers  - << Content-Type: application/json; charset=utf-8
3734452 [main] DEBUG org.apache.http.headers  - << Content-Type: application/json; charset=utf-8
3734452 [main] DEBUG org.apache.http.headers  - << Content-Type: application/json; charset=utf-8
3734452 [main] DEBUG org.apache.http.headers  - << Content-Type: application/json; charset=utf-8
3734452 [main] DEBUG org.apache.http.headers  - << Content-Type: application/json; charset=utf-8
3734452 [main] DEBUG org.apache.http.headers  - << Content-Type: application/json; charset=utf-8
3734452 [main] DEBUG org.apache.http.headers  - << Content-Type: application/json; charset=utf-8
3734452 [main] DEBUG org.apache.http.headers  - << Content-Type: application/json; charset=utf-8
3734452 [main] DEBUG org.apache.http.headers  - << Content-Type: application/json; charset=utf-8
3734453 [main] DEBUG org.apache.http.headers  - << Transfer-Encoding: chunked
3734453 [main] DEBUG org.apache.http.headers  - << Transfer-Encoding: chunked
3734453 [main] DEBUG org.apache.http.headers  - << Transfer-Encoding: chunked
3734453 [main] DEBUG org.apache.http.headers  - << Transfer-Encoding: chunked
3734453 [main] DEBUG org.apache.http.headers  - << Transfer-Encoding: chunked
3734453 [main] DEBUG org.apache.http.headers  - << Transfer-Encoding: chunked
3734453 [main] DEBUG org.apache.http.headers  - << Transfer-Encoding: chunked
3734453 [main] DEBUG org.apache.http.headers  - << Transfer-Encoding: chunked
3734453 [main] DEBUG org.apache.http.headers  - << Transfer-Encoding: chunked
3734453 [main] DEBUG org.apache.http.headers  - << Transfer-Encoding: chunked
3734453 [main] DEBUG org.apache.http.headers  - << Transfer-Encoding: chunked
3734453 [main] DEBUG org.apache.http.headers  - << Transfer-Encoding: chunked
3734453 [main] DEBUG org.apache.http.headers  - << Transfer-Encoding: chunked
3734453 [main] DEBUG org.apache.http.headers  - << Transfer-Encoding: chunked
3734453 [main] DEBUG org.apache.http.headers  - << Transfer-Encoding: chunked
3734453 [main] DEBUG org.apache.http.headers  - << Connection: keep-alive
3734453 [main] DEBUG org.apache.http.headers  - << Connection: keep-alive
3734453 [main] DEBUG org.apache.http.headers  - << Connection: keep-alive
3734453 [main] DEBUG org.apache.http.headers  - << Connection: keep-alive
3734453 [main] DEBUG org.apache.http.headers  - << Connection: keep-alive
3734453 [main] DEBUG org.apache.http.headers  - << Connection: keep-alive
3734453 [main] DEBUG org.apache.http.headers  - << Connection: keep-alive
3734453 [main] DEBUG org.apache.http.headers  - << Connection: keep-alive
3734453 [main] DEBUG org.apache.http.headers  - << Connection: keep-alive
3734453 [main] DEBUG org.apache.http.headers  - << Connection: keep-alive
3734453 [main] DEBUG org.apache.http.headers  - << Connection: keep-alive
3734453 [main] DEBUG org.apache.http.headers  - << Connection: keep-alive
3734453 [main] DEBUG org.apache.http.headers  - << Connection: keep-alive
3734453 [main] DEBUG org.apache.http.headers  - << Connection: keep-alive
3734453 [main] DEBUG org.apache.http.headers  - << Connection: keep-alive
3734453 [main] DEBUG org.apache.http.headers  - << Content-Security-Policy: default-src 'self';base-uri 'self';block-all-mixed-content;font-src 'self' https: data:;frame-ancestors 'self';img-src 'self' data:;object-src 'none';script-src 'self';script-src-attr 'none';style-src 'self' https: 'unsafe-inline';upgrade-insecure-requests
3734453 [main] DEBUG org.apache.http.headers  - << Content-Security-Policy: default-src 'self';base-uri 'self';block-all-mixed-content;font-src 'self' https: data:;frame-ancestors 'self';img-src 'self' data:;object-src 'none';script-src 'self';script-src-attr 'none';style-src 'self' https: 'unsafe-inline';upgrade-insecure-requests
3734453 [main] DEBUG org.apache.http.headers  - << Content-Security-Policy: default-src 'self';base-uri 'self';block-all-mixed-content;font-src 'self' https: data:;frame-ancestors 'self';img-src 'self' data:;object-src 'none';script-src 'self';script-src-attr 'none';style-src 'self' https: 'unsafe-inline';upgrade-insecure-requests
3734453 [main] DEBUG org.apache.http.headers  - << Content-Security-Policy: default-src 'self';base-uri 'self';block-all-mixed-content;font-src 'self' https: data:;frame-ancestors 'self';img-src 'self' data:;object-src 'none';script-src 'self';script-src-attr 'none';style-src 'self' https: 'unsafe-inline';upgrade-insecure-requests
3734453 [main] DEBUG org.apache.http.headers  - << Content-Security-Policy: default-src 'self';base-uri 'self';block-all-mixed-content;font-src 'self' https: data:;frame-ancestors 'self';img-src 'self' data:;object-src 'none';script-src 'self';script-src-attr 'none';style-src 'self' https: 'unsafe-inline';upgrade-insecure-requests
3734453 [main] DEBUG org.apache.http.headers  - << Content-Security-Policy: default-src 'self';base-uri 'self';block-all-mixed-content;font-src 'self' https: data:;frame-ancestors 'self';img-src 'self' data:;object-src 'none';script-src 'self';script-src-attr 'none';style-src 'self' https: 'unsafe-inline';upgrade-insecure-requests
3734453 [main] DEBUG org.apache.http.headers  - << Content-Security-Policy: default-src 'self';base-uri 'self';block-all-mixed-content;font-src 'self' https: data:;frame-ancestors 'self';img-src 'self' data:;object-src 'none';script-src 'self';script-src-attr 'none';style-src 'self' https: 'unsafe-inline';upgrade-insecure-requests
3734453 [main] DEBUG org.apache.http.headers  - << Content-Security-Policy: default-src 'self';base-uri 'self';block-all-mixed-content;font-src 'self' https: data:;frame-ancestors 'self';img-src 'self' data:;object-src 'none';script-src 'self';script-src-attr 'none';style-src 'self' https: 'unsafe-inline';upgrade-insecure-requests
3734453 [main] DEBUG org.apache.http.headers  - << Content-Security-Policy: default-src 'self';base-uri 'self';block-all-mixed-content;font-src 'self' https: data:;frame-ancestors 'self';img-src 'self' data:;object-src 'none';script-src 'self';script-src-attr 'none';style-src 'self' https: 'unsafe-inline';upgrade-insecure-requests
3734453 [main] DEBUG org.apache.http.headers  - << Content-Security-Policy: default-src 'self';base-uri 'self';block-all-mixed-content;font-src 'self' https: data:;frame-ancestors 'self';img-src 'self' data:;object-src 'none';script-src 'self';script-src-attr 'none';style-src 'self' https: 'unsafe-inline';upgrade-insecure-requests
3734453 [main] DEBUG org.apache.http.headers  - << Content-Security-Policy: default-src 'self';base-uri 'self';block-all-mixed-content;font-src 'self' https: data:;frame-ancestors 'self';img-src 'self' data:;object-src 'none';script-src 'self';script-src-attr 'none';style-src 'self' https: 'unsafe-inline';upgrade-insecure-requests
3734453 [main] DEBUG org.apache.http.headers  - << Content-Security-Policy: default-src 'self';base-uri 'self';block-all-mixed-content;font-src 'self' https: data:;frame-ancestors 'self';img-src 'self' data:;object-src 'none';script-src 'self';script-src-attr 'none';style-src 'self' https: 'unsafe-inline';upgrade-insecure-requests
3734453 [main] DEBUG org.apache.http.headers  - << Content-Security-Policy: default-src 'self';base-uri 'self';block-all-mixed-content;font-src 'self' https: data:;frame-ancestors 'self';img-src 'self' data:;object-src 'none';script-src 'self';script-src-attr 'none';style-src 'self' https: 'unsafe-inline';upgrade-insecure-requests
3734453 [main] DEBUG org.apache.http.headers  - << Content-Security-Policy: default-src 'self';base-uri 'self';block-all-mixed-content;font-src 'self' https: data:;frame-ancestors 'self';img-src 'self' data:;object-src 'none';script-src 'self';script-src-attr 'none';style-src 'self' https: 'unsafe-inline';upgrade-insecure-requests
3734453 [main] DEBUG org.apache.http.headers  - << Content-Security-Policy: default-src 'self';base-uri 'self';block-all-mixed-content;font-src 'self' https: data:;frame-ancestors 'self';img-src 'self' data:;object-src 'none';script-src 'self';script-src-attr 'none';style-src 'self' https: 'unsafe-inline';upgrade-insecure-requests
3734454 [main] DEBUG org.apache.http.headers  - << X-DNS-Prefetch-Control: off
3734454 [main] DEBUG org.apache.http.headers  - << X-DNS-Prefetch-Control: off
3734454 [main] DEBUG org.apache.http.headers  - << X-DNS-Prefetch-Control: off
3734454 [main] DEBUG org.apache.http.headers  - << X-DNS-Prefetch-Control: off
3734454 [main] DEBUG org.apache.http.headers  - << X-DNS-Prefetch-Control: off
3734454 [main] DEBUG org.apache.http.headers  - << X-DNS-Prefetch-Control: off
3734454 [main] DEBUG org.apache.http.headers  - << X-DNS-Prefetch-Control: off
3734454 [main] DEBUG org.apache.http.headers  - << X-DNS-Prefetch-Control: off
3734454 [main] DEBUG org.apache.http.headers  - << X-DNS-Prefetch-Control: off
3734454 [main] DEBUG org.apache.http.headers  - << X-DNS-Prefetch-Control: off
3734454 [main] DEBUG org.apache.http.headers  - << X-DNS-Prefetch-Control: off
3734454 [main] DEBUG org.apache.http.headers  - << X-DNS-Prefetch-Control: off
3734454 [main] DEBUG org.apache.http.headers  - << X-DNS-Prefetch-Control: off
3734454 [main] DEBUG org.apache.http.headers  - << X-DNS-Prefetch-Control: off
3734454 [main] DEBUG org.apache.http.headers  - << X-DNS-Prefetch-Control: off
3734454 [main] DEBUG org.apache.http.headers  - << Expect-CT: max-age=0
3734454 [main] DEBUG org.apache.http.headers  - << Expect-CT: max-age=0
3734454 [main] DEBUG org.apache.http.headers  - << Expect-CT: max-age=0
3734454 [main] DEBUG org.apache.http.headers  - << Expect-CT: max-age=0
3734454 [main] DEBUG org.apache.http.headers  - << Expect-CT: max-age=0
3734454 [main] DEBUG org.apache.http.headers  - << Expect-CT: max-age=0
3734454 [main] DEBUG org.apache.http.headers  - << Expect-CT: max-age=0
3734454 [main] DEBUG org.apache.http.headers  - << Expect-CT: max-age=0
3734454 [main] DEBUG org.apache.http.headers  - << Expect-CT: max-age=0
3734454 [main] DEBUG org.apache.http.headers  - << Expect-CT: max-age=0
3734454 [main] DEBUG org.apache.http.headers  - << Expect-CT: max-age=0
3734454 [main] DEBUG org.apache.http.headers  - << Expect-CT: max-age=0
3734454 [main] DEBUG org.apache.http.headers  - << Expect-CT: max-age=0
3734454 [main] DEBUG org.apache.http.headers  - << Expect-CT: max-age=0
3734454 [main] DEBUG org.apache.http.headers  - << Expect-CT: max-age=0
3734454 [main] DEBUG org.apache.http.headers  - << X-Frame-Options: SAMEORIGIN
3734454 [main] DEBUG org.apache.http.headers  - << X-Frame-Options: SAMEORIGIN
3734454 [main] DEBUG org.apache.http.headers  - << X-Frame-Options: SAMEORIGIN
3734454 [main] DEBUG org.apache.http.headers  - << X-Frame-Options: SAMEORIGIN
3734454 [main] DEBUG org.apache.http.headers  - << X-Frame-Options: SAMEORIGIN
3734454 [main] DEBUG org.apache.http.headers  - << X-Frame-Options: SAMEORIGIN
3734454 [main] DEBUG org.apache.http.headers  - << X-Frame-Options: SAMEORIGIN
3734454 [main] DEBUG org.apache.http.headers  - << X-Frame-Options: SAMEORIGIN
3734454 [main] DEBUG org.apache.http.headers  - << X-Frame-Options: SAMEORIGIN
3734454 [main] DEBUG org.apache.http.headers  - << X-Frame-Options: SAMEORIGIN
3734454 [main] DEBUG org.apache.http.headers  - << X-Frame-Options: SAMEORIGIN
3734454 [main] DEBUG org.apache.http.headers  - << X-Frame-Options: SAMEORIGIN
3734454 [main] DEBUG org.apache.http.headers  - << X-Frame-Options: SAMEORIGIN
3734454 [main] DEBUG org.apache.http.headers  - << X-Frame-Options: SAMEORIGIN
3734454 [main] DEBUG org.apache.http.headers  - << X-Frame-Options: SAMEORIGIN
3734455 [main] DEBUG org.apache.http.headers  - << X-Download-Options: noopen
3734455 [main] DEBUG org.apache.http.headers  - << X-Download-Options: noopen
3734455 [main] DEBUG org.apache.http.headers  - << X-Download-Options: noopen
3734455 [main] DEBUG org.apache.http.headers  - << X-Download-Options: noopen
3734455 [main] DEBUG org.apache.http.headers  - << X-Download-Options: noopen
3734455 [main] DEBUG org.apache.http.headers  - << X-Download-Options: noopen
3734455 [main] DEBUG org.apache.http.headers  - << X-Download-Options: noopen
3734455 [main] DEBUG org.apache.http.headers  - << X-Download-Options: noopen
3734455 [main] DEBUG org.apache.http.headers  - << X-Download-Options: noopen
3734455 [main] DEBUG org.apache.http.headers  - << X-Download-Options: noopen
3734455 [main] DEBUG org.apache.http.headers  - << X-Download-Options: noopen
3734455 [main] DEBUG org.apache.http.headers  - << X-Download-Options: noopen
3734455 [main] DEBUG org.apache.http.headers  - << X-Download-Options: noopen
3734455 [main] DEBUG org.apache.http.headers  - << X-Download-Options: noopen
3734455 [main] DEBUG org.apache.http.headers  - << X-Download-Options: noopen
3734455 [main] DEBUG org.apache.http.headers  - << X-Content-Type-Options: nosniff
3734455 [main] DEBUG org.apache.http.headers  - << X-Content-Type-Options: nosniff
3734455 [main] DEBUG org.apache.http.headers  - << X-Content-Type-Options: nosniff
3734455 [main] DEBUG org.apache.http.headers  - << X-Content-Type-Options: nosniff
3734455 [main] DEBUG org.apache.http.headers  - << X-Content-Type-Options: nosniff
3734455 [main] DEBUG org.apache.http.headers  - << X-Content-Type-Options: nosniff
3734455 [main] DEBUG org.apache.http.headers  - << X-Content-Type-Options: nosniff
3734455 [main] DEBUG org.apache.http.headers  - << X-Content-Type-Options: nosniff
3734455 [main] DEBUG org.apache.http.headers  - << X-Content-Type-Options: nosniff
3734455 [main] DEBUG org.apache.http.headers  - << X-Content-Type-Options: nosniff
3734455 [main] DEBUG org.apache.http.headers  - << X-Content-Type-Options: nosniff
3734455 [main] DEBUG org.apache.http.headers  - << X-Content-Type-Options: nosniff
3734455 [main] DEBUG org.apache.http.headers  - << X-Content-Type-Options: nosniff
3734455 [main] DEBUG org.apache.http.headers  - << X-Content-Type-Options: nosniff
3734455 [main] DEBUG org.apache.http.headers  - << X-Content-Type-Options: nosniff
3734455 [main] DEBUG org.apache.http.headers  - << X-Permitted-Cross-Domain-Policies: none
3734455 [main] DEBUG org.apache.http.headers  - << X-Permitted-Cross-Domain-Policies: none
3734455 [main] DEBUG org.apache.http.headers  - << X-Permitted-Cross-Domain-Policies: none
3734455 [main] DEBUG org.apache.http.headers  - << X-Permitted-Cross-Domain-Policies: none
3734455 [main] DEBUG org.apache.http.headers  - << X-Permitted-Cross-Domain-Policies: none
3734455 [main] DEBUG org.apache.http.headers  - << X-Permitted-Cross-Domain-Policies: none
3734455 [main] DEBUG org.apache.http.headers  - << X-Permitted-Cross-Domain-Policies: none
3734455 [main] DEBUG org.apache.http.headers  - << X-Permitted-Cross-Domain-Policies: none
3734455 [main] DEBUG org.apache.http.headers  - << X-Permitted-Cross-Domain-Policies: none
3734455 [main] DEBUG org.apache.http.headers  - << X-Permitted-Cross-Domain-Policies: none
3734455 [main] DEBUG org.apache.http.headers  - << X-Permitted-Cross-Domain-Policies: none
3734455 [main] DEBUG org.apache.http.headers  - << X-Permitted-Cross-Domain-Policies: none
3734455 [main] DEBUG org.apache.http.headers  - << X-Permitted-Cross-Domain-Policies: none
3734455 [main] DEBUG org.apache.http.headers  - << X-Permitted-Cross-Domain-Policies: none
3734455 [main] DEBUG org.apache.http.headers  - << X-Permitted-Cross-Domain-Policies: none
3734456 [main] DEBUG org.apache.http.headers  - << Referrer-Policy: no-referrer
3734456 [main] DEBUG org.apache.http.headers  - << Referrer-Policy: no-referrer
3734456 [main] DEBUG org.apache.http.headers  - << Referrer-Policy: no-referrer
3734456 [main] DEBUG org.apache.http.headers  - << Referrer-Policy: no-referrer
3734456 [main] DEBUG org.apache.http.headers  - << Referrer-Policy: no-referrer
3734456 [main] DEBUG org.apache.http.headers  - << Referrer-Policy: no-referrer
3734456 [main] DEBUG org.apache.http.headers  - << Referrer-Policy: no-referrer
3734456 [main] DEBUG org.apache.http.headers  - << Referrer-Policy: no-referrer
3734456 [main] DEBUG org.apache.http.headers  - << Referrer-Policy: no-referrer
3734456 [main] DEBUG org.apache.http.headers  - << Referrer-Policy: no-referrer
3734456 [main] DEBUG org.apache.http.headers  - << Referrer-Policy: no-referrer
3734456 [main] DEBUG org.apache.http.headers  - << Referrer-Policy: no-referrer
3734456 [main] DEBUG org.apache.http.headers  - << Referrer-Policy: no-referrer
3734456 [main] DEBUG org.apache.http.headers  - << Referrer-Policy: no-referrer
3734456 [main] DEBUG org.apache.http.headers  - << Referrer-Policy: no-referrer
3734456 [main] DEBUG org.apache.http.headers  - << X-XSS-Protection: 0
3734456 [main] DEBUG org.apache.http.headers  - << X-XSS-Protection: 0
3734456 [main] DEBUG org.apache.http.headers  - << X-XSS-Protection: 0
3734456 [main] DEBUG org.apache.http.headers  - << X-XSS-Protection: 0
3734456 [main] DEBUG org.apache.http.headers  - << X-XSS-Protection: 0
3734456 [main] DEBUG org.apache.http.headers  - << X-XSS-Protection: 0
3734456 [main] DEBUG org.apache.http.headers  - << X-XSS-Protection: 0
3734456 [main] DEBUG org.apache.http.headers  - << X-XSS-Protection: 0
3734456 [main] DEBUG org.apache.http.headers  - << X-XSS-Protection: 0
3734456 [main] DEBUG org.apache.http.headers  - << X-XSS-Protection: 0
3734456 [main] DEBUG org.apache.http.headers  - << X-XSS-Protection: 0
3734456 [main] DEBUG org.apache.http.headers  - << X-XSS-Protection: 0
3734456 [main] DEBUG org.apache.http.headers  - << X-XSS-Protection: 0
3734456 [main] DEBUG org.apache.http.headers  - << X-XSS-Protection: 0
3734456 [main] DEBUG org.apache.http.headers  - << X-XSS-Protection: 0
3734456 [main] DEBUG org.apache.http.headers  - << Vary: Origin, Accept-Encoding
3734456 [main] DEBUG org.apache.http.headers  - << Vary: Origin, Accept-Encoding
3734456 [main] DEBUG org.apache.http.headers  - << Vary: Origin, Accept-Encoding
3734456 [main] DEBUG org.apache.http.headers  - << Vary: Origin, Accept-Encoding
3734456 [main] DEBUG org.apache.http.headers  - << Vary: Origin, Accept-Encoding
3734456 [main] DEBUG org.apache.http.headers  - << Vary: Origin, Accept-Encoding
3734456 [main] DEBUG org.apache.http.headers  - << Vary: Origin, Accept-Encoding
3734456 [main] DEBUG org.apache.http.headers  - << Vary: Origin, Accept-Encoding
3734456 [main] DEBUG org.apache.http.headers  - << Vary: Origin, Accept-Encoding
3734456 [main] DEBUG org.apache.http.headers  - << Vary: Origin, Accept-Encoding
3734456 [main] DEBUG org.apache.http.headers  - << Vary: Origin, Accept-Encoding
3734456 [main] DEBUG org.apache.http.headers  - << Vary: Origin, Accept-Encoding
3734456 [main] DEBUG org.apache.http.headers  - << Vary: Origin, Accept-Encoding
3734456 [main] DEBUG org.apache.http.headers  - << Vary: Origin, Accept-Encoding
3734456 [main] DEBUG org.apache.http.headers  - << Vary: Origin, Accept-Encoding
3734457 [main] DEBUG org.apache.http.headers  - << Access-Control-Allow-Credentials: true
3734457 [main] DEBUG org.apache.http.headers  - << Access-Control-Allow-Credentials: true
3734457 [main] DEBUG org.apache.http.headers  - << Access-Control-Allow-Credentials: true
3734457 [main] DEBUG org.apache.http.headers  - << Access-Control-Allow-Credentials: true
3734457 [main] DEBUG org.apache.http.headers  - << Access-Control-Allow-Credentials: true
3734457 [main] DEBUG org.apache.http.headers  - << Access-Control-Allow-Credentials: true
3734457 [main] DEBUG org.apache.http.headers  - << Access-Control-Allow-Credentials: true
3734457 [main] DEBUG org.apache.http.headers  - << Access-Control-Allow-Credentials: true
3734457 [main] DEBUG org.apache.http.headers  - << Access-Control-Allow-Credentials: true
3734457 [main] DEBUG org.apache.http.headers  - << Access-Control-Allow-Credentials: true
3734457 [main] DEBUG org.apache.http.headers  - << Access-Control-Allow-Credentials: true
3734457 [main] DEBUG org.apache.http.headers  - << Access-Control-Allow-Credentials: true
3734457 [main] DEBUG org.apache.http.headers  - << Access-Control-Allow-Credentials: true
3734457 [main] DEBUG org.apache.http.headers  - << Access-Control-Allow-Credentials: true
3734457 [main] DEBUG org.apache.http.headers  - << Access-Control-Allow-Credentials: true
3734457 [main] DEBUG org.apache.http.headers  - << Retry-After: 10
3734457 [main] DEBUG org.apache.http.headers  - << Retry-After: 10
3734457 [main] DEBUG org.apache.http.headers  - << Retry-After: 10
3734457 [main] DEBUG org.apache.http.headers  - << Retry-After: 10
3734457 [main] DEBUG org.apache.http.headers  - << Retry-After: 10
3734457 [main] DEBUG org.apache.http.headers  - << Retry-After: 10
3734457 [main] DEBUG org.apache.http.headers  - << Retry-After: 10
3734457 [main] DEBUG org.apache.http.headers  - << Retry-After: 10
3734457 [main] DEBUG org.apache.http.headers  - << Retry-After: 10
3734457 [main] DEBUG org.apache.http.headers  - << Retry-After: 10
3734457 [main] DEBUG org.apache.http.headers  - << Retry-After: 10
3734457 [main] DEBUG org.apache.http.headers  - << Retry-After: 10
3734457 [main] DEBUG org.apache.http.headers  - << Retry-After: 10
3734457 [main] DEBUG org.apache.http.headers  - << Retry-After: 10
3734457 [main] DEBUG org.apache.http.headers  - << Retry-After: 10
3734457 [main] DEBUG org.apache.http.headers  - << X-RateLimit-Limit: 80
3734457 [main] DEBUG org.apache.http.headers  - << X-RateLimit-Limit: 80
3734457 [main] DEBUG org.apache.http.headers  - << X-RateLimit-Limit: 80
3734457 [main] DEBUG org.apache.http.headers  - << X-RateLimit-Limit: 80
3734457 [main] DEBUG org.apache.http.headers  - << X-RateLimit-Limit: 80
3734457 [main] DEBUG org.apache.http.headers  - << X-RateLimit-Limit: 80
3734457 [main] DEBUG org.apache.http.headers  - << X-RateLimit-Limit: 80
3734457 [main] DEBUG org.apache.http.headers  - << X-RateLimit-Limit: 80
3734457 [main] DEBUG org.apache.http.headers  - << X-RateLimit-Limit: 80
3734457 [main] DEBUG org.apache.http.headers  - << X-RateLimit-Limit: 80
3734457 [main] DEBUG org.apache.http.headers  - << X-RateLimit-Limit: 80
3734457 [main] DEBUG org.apache.http.headers  - << X-RateLimit-Limit: 80
3734457 [main] DEBUG org.apache.http.headers  - << X-RateLimit-Limit: 80
3734457 [main] DEBUG org.apache.http.headers  - << X-RateLimit-Limit: 80
3734457 [main] DEBUG org.apache.http.headers  - << X-RateLimit-Limit: 80
3734458 [main] DEBUG org.apache.http.headers  - << X-RateLimit-Remaining: 79
3734458 [main] DEBUG org.apache.http.headers  - << X-RateLimit-Remaining: 79
3734458 [main] DEBUG org.apache.http.headers  - << X-RateLimit-Remaining: 79
3734458 [main] DEBUG org.apache.http.headers  - << X-RateLimit-Remaining: 79
3734458 [main] DEBUG org.apache.http.headers  - << X-RateLimit-Remaining: 79
3734458 [main] DEBUG org.apache.http.headers  - << X-RateLimit-Remaining: 79
3734458 [main] DEBUG org.apache.http.headers  - << X-RateLimit-Remaining: 79
3734458 [main] DEBUG org.apache.http.headers  - << X-RateLimit-Remaining: 79
3734458 [main] DEBUG org.apache.http.headers  - << X-RateLimit-Remaining: 79
3734458 [main] DEBUG org.apache.http.headers  - << X-RateLimit-Remaining: 79
3734458 [main] DEBUG org.apache.http.headers  - << X-RateLimit-Remaining: 79
3734458 [main] DEBUG org.apache.http.headers  - << X-RateLimit-Remaining: 79
3734458 [main] DEBUG org.apache.http.headers  - << X-RateLimit-Remaining: 79
3734458 [main] DEBUG org.apache.http.headers  - << X-RateLimit-Remaining: 79
3734458 [main] DEBUG org.apache.http.headers  - << X-RateLimit-Remaining: 79
3734458 [main] DEBUG org.apache.http.headers  - << X-RateLimit-Reset: Tue Sep 22 2020 09:56:14 GMT+0000 (Coordinated Universal Time)
3734458 [main] DEBUG org.apache.http.headers  - << X-RateLimit-Reset: Tue Sep 22 2020 09:56:14 GMT+0000 (Coordinated Universal Time)
3734458 [main] DEBUG org.apache.http.headers  - << X-RateLimit-Reset: Tue Sep 22 2020 09:56:14 GMT+0000 (Coordinated Universal Time)
3734458 [main] DEBUG org.apache.http.headers  - << X-RateLimit-Reset: Tue Sep 22 2020 09:56:14 GMT+0000 (Coordinated Universal Time)
3734458 [main] DEBUG org.apache.http.headers  - << X-RateLimit-Reset: Tue Sep 22 2020 09:56:14 GMT+0000 (Coordinated Universal Time)
3734458 [main] DEBUG org.apache.http.headers  - << X-RateLimit-Reset: Tue Sep 22 2020 09:56:14 GMT+0000 (Coordinated Universal Time)
3734458 [main] DEBUG org.apache.http.headers  - << X-RateLimit-Reset: Tue Sep 22 2020 09:56:14 GMT+0000 (Coordinated Universal Time)
3734458 [main] DEBUG org.apache.http.headers  - << X-RateLimit-Reset: Tue Sep 22 2020 09:56:14 GMT+0000 (Coordinated Universal Time)
3734458 [main] DEBUG org.apache.http.headers  - << X-RateLimit-Reset: Tue Sep 22 2020 09:56:14 GMT+0000 (Coordinated Universal Time)
3734458 [main] DEBUG org.apache.http.headers  - << X-RateLimit-Reset: Tue Sep 22 2020 09:56:14 GMT+0000 (Coordinated Universal Time)
3734458 [main] DEBUG org.apache.http.headers  - << X-RateLimit-Reset: Tue Sep 22 2020 09:56:14 GMT+0000 (Coordinated Universal Time)
3734458 [main] DEBUG org.apache.http.headers  - << X-RateLimit-Reset: Tue Sep 22 2020 09:56:14 GMT+0000 (Coordinated Universal Time)
3734458 [main] DEBUG org.apache.http.headers  - << X-RateLimit-Reset: Tue Sep 22 2020 09:56:14 GMT+0000 (Coordinated Universal Time)
3734458 [main] DEBUG org.apache.http.headers  - << X-RateLimit-Reset: Tue Sep 22 2020 09:56:14 GMT+0000 (Coordinated Universal Time)
3734458 [main] DEBUG org.apache.http.headers  - << X-RateLimit-Reset: Tue Sep 22 2020 09:56:14 GMT+0000 (Coordinated Universal Time)
3734458 [main] DEBUG org.apache.http.headers  - << Access-Control-Allow-Methods: GET, POST, OPTIONS
3734458 [main] DEBUG org.apache.http.headers  - << Access-Control-Allow-Methods: GET, POST, OPTIONS
3734458 [main] DEBUG org.apache.http.headers  - << Access-Control-Allow-Methods: GET, POST, OPTIONS
3734458 [main] DEBUG org.apache.http.headers  - << Access-Control-Allow-Methods: GET, POST, OPTIONS
3734458 [main] DEBUG org.apache.http.headers  - << Access-Control-Allow-Methods: GET, POST, OPTIONS
3734458 [main] DEBUG org.apache.http.headers  - << Access-Control-Allow-Methods: GET, POST, OPTIONS
3734458 [main] DEBUG org.apache.http.headers  - << Access-Control-Allow-Methods: GET, POST, OPTIONS
3734458 [main] DEBUG org.apache.http.headers  - << Access-Control-Allow-Methods: GET, POST, OPTIONS
3734458 [main] DEBUG org.apache.http.headers  - << Access-Control-Allow-Methods: GET, POST, OPTIONS
3734458 [main] DEBUG org.apache.http.headers  - << Access-Control-Allow-Methods: GET, POST, OPTIONS
3734458 [main] DEBUG org.apache.http.headers  - << Access-Control-Allow-Methods: GET, POST, OPTIONS
3734458 [main] DEBUG org.apache.http.headers  - << Access-Control-Allow-Methods: GET, POST, OPTIONS
3734458 [main] DEBUG org.apache.http.headers  - << Access-Control-Allow-Methods: GET, POST, OPTIONS
3734458 [main] DEBUG org.apache.http.headers  - << Access-Control-Allow-Methods: GET, POST, OPTIONS
3734458 [main] DEBUG org.apache.http.headers  - << Access-Control-Allow-Methods: GET, POST, OPTIONS
3734459 [main] DEBUG org.apache.http.headers  - << Access-Control-Allow-Headers: DNT,X-CustomHeader,Keep-Alive,User-Agent,X-Requested-With,If-Modified-Since,Cache-Control,Content-Type,Content-Range,Range
3734459 [main] DEBUG org.apache.http.headers  - << Access-Control-Allow-Headers: DNT,X-CustomHeader,Keep-Alive,User-Agent,X-Requested-With,If-Modified-Since,Cache-Control,Content-Type,Content-Range,Range
3734459 [main] DEBUG org.apache.http.headers  - << Access-Control-Allow-Headers: DNT,X-CustomHeader,Keep-Alive,User-Agent,X-Requested-With,If-Modified-Since,Cache-Control,Content-Type,Content-Range,Range
3734459 [main] DEBUG org.apache.http.headers  - << Access-Control-Allow-Headers: DNT,X-CustomHeader,Keep-Alive,User-Agent,X-Requested-With,If-Modified-Since,Cache-Control,Content-Type,Content-Range,Range
3734459 [main] DEBUG org.apache.http.headers  - << Access-Control-Allow-Headers: DNT,X-CustomHeader,Keep-Alive,User-Agent,X-Requested-With,If-Modified-Since,Cache-Control,Content-Type,Content-Range,Range
3734459 [main] DEBUG org.apache.http.headers  - << Access-Control-Allow-Headers: DNT,X-CustomHeader,Keep-Alive,User-Agent,X-Requested-With,If-Modified-Since,Cache-Control,Content-Type,Content-Range,Range
3734459 [main] DEBUG org.apache.http.headers  - << Access-Control-Allow-Headers: DNT,X-CustomHeader,Keep-Alive,User-Agent,X-Requested-With,If-Modified-Since,Cache-Control,Content-Type,Content-Range,Range
3734459 [main] DEBUG org.apache.http.headers  - << Access-Control-Allow-Headers: DNT,X-CustomHeader,Keep-Alive,User-Agent,X-Requested-With,If-Modified-Since,Cache-Control,Content-Type,Content-Range,Range
3734459 [main] DEBUG org.apache.http.headers  - << Access-Control-Allow-Headers: DNT,X-CustomHeader,Keep-Alive,User-Agent,X-Requested-With,If-Modified-Since,Cache-Control,Content-Type,Content-Range,Range
3734459 [main] DEBUG org.apache.http.headers  - << Access-Control-Allow-Headers: DNT,X-CustomHeader,Keep-Alive,User-Agent,X-Requested-With,If-Modified-Since,Cache-Control,Content-Type,Content-Range,Range
3734459 [main] DEBUG org.apache.http.headers  - << Access-Control-Allow-Headers: DNT,X-CustomHeader,Keep-Alive,User-Agent,X-Requested-With,If-Modified-Since,Cache-Control,Content-Type,Content-Range,Range
3734459 [main] DEBUG org.apache.http.headers  - << Access-Control-Allow-Headers: DNT,X-CustomHeader,Keep-Alive,User-Agent,X-Requested-With,If-Modified-Since,Cache-Control,Content-Type,Content-Range,Range
3734459 [main] DEBUG org.apache.http.headers  - << Access-Control-Allow-Headers: DNT,X-CustomHeader,Keep-Alive,User-Agent,X-Requested-With,If-Modified-Since,Cache-Control,Content-Type,Content-Range,Range
3734459 [main] DEBUG org.apache.http.headers  - << Access-Control-Allow-Headers: DNT,X-CustomHeader,Keep-Alive,User-Agent,X-Requested-With,If-Modified-Since,Cache-Control,Content-Type,Content-Range,Range
3734459 [main] DEBUG org.apache.http.headers  - << Access-Control-Allow-Headers: DNT,X-CustomHeader,Keep-Alive,User-Agent,X-Requested-With,If-Modified-Since,Cache-Control,Content-Type,Content-Range,Range
3734459 [main] DEBUG org.apache.http.headers  - << Access-Control-Expose-Headers: DNT,X-CustomHeader,Keep-Alive,User-Agent,X-Requested-With,If-Modified-Since,Cache-Control,Content-Type,Content-Range,Range
3734459 [main] DEBUG org.apache.http.headers  - << Access-Control-Expose-Headers: DNT,X-CustomHeader,Keep-Alive,User-Agent,X-Requested-With,If-Modified-Since,Cache-Control,Content-Type,Content-Range,Range
3734459 [main] DEBUG org.apache.http.headers  - << Access-Control-Expose-Headers: DNT,X-CustomHeader,Keep-Alive,User-Agent,X-Requested-With,If-Modified-Since,Cache-Control,Content-Type,Content-Range,Range
3734459 [main] DEBUG org.apache.http.headers  - << Access-Control-Expose-Headers: DNT,X-CustomHeader,Keep-Alive,User-Agent,X-Requested-With,If-Modified-Since,Cache-Control,Content-Type,Content-Range,Range
3734459 [main] DEBUG org.apache.http.headers  - << Access-Control-Expose-Headers: DNT,X-CustomHeader,Keep-Alive,User-Agent,X-Requested-With,If-Modified-Since,Cache-Control,Content-Type,Content-Range,Range
3734459 [main] DEBUG org.apache.http.headers  - << Access-Control-Expose-Headers: DNT,X-CustomHeader,Keep-Alive,User-Agent,X-Requested-With,If-Modified-Since,Cache-Control,Content-Type,Content-Range,Range
3734459 [main] DEBUG org.apache.http.headers  - << Access-Control-Expose-Headers: DNT,X-CustomHeader,Keep-Alive,User-Agent,X-Requested-With,If-Modified-Since,Cache-Control,Content-Type,Content-Range,Range
3734459 [main] DEBUG org.apache.http.headers  - << Access-Control-Expose-Headers: DNT,X-CustomHeader,Keep-Alive,User-Agent,X-Requested-With,If-Modified-Since,Cache-Control,Content-Type,Content-Range,Range
3734459 [main] DEBUG org.apache.http.headers  - << Access-Control-Expose-Headers: DNT,X-CustomHeader,Keep-Alive,User-Agent,X-Requested-With,If-Modified-Since,Cache-Control,Content-Type,Content-Range,Range
3734459 [main] DEBUG org.apache.http.headers  - << Access-Control-Expose-Headers: DNT,X-CustomHeader,Keep-Alive,User-Agent,X-Requested-With,If-Modified-Since,Cache-Control,Content-Type,Content-Range,Range
3734459 [main] DEBUG org.apache.http.headers  - << Access-Control-Expose-Headers: DNT,X-CustomHeader,Keep-Alive,User-Agent,X-Requested-With,If-Modified-Since,Cache-Control,Content-Type,Content-Range,Range
3734459 [main] DEBUG org.apache.http.headers  - << Access-Control-Expose-Headers: DNT,X-CustomHeader,Keep-Alive,User-Agent,X-Requested-With,If-Modified-Since,Cache-Control,Content-Type,Content-Range,Range
3734459 [main] DEBUG org.apache.http.headers  - << Access-Control-Expose-Headers: DNT,X-CustomHeader,Keep-Alive,User-Agent,X-Requested-With,If-Modified-Since,Cache-Control,Content-Type,Content-Range,Range
3734459 [main] DEBUG org.apache.http.headers  - << Access-Control-Expose-Headers: DNT,X-CustomHeader,Keep-Alive,User-Agent,X-Requested-With,If-Modified-Since,Cache-Control,Content-Type,Content-Range,Range
3734459 [main] DEBUG org.apache.http.headers  - << Access-Control-Expose-Headers: DNT,X-CustomHeader,Keep-Alive,User-Agent,X-Requested-With,If-Modified-Since,Cache-Control,Content-Type,Content-Range,Range
3734460 [main] DEBUG org.apache.http.headers  - << Content-Encoding: gzip
3734460 [main] DEBUG org.apache.http.headers  - << Content-Encoding: gzip
3734460 [main] DEBUG org.apache.http.headers  - << Content-Encoding: gzip
3734460 [main] DEBUG org.apache.http.headers  - << Content-Encoding: gzip
3734460 [main] DEBUG org.apache.http.headers  - << Content-Encoding: gzip
3734460 [main] DEBUG org.apache.http.headers  - << Content-Encoding: gzip
3734460 [main] DEBUG org.apache.http.headers  - << Content-Encoding: gzip
3734460 [main] DEBUG org.apache.http.headers  - << Content-Encoding: gzip
3734460 [main] DEBUG org.apache.http.headers  - << Content-Encoding: gzip
3734460 [main] DEBUG org.apache.http.headers  - << Content-Encoding: gzip
3734460 [main] DEBUG org.apache.http.headers  - << Content-Encoding: gzip
3734460 [main] DEBUG org.apache.http.headers  - << Content-Encoding: gzip
3734460 [main] DEBUG org.apache.http.headers  - << Content-Encoding: gzip
3734460 [main] DEBUG org.apache.http.headers  - << Content-Encoding: gzip
3734460 [main] DEBUG org.apache.http.headers  - << Content-Encoding: gzip
3734460 [main] DEBUG org.apache.http.impl.client.DefaultHttpClient  - Connection can be kept alive indefinitely
3734460 [main] DEBUG org.apache.http.impl.client.DefaultHttpClient  - Connection can be kept alive indefinitely
3734460 [main] DEBUG org.apache.http.impl.client.DefaultHttpClient  - Connection can be kept alive indefinitely
3734460 [main] DEBUG org.apache.http.impl.client.DefaultHttpClient  - Connection can be kept alive indefinitely
3734460 [main] DEBUG org.apache.http.impl.client.DefaultHttpClient  - Connection can be kept alive indefinitely
3734460 [main] DEBUG org.apache.http.impl.client.DefaultHttpClient  - Connection can be kept alive indefinitely
3734460 [main] DEBUG org.apache.http.impl.client.DefaultHttpClient  - Connection can be kept alive indefinitely
3734460 [main] DEBUG org.apache.http.impl.client.DefaultHttpClient  - Connection can be kept alive indefinitely
3734460 [main] DEBUG org.apache.http.impl.client.DefaultHttpClient  - Connection can be kept alive indefinitely
3734460 [main] DEBUG org.apache.http.impl.client.DefaultHttpClient  - Connection can be kept alive indefinitely
3734460 [main] DEBUG org.apache.http.impl.client.DefaultHttpClient  - Connection can be kept alive indefinitely
3734460 [main] DEBUG org.apache.http.impl.client.DefaultHttpClient  - Connection can be kept alive indefinitely
3734460 [main] DEBUG org.apache.http.impl.client.DefaultHttpClient  - Connection can be kept alive indefinitely
3734460 [main] DEBUG org.apache.http.impl.client.DefaultHttpClient  - Connection can be kept alive indefinitely
3734460 [main] DEBUG org.apache.http.impl.client.DefaultHttpClient  - Connection can be kept alive indefinitely
3734461 [main] DEBUG io.restassured.internal.RequestSpecificationImpl$RestAssuredHttpBuilder  - Parsing response as: application/json; charset=utf-8
3734461 [main] DEBUG io.restassured.internal.RequestSpecificationImpl$RestAssuredHttpBuilder  - Parsing response as: application/json; charset=utf-8
3734461 [main] DEBUG io.restassured.internal.RequestSpecificationImpl$RestAssuredHttpBuilder  - Parsing response as: application/json; charset=utf-8
3734461 [main] DEBUG io.restassured.internal.RequestSpecificationImpl$RestAssuredHttpBuilder  - Parsing response as: application/json; charset=utf-8
3734461 [main] DEBUG io.restassured.internal.RequestSpecificationImpl$RestAssuredHttpBuilder  - Parsing response as: application/json; charset=utf-8
3734461 [main] DEBUG io.restassured.internal.RequestSpecificationImpl$RestAssuredHttpBuilder  - Parsing response as: application/json; charset=utf-8
3734461 [main] DEBUG io.restassured.internal.RequestSpecificationImpl$RestAssuredHttpBuilder  - Parsing response as: application/json; charset=utf-8
3734461 [main] DEBUG io.restassured.internal.RequestSpecificationImpl$RestAssuredHttpBuilder  - Parsing response as: application/json; charset=utf-8
3734461 [main] DEBUG io.restassured.internal.RequestSpecificationImpl$RestAssuredHttpBuilder  - Parsing response as: application/json; charset=utf-8
3734461 [main] DEBUG io.restassured.internal.RequestSpecificationImpl$RestAssuredHttpBuilder  - Parsing response as: application/json; charset=utf-8
3734461 [main] DEBUG io.restassured.internal.RequestSpecificationImpl$RestAssuredHttpBuilder  - Parsing response as: application/json; charset=utf-8
3734461 [main] DEBUG io.restassured.internal.RequestSpecificationImpl$RestAssuredHttpBuilder  - Parsing response as: application/json; charset=utf-8
3734461 [main] DEBUG io.restassured.internal.RequestSpecificationImpl$RestAssuredHttpBuilder  - Parsing response as: application/json; charset=utf-8
3734461 [main] DEBUG io.restassured.internal.RequestSpecificationImpl$RestAssuredHttpBuilder  - Parsing response as: application/json; charset=utf-8
3734461 [main] DEBUG io.restassured.internal.RequestSpecificationImpl$RestAssuredHttpBuilder  - Parsing response as: application/json; charset=utf-8
3734461 [main] DEBUG org.apache.http.wire  -  << "5d[\r][\n]"
3734461 [main] DEBUG org.apache.http.wire  -  << "5d[\r][\n]"
3734461 [main] DEBUG org.apache.http.wire  -  << "5d[\r][\n]"
3734461 [main] DEBUG org.apache.http.wire  -  << "5d[\r][\n]"
3734461 [main] DEBUG org.apache.http.wire  -  << "5d[\r][\n]"
3734461 [main] DEBUG org.apache.http.wire  -  << "5d[\r][\n]"
3734461 [main] DEBUG org.apache.http.wire  -  << "5d[\r][\n]"
3734461 [main] DEBUG org.apache.http.wire  -  << "5d[\r][\n]"
3734461 [main] DEBUG org.apache.http.wire  -  << "5d[\r][\n]"
3734461 [main] DEBUG org.apache.http.wire  -  << "5d[\r][\n]"
3734461 [main] DEBUG org.apache.http.wire  -  << "5d[\r][\n]"
3734461 [main] DEBUG org.apache.http.wire  -  << "5d[\r][\n]"
3734461 [main] DEBUG org.apache.http.wire  -  << "5d[\r][\n]"
3734461 [main] DEBUG org.apache.http.wire  -  << "5d[\r][\n]"
3734461 [main] DEBUG org.apache.http.wire  -  << "5d[\r][\n]"
3734462 [main] DEBUG org.apache.http.wire  -  << "[0x1f][0x8b][0x8][0x0][0x0][0x0][0x0][0x0][0x0][0x3][0xab]V[0xca]M-.NLOU[0xb2]R[0xf2]IMLQ([0xcf],[0xc9]P([0xc8][0xc8][0xcf]KU[0xc8]+[0xcd]MJ-RP[0xd7][0xb6]4[0xb4]064071[0xb1]47UWHI[0xcd]I-IMQ(.MN[0x6][0xea]M+[0xcd][0xc9][0xa9][0xd4]S[0xaa][0x5][0x0][0x15]{w[0x82]J[0x0][0x0][0x0]"
3734462 [main] DEBUG org.apache.http.wire  -  << "[0x1f][0x8b][0x8][0x0][0x0][0x0][0x0][0x0][0x0][0x3][0xab]V[0xca]M-.NLOU[0xb2]R[0xf2]IMLQ([0xcf],[0xc9]P([0xc8][0xc8][0xcf]KU[0xc8]+[0xcd]MJ-RP[0xd7][0xb6]4[0xb4]064071[0xb1]47UWHI[0xcd]I-IMQ(.MN[0x6][0xea]M+[0xcd][0xc9][0xa9][0xd4]S[0xaa][0x5][0x0][0x15]{w[0x82]J[0x0][0x0][0x0]"
3734462 [main] DEBUG org.apache.http.wire  -  << "[0x1f][0x8b][0x8][0x0][0x0][0x0][0x0][0x0][0x0][0x3][0xab]V[0xca]M-.NLOU[0xb2]R[0xf2]IMLQ([0xcf],[0xc9]P([0xc8][0xc8][0xcf]KU[0xc8]+[0xcd]MJ-RP[0xd7][0xb6]4[0xb4]064071[0xb1]47UWHI[0xcd]I-IMQ(.MN[0x6][0xea]M+[0xcd][0xc9][0xa9][0xd4]S[0xaa][0x5][0x0][0x15]{w[0x82]J[0x0][0x0][0x0]"
3734462 [main] DEBUG org.apache.http.wire  -  << "[0x1f][0x8b][0x8][0x0][0x0][0x0][0x0][0x0][0x0][0x3][0xab]V[0xca]M-.NLOU[0xb2]R[0xf2]IMLQ([0xcf],[0xc9]P([0xc8][0xc8][0xcf]KU[0xc8]+[0xcd]MJ-RP[0xd7][0xb6]4[0xb4]064071[0xb1]47UWHI[0xcd]I-IMQ(.MN[0x6][0xea]M+[0xcd][0xc9][0xa9][0xd4]S[0xaa][0x5][0x0][0x15]{w[0x82]J[0x0][0x0][0x0]"
3734462 [main] DEBUG org.apache.http.wire  -  << "[0x1f][0x8b][0x8][0x0][0x0][0x0][0x0][0x0][0x0][0x3][0xab]V[0xca]M-.NLOU[0xb2]R[0xf2]IMLQ([0xcf],[0xc9]P([0xc8][0xc8][0xcf]KU[0xc8]+[0xcd]MJ-RP[0xd7][0xb6]4[0xb4]064071[0xb1]47UWHI[0xcd]I-IMQ(.MN[0x6][0xea]M+[0xcd][0xc9][0xa9][0xd4]S[0xaa][0x5][0x0][0x15]{w[0x82]J[0x0][0x0][0x0]"
3734462 [main] DEBUG org.apache.http.wire  -  << "[0x1f][0x8b][0x8][0x0][0x0][0x0][0x0][0x0][0x0][0x3][0xab]V[0xca]M-.NLOU[0xb2]R[0xf2]IMLQ([0xcf],[0xc9]P([0xc8][0xc8][0xcf]KU[0xc8]+[0xcd]MJ-RP[0xd7][0xb6]4[0xb4]064071[0xb1]47UWHI[0xcd]I-IMQ(.MN[0x6][0xea]M+[0xcd][0xc9][0xa9][0xd4]S[0xaa][0x5][0x0][0x15]{w[0x82]J[0x0][0x0][0x0]"
3734462 [main] DEBUG org.apache.http.wire  -  << "[0x1f][0x8b][0x8][0x0][0x0][0x0][0x0][0x0][0x0][0x3][0xab]V[0xca]M-.NLOU[0xb2]R[0xf2]IMLQ([0xcf],[0xc9]P([0xc8][0xc8][0xcf]KU[0xc8]+[0xcd]MJ-RP[0xd7][0xb6]4[0xb4]064071[0xb1]47UWHI[0xcd]I-IMQ(.MN[0x6][0xea]M+[0xcd][0xc9][0xa9][0xd4]S[0xaa][0x5][0x0][0x15]{w[0x82]J[0x0][0x0][0x0]"
3734462 [main] DEBUG org.apache.http.wire  -  << "[0x1f][0x8b][0x8][0x0][0x0][0x0][0x0][0x0][0x0][0x3][0xab]V[0xca]M-.NLOU[0xb2]R[0xf2]IMLQ([0xcf],[0xc9]P([0xc8][0xc8][0xcf]KU[0xc8]+[0xcd]MJ-RP[0xd7][0xb6]4[0xb4]064071[0xb1]47UWHI[0xcd]I-IMQ(.MN[0x6][0xea]M+[0xcd][0xc9][0xa9][0xd4]S[0xaa][0x5][0x0][0x15]{w[0x82]J[0x0][0x0][0x0]"
3734462 [main] DEBUG org.apache.http.wire  -  << "[0x1f][0x8b][0x8][0x0][0x0][0x0][0x0][0x0][0x0][0x3][0xab]V[0xca]M-.NLOU[0xb2]R[0xf2]IMLQ([0xcf],[0xc9]P([0xc8][0xc8][0xcf]KU[0xc8]+[0xcd]MJ-RP[0xd7][0xb6]4[0xb4]064071[0xb1]47UWHI[0xcd]I-IMQ(.MN[0x6][0xea]M+[0xcd][0xc9][0xa9][0xd4]S[0xaa][0x5][0x0][0x15]{w[0x82]J[0x0][0x0][0x0]"
3734462 [main] DEBUG org.apache.http.wire  -  << "[0x1f][0x8b][0x8][0x0][0x0][0x0][0x0][0x0][0x0][0x3][0xab]V[0xca]M-.NLOU[0xb2]R[0xf2]IMLQ([0xcf],[0xc9]P([0xc8][0xc8][0xcf]KU[0xc8]+[0xcd]MJ-RP[0xd7][0xb6]4[0xb4]064071[0xb1]47UWHI[0xcd]I-IMQ(.MN[0x6][0xea]M+[0xcd][0xc9][0xa9][0xd4]S[0xaa][0x5][0x0][0x15]{w[0x82]J[0x0][0x0][0x0]"
3734462 [main] DEBUG org.apache.http.wire  -  << "[0x1f][0x8b][0x8][0x0][0x0][0x0][0x0][0x0][0x0][0x3][0xab]V[0xca]M-.NLOU[0xb2]R[0xf2]IMLQ([0xcf],[0xc9]P([0xc8][0xc8][0xcf]KU[0xc8]+[0xcd]MJ-RP[0xd7][0xb6]4[0xb4]064071[0xb1]47UWHI[0xcd]I-IMQ(.MN[0x6][0xea]M+[0xcd][0xc9][0xa9][0xd4]S[0xaa][0x5][0x0][0x15]{w[0x82]J[0x0][0x0][0x0]"
3734462 [main] DEBUG org.apache.http.wire  -  << "[0x1f][0x8b][0x8][0x0][0x0][0x0][0x0][0x0][0x0][0x3][0xab]V[0xca]M-.NLOU[0xb2]R[0xf2]IMLQ([0xcf],[0xc9]P([0xc8][0xc8][0xcf]KU[0xc8]+[0xcd]MJ-RP[0xd7][0xb6]4[0xb4]064071[0xb1]47UWHI[0xcd]I-IMQ(.MN[0x6][0xea]M+[0xcd][0xc9][0xa9][0xd4]S[0xaa][0x5][0x0][0x15]{w[0x82]J[0x0][0x0][0x0]"
3734462 [main] DEBUG org.apache.http.wire  -  << "[0x1f][0x8b][0x8][0x0][0x0][0x0][0x0][0x0][0x0][0x3][0xab]V[0xca]M-.NLOU[0xb2]R[0xf2]IMLQ([0xcf],[0xc9]P([0xc8][0xc8][0xcf]KU[0xc8]+[0xcd]MJ-RP[0xd7][0xb6]4[0xb4]064071[0xb1]47UWHI[0xcd]I-IMQ(.MN[0x6][0xea]M+[0xcd][0xc9][0xa9][0xd4]S[0xaa][0x5][0x0][0x15]{w[0x82]J[0x0][0x0][0x0]"
3734462 [main] DEBUG org.apache.http.wire  -  << "[0x1f][0x8b][0x8][0x0][0x0][0x0][0x0][0x0][0x0][0x3][0xab]V[0xca]M-.NLOU[0xb2]R[0xf2]IMLQ([0xcf],[0xc9]P([0xc8][0xc8][0xcf]KU[0xc8]+[0xcd]MJ-RP[0xd7][0xb6]4[0xb4]064071[0xb1]47UWHI[0xcd]I-IMQ(.MN[0x6][0xea]M+[0xcd][0xc9][0xa9][0xd4]S[0xaa][0x5][0x0][0x15]{w[0x82]J[0x0][0x0][0x0]"
3734462 [main] DEBUG org.apache.http.wire  -  << "[0x1f][0x8b][0x8][0x0][0x0][0x0][0x0][0x0][0x0][0x3][0xab]V[0xca]M-.NLOU[0xb2]R[0xf2]IMLQ([0xcf],[0xc9]P([0xc8][0xc8][0xcf]KU[0xc8]+[0xcd]MJ-RP[0xd7][0xb6]4[0xb4]064071[0xb1]47UWHI[0xcd]I-IMQ(.MN[0x6][0xea]M+[0xcd][0xc9][0xa9][0xd4]S[0xaa][0x5][0x0][0x15]{w[0x82]J[0x0][0x0][0x0]"
3734462 [main] DEBUG org.apache.http.wire  -  << "[\r][\n]"
3734462 [main] DEBUG org.apache.http.wire  -  << "[\r][\n]"
3734462 [main] DEBUG org.apache.http.wire  -  << "[\r][\n]"
3734462 [main] DEBUG org.apache.http.wire  -  << "[\r][\n]"
3734462 [main] DEBUG org.apache.http.wire  -  << "[\r][\n]"
3734462 [main] DEBUG org.apache.http.wire  -  << "[\r][\n]"
3734462 [main] DEBUG org.apache.http.wire  -  << "[\r][\n]"
3734462 [main] DEBUG org.apache.http.wire  -  << "[\r][\n]"
3734462 [main] DEBUG org.apache.http.wire  -  << "[\r][\n]"
3734462 [main] DEBUG org.apache.http.wire  -  << "[\r][\n]"
3734462 [main] DEBUG org.apache.http.wire  -  << "[\r][\n]"
3734462 [main] DEBUG org.apache.http.wire  -  << "[\r][\n]"
3734462 [main] DEBUG org.apache.http.wire  -  << "[\r][\n]"
3734462 [main] DEBUG org.apache.http.wire  -  << "[\r][\n]"
3734462 [main] DEBUG org.apache.http.wire  -  << "[\r][\n]"
3734463 [main] DEBUG org.apache.http.wire  -  << "0[\r][\n]"
3734463 [main] DEBUG org.apache.http.wire  -  << "0[\r][\n]"
3734463 [main] DEBUG org.apache.http.wire  -  << "0[\r][\n]"
3734463 [main] DEBUG org.apache.http.wire  -  << "0[\r][\n]"
3734463 [main] DEBUG org.apache.http.wire  -  << "0[\r][\n]"
3734463 [main] DEBUG org.apache.http.wire  -  << "0[\r][\n]"
3734463 [main] DEBUG org.apache.http.wire  -  << "0[\r][\n]"
3734463 [main] DEBUG org.apache.http.wire  -  << "0[\r][\n]"
3734463 [main] DEBUG org.apache.http.wire  -  << "0[\r][\n]"
3734463 [main] DEBUG org.apache.http.wire  -  << "0[\r][\n]"
3734463 [main] DEBUG org.apache.http.wire  -  << "0[\r][\n]"
3734463 [main] DEBUG org.apache.http.wire  -  << "0[\r][\n]"
3734463 [main] DEBUG org.apache.http.wire  -  << "0[\r][\n]"
3734463 [main] DEBUG org.apache.http.wire  -  << "0[\r][\n]"
3734463 [main] DEBUG org.apache.http.wire  -  << "0[\r][\n]"
3734463 [main] DEBUG org.apache.http.wire  -  << "[\r][\n]"
3734463 [main] DEBUG org.apache.http.wire  -  << "[\r][\n]"
3734463 [main] DEBUG org.apache.http.wire  -  << "[\r][\n]"
3734463 [main] DEBUG org.apache.http.wire  -  << "[\r][\n]"
3734463 [main] DEBUG org.apache.http.wire  -  << "[\r][\n]"
3734463 [main] DEBUG org.apache.http.wire  -  << "[\r][\n]"
3734463 [main] DEBUG org.apache.http.wire  -  << "[\r][\n]"
3734463 [main] DEBUG org.apache.http.wire  -  << "[\r][\n]"
3734463 [main] DEBUG org.apache.http.wire  -  << "[\r][\n]"
3734463 [main] DEBUG org.apache.http.wire  -  << "[\r][\n]"
3734463 [main] DEBUG org.apache.http.wire  -  << "[\r][\n]"
3734463 [main] DEBUG org.apache.http.wire  -  << "[\r][\n]"
3734463 [main] DEBUG org.apache.http.wire  -  << "[\r][\n]"
3734463 [main] DEBUG org.apache.http.wire  -  << "[\r][\n]"
3734463 [main] DEBUG org.apache.http.wire  -  << "[\r][\n]"
3734463 [main] DEBUG io.restassured.internal.RequestSpecificationImpl$RestAssuredHttpBuilder  - Parsed data to instance of: class org.apache.http.conn.EofSensorInputStream
3734463 [main] DEBUG io.restassured.internal.RequestSpecificationImpl$RestAssuredHttpBuilder  - Parsed data to instance of: class org.apache.http.conn.EofSensorInputStream
3734463 [main] DEBUG io.restassured.internal.RequestSpecificationImpl$RestAssuredHttpBuilder  - Parsed data to instance of: class org.apache.http.conn.EofSensorInputStream
3734463 [main] DEBUG io.restassured.internal.RequestSpecificationImpl$RestAssuredHttpBuilder  - Parsed data to instance of: class org.apache.http.conn.EofSensorInputStream
3734463 [main] DEBUG io.restassured.internal.RequestSpecificationImpl$RestAssuredHttpBuilder  - Parsed data to instance of: class org.apache.http.conn.EofSensorInputStream
3734463 [main] DEBUG io.restassured.internal.RequestSpecificationImpl$RestAssuredHttpBuilder  - Parsed data to instance of: class org.apache.http.conn.EofSensorInputStream
3734463 [main] DEBUG io.restassured.internal.RequestSpecificationImpl$RestAssuredHttpBuilder  - Parsed data to instance of: class org.apache.http.conn.EofSensorInputStream
3734463 [main] DEBUG io.restassured.internal.RequestSpecificationImpl$RestAssuredHttpBuilder  - Parsed data to instance of: class org.apache.http.conn.EofSensorInputStream
3734463 [main] DEBUG io.restassured.internal.RequestSpecificationImpl$RestAssuredHttpBuilder  - Parsed data to instance of: class org.apache.http.conn.EofSensorInputStream
3734463 [main] DEBUG io.restassured.internal.RequestSpecificationImpl$RestAssuredHttpBuilder  - Parsed data to instance of: class org.apache.http.conn.EofSensorInputStream
3734463 [main] DEBUG io.restassured.internal.RequestSpecificationImpl$RestAssuredHttpBuilder  - Parsed data to instance of: class org.apache.http.conn.EofSensorInputStream
3734463 [main] DEBUG io.restassured.internal.RequestSpecificationImpl$RestAssuredHttpBuilder  - Parsed data to instance of: class org.apache.http.conn.EofSensorInputStream
3734463 [main] DEBUG io.restassured.internal.RequestSpecificationImpl$RestAssuredHttpBuilder  - Parsed data to instance of: class org.apache.http.conn.EofSensorInputStream
3734463 [main] DEBUG io.restassured.internal.RequestSpecificationImpl$RestAssuredHttpBuilder  - Parsed data to instance of: class org.apache.http.conn.EofSensorInputStream
3734463 [main] DEBUG io.restassured.internal.RequestSpecificationImpl$RestAssuredHttpBuilder  - Parsed data to instance of: class org.apache.http.conn.EofSensorInputStream
3734465 [main] DEBUG org.apache.http.impl.conn.BasicClientConnectionManager  - Releasing connection org.apache.http.impl.conn.ManagedClientConnectionImpl@25d9298e
3734465 [main] DEBUG org.apache.http.impl.conn.BasicClientConnectionManager  - Releasing connection org.apache.http.impl.conn.ManagedClientConnectionImpl@25d9298e
3734465 [main] DEBUG org.apache.http.impl.conn.BasicClientConnectionManager  - Releasing connection org.apache.http.impl.conn.ManagedClientConnectionImpl@25d9298e
3734465 [main] DEBUG org.apache.http.impl.conn.BasicClientConnectionManager  - Releasing connection org.apache.http.impl.conn.ManagedClientConnectionImpl@25d9298e
3734465 [main] DEBUG org.apache.http.impl.conn.BasicClientConnectionManager  - Releasing connection org.apache.http.impl.conn.ManagedClientConnectionImpl@25d9298e
3734465 [main] DEBUG org.apache.http.impl.conn.BasicClientConnectionManager  - Releasing connection org.apache.http.impl.conn.ManagedClientConnectionImpl@25d9298e
3734465 [main] DEBUG org.apache.http.impl.conn.BasicClientConnectionManager  - Releasing connection org.apache.http.impl.conn.ManagedClientConnectionImpl@25d9298e
3734465 [main] DEBUG org.apache.http.impl.conn.BasicClientConnectionManager  - Releasing connection org.apache.http.impl.conn.ManagedClientConnectionImpl@25d9298e
3734465 [main] DEBUG org.apache.http.impl.conn.BasicClientConnectionManager  - Releasing connection org.apache.http.impl.conn.ManagedClientConnectionImpl@25d9298e
3734465 [main] DEBUG org.apache.http.impl.conn.BasicClientConnectionManager  - Releasing connection org.apache.http.impl.conn.ManagedClientConnectionImpl@25d9298e
3734465 [main] DEBUG org.apache.http.impl.conn.BasicClientConnectionManager  - Releasing connection org.apache.http.impl.conn.ManagedClientConnectionImpl@25d9298e
3734465 [main] DEBUG org.apache.http.impl.conn.BasicClientConnectionManager  - Releasing connection org.apache.http.impl.conn.ManagedClientConnectionImpl@25d9298e
3734465 [main] DEBUG org.apache.http.impl.conn.BasicClientConnectionManager  - Releasing connection org.apache.http.impl.conn.ManagedClientConnectionImpl@25d9298e
3734465 [main] DEBUG org.apache.http.impl.conn.BasicClientConnectionManager  - Releasing connection org.apache.http.impl.conn.ManagedClientConnectionImpl@25d9298e
3734465 [main] DEBUG org.apache.http.impl.conn.BasicClientConnectionManager  - Releasing connection org.apache.http.impl.conn.ManagedClientConnectionImpl@25d9298e
3734466 [main] DEBUG org.apache.http.impl.conn.BasicClientConnectionManager  - Connection can be kept alive indefinitely
3734466 [main] DEBUG org.apache.http.impl.conn.BasicClientConnectionManager  - Connection can be kept alive indefinitely
3734466 [main] DEBUG org.apache.http.impl.conn.BasicClientConnectionManager  - Connection can be kept alive indefinitely
3734466 [main] DEBUG org.apache.http.impl.conn.BasicClientConnectionManager  - Connection can be kept alive indefinitely
3734466 [main] DEBUG org.apache.http.impl.conn.BasicClientConnectionManager  - Connection can be kept alive indefinitely
3734466 [main] DEBUG org.apache.http.impl.conn.BasicClientConnectionManager  - Connection can be kept alive indefinitely
3734466 [main] DEBUG org.apache.http.impl.conn.BasicClientConnectionManager  - Connection can be kept alive indefinitely
3734466 [main] DEBUG org.apache.http.impl.conn.BasicClientConnectionManager  - Connection can be kept alive indefinitely
3734466 [main] DEBUG org.apache.http.impl.conn.BasicClientConnectionManager  - Connection can be kept alive indefinitely
3734466 [main] DEBUG org.apache.http.impl.conn.BasicClientConnectionManager  - Connection can be kept alive indefinitely
3734466 [main] DEBUG org.apache.http.impl.conn.BasicClientConnectionManager  - Connection can be kept alive indefinitely
3734466 [main] DEBUG org.apache.http.impl.conn.BasicClientConnectionManager  - Connection can be kept alive indefinitely
3734466 [main] DEBUG org.apache.http.impl.conn.BasicClientConnectionManager  - Connection can be kept alive indefinitely
3734466 [main] DEBUG org.apache.http.impl.conn.BasicClientConnectionManager  - Connection can be kept alive indefinitely
3734466 [main] DEBUG org.apache.http.impl.conn.BasicClientConnectionManager  - Connection can be kept alive indefinitely
{
    "message": "Lead with phone number '+918310744975' deleted successfully."
}
{
    "message": "Lead with phone number '+918310744975' deleted successfully."
}]]></system-out>
  </testcase>
</testsuite>