<?xml version="1.0" encoding="UTF-8"?>
<!-- Generated by org.testng.reporters.JUnitReportReporter -->
<testsuite skipped="0" hostname="DESKTOP-6O9KBK7" name="CommonUtils.BasePage" tests="1" failures="0" timestamp="13 Jul 2018 16:05:55 GMT" time="11.857" errors="0">
  <testcase name="Test" time="11.857" classname="CommonUtils.BasePage"/>
</testsuite> <!-- CommonUtils.BasePage -->
