<?xml version="1.0" encoding="UTF-8"?>
<!-- Generated by org.testng.reporters.JUnitReportReporter -->
<testsuite skipped="0" hostname="DESKTOP-6O9KBK7" name="src.com.silvermine.test.MultipleTruckFiling" tests="1" failures="0" timestamp="18 Jul 2018 05:47:06 GMT" time="107.502" errors="0">
  <testcase name="MultiTruckTest" time="107.502" classname="src.com.silvermine.test.MultipleTruckFiling"/>
</testsuite> <!-- src.com.silvermine.test.MultipleTruckFiling -->
