<?xml version="1.0" encoding="UTF-8"?>
<!-- Generated by org.testng.reporters.JUnitReportReporter -->
<testsuite skipped="0" hostname="DESKTOP-6O9KBK7" name="src.com.silvermine.test.SingleTruckFilingUsingCoupon" tests="1" failures="0" timestamp="19 Jul 2018 10:02:07 GMT" time="57.979" errors="0">
  <testcase name="SingleTruckUsingCoupon" time="57.979" classname="src.com.silvermine.test.SingleTruckFilingUsingCoupon"/>
</testsuite> <!-- src.com.silvermine.test.SingleTruckFilingUsingCoupon -->
