<?xml version="1.0" encoding="UTF-8"?>
<!-- Generated by org.testng.reporters.JUnitReportReporter -->
<testsuite hostname="Manjunaths-MacBook-Air.local" failures="0" tests="1" name="com.onco.webtests.NewUserDiagnostictests" time="28.466" errors="0" timestamp="12 Sep 2019 09:55:16 GMT" skipped="0">
  <testcase classname="com.onco.webtests.NewUserDiagnostictests" name="newUserDiagnostic" time="28.466"/>
</testsuite> <!-- com.onco.webtests.NewUserDiagnostictests -->
