<?xml version="1.0" encoding="UTF-8"?>
<!-- Generated by org.testng.reporters.JUnitReportReporter -->
<testsuite hostname="Manjunaths-MacBook-Air.local" failures="0" tests="1" name="com.onco.webtests.NewUserOpinionIndianPanel" time="31.137" errors="0" timestamp="13 Sep 2019 08:44:11 GMT" skipped="0">
  <testcase classname="com.onco.webtests.NewUserOpinionIndianPanel" name="newUserOpinionIndiaPanal" time="31.137"/>
</testsuite> <!-- com.onco.webtests.NewUserOpinionIndianPanel -->
