<?xml version="1.0" encoding="UTF-8"?>
<!-- Generated by org.testng.reporters.JUnitReportReporter -->
<testsuite hostname="Manjunaths-MacBook-Air.local" failures="0" tests="1" name="com.onco.webtests.NewUserOpinionUSPanel" time="32.869" errors="0" timestamp="12 Sep 2019 09:55:16 GMT" skipped="0">
  <testcase classname="com.onco.webtests.NewUserOpinionUSPanel" name="newUserOpinionUSPanal" time="32.869"/>
</testsuite> <!-- com.onco.webtests.NewUserOpinionUSPanel -->
