<?xml version="1.0" encoding="UTF-8"?>
<!-- Generated by org.testng.reporters.JUnitReportReporter -->
<testsuite skipped="0" hostname="DESKTOP-JI3ES7M" name="com.silvermine.test.MultipleTruckFilingTaxable" tests="1" failures="0" timestamp="09 Aug 2018 06:47:37 GMT" time="94.408" errors="0">
  <testcase name="MultiTruckTestTaxable" time="94.408" classname="com.silvermine.test.MultipleTruckFilingTaxable"/>
</testsuite> <!-- com.silvermine.test.MultipleTruckFilingTaxable -->
