<?xml version="1.0" encoding="UTF-8"?>
<!-- Generated by org.testng.reporters.JUnitReportReporter -->
<testsuite skipped="0" hostname="DESKTOP-6O9KBK7" name="com.silvermine.test.Signup" tests="1" failures="0" timestamp="05 Aug 2018 05:09:20 GMT" time="26.784" errors="0">
  <testcase name="Singnuptest" time="26.784" classname="com.silvermine.test.Signup"/>
</testsuite> <!-- com.silvermine.test.Signup -->
