<?xml version="1.0" encoding="UTF-8"?>
<!-- Generated by org.testng.reporters.JUnitReportReporter -->
<testsuite hostname="Manjunaths-MacBook-Air.local" failures="0" tests="1" name="com.onco.webtests.NewUserOpinionUSPanel" time="44.199" errors="0" timestamp="04 Oct 2019 06:17:10 GMT" skipped="0">
  <testcase classname="com.onco.webtests.NewUserOpinionUSPanel" name="newUserOpinionUSPanal" time="44.199"/>
</testsuite> <!-- com.onco.webtests.NewUserOpinionUSPanel -->
