<?xml version="1.0" encoding="UTF-8"?>
<!-- Generated by org.testng.reporters.JUnitReportReporter -->
<testsuite skipped="0" hostname="DESKTOP-6O9KBK7" name="src.com.silvermine.base.BaseTest" tests="1" failures="0" timestamp="19 Jul 2018 09:43:10 GMT" time="6.160" errors="0">
  <testcase name="open_IE" time="6.160" classname="src.com.silvermine.base.BaseTest"/>
</testsuite> <!-- src.com.silvermine.base.BaseTest -->
