<?xml version="1.0" encoding="UTF-8"?>
<!-- Generated by org.testng.reporters.JUnitReportReporter -->
<testsuite skipped="0" hostname="DESKTOP-6O9KBK7" name="com.silvermine.test.HomeTest" tests="1" failures="0" timestamp="16 Jul 2018 09:50:16 GMT" time="44.131" errors="0">
  <testcase name="Test" time="44.131" classname="com.silvermine.test.HomeTest"/>
</testsuite> <!-- com.silvermine.test.HomeTest -->
