<?xml version="1.0" encoding="UTF-8"?>
<!-- Generated by org.testng.reporters.JUnitReportReporter -->
<testsuite hostname="Manjunaths-MacBook-Pro.local" name="com.onco.webtests.NewUserOpinionUSPanalWithoutCouponInitialAssessment" tests="1" failures="0" timestamp="17 Feb 2020 08:52:21 GMT" time="159.292" errors="0">
  <testcase name="TC_01_HomePage" time="159.292" classname="com.onco.webtests.NewUserOpinionUSPanalWithoutCouponInitialAssessment"/>
</testsuite> <!-- com.onco.webtests.NewUserOpinionUSPanalWithoutCouponInitialAssessment -->
