<?xml version="1.0" encoding="UTF-8"?>
<!-- Generated by org.testng.reporters.JUnitReportReporter -->
<testsuite skipped="0" hostname="DESKTOP-JI3ES7M" name="com.silvermine.test.MobileScript" tests="1" failures="0" timestamp="09 Aug 2018 11:28:44 GMT" time="66.060" errors="0">
  <testcase name="launchChrome" time="66.060" classname="com.silvermine.test.MobileScript"/>
</testsuite> <!-- com.silvermine.test.MobileScript -->
