<?xml version="1.0" encoding="UTF-8"?>
<!-- Generated by org.testng.reporters.JUnitReportReporter -->
<testsuite hostname="Manjunaths-MacBook-Air.local" failures="0" tests="1" name="com.onco.webtests.ExistingUserOpinionIndiaPanal" time="51.777" errors="0" timestamp="06 Nov 2019 13:03:48 GMT" skipped="0">
  <testcase classname="com.onco.webtests.ExistingUserOpinionIndiaPanal" name="ExistinguserOpinionIndiaOanal" time="51.777"/>
</testsuite> <!-- com.onco.webtests.ExistingUserOpinionIndiaPanal -->
