<?xml version="1.0" encoding="UTF-8"?>
<!-- Generated by org.testng.reporters.JUnitReportReporter -->
<testsuite hostname="Manjunaths-MacBook-Air.local" failures="0" tests="1" name="com.onco.webtests.NewUserAppointment" time="79.533" errors="0" timestamp="25 Jun 2019 10:25:51 GMT" skipped="0">
  <testcase classname="com.onco.webtests.NewUserAppointment" name="newUserappointment" time="79.533"/>
</testsuite> <!-- com.onco.webtests.NewUserAppointment -->
