<?xml version="1.0" encoding="UTF-8"?>
<!-- Generated by org.testng.reporters.JUnitReportReporter -->
<testsuite hostname="Manjunaths-MacBook-Air.local" failures="0" tests="1" name="com.onco.webtests.NewUserOpinionUSPanel" time="58.433" errors="0" timestamp="31 Oct 2019 11:59:10 GMT" skipped="0">
  <testcase classname="com.onco.webtests.NewUserOpinionUSPanel" name="newUserOpinionUSPanal" time="58.433"/>
</testsuite> <!-- com.onco.webtests.NewUserOpinionUSPanel -->
