<?xml version="1.0" encoding="UTF-8"?>
<!-- Generated by org.testng.reporters.JUnitReportReporter -->
<testsuite skipped="0" hostname="DESKTOP-6O9KBK7" name="com.silvermine.test.SingleTruckFiling" tests="1" failures="0" timestamp="17 Jul 2018 11:31:04 GMT" time="53.797" errors="0">
  <testcase name="Test" time="53.797" classname="com.silvermine.test.SingleTruckFiling"/>
</testsuite> <!-- com.silvermine.test.SingleTruckFiling -->
