<?xml version="1.0" encoding="UTF-8"?>
<!-- Generated by org.testng.reporters.JUnitReportReporter -->
<testsuite hostname="DESKTOP-HQSRNSN" failures="0" tests="1" name="com.aakash.testbase.GetOTP" time="3.402" errors="0" timestamp="2022-09-05T11:04:41 IST" skipped="0">
  <testcase classname="com.aakash.testbase.GetOTP" name="Getotp" time="3.402"/>
  <system-out/>
</testsuite> <!-- com.aakash.testbase.GetOTP -->
