<?xml version="1.0" encoding="UTF-8"?>
<!-- Generated by org.testng.reporters.JUnitReportReporter -->
<testsuite hostname="Manjunaths-MacBook-Pro.local" name="com.onco.webtests.NewUserOpinionUSPanalWithoutCouponInitialAssessment" tests="1" failures="0" timestamp="27 Jan 2020 12:56:21 GMT" time="379.180" errors="0">
  <testcase name="newUserOpinionIndiaPanal" time="379.180" classname="com.onco.webtests.NewUserOpinionUSPanalWithoutCouponInitialAssessment"/>
</testsuite> <!-- com.onco.webtests.NewUserOpinionUSPanalWithoutCouponInitialAssessment -->
