<?xml version="1.0" encoding="UTF-8"?>
<!-- Generated by org.testng.reporters.JUnitReportReporter -->
<testsuite skipped="0" hostname="DESKTOP-U5SUQB3" name="com.amazon.tests.TestCaseTwo" tests="1" failures="0" timestamp="06 Dec 2022 10:06:46 GMT" time="39.229" errors="0">
  <testcase name="AttempttheTestAndPayAttentionToQuestionState" time="39.229" classname="com.amazon.tests.TestCaseTwo"/>
</testsuite> <!-- com.amazon.tests.TestCaseTwo -->
