<?xml version="1.0" encoding="UTF-8"?>
<!-- Generated by org.testng.reporters.JUnitReportReporter -->
<testsuite skipped="0" hostname="DESKTOP-6O9KBK7" name="src.com.silvermine.test.SingleTruckFiling" tests="1" failures="0" timestamp="19 Jul 2018 05:32:16 GMT" time="77.793" errors="0">
  <testcase name="SingleTruckTest" time="77.793" classname="src.com.silvermine.test.SingleTruckFiling"/>
</testsuite> <!-- src.com.silvermine.test.SingleTruckFiling -->
