<?xml version="1.0" encoding="UTF-8"?>
<!-- Generated by org.testng.reporters.JUnitReportReporter -->
<testsuite hostname="Manjunaths-MacBook-Air.local" failures="0" tests="1" name="com.onco.webtests.NewUserAppointmentPayathospital" time="56.594" errors="0" timestamp="06 Nov 2019 13:03:48 GMT" skipped="0">
  <testcase classname="com.onco.webtests.NewUserAppointmentPayathospital" name="newUserAppointmentPayAtHospital" time="56.594"/>
</testsuite> <!-- com.onco.webtests.NewUserAppointmentPayathospital -->
