<?xml version="1.0" encoding="UTF-8"?>
<!-- Generated by org.testng.reporters.JUnitReportReporter -->
<testsuite hostname="Manjunaths-MacBook-Air.local" failures="0" tests="1" name="com.onco.webtests.NewUserDiagnostictests" time="42.720" errors="0" timestamp="04 Oct 2019 05:09:15 GMT" skipped="0">
  <testcase classname="com.onco.webtests.NewUserDiagnostictests" name="newUserDiagnostic" time="42.720"/>
</testsuite> <!-- com.onco.webtests.NewUserDiagnostictests -->
