<?xml version="1.0" encoding="UTF-8"?>
<!-- Generated by org.testng.reporters.JUnitReportReporter -->
<testsuite hostname="DESKTOP-HQSRNSN" failures="0" tests="1" name="com.aakash.regressiontests.VerifyEnableDisableOfbeginTestButton" time="38.941" errors="0" timestamp="2022-09-30T12:27:52 IST" skipped="0">
  <testcase classname="com.aakash.regressiontests.VerifyEnableDisableOfbeginTestButton" name="verifyEnableDisableOfbeginTestButton" time="38.941"/>
  <system-out>
    <![CDATA[Clicked roll number
Entered roll number
Clicked on Date of birth dropdown
Selected date of birth month
Selected date of birth year
Selected date of birth day
Clicked on signin button]]>
  </system-out>
</testsuite> <!-- com.aakash.regressiontests.VerifyEnableDisableOfbeginTestButton -->
