<?xml version="1.0" encoding="UTF-8"?>
<!-- Generated by org.testng.reporters.JUnitReportReporter -->
<testsuite hostname="Manjunaths-MBP" name="com.onco.misc.Deletelead" tests="1" failures="0" timestamp="24 Aug 2020 13:16:13 GMT" time="2.417" errors="0">
  <testcase name="delete" time="2.417" classname="com.onco.misc.Deletelead"/>
</testsuite> <!-- com.onco.misc.Deletelead -->
