<?xml version="1.0" encoding="UTF-8"?>
<!-- Generated by org.testng.reporters.JUnitReportReporter -->
<testsuite skipped="0" hostname="DESKTOP-6O9KBK7" name="src.com.silvermine.test.StartAmendment" tests="1" failures="0" timestamp="18 Jul 2018 10:17:52 GMT" time="76.728" errors="0">
  <testcase name="StartAmendmentTest" time="76.728" classname="src.com.silvermine.test.StartAmendment"/>
</testsuite> <!-- src.com.silvermine.test.StartAmendment -->
