<?xml version="1.0" encoding="UTF-8"?>
<!-- Generated by org.testng.reporters.JUnitReportReporter -->
<testsuite skipped="0" hostname="DESKTOP-JI3ES7M" name="com.silvermine.test.MileageExceededAmendmentPage" tests="1" failures="0" timestamp="09 Aug 2018 06:47:37 GMT" time="69.868" errors="0">
  <testcase name="MilageExceedAmendment" time="69.868" classname="com.silvermine.test.MileageExceededAmendmentPage"/>
</testsuite> <!-- com.silvermine.test.MileageExceededAmendmentPage -->
