<?xml version="1.0" encoding="UTF-8"?>
<!-- Generated by org.testng.reporters.JUnitReportReporter -->
<testsuite skipped="0" hostname="DESKTOP-U5SUQB3" name="com.amazon.tests.TestCaseOne" tests="1" failures="0" timestamp="06 Dec 2022 10:06:46 GMT" time="30.202" errors="0">
  <testcase name="AttempttheTestAndPayAttentionToQuestionState" time="30.202" classname="com.amazon.tests.TestCaseOne"/>
</testsuite> <!-- com.amazon.tests.TestCaseOne -->
