<?xml version="1.0" encoding="UTF-8"?>
<!-- Generated by org.testng.reporters.JUnitReportReporter -->
<testsuite skipped="0" hostname="DESKTOP-6O9KBK7" name="com.silvermine.test.SingleTruckFilingCardValidations" tests="1" failures="0" timestamp="20 Jul 2018 05:12:39 GMT" time="6.396" errors="0">
  <testcase name="open_chrome" time="6.396" classname="com.silvermine.test.SingleTruckFilingCardValidations"/>
</testsuite> <!-- com.silvermine.test.SingleTruckFilingCardValidations -->
