<?xml version="1.0" encoding="UTF-8"?>
<!-- Generated by org.testng.reporters.JUnitReportReporter -->
<testsuite skipped="0" hostname="DESKTOP-JI3ES7M" name="MobileScripts.test" tests="1" failures="0" timestamp="09 Aug 2018 05:55:04 GMT" time="6.091" errors="0">
  <testcase name="launchChrome" time="6.091" classname="MobileScripts.test"/>
</testsuite> <!-- MobileScripts.test -->
