<?xml version="1.0" encoding="UTF-8"?>
<!-- Generated by org.testng.reporters.JUnitReportReporter -->
<testsuite hostname="Manjunaths-MacBook-Pro.local" name="com.onco.webtests.NewUserOpinionUSPanalWithoutCouponInitialAssessment" tests="1" failures="0" timestamp="23 Jan 2020 05:53:14 GMT" time="294.085" errors="0">
  <testcase name="newUserOpinionIndiaPanal" time="294.085" classname="com.onco.webtests.NewUserOpinionUSPanalWithoutCouponInitialAssessment"/>
</testsuite> <!-- com.onco.webtests.NewUserOpinionUSPanalWithoutCouponInitialAssessment -->
