<?xml version="1.0" encoding="UTF-8"?>
<!-- Generated by org.testng.reporters.JUnitReportReporter -->
<testsuite hostname="Manjunaths-MacBook-Air.local" failures="0" tests="1" name="com.silvermine.webtests.FacebookLogin" time="0.000" errors="0" timestamp="14 Jun 2019 09:30:52 GMT" skipped="1">
  <testcase classname="com.silvermine.webtests.FacebookLogin" name="FBLogin" time="0.000">
    <skipped/>
  </testcase> <!-- FBLogin -->
</testsuite> <!-- com.silvermine.webtests.FacebookLogin -->
