<?xml version="1.0" encoding="UTF-8"?>
<!-- Generated by org.testng.reporters.JUnitReportReporter -->
<testsuite hostname="DESKTOP-HQSRNSN" failures="0" tests="1" name="com.aakash.extinctreport.Generatejwt" time="2.838" errors="0" timestamp="2022-11-17T09:55:02 IST" skipped="0">
  <testcase classname="com.aakash.extinctreport.Generatejwt" name="getData" time="2.838"/>
  <system-out/>
</testsuite> <!-- com.aakash.extinctreport.Generatejwt -->
