<?xml version="1.0" encoding="UTF-8"?>
<!-- Generated by org.testng.reporters.JUnitReportReporter -->
<testsuite hostname="Manjunaths-MacBook-Air.local" failures="0" tests="1" name="com.onco.webtests.NewUserOpinionIndianPanel" time="31.686" errors="0" timestamp="18 Sep 2019 05:50:21 GMT" skipped="0">
  <testcase classname="com.onco.webtests.NewUserOpinionIndianPanel" name="newUserOpinionIndiaPanal" time="31.686"/>
</testsuite> <!-- com.onco.webtests.NewUserOpinionIndianPanel -->
