<?xml version="1.0" encoding="UTF-8"?>
<!-- Generated by org.testng.reporters.JUnitReportReporter -->
<testsuite skipped="1" hostname="DESKTOP-JI3ES7M" name="com.silvermine.test.SingleTruckFilingTaxable" tests="3" failures="0" timestamp="09 Aug 2018 06:47:37 GMT" time="82.650" errors="1">
  <testcase name="openBrowser" time="2.489" classname="com.silvermine.test.SingleTruckFilingTaxable">
    <error type="java.lang.NullPointerException">
      <![CDATA[java.lang.NullPointerException
at com.silvermine.testbase.BaseClass.openBrowser(BaseClass.java:64)
at sun.reflect.NativeMethodAccessorImpl.invoke0(Native Method)
at sun.reflect.NativeMethodAccessorImpl.invoke(Unknown Source)
at sun.reflect.DelegatingMethodAccessorImpl.invoke(Unknown Source)
at java.lang.reflect.Method.invoke(Unknown Source)
at org.testng.internal.MethodInvocationHelper.invokeMethod(MethodInvocationHelper.java:124)
at org.testng.internal.MethodInvocationHelper.invokeMethodConsideringTimeout(MethodInvocationHelper.java:59)
at org.testng.internal.Invoker.invokeConfigurationMethod(Invoker.java:455)
at org.testng.internal.Invoker.invokeConfigurations(Invoker.java:222)
at org.testng.internal.Invoker.invokeMethod(Invoker.java:520)
at org.testng.internal.Invoker.invokeTestMethod(Invoker.java:716)
at org.testng.internal.Invoker.invokeTestMethods(Invoker.java:988)
at org.testng.internal.TestMethodWorker.invokeTestMethods(TestMethodWorker.java:125)
at org.testng.internal.TestMethodWorker.run(TestMethodWorker.java:109)
at org.testng.TestRunner.privateRun(TestRunner.java:648)
at org.testng.TestRunner.run(TestRunner.java:505)
at org.testng.SuiteRunner.runTest(SuiteRunner.java:455)
at org.testng.SuiteRunner.access$000(SuiteRunner.java:40)
at org.testng.SuiteRunner$SuiteWorker.run(SuiteRunner.java:489)
at org.testng.internal.thread.ThreadUtil$1.call(ThreadUtil.java:52)
at java.util.concurrent.FutureTask.run(Unknown Source)
at java.util.concurrent.ThreadPoolExecutor.runWorker(Unknown Source)
at java.util.concurrent.ThreadPoolExecutor$Worker.run(Unknown Source)
at java.lang.Thread.run(Unknown Source)
]]>
    </error>
  </testcase> <!-- openBrowser -->
  <testcase name="SingleTruckTaxableTest" time="0.000" classname="com.silvermine.test.SingleTruckFilingTaxable">
    <skipped/>
  </testcase> <!-- SingleTruckTaxableTest -->
  <testcase name="SingleTruckTaxableTest" time="80.161" classname="com.silvermine.test.SingleTruckFilingTaxable"/>
</testsuite> <!-- com.silvermine.test.SingleTruckFilingTaxable -->
