<?xml version="1.0" encoding="UTF-8"?>
<!-- Generated by org.testng.reporters.JUnitReportReporter -->
<testsuite hostname="Manjunaths-MacBook-Air.local" failures="0" tests="1" name="com.onco.webtests.VerifyLinks" time="7.539" errors="0" timestamp="26 Jul 2019 06:38:33 GMT" skipped="0">
  <testcase classname="com.onco.webtests.VerifyLinks" name="openBrowser" time="7.539"/>
</testsuite> <!-- com.onco.webtests.VerifyLinks -->
