<?xml version="1.0" encoding="UTF-8"?>
<!-- Generated by org.testng.reporters.JUnitReportReporter -->
<testsuite hostname="Manjunaths-MacBook-Air.local" failures="0" tests="1" name="com.onco.webtests.NewUserOpinionUSPanel" time="31.612" errors="0" timestamp="13 Sep 2019 08:44:11 GMT" skipped="0">
  <testcase classname="com.onco.webtests.NewUserOpinionUSPanel" name="newUserOpinionUSPanal" time="31.612"/>
</testsuite> <!-- com.onco.webtests.NewUserOpinionUSPanel -->
