<?xml version="1.0" encoding="UTF-8"?>
<!-- Generated by org.testng.reporters.JUnitReportReporter -->
<testsuite hostname="Manjunaths-MacBook-Air.local" failures="0" tests="1" name="com.onco.webtests.NewUserOpinionIndianPanel" time="44.695" errors="0" timestamp="04 Oct 2019 11:11:49 GMT" skipped="0">
  <testcase classname="com.onco.webtests.NewUserOpinionIndianPanel" name="newUserOpinionIndiaPanal" time="44.695"/>
</testsuite> <!-- com.onco.webtests.NewUserOpinionIndianPanel -->
