<?xml version="1.0" encoding="UTF-8"?>
<!-- Generated by org.testng.reporters.JUnitReportReporter -->
<testsuite hostname="Manjunaths-MacBook-Air.local" failures="0" tests="1" name="com.onco.util.Envtest" time="0.008" errors="0" timestamp="15 Jul 2019 07:58:59 GMT" skipped="0">
  <testcase classname="com.onco.util.Envtest" name="functionalTest" time="0.008"/>
</testsuite> <!-- com.onco.util.Envtest -->
