<?xml version="1.0" encoding="UTF-8"?>
<!-- Generated by org.testng.reporters.JUnitReportReporter -->
<testsuite hostname="Manjunaths-MBP" name="com.onco.misc.Deletelead" tests="1" failures="0" timestamp="26 Aug 2020 08:41:28 GMT" time="2.408" errors="0">
  <testcase name="delete" time="2.408" classname="com.onco.misc.Deletelead"/>
</testsuite> <!-- com.onco.misc.Deletelead -->
