<?xml version="1.0" encoding="UTF-8"?>
<!-- Generated by org.testng.reporters.JUnitReportReporter -->
<testsuite hostname="Manjunaths-MacBook-Air.local" failures="0" tests="1" name="com.onco.webtests.NewUserOpinionIndianPanel" time="32.376" errors="0" timestamp="04 Oct 2019 06:17:10 GMT" skipped="0">
  <testcase classname="com.onco.webtests.NewUserOpinionIndianPanel" name="newUserOpinionIndiaPanal" time="32.376"/>
</testsuite> <!-- com.onco.webtests.NewUserOpinionIndianPanel -->
