<?xml version="1.0" encoding="UTF-8"?>
<!-- Generated by org.testng.reporters.JUnitReportReporter -->
<testsuite hostname="DESKTOP-HQSRNSN" failures="0" tests="1" name="com.aakash.smoketests.HindiLanguageSelection" time="62.133" errors="0" timestamp="2022-10-03T18:39:59 IST" skipped="0">
  <testcase classname="com.aakash.smoketests.HindiLanguageSelection" name="hindilanguageselection" time="62.133"/>
  <system-out>
    <![CDATA[Clicked roll number
Entered roll number
Clicked on Date of birth dropdown
Selected date of birth month
Selected date of birth year
Selected date of birth day
Clicked on signin button
Set browser to full size
Switched to revamp recaluclate tab
clicked on start test button
Getting page text
Clicked on language selector
Clicked on hindilanguage]]>
  </system-out>
</testsuite> <!-- com.aakash.smoketests.HindiLanguageSelection -->
