<?xml version="1.0" encoding="UTF-8"?>
<!-- Generated by org.testng.reporters.JUnitReportReporter -->
<testsuite skipped="0" hostname="DESKTOP-JI3ES7M" name="com.silvermine.testbase.MobileWebBase" tests="1" failures="0" timestamp="09 Aug 2018 06:01:10 GMT" time="9.828" errors="0">
  <testcase name="launchChrome" time="9.828" classname="com.silvermine.testbase.MobileWebBase"/>
</testsuite> <!-- com.silvermine.testbase.MobileWebBase -->
