<?xml version="1.0" encoding="UTF-8"?>
<!-- Generated by org.testng.reporters.JUnitReportReporter -->
<testsuite skipped="0" hostname="DESKTOP-6O9KBK7" name="com.silvermine.test.MileageExceededPage" tests="1" failures="0" timestamp="20 Jul 2018 09:30:14 GMT" time="62.284" errors="0">
  <testcase name="MilageExceedAmendment" time="62.284" classname="com.silvermine.test.MileageExceededPage"/>
</testsuite> <!-- com.silvermine.test.MileageExceededPage -->
