<?xml version="1.0" encoding="UTF-8"?>
<!-- Generated by org.testng.reporters.JUnitReportReporter -->
<testsuite hostname="Manjunaths-MacBook-Air.local" failures="0" tests="1" name="com.onco.util.test1" time="0.007" errors="0" timestamp="15 Jul 2019 09:33:39 GMT" skipped="0">
  <testcase classname="com.onco.util.test1" name="functionalTest" time="0.007"/>
</testsuite> <!-- com.onco.util.test1 -->
