<?xml version="1.0" encoding="UTF-8"?>
<!-- Generated by org.testng.reporters.JUnitReportReporter -->
<testsuite hostname="Manjunaths-MacBook-Air.local" failures="0" tests="1" name="com.onco.mobileweb.mobile" time="41.317" errors="0" timestamp="09 Jul 2019 12:16:41 GMT" skipped="0">
  <testcase classname="com.onco.mobileweb.mobile" name="test" time="41.317"/>
</testsuite> <!-- com.onco.mobileweb.mobile -->
