<?xml version="1.0" encoding="UTF-8"?>
<!-- Generated by org.testng.reporters.JUnitReportReporter -->
<testsuite skipped="0" hostname="DESKTOP-JI3ES7M" name="com.silvermine.test.NewSignupAndFiling" tests="1" failures="0" timestamp="09 Aug 2018 06:47:37 GMT" time="27.061" errors="0">
  <testcase name="Singnuptest" time="27.061" classname="com.silvermine.test.NewSignupAndFiling"/>
</testsuite> <!-- com.silvermine.test.NewSignupAndFiling -->
