<?xml version="1.0" encoding="UTF-8"?>
<!-- Generated by org.testng.reporters.JUnitReportReporter -->
<testsuite skipped="0" hostname="DESKTOP-JI3ES7M" name="MobileTestCases.MobileTest" tests="1" failures="0" timestamp="09 Aug 2018 11:40:12 GMT" time="62.381" errors="0">
  <testcase name="launchChrome" time="62.381" classname="MobileTestCases.MobileTest"/>
</testsuite> <!-- MobileTestCases.MobileTest -->
