<?xml version="1.0" encoding="UTF-8"?>
<!-- Generated by org.testng.reporters.JUnitReportReporter -->
<testsuite hostname="Manjunaths-MacBook-Pro.local" name="com.onco.webtests.NewUserOpinionUSPanalWithoutCouponInitialAssessment" tests="1" failures="0" timestamp="17 Jan 2020 13:07:48 GMT" time="116.060" errors="0">
  <testcase name="newUserOpinionIndiaPanal" time="116.060" classname="com.onco.webtests.NewUserOpinionUSPanalWithoutCouponInitialAssessment"/>
</testsuite> <!-- com.onco.webtests.NewUserOpinionUSPanalWithoutCouponInitialAssessment -->
