<?xml version="1.0" encoding="UTF-8"?>
<!-- Generated by org.testng.reporters.JUnitReportReporter -->
<testsuite skipped="1" hostname="DESKTOP-JI3ES7M" name="com.silvermine.test.FacebookLogin" tests="1" failures="0" timestamp="08 Aug 2018 18:14:02 GMT" time="0.000" errors="0">
  <testcase name="FBLogin" time="0.000" classname="com.silvermine.test.FacebookLogin">
    <skipped/>
  </testcase> <!-- FBLogin -->
</testsuite> <!-- com.silvermine.test.FacebookLogin -->
